[2024-07-01T20:08:53.452+0000] {processor.py:161} INFO - Started process (PID=83) to work on /home/airflow/.local/lib/python3.8/site-packages/airflow/example_dags/example_python_decorator.py
[2024-07-01T20:08:53.454+0000] {processor.py:830} INFO - Processing file /home/airflow/.local/lib/python3.8/site-packages/airflow/example_dags/example_python_decorator.py for tasks to queue
[2024-07-01T20:08:53.458+0000] {logging_mixin.py:188} INFO - [2024-07-01T20:08:53.458+0000] {dagbag.py:538} INFO - Filling up the DagBag from /home/airflow/.local/lib/python3.8/site-packages/airflow/example_dags/example_python_decorator.py
[2024-07-01T20:08:53.489+0000] {processor.py:840} INFO - DAG(s) 'example_python_decorator' retrieved from /home/airflow/.local/lib/python3.8/site-packages/airflow/example_dags/example_python_decorator.py
[2024-07-01T20:08:53.714+0000] {logging_mixin.py:188} INFO - [2024-07-01T20:08:53.713+0000] {dag.py:3036} INFO - Sync 1 DAGs
[2024-07-01T20:08:53.738+0000] {logging_mixin.py:188} INFO - [2024-07-01T20:08:53.737+0000] {dag.py:3823} INFO - Setting next_dagrun for example_python_decorator to None, run_after=None
[2024-07-01T20:08:53.789+0000] {processor.py:183} INFO - Processing /home/airflow/.local/lib/python3.8/site-packages/airflow/example_dags/example_python_decorator.py took 0.343 seconds
[2024-07-01T20:09:24.066+0000] {processor.py:161} INFO - Started process (PID=140) to work on /home/airflow/.local/lib/python3.8/site-packages/airflow/example_dags/example_python_decorator.py
[2024-07-01T20:09:24.068+0000] {processor.py:830} INFO - Processing file /home/airflow/.local/lib/python3.8/site-packages/airflow/example_dags/example_python_decorator.py for tasks to queue
[2024-07-01T20:09:24.075+0000] {logging_mixin.py:188} INFO - [2024-07-01T20:09:24.073+0000] {dagbag.py:538} INFO - Filling up the DagBag from /home/airflow/.local/lib/python3.8/site-packages/airflow/example_dags/example_python_decorator.py
[2024-07-01T20:09:24.113+0000] {processor.py:840} INFO - DAG(s) 'example_python_decorator' retrieved from /home/airflow/.local/lib/python3.8/site-packages/airflow/example_dags/example_python_decorator.py
[2024-07-01T20:09:24.160+0000] {logging_mixin.py:188} INFO - [2024-07-01T20:09:24.160+0000] {dag.py:3036} INFO - Sync 1 DAGs
[2024-07-01T20:09:24.191+0000] {logging_mixin.py:188} INFO - [2024-07-01T20:09:24.191+0000] {dag.py:3823} INFO - Setting next_dagrun for example_python_decorator to None, run_after=None
[2024-07-01T20:09:24.243+0000] {processor.py:183} INFO - Processing /home/airflow/.local/lib/python3.8/site-packages/airflow/example_dags/example_python_decorator.py took 0.189 seconds
[2024-07-01T20:09:54.455+0000] {processor.py:161} INFO - Started process (PID=193) to work on /home/airflow/.local/lib/python3.8/site-packages/airflow/example_dags/example_python_decorator.py
[2024-07-01T20:09:54.457+0000] {processor.py:830} INFO - Processing file /home/airflow/.local/lib/python3.8/site-packages/airflow/example_dags/example_python_decorator.py for tasks to queue
[2024-07-01T20:09:54.460+0000] {logging_mixin.py:188} INFO - [2024-07-01T20:09:54.460+0000] {dagbag.py:538} INFO - Filling up the DagBag from /home/airflow/.local/lib/python3.8/site-packages/airflow/example_dags/example_python_decorator.py
[2024-07-01T20:09:54.489+0000] {processor.py:840} INFO - DAG(s) 'example_python_decorator' retrieved from /home/airflow/.local/lib/python3.8/site-packages/airflow/example_dags/example_python_decorator.py
[2024-07-01T20:09:54.535+0000] {logging_mixin.py:188} INFO - [2024-07-01T20:09:54.534+0000] {dag.py:3036} INFO - Sync 1 DAGs
[2024-07-01T20:09:54.566+0000] {logging_mixin.py:188} INFO - [2024-07-01T20:09:54.566+0000] {dag.py:3823} INFO - Setting next_dagrun for example_python_decorator to None, run_after=None
[2024-07-01T20:09:54.608+0000] {processor.py:183} INFO - Processing /home/airflow/.local/lib/python3.8/site-packages/airflow/example_dags/example_python_decorator.py took 0.159 seconds
[2024-07-01T20:10:25.150+0000] {processor.py:161} INFO - Started process (PID=248) to work on /home/airflow/.local/lib/python3.8/site-packages/airflow/example_dags/example_python_decorator.py
[2024-07-01T20:10:25.152+0000] {processor.py:830} INFO - Processing file /home/airflow/.local/lib/python3.8/site-packages/airflow/example_dags/example_python_decorator.py for tasks to queue
[2024-07-01T20:10:25.155+0000] {logging_mixin.py:188} INFO - [2024-07-01T20:10:25.155+0000] {dagbag.py:538} INFO - Filling up the DagBag from /home/airflow/.local/lib/python3.8/site-packages/airflow/example_dags/example_python_decorator.py
[2024-07-01T20:10:25.181+0000] {processor.py:840} INFO - DAG(s) 'example_python_decorator' retrieved from /home/airflow/.local/lib/python3.8/site-packages/airflow/example_dags/example_python_decorator.py
[2024-07-01T20:10:25.224+0000] {logging_mixin.py:188} INFO - [2024-07-01T20:10:25.223+0000] {dag.py:3036} INFO - Sync 1 DAGs
[2024-07-01T20:10:25.247+0000] {logging_mixin.py:188} INFO - [2024-07-01T20:10:25.247+0000] {dag.py:3823} INFO - Setting next_dagrun for example_python_decorator to None, run_after=None
[2024-07-01T20:10:25.291+0000] {processor.py:183} INFO - Processing /home/airflow/.local/lib/python3.8/site-packages/airflow/example_dags/example_python_decorator.py took 0.147 seconds
[2024-07-01T20:10:55.805+0000] {processor.py:161} INFO - Started process (PID=304) to work on /home/airflow/.local/lib/python3.8/site-packages/airflow/example_dags/example_python_decorator.py
[2024-07-01T20:10:55.806+0000] {processor.py:830} INFO - Processing file /home/airflow/.local/lib/python3.8/site-packages/airflow/example_dags/example_python_decorator.py for tasks to queue
[2024-07-01T20:10:55.810+0000] {logging_mixin.py:188} INFO - [2024-07-01T20:10:55.809+0000] {dagbag.py:538} INFO - Filling up the DagBag from /home/airflow/.local/lib/python3.8/site-packages/airflow/example_dags/example_python_decorator.py
[2024-07-01T20:10:55.835+0000] {processor.py:840} INFO - DAG(s) 'example_python_decorator' retrieved from /home/airflow/.local/lib/python3.8/site-packages/airflow/example_dags/example_python_decorator.py
[2024-07-01T20:10:55.880+0000] {logging_mixin.py:188} INFO - [2024-07-01T20:10:55.879+0000] {dag.py:3036} INFO - Sync 1 DAGs
[2024-07-01T20:10:55.903+0000] {logging_mixin.py:188} INFO - [2024-07-01T20:10:55.903+0000] {dag.py:3823} INFO - Setting next_dagrun for example_python_decorator to None, run_after=None
[2024-07-01T20:10:55.951+0000] {processor.py:183} INFO - Processing /home/airflow/.local/lib/python3.8/site-packages/airflow/example_dags/example_python_decorator.py took 0.152 seconds
[2024-07-01T20:11:27.104+0000] {processor.py:161} INFO - Started process (PID=358) to work on /home/airflow/.local/lib/python3.8/site-packages/airflow/example_dags/example_python_decorator.py
[2024-07-01T20:11:27.106+0000] {processor.py:830} INFO - Processing file /home/airflow/.local/lib/python3.8/site-packages/airflow/example_dags/example_python_decorator.py for tasks to queue
[2024-07-01T20:11:27.110+0000] {logging_mixin.py:188} INFO - [2024-07-01T20:11:27.109+0000] {dagbag.py:538} INFO - Filling up the DagBag from /home/airflow/.local/lib/python3.8/site-packages/airflow/example_dags/example_python_decorator.py
[2024-07-01T20:11:27.137+0000] {processor.py:840} INFO - DAG(s) 'example_python_decorator' retrieved from /home/airflow/.local/lib/python3.8/site-packages/airflow/example_dags/example_python_decorator.py
[2024-07-01T20:11:27.181+0000] {logging_mixin.py:188} INFO - [2024-07-01T20:11:27.180+0000] {dag.py:3036} INFO - Sync 1 DAGs
[2024-07-01T20:11:27.205+0000] {logging_mixin.py:188} INFO - [2024-07-01T20:11:27.204+0000] {dag.py:3823} INFO - Setting next_dagrun for example_python_decorator to None, run_after=None
[2024-07-01T20:11:27.252+0000] {processor.py:183} INFO - Processing /home/airflow/.local/lib/python3.8/site-packages/airflow/example_dags/example_python_decorator.py took 0.152 seconds
[2024-07-01T20:11:57.441+0000] {processor.py:161} INFO - Started process (PID=414) to work on /home/airflow/.local/lib/python3.8/site-packages/airflow/example_dags/example_python_decorator.py
[2024-07-01T20:11:57.443+0000] {processor.py:830} INFO - Processing file /home/airflow/.local/lib/python3.8/site-packages/airflow/example_dags/example_python_decorator.py for tasks to queue
[2024-07-01T20:11:57.447+0000] {logging_mixin.py:188} INFO - [2024-07-01T20:11:57.446+0000] {dagbag.py:538} INFO - Filling up the DagBag from /home/airflow/.local/lib/python3.8/site-packages/airflow/example_dags/example_python_decorator.py
[2024-07-01T20:11:57.483+0000] {processor.py:840} INFO - DAG(s) 'example_python_decorator' retrieved from /home/airflow/.local/lib/python3.8/site-packages/airflow/example_dags/example_python_decorator.py
[2024-07-01T20:11:57.526+0000] {logging_mixin.py:188} INFO - [2024-07-01T20:11:57.526+0000] {dag.py:3036} INFO - Sync 1 DAGs
[2024-07-01T20:11:57.550+0000] {logging_mixin.py:188} INFO - [2024-07-01T20:11:57.550+0000] {dag.py:3823} INFO - Setting next_dagrun for example_python_decorator to None, run_after=None
[2024-07-01T20:11:57.589+0000] {processor.py:183} INFO - Processing /home/airflow/.local/lib/python3.8/site-packages/airflow/example_dags/example_python_decorator.py took 0.154 seconds
[2024-07-01T20:12:27.730+0000] {processor.py:161} INFO - Started process (PID=469) to work on /home/airflow/.local/lib/python3.8/site-packages/airflow/example_dags/example_python_decorator.py
[2024-07-01T20:12:27.731+0000] {processor.py:830} INFO - Processing file /home/airflow/.local/lib/python3.8/site-packages/airflow/example_dags/example_python_decorator.py for tasks to queue
[2024-07-01T20:12:27.735+0000] {logging_mixin.py:188} INFO - [2024-07-01T20:12:27.735+0000] {dagbag.py:538} INFO - Filling up the DagBag from /home/airflow/.local/lib/python3.8/site-packages/airflow/example_dags/example_python_decorator.py
[2024-07-01T20:12:27.764+0000] {processor.py:840} INFO - DAG(s) 'example_python_decorator' retrieved from /home/airflow/.local/lib/python3.8/site-packages/airflow/example_dags/example_python_decorator.py
[2024-07-01T20:12:27.808+0000] {logging_mixin.py:188} INFO - [2024-07-01T20:12:27.808+0000] {dag.py:3036} INFO - Sync 1 DAGs
[2024-07-01T20:12:27.833+0000] {logging_mixin.py:188} INFO - [2024-07-01T20:12:27.832+0000] {dag.py:3823} INFO - Setting next_dagrun for example_python_decorator to None, run_after=None
[2024-07-01T20:12:27.870+0000] {processor.py:183} INFO - Processing /home/airflow/.local/lib/python3.8/site-packages/airflow/example_dags/example_python_decorator.py took 0.146 seconds
[2024-07-01T20:12:58.454+0000] {processor.py:161} INFO - Started process (PID=524) to work on /home/airflow/.local/lib/python3.8/site-packages/airflow/example_dags/example_python_decorator.py
[2024-07-01T20:12:58.456+0000] {processor.py:830} INFO - Processing file /home/airflow/.local/lib/python3.8/site-packages/airflow/example_dags/example_python_decorator.py for tasks to queue
[2024-07-01T20:12:58.460+0000] {logging_mixin.py:188} INFO - [2024-07-01T20:12:58.459+0000] {dagbag.py:538} INFO - Filling up the DagBag from /home/airflow/.local/lib/python3.8/site-packages/airflow/example_dags/example_python_decorator.py
[2024-07-01T20:12:58.485+0000] {processor.py:840} INFO - DAG(s) 'example_python_decorator' retrieved from /home/airflow/.local/lib/python3.8/site-packages/airflow/example_dags/example_python_decorator.py
[2024-07-01T20:12:58.528+0000] {logging_mixin.py:188} INFO - [2024-07-01T20:12:58.528+0000] {dag.py:3036} INFO - Sync 1 DAGs
[2024-07-01T20:12:58.553+0000] {logging_mixin.py:188} INFO - [2024-07-01T20:12:58.553+0000] {dag.py:3823} INFO - Setting next_dagrun for example_python_decorator to None, run_after=None
[2024-07-01T20:12:58.602+0000] {processor.py:183} INFO - Processing /home/airflow/.local/lib/python3.8/site-packages/airflow/example_dags/example_python_decorator.py took 0.153 seconds
[2024-07-01T20:13:29.220+0000] {processor.py:161} INFO - Started process (PID=578) to work on /home/airflow/.local/lib/python3.8/site-packages/airflow/example_dags/example_python_decorator.py
[2024-07-01T20:13:29.222+0000] {processor.py:830} INFO - Processing file /home/airflow/.local/lib/python3.8/site-packages/airflow/example_dags/example_python_decorator.py for tasks to queue
[2024-07-01T20:13:29.226+0000] {logging_mixin.py:188} INFO - [2024-07-01T20:13:29.225+0000] {dagbag.py:538} INFO - Filling up the DagBag from /home/airflow/.local/lib/python3.8/site-packages/airflow/example_dags/example_python_decorator.py
[2024-07-01T20:13:29.268+0000] {processor.py:840} INFO - DAG(s) 'example_python_decorator' retrieved from /home/airflow/.local/lib/python3.8/site-packages/airflow/example_dags/example_python_decorator.py
[2024-07-01T20:13:29.319+0000] {logging_mixin.py:188} INFO - [2024-07-01T20:13:29.319+0000] {dag.py:3036} INFO - Sync 1 DAGs
[2024-07-01T20:13:29.344+0000] {logging_mixin.py:188} INFO - [2024-07-01T20:13:29.344+0000] {dag.py:3823} INFO - Setting next_dagrun for example_python_decorator to None, run_after=None
[2024-07-01T20:13:29.390+0000] {processor.py:183} INFO - Processing /home/airflow/.local/lib/python3.8/site-packages/airflow/example_dags/example_python_decorator.py took 0.176 seconds
[2024-07-01T20:14:01.093+0000] {processor.py:161} INFO - Started process (PID=634) to work on /home/airflow/.local/lib/python3.8/site-packages/airflow/example_dags/example_python_decorator.py
[2024-07-01T20:14:01.095+0000] {processor.py:830} INFO - Processing file /home/airflow/.local/lib/python3.8/site-packages/airflow/example_dags/example_python_decorator.py for tasks to queue
[2024-07-01T20:14:01.100+0000] {logging_mixin.py:188} INFO - [2024-07-01T20:14:01.099+0000] {dagbag.py:538} INFO - Filling up the DagBag from /home/airflow/.local/lib/python3.8/site-packages/airflow/example_dags/example_python_decorator.py
[2024-07-01T20:14:01.142+0000] {processor.py:840} INFO - DAG(s) 'example_python_decorator' retrieved from /home/airflow/.local/lib/python3.8/site-packages/airflow/example_dags/example_python_decorator.py
[2024-07-01T20:14:01.204+0000] {logging_mixin.py:188} INFO - [2024-07-01T20:14:01.203+0000] {dag.py:3036} INFO - Sync 1 DAGs
[2024-07-01T20:14:01.253+0000] {logging_mixin.py:188} INFO - [2024-07-01T20:14:01.252+0000] {dag.py:3823} INFO - Setting next_dagrun for example_python_decorator to None, run_after=None
[2024-07-01T20:14:01.317+0000] {processor.py:183} INFO - Processing /home/airflow/.local/lib/python3.8/site-packages/airflow/example_dags/example_python_decorator.py took 0.234 seconds
[2024-07-01T20:14:32.044+0000] {processor.py:161} INFO - Started process (PID=689) to work on /home/airflow/.local/lib/python3.8/site-packages/airflow/example_dags/example_python_decorator.py
[2024-07-01T20:14:32.049+0000] {processor.py:830} INFO - Processing file /home/airflow/.local/lib/python3.8/site-packages/airflow/example_dags/example_python_decorator.py for tasks to queue
[2024-07-01T20:14:32.053+0000] {logging_mixin.py:188} INFO - [2024-07-01T20:14:32.052+0000] {dagbag.py:538} INFO - Filling up the DagBag from /home/airflow/.local/lib/python3.8/site-packages/airflow/example_dags/example_python_decorator.py
[2024-07-01T20:14:32.090+0000] {processor.py:840} INFO - DAG(s) 'example_python_decorator' retrieved from /home/airflow/.local/lib/python3.8/site-packages/airflow/example_dags/example_python_decorator.py
[2024-07-01T20:14:32.149+0000] {logging_mixin.py:188} INFO - [2024-07-01T20:14:32.148+0000] {dag.py:3036} INFO - Sync 1 DAGs
[2024-07-01T20:14:32.189+0000] {logging_mixin.py:188} INFO - [2024-07-01T20:14:32.188+0000] {dag.py:3823} INFO - Setting next_dagrun for example_python_decorator to None, run_after=None
[2024-07-01T20:14:32.258+0000] {processor.py:183} INFO - Processing /home/airflow/.local/lib/python3.8/site-packages/airflow/example_dags/example_python_decorator.py took 0.225 seconds
[2024-07-01T20:15:02.895+0000] {processor.py:161} INFO - Started process (PID=744) to work on /home/airflow/.local/lib/python3.8/site-packages/airflow/example_dags/example_python_decorator.py
[2024-07-01T20:15:02.897+0000] {processor.py:830} INFO - Processing file /home/airflow/.local/lib/python3.8/site-packages/airflow/example_dags/example_python_decorator.py for tasks to queue
[2024-07-01T20:15:02.907+0000] {logging_mixin.py:188} INFO - [2024-07-01T20:15:02.906+0000] {dagbag.py:538} INFO - Filling up the DagBag from /home/airflow/.local/lib/python3.8/site-packages/airflow/example_dags/example_python_decorator.py
[2024-07-01T20:15:02.936+0000] {processor.py:840} INFO - DAG(s) 'example_python_decorator' retrieved from /home/airflow/.local/lib/python3.8/site-packages/airflow/example_dags/example_python_decorator.py
[2024-07-01T20:15:02.981+0000] {logging_mixin.py:188} INFO - [2024-07-01T20:15:02.981+0000] {dag.py:3036} INFO - Sync 1 DAGs
[2024-07-01T20:15:03.018+0000] {logging_mixin.py:188} INFO - [2024-07-01T20:15:03.018+0000] {dag.py:3823} INFO - Setting next_dagrun for example_python_decorator to None, run_after=None
[2024-07-01T20:15:03.054+0000] {processor.py:183} INFO - Processing /home/airflow/.local/lib/python3.8/site-packages/airflow/example_dags/example_python_decorator.py took 0.166 seconds
[2024-07-01T20:15:33.699+0000] {processor.py:161} INFO - Started process (PID=799) to work on /home/airflow/.local/lib/python3.8/site-packages/airflow/example_dags/example_python_decorator.py
[2024-07-01T20:15:33.704+0000] {processor.py:830} INFO - Processing file /home/airflow/.local/lib/python3.8/site-packages/airflow/example_dags/example_python_decorator.py for tasks to queue
[2024-07-01T20:15:33.708+0000] {logging_mixin.py:188} INFO - [2024-07-01T20:15:33.707+0000] {dagbag.py:538} INFO - Filling up the DagBag from /home/airflow/.local/lib/python3.8/site-packages/airflow/example_dags/example_python_decorator.py
[2024-07-01T20:15:33.737+0000] {processor.py:840} INFO - DAG(s) 'example_python_decorator' retrieved from /home/airflow/.local/lib/python3.8/site-packages/airflow/example_dags/example_python_decorator.py
[2024-07-01T20:15:33.784+0000] {logging_mixin.py:188} INFO - [2024-07-01T20:15:33.783+0000] {dag.py:3036} INFO - Sync 1 DAGs
[2024-07-01T20:15:33.808+0000] {logging_mixin.py:188} INFO - [2024-07-01T20:15:33.807+0000] {dag.py:3823} INFO - Setting next_dagrun for example_python_decorator to None, run_after=None
[2024-07-01T20:15:33.853+0000] {processor.py:183} INFO - Processing /home/airflow/.local/lib/python3.8/site-packages/airflow/example_dags/example_python_decorator.py took 0.161 seconds
[2024-07-01T20:16:04.610+0000] {processor.py:161} INFO - Started process (PID=854) to work on /home/airflow/.local/lib/python3.8/site-packages/airflow/example_dags/example_python_decorator.py
[2024-07-01T20:16:04.612+0000] {processor.py:830} INFO - Processing file /home/airflow/.local/lib/python3.8/site-packages/airflow/example_dags/example_python_decorator.py for tasks to queue
[2024-07-01T20:16:04.616+0000] {logging_mixin.py:188} INFO - [2024-07-01T20:16:04.615+0000] {dagbag.py:538} INFO - Filling up the DagBag from /home/airflow/.local/lib/python3.8/site-packages/airflow/example_dags/example_python_decorator.py
[2024-07-01T20:16:04.642+0000] {processor.py:840} INFO - DAG(s) 'example_python_decorator' retrieved from /home/airflow/.local/lib/python3.8/site-packages/airflow/example_dags/example_python_decorator.py
[2024-07-01T20:16:04.685+0000] {logging_mixin.py:188} INFO - [2024-07-01T20:16:04.685+0000] {dag.py:3036} INFO - Sync 1 DAGs
[2024-07-01T20:16:04.710+0000] {logging_mixin.py:188} INFO - [2024-07-01T20:16:04.710+0000] {dag.py:3823} INFO - Setting next_dagrun for example_python_decorator to None, run_after=None
[2024-07-01T20:16:04.756+0000] {processor.py:183} INFO - Processing /home/airflow/.local/lib/python3.8/site-packages/airflow/example_dags/example_python_decorator.py took 0.155 seconds
[2024-07-01T20:16:34.881+0000] {processor.py:161} INFO - Started process (PID=909) to work on /home/airflow/.local/lib/python3.8/site-packages/airflow/example_dags/example_python_decorator.py
[2024-07-01T20:16:34.883+0000] {processor.py:830} INFO - Processing file /home/airflow/.local/lib/python3.8/site-packages/airflow/example_dags/example_python_decorator.py for tasks to queue
[2024-07-01T20:16:34.887+0000] {logging_mixin.py:188} INFO - [2024-07-01T20:16:34.886+0000] {dagbag.py:538} INFO - Filling up the DagBag from /home/airflow/.local/lib/python3.8/site-packages/airflow/example_dags/example_python_decorator.py
[2024-07-01T20:16:34.921+0000] {processor.py:840} INFO - DAG(s) 'example_python_decorator' retrieved from /home/airflow/.local/lib/python3.8/site-packages/airflow/example_dags/example_python_decorator.py
[2024-07-01T20:16:34.964+0000] {logging_mixin.py:188} INFO - [2024-07-01T20:16:34.964+0000] {dag.py:3036} INFO - Sync 1 DAGs
[2024-07-01T20:16:34.988+0000] {logging_mixin.py:188} INFO - [2024-07-01T20:16:34.988+0000] {dag.py:3823} INFO - Setting next_dagrun for example_python_decorator to None, run_after=None
[2024-07-01T20:16:35.028+0000] {processor.py:183} INFO - Processing /home/airflow/.local/lib/python3.8/site-packages/airflow/example_dags/example_python_decorator.py took 0.152 seconds
[2024-07-01T20:17:05.292+0000] {processor.py:161} INFO - Started process (PID=964) to work on /home/airflow/.local/lib/python3.8/site-packages/airflow/example_dags/example_python_decorator.py
[2024-07-01T20:17:05.294+0000] {processor.py:830} INFO - Processing file /home/airflow/.local/lib/python3.8/site-packages/airflow/example_dags/example_python_decorator.py for tasks to queue
[2024-07-01T20:17:05.298+0000] {logging_mixin.py:188} INFO - [2024-07-01T20:17:05.298+0000] {dagbag.py:538} INFO - Filling up the DagBag from /home/airflow/.local/lib/python3.8/site-packages/airflow/example_dags/example_python_decorator.py
[2024-07-01T20:17:05.332+0000] {processor.py:840} INFO - DAG(s) 'example_python_decorator' retrieved from /home/airflow/.local/lib/python3.8/site-packages/airflow/example_dags/example_python_decorator.py
[2024-07-01T20:17:05.385+0000] {logging_mixin.py:188} INFO - [2024-07-01T20:17:05.384+0000] {dag.py:3036} INFO - Sync 1 DAGs
[2024-07-01T20:17:05.411+0000] {logging_mixin.py:188} INFO - [2024-07-01T20:17:05.410+0000] {dag.py:3823} INFO - Setting next_dagrun for example_python_decorator to None, run_after=None
[2024-07-01T20:17:05.451+0000] {processor.py:183} INFO - Processing /home/airflow/.local/lib/python3.8/site-packages/airflow/example_dags/example_python_decorator.py took 0.167 seconds
[2024-07-01T20:17:35.604+0000] {processor.py:161} INFO - Started process (PID=1019) to work on /home/airflow/.local/lib/python3.8/site-packages/airflow/example_dags/example_python_decorator.py
[2024-07-01T20:17:35.606+0000] {processor.py:830} INFO - Processing file /home/airflow/.local/lib/python3.8/site-packages/airflow/example_dags/example_python_decorator.py for tasks to queue
[2024-07-01T20:17:35.611+0000] {logging_mixin.py:188} INFO - [2024-07-01T20:17:35.610+0000] {dagbag.py:538} INFO - Filling up the DagBag from /home/airflow/.local/lib/python3.8/site-packages/airflow/example_dags/example_python_decorator.py
[2024-07-01T20:17:35.643+0000] {processor.py:840} INFO - DAG(s) 'example_python_decorator' retrieved from /home/airflow/.local/lib/python3.8/site-packages/airflow/example_dags/example_python_decorator.py
[2024-07-01T20:17:35.693+0000] {logging_mixin.py:188} INFO - [2024-07-01T20:17:35.693+0000] {dag.py:3036} INFO - Sync 1 DAGs
[2024-07-01T20:17:35.724+0000] {logging_mixin.py:188} INFO - [2024-07-01T20:17:35.724+0000] {dag.py:3823} INFO - Setting next_dagrun for example_python_decorator to None, run_after=None
[2024-07-01T20:17:35.779+0000] {processor.py:183} INFO - Processing /home/airflow/.local/lib/python3.8/site-packages/airflow/example_dags/example_python_decorator.py took 0.184 seconds
[2024-07-01T20:18:05.890+0000] {processor.py:161} INFO - Started process (PID=1074) to work on /home/airflow/.local/lib/python3.8/site-packages/airflow/example_dags/example_python_decorator.py
[2024-07-01T20:18:05.892+0000] {processor.py:830} INFO - Processing file /home/airflow/.local/lib/python3.8/site-packages/airflow/example_dags/example_python_decorator.py for tasks to queue
[2024-07-01T20:18:05.895+0000] {logging_mixin.py:188} INFO - [2024-07-01T20:18:05.895+0000] {dagbag.py:538} INFO - Filling up the DagBag from /home/airflow/.local/lib/python3.8/site-packages/airflow/example_dags/example_python_decorator.py
[2024-07-01T20:18:05.921+0000] {processor.py:840} INFO - DAG(s) 'example_python_decorator' retrieved from /home/airflow/.local/lib/python3.8/site-packages/airflow/example_dags/example_python_decorator.py
[2024-07-01T20:18:05.965+0000] {logging_mixin.py:188} INFO - [2024-07-01T20:18:05.965+0000] {dag.py:3036} INFO - Sync 1 DAGs
[2024-07-01T20:18:05.988+0000] {logging_mixin.py:188} INFO - [2024-07-01T20:18:05.988+0000] {dag.py:3823} INFO - Setting next_dagrun for example_python_decorator to None, run_after=None
[2024-07-01T20:18:06.026+0000] {processor.py:183} INFO - Processing /home/airflow/.local/lib/python3.8/site-packages/airflow/example_dags/example_python_decorator.py took 0.142 seconds
[2024-07-01T20:18:36.519+0000] {processor.py:161} INFO - Started process (PID=1129) to work on /home/airflow/.local/lib/python3.8/site-packages/airflow/example_dags/example_python_decorator.py
[2024-07-01T20:18:36.521+0000] {processor.py:830} INFO - Processing file /home/airflow/.local/lib/python3.8/site-packages/airflow/example_dags/example_python_decorator.py for tasks to queue
[2024-07-01T20:18:36.525+0000] {logging_mixin.py:188} INFO - [2024-07-01T20:18:36.525+0000] {dagbag.py:538} INFO - Filling up the DagBag from /home/airflow/.local/lib/python3.8/site-packages/airflow/example_dags/example_python_decorator.py
[2024-07-01T20:18:36.554+0000] {processor.py:840} INFO - DAG(s) 'example_python_decorator' retrieved from /home/airflow/.local/lib/python3.8/site-packages/airflow/example_dags/example_python_decorator.py
[2024-07-01T20:18:36.615+0000] {logging_mixin.py:188} INFO - [2024-07-01T20:18:36.614+0000] {dag.py:3036} INFO - Sync 1 DAGs
[2024-07-01T20:18:36.643+0000] {logging_mixin.py:188} INFO - [2024-07-01T20:18:36.642+0000] {dag.py:3823} INFO - Setting next_dagrun for example_python_decorator to None, run_after=None
[2024-07-01T20:18:36.685+0000] {processor.py:183} INFO - Processing /home/airflow/.local/lib/python3.8/site-packages/airflow/example_dags/example_python_decorator.py took 0.172 seconds
[2024-07-01T20:19:07.012+0000] {processor.py:161} INFO - Started process (PID=1190) to work on /home/airflow/.local/lib/python3.8/site-packages/airflow/example_dags/example_python_decorator.py
[2024-07-01T20:19:07.015+0000] {processor.py:830} INFO - Processing file /home/airflow/.local/lib/python3.8/site-packages/airflow/example_dags/example_python_decorator.py for tasks to queue
[2024-07-01T20:19:07.018+0000] {logging_mixin.py:188} INFO - [2024-07-01T20:19:07.018+0000] {dagbag.py:538} INFO - Filling up the DagBag from /home/airflow/.local/lib/python3.8/site-packages/airflow/example_dags/example_python_decorator.py
[2024-07-01T20:19:07.046+0000] {processor.py:840} INFO - DAG(s) 'example_python_decorator' retrieved from /home/airflow/.local/lib/python3.8/site-packages/airflow/example_dags/example_python_decorator.py
[2024-07-01T20:19:07.090+0000] {logging_mixin.py:188} INFO - [2024-07-01T20:19:07.090+0000] {dag.py:3036} INFO - Sync 1 DAGs
[2024-07-01T20:19:07.115+0000] {logging_mixin.py:188} INFO - [2024-07-01T20:19:07.114+0000] {dag.py:3823} INFO - Setting next_dagrun for example_python_decorator to None, run_after=None
[2024-07-01T20:19:07.154+0000] {processor.py:183} INFO - Processing /home/airflow/.local/lib/python3.8/site-packages/airflow/example_dags/example_python_decorator.py took 0.151 seconds
[2024-07-01T20:19:37.923+0000] {processor.py:161} INFO - Started process (PID=1245) to work on /home/airflow/.local/lib/python3.8/site-packages/airflow/example_dags/example_python_decorator.py
[2024-07-01T20:19:37.925+0000] {processor.py:830} INFO - Processing file /home/airflow/.local/lib/python3.8/site-packages/airflow/example_dags/example_python_decorator.py for tasks to queue
[2024-07-01T20:19:37.929+0000] {logging_mixin.py:188} INFO - [2024-07-01T20:19:37.928+0000] {dagbag.py:538} INFO - Filling up the DagBag from /home/airflow/.local/lib/python3.8/site-packages/airflow/example_dags/example_python_decorator.py
[2024-07-01T20:19:37.961+0000] {processor.py:840} INFO - DAG(s) 'example_python_decorator' retrieved from /home/airflow/.local/lib/python3.8/site-packages/airflow/example_dags/example_python_decorator.py
[2024-07-01T20:19:38.011+0000] {logging_mixin.py:188} INFO - [2024-07-01T20:19:38.011+0000] {dag.py:3036} INFO - Sync 1 DAGs
[2024-07-01T20:19:38.058+0000] {logging_mixin.py:188} INFO - [2024-07-01T20:19:38.057+0000] {dag.py:3823} INFO - Setting next_dagrun for example_python_decorator to None, run_after=None
[2024-07-01T20:19:38.111+0000] {processor.py:183} INFO - Processing /home/airflow/.local/lib/python3.8/site-packages/airflow/example_dags/example_python_decorator.py took 0.195 seconds
[2024-07-01T20:20:08.710+0000] {processor.py:161} INFO - Started process (PID=1300) to work on /home/airflow/.local/lib/python3.8/site-packages/airflow/example_dags/example_python_decorator.py
[2024-07-01T20:20:08.712+0000] {processor.py:830} INFO - Processing file /home/airflow/.local/lib/python3.8/site-packages/airflow/example_dags/example_python_decorator.py for tasks to queue
[2024-07-01T20:20:08.716+0000] {logging_mixin.py:188} INFO - [2024-07-01T20:20:08.715+0000] {dagbag.py:538} INFO - Filling up the DagBag from /home/airflow/.local/lib/python3.8/site-packages/airflow/example_dags/example_python_decorator.py
[2024-07-01T20:20:08.750+0000] {processor.py:840} INFO - DAG(s) 'example_python_decorator' retrieved from /home/airflow/.local/lib/python3.8/site-packages/airflow/example_dags/example_python_decorator.py
[2024-07-01T20:20:08.812+0000] {logging_mixin.py:188} INFO - [2024-07-01T20:20:08.811+0000] {dag.py:3036} INFO - Sync 1 DAGs
[2024-07-01T20:20:08.838+0000] {logging_mixin.py:188} INFO - [2024-07-01T20:20:08.838+0000] {dag.py:3823} INFO - Setting next_dagrun for example_python_decorator to None, run_after=None
[2024-07-01T20:20:08.880+0000] {processor.py:183} INFO - Processing /home/airflow/.local/lib/python3.8/site-packages/airflow/example_dags/example_python_decorator.py took 0.177 seconds
[2024-07-01T20:20:39.320+0000] {processor.py:161} INFO - Started process (PID=1355) to work on /home/airflow/.local/lib/python3.8/site-packages/airflow/example_dags/example_python_decorator.py
[2024-07-01T20:20:39.323+0000] {processor.py:830} INFO - Processing file /home/airflow/.local/lib/python3.8/site-packages/airflow/example_dags/example_python_decorator.py for tasks to queue
[2024-07-01T20:20:39.328+0000] {logging_mixin.py:188} INFO - [2024-07-01T20:20:39.327+0000] {dagbag.py:538} INFO - Filling up the DagBag from /home/airflow/.local/lib/python3.8/site-packages/airflow/example_dags/example_python_decorator.py
[2024-07-01T20:20:39.360+0000] {processor.py:840} INFO - DAG(s) 'example_python_decorator' retrieved from /home/airflow/.local/lib/python3.8/site-packages/airflow/example_dags/example_python_decorator.py
[2024-07-01T20:20:39.417+0000] {logging_mixin.py:188} INFO - [2024-07-01T20:20:39.416+0000] {dag.py:3036} INFO - Sync 1 DAGs
[2024-07-01T20:20:39.455+0000] {logging_mixin.py:188} INFO - [2024-07-01T20:20:39.454+0000] {dag.py:3823} INFO - Setting next_dagrun for example_python_decorator to None, run_after=None
[2024-07-01T20:20:39.501+0000] {processor.py:183} INFO - Processing /home/airflow/.local/lib/python3.8/site-packages/airflow/example_dags/example_python_decorator.py took 0.188 seconds
[2024-07-01T20:21:10.183+0000] {processor.py:161} INFO - Started process (PID=1410) to work on /home/airflow/.local/lib/python3.8/site-packages/airflow/example_dags/example_python_decorator.py
[2024-07-01T20:21:10.186+0000] {processor.py:830} INFO - Processing file /home/airflow/.local/lib/python3.8/site-packages/airflow/example_dags/example_python_decorator.py for tasks to queue
[2024-07-01T20:21:10.190+0000] {logging_mixin.py:188} INFO - [2024-07-01T20:21:10.189+0000] {dagbag.py:538} INFO - Filling up the DagBag from /home/airflow/.local/lib/python3.8/site-packages/airflow/example_dags/example_python_decorator.py
[2024-07-01T20:21:10.217+0000] {processor.py:840} INFO - DAG(s) 'example_python_decorator' retrieved from /home/airflow/.local/lib/python3.8/site-packages/airflow/example_dags/example_python_decorator.py
[2024-07-01T20:21:10.264+0000] {logging_mixin.py:188} INFO - [2024-07-01T20:21:10.263+0000] {dag.py:3036} INFO - Sync 1 DAGs
[2024-07-01T20:21:10.297+0000] {logging_mixin.py:188} INFO - [2024-07-01T20:21:10.296+0000] {dag.py:3823} INFO - Setting next_dagrun for example_python_decorator to None, run_after=None
[2024-07-01T20:21:10.341+0000] {processor.py:183} INFO - Processing /home/airflow/.local/lib/python3.8/site-packages/airflow/example_dags/example_python_decorator.py took 0.164 seconds
[2024-07-01T20:21:41.035+0000] {processor.py:161} INFO - Started process (PID=1465) to work on /home/airflow/.local/lib/python3.8/site-packages/airflow/example_dags/example_python_decorator.py
[2024-07-01T20:21:41.037+0000] {processor.py:830} INFO - Processing file /home/airflow/.local/lib/python3.8/site-packages/airflow/example_dags/example_python_decorator.py for tasks to queue
[2024-07-01T20:21:41.042+0000] {logging_mixin.py:188} INFO - [2024-07-01T20:21:41.041+0000] {dagbag.py:538} INFO - Filling up the DagBag from /home/airflow/.local/lib/python3.8/site-packages/airflow/example_dags/example_python_decorator.py
[2024-07-01T20:21:41.077+0000] {processor.py:840} INFO - DAG(s) 'example_python_decorator' retrieved from /home/airflow/.local/lib/python3.8/site-packages/airflow/example_dags/example_python_decorator.py
[2024-07-01T20:21:41.122+0000] {logging_mixin.py:188} INFO - [2024-07-01T20:21:41.122+0000] {dag.py:3036} INFO - Sync 1 DAGs
[2024-07-01T20:21:41.150+0000] {logging_mixin.py:188} INFO - [2024-07-01T20:21:41.149+0000] {dag.py:3823} INFO - Setting next_dagrun for example_python_decorator to None, run_after=None
[2024-07-01T20:21:41.199+0000] {processor.py:183} INFO - Processing /home/airflow/.local/lib/python3.8/site-packages/airflow/example_dags/example_python_decorator.py took 0.173 seconds
[2024-07-01T20:22:11.362+0000] {processor.py:161} INFO - Started process (PID=1520) to work on /home/airflow/.local/lib/python3.8/site-packages/airflow/example_dags/example_python_decorator.py
[2024-07-01T20:22:11.365+0000] {processor.py:830} INFO - Processing file /home/airflow/.local/lib/python3.8/site-packages/airflow/example_dags/example_python_decorator.py for tasks to queue
[2024-07-01T20:22:11.369+0000] {logging_mixin.py:188} INFO - [2024-07-01T20:22:11.368+0000] {dagbag.py:538} INFO - Filling up the DagBag from /home/airflow/.local/lib/python3.8/site-packages/airflow/example_dags/example_python_decorator.py
[2024-07-01T20:22:11.399+0000] {processor.py:840} INFO - DAG(s) 'example_python_decorator' retrieved from /home/airflow/.local/lib/python3.8/site-packages/airflow/example_dags/example_python_decorator.py
[2024-07-01T20:22:11.448+0000] {logging_mixin.py:188} INFO - [2024-07-01T20:22:11.447+0000] {dag.py:3036} INFO - Sync 1 DAGs
[2024-07-01T20:22:11.471+0000] {logging_mixin.py:188} INFO - [2024-07-01T20:22:11.471+0000] {dag.py:3823} INFO - Setting next_dagrun for example_python_decorator to None, run_after=None
[2024-07-01T20:22:11.521+0000] {processor.py:183} INFO - Processing /home/airflow/.local/lib/python3.8/site-packages/airflow/example_dags/example_python_decorator.py took 0.166 seconds
[2024-07-01T20:22:41.999+0000] {processor.py:161} INFO - Started process (PID=1575) to work on /home/airflow/.local/lib/python3.8/site-packages/airflow/example_dags/example_python_decorator.py
[2024-07-01T20:22:42.001+0000] {processor.py:830} INFO - Processing file /home/airflow/.local/lib/python3.8/site-packages/airflow/example_dags/example_python_decorator.py for tasks to queue
[2024-07-01T20:22:42.006+0000] {logging_mixin.py:188} INFO - [2024-07-01T20:22:42.005+0000] {dagbag.py:538} INFO - Filling up the DagBag from /home/airflow/.local/lib/python3.8/site-packages/airflow/example_dags/example_python_decorator.py
[2024-07-01T20:22:42.032+0000] {processor.py:840} INFO - DAG(s) 'example_python_decorator' retrieved from /home/airflow/.local/lib/python3.8/site-packages/airflow/example_dags/example_python_decorator.py
[2024-07-01T20:22:42.077+0000] {logging_mixin.py:188} INFO - [2024-07-01T20:22:42.076+0000] {dag.py:3036} INFO - Sync 1 DAGs
[2024-07-01T20:22:42.102+0000] {logging_mixin.py:188} INFO - [2024-07-01T20:22:42.101+0000] {dag.py:3823} INFO - Setting next_dagrun for example_python_decorator to None, run_after=None
[2024-07-01T20:22:42.138+0000] {processor.py:183} INFO - Processing /home/airflow/.local/lib/python3.8/site-packages/airflow/example_dags/example_python_decorator.py took 0.145 seconds
[2024-07-01T20:23:12.270+0000] {processor.py:161} INFO - Started process (PID=1629) to work on /home/airflow/.local/lib/python3.8/site-packages/airflow/example_dags/example_python_decorator.py
[2024-07-01T20:23:12.272+0000] {processor.py:830} INFO - Processing file /home/airflow/.local/lib/python3.8/site-packages/airflow/example_dags/example_python_decorator.py for tasks to queue
[2024-07-01T20:23:12.276+0000] {logging_mixin.py:188} INFO - [2024-07-01T20:23:12.275+0000] {dagbag.py:538} INFO - Filling up the DagBag from /home/airflow/.local/lib/python3.8/site-packages/airflow/example_dags/example_python_decorator.py
[2024-07-01T20:23:12.305+0000] {processor.py:840} INFO - DAG(s) 'example_python_decorator' retrieved from /home/airflow/.local/lib/python3.8/site-packages/airflow/example_dags/example_python_decorator.py
[2024-07-01T20:23:12.353+0000] {logging_mixin.py:188} INFO - [2024-07-01T20:23:12.353+0000] {dag.py:3036} INFO - Sync 1 DAGs
[2024-07-01T20:23:12.381+0000] {logging_mixin.py:188} INFO - [2024-07-01T20:23:12.381+0000] {dag.py:3823} INFO - Setting next_dagrun for example_python_decorator to None, run_after=None
[2024-07-01T20:23:12.425+0000] {processor.py:183} INFO - Processing /home/airflow/.local/lib/python3.8/site-packages/airflow/example_dags/example_python_decorator.py took 0.164 seconds
[2024-07-01T20:23:43.328+0000] {processor.py:161} INFO - Started process (PID=1684) to work on /home/airflow/.local/lib/python3.8/site-packages/airflow/example_dags/example_python_decorator.py
[2024-07-01T20:23:43.330+0000] {processor.py:830} INFO - Processing file /home/airflow/.local/lib/python3.8/site-packages/airflow/example_dags/example_python_decorator.py for tasks to queue
[2024-07-01T20:23:43.334+0000] {logging_mixin.py:188} INFO - [2024-07-01T20:23:43.333+0000] {dagbag.py:538} INFO - Filling up the DagBag from /home/airflow/.local/lib/python3.8/site-packages/airflow/example_dags/example_python_decorator.py
[2024-07-01T20:23:43.372+0000] {processor.py:840} INFO - DAG(s) 'example_python_decorator' retrieved from /home/airflow/.local/lib/python3.8/site-packages/airflow/example_dags/example_python_decorator.py
[2024-07-01T20:23:43.432+0000] {logging_mixin.py:188} INFO - [2024-07-01T20:23:43.431+0000] {dag.py:3036} INFO - Sync 1 DAGs
[2024-07-01T20:23:43.462+0000] {logging_mixin.py:188} INFO - [2024-07-01T20:23:43.462+0000] {dag.py:3823} INFO - Setting next_dagrun for example_python_decorator to None, run_after=None
[2024-07-01T20:23:43.519+0000] {processor.py:183} INFO - Processing /home/airflow/.local/lib/python3.8/site-packages/airflow/example_dags/example_python_decorator.py took 0.199 seconds
[2024-07-01T20:24:13.593+0000] {processor.py:161} INFO - Started process (PID=1740) to work on /home/airflow/.local/lib/python3.8/site-packages/airflow/example_dags/example_python_decorator.py
[2024-07-01T20:24:13.595+0000] {processor.py:830} INFO - Processing file /home/airflow/.local/lib/python3.8/site-packages/airflow/example_dags/example_python_decorator.py for tasks to queue
[2024-07-01T20:24:13.601+0000] {logging_mixin.py:188} INFO - [2024-07-01T20:24:13.599+0000] {dagbag.py:538} INFO - Filling up the DagBag from /home/airflow/.local/lib/python3.8/site-packages/airflow/example_dags/example_python_decorator.py
[2024-07-01T20:24:13.638+0000] {processor.py:840} INFO - DAG(s) 'example_python_decorator' retrieved from /home/airflow/.local/lib/python3.8/site-packages/airflow/example_dags/example_python_decorator.py
[2024-07-01T20:24:13.694+0000] {logging_mixin.py:188} INFO - [2024-07-01T20:24:13.693+0000] {dag.py:3036} INFO - Sync 1 DAGs
[2024-07-01T20:24:13.728+0000] {logging_mixin.py:188} INFO - [2024-07-01T20:24:13.727+0000] {dag.py:3823} INFO - Setting next_dagrun for example_python_decorator to None, run_after=None
[2024-07-01T20:24:13.799+0000] {processor.py:183} INFO - Processing /home/airflow/.local/lib/python3.8/site-packages/airflow/example_dags/example_python_decorator.py took 0.215 seconds
[2024-07-01T20:24:44.323+0000] {processor.py:161} INFO - Started process (PID=1792) to work on /home/airflow/.local/lib/python3.8/site-packages/airflow/example_dags/example_python_decorator.py
[2024-07-01T20:24:44.325+0000] {processor.py:830} INFO - Processing file /home/airflow/.local/lib/python3.8/site-packages/airflow/example_dags/example_python_decorator.py for tasks to queue
[2024-07-01T20:24:44.329+0000] {logging_mixin.py:188} INFO - [2024-07-01T20:24:44.328+0000] {dagbag.py:538} INFO - Filling up the DagBag from /home/airflow/.local/lib/python3.8/site-packages/airflow/example_dags/example_python_decorator.py
[2024-07-01T20:24:44.357+0000] {processor.py:840} INFO - DAG(s) 'example_python_decorator' retrieved from /home/airflow/.local/lib/python3.8/site-packages/airflow/example_dags/example_python_decorator.py
[2024-07-01T20:24:44.407+0000] {logging_mixin.py:188} INFO - [2024-07-01T20:24:44.407+0000] {dag.py:3036} INFO - Sync 1 DAGs
[2024-07-01T20:24:44.438+0000] {logging_mixin.py:188} INFO - [2024-07-01T20:24:44.438+0000] {dag.py:3823} INFO - Setting next_dagrun for example_python_decorator to None, run_after=None
[2024-07-01T20:24:44.499+0000] {processor.py:183} INFO - Processing /home/airflow/.local/lib/python3.8/site-packages/airflow/example_dags/example_python_decorator.py took 0.184 seconds
[2024-07-01T20:25:15.029+0000] {processor.py:161} INFO - Started process (PID=1848) to work on /home/airflow/.local/lib/python3.8/site-packages/airflow/example_dags/example_python_decorator.py
[2024-07-01T20:25:15.031+0000] {processor.py:830} INFO - Processing file /home/airflow/.local/lib/python3.8/site-packages/airflow/example_dags/example_python_decorator.py for tasks to queue
[2024-07-01T20:25:15.036+0000] {logging_mixin.py:188} INFO - [2024-07-01T20:25:15.035+0000] {dagbag.py:538} INFO - Filling up the DagBag from /home/airflow/.local/lib/python3.8/site-packages/airflow/example_dags/example_python_decorator.py
[2024-07-01T20:25:15.068+0000] {processor.py:840} INFO - DAG(s) 'example_python_decorator' retrieved from /home/airflow/.local/lib/python3.8/site-packages/airflow/example_dags/example_python_decorator.py
[2024-07-01T20:25:15.123+0000] {logging_mixin.py:188} INFO - [2024-07-01T20:25:15.122+0000] {dag.py:3036} INFO - Sync 1 DAGs
[2024-07-01T20:25:15.153+0000] {logging_mixin.py:188} INFO - [2024-07-01T20:25:15.153+0000] {dag.py:3823} INFO - Setting next_dagrun for example_python_decorator to None, run_after=None
[2024-07-01T20:25:15.196+0000] {processor.py:183} INFO - Processing /home/airflow/.local/lib/python3.8/site-packages/airflow/example_dags/example_python_decorator.py took 0.173 seconds
