[2024-07-01T20:08:50.155+0000] {processor.py:161} INFO - Started process (PID=70) to work on /home/airflow/.local/lib/python3.8/site-packages/airflow/example_dags/example_setup_teardown.py
[2024-07-01T20:08:50.157+0000] {processor.py:830} INFO - Processing file /home/airflow/.local/lib/python3.8/site-packages/airflow/example_dags/example_setup_teardown.py for tasks to queue
[2024-07-01T20:08:50.164+0000] {logging_mixin.py:188} INFO - [2024-07-01T20:08:50.162+0000] {dagbag.py:538} INFO - Filling up the DagBag from /home/airflow/.local/lib/python3.8/site-packages/airflow/example_dags/example_setup_teardown.py
[2024-07-01T20:08:50.191+0000] {processor.py:840} INFO - DAG(s) 'example_setup_teardown' retrieved from /home/airflow/.local/lib/python3.8/site-packages/airflow/example_dags/example_setup_teardown.py
[2024-07-01T20:08:50.517+0000] {logging_mixin.py:188} INFO - [2024-07-01T20:08:50.516+0000] {dag.py:3036} INFO - Sync 1 DAGs
[2024-07-01T20:08:50.560+0000] {logging_mixin.py:188} INFO - [2024-07-01T20:08:50.560+0000] {dag.py:3823} INFO - Setting next_dagrun for example_setup_teardown to 2024-06-30 00:00:00+00:00, run_after=2024-07-01 00:00:00+00:00
[2024-07-01T20:08:50.601+0000] {processor.py:183} INFO - Processing /home/airflow/.local/lib/python3.8/site-packages/airflow/example_dags/example_setup_teardown.py took 0.453 seconds
[2024-07-01T20:09:20.850+0000] {processor.py:161} INFO - Started process (PID=125) to work on /home/airflow/.local/lib/python3.8/site-packages/airflow/example_dags/example_setup_teardown.py
[2024-07-01T20:09:20.852+0000] {processor.py:830} INFO - Processing file /home/airflow/.local/lib/python3.8/site-packages/airflow/example_dags/example_setup_teardown.py for tasks to queue
[2024-07-01T20:09:20.855+0000] {logging_mixin.py:188} INFO - [2024-07-01T20:09:20.855+0000] {dagbag.py:538} INFO - Filling up the DagBag from /home/airflow/.local/lib/python3.8/site-packages/airflow/example_dags/example_setup_teardown.py
[2024-07-01T20:09:20.868+0000] {processor.py:840} INFO - DAG(s) 'example_setup_teardown' retrieved from /home/airflow/.local/lib/python3.8/site-packages/airflow/example_dags/example_setup_teardown.py
[2024-07-01T20:09:20.908+0000] {logging_mixin.py:188} INFO - [2024-07-01T20:09:20.908+0000] {dag.py:3036} INFO - Sync 1 DAGs
[2024-07-01T20:09:20.958+0000] {logging_mixin.py:188} INFO - [2024-07-01T20:09:20.957+0000] {dag.py:3823} INFO - Setting next_dagrun for example_setup_teardown to 2024-06-30 00:00:00+00:00, run_after=2024-07-01 00:00:00+00:00
[2024-07-01T20:09:21.002+0000] {processor.py:183} INFO - Processing /home/airflow/.local/lib/python3.8/site-packages/airflow/example_dags/example_setup_teardown.py took 0.158 seconds
[2024-07-01T20:09:51.432+0000] {processor.py:161} INFO - Started process (PID=180) to work on /home/airflow/.local/lib/python3.8/site-packages/airflow/example_dags/example_setup_teardown.py
[2024-07-01T20:09:51.435+0000] {processor.py:830} INFO - Processing file /home/airflow/.local/lib/python3.8/site-packages/airflow/example_dags/example_setup_teardown.py for tasks to queue
[2024-07-01T20:09:51.439+0000] {logging_mixin.py:188} INFO - [2024-07-01T20:09:51.438+0000] {dagbag.py:538} INFO - Filling up the DagBag from /home/airflow/.local/lib/python3.8/site-packages/airflow/example_dags/example_setup_teardown.py
[2024-07-01T20:09:51.455+0000] {processor.py:840} INFO - DAG(s) 'example_setup_teardown' retrieved from /home/airflow/.local/lib/python3.8/site-packages/airflow/example_dags/example_setup_teardown.py
[2024-07-01T20:09:51.509+0000] {logging_mixin.py:188} INFO - [2024-07-01T20:09:51.508+0000] {dag.py:3036} INFO - Sync 1 DAGs
[2024-07-01T20:09:51.554+0000] {logging_mixin.py:188} INFO - [2024-07-01T20:09:51.554+0000] {dag.py:3823} INFO - Setting next_dagrun for example_setup_teardown to 2024-06-30 00:00:00+00:00, run_after=2024-07-01 00:00:00+00:00
[2024-07-01T20:09:51.594+0000] {processor.py:183} INFO - Processing /home/airflow/.local/lib/python3.8/site-packages/airflow/example_dags/example_setup_teardown.py took 0.169 seconds
[2024-07-01T20:10:22.005+0000] {processor.py:161} INFO - Started process (PID=235) to work on /home/airflow/.local/lib/python3.8/site-packages/airflow/example_dags/example_setup_teardown.py
[2024-07-01T20:10:22.007+0000] {processor.py:830} INFO - Processing file /home/airflow/.local/lib/python3.8/site-packages/airflow/example_dags/example_setup_teardown.py for tasks to queue
[2024-07-01T20:10:22.010+0000] {logging_mixin.py:188} INFO - [2024-07-01T20:10:22.009+0000] {dagbag.py:538} INFO - Filling up the DagBag from /home/airflow/.local/lib/python3.8/site-packages/airflow/example_dags/example_setup_teardown.py
[2024-07-01T20:10:22.022+0000] {processor.py:840} INFO - DAG(s) 'example_setup_teardown' retrieved from /home/airflow/.local/lib/python3.8/site-packages/airflow/example_dags/example_setup_teardown.py
[2024-07-01T20:10:22.062+0000] {logging_mixin.py:188} INFO - [2024-07-01T20:10:22.062+0000] {dag.py:3036} INFO - Sync 1 DAGs
[2024-07-01T20:10:22.106+0000] {logging_mixin.py:188} INFO - [2024-07-01T20:10:22.105+0000] {dag.py:3823} INFO - Setting next_dagrun for example_setup_teardown to 2024-06-30 00:00:00+00:00, run_after=2024-07-01 00:00:00+00:00
[2024-07-01T20:10:22.146+0000] {processor.py:183} INFO - Processing /home/airflow/.local/lib/python3.8/site-packages/airflow/example_dags/example_setup_teardown.py took 0.148 seconds
[2024-07-01T20:10:53.098+0000] {processor.py:161} INFO - Started process (PID=291) to work on /home/airflow/.local/lib/python3.8/site-packages/airflow/example_dags/example_setup_teardown.py
[2024-07-01T20:10:53.100+0000] {processor.py:830} INFO - Processing file /home/airflow/.local/lib/python3.8/site-packages/airflow/example_dags/example_setup_teardown.py for tasks to queue
[2024-07-01T20:10:53.113+0000] {logging_mixin.py:188} INFO - [2024-07-01T20:10:53.113+0000] {dagbag.py:538} INFO - Filling up the DagBag from /home/airflow/.local/lib/python3.8/site-packages/airflow/example_dags/example_setup_teardown.py
[2024-07-01T20:10:53.137+0000] {processor.py:840} INFO - DAG(s) 'example_setup_teardown' retrieved from /home/airflow/.local/lib/python3.8/site-packages/airflow/example_dags/example_setup_teardown.py
[2024-07-01T20:10:53.187+0000] {logging_mixin.py:188} INFO - [2024-07-01T20:10:53.187+0000] {dag.py:3036} INFO - Sync 1 DAGs
[2024-07-01T20:10:53.230+0000] {logging_mixin.py:188} INFO - [2024-07-01T20:10:53.229+0000] {dag.py:3823} INFO - Setting next_dagrun for example_setup_teardown to 2024-06-30 00:00:00+00:00, run_after=2024-07-01 00:00:00+00:00
[2024-07-01T20:10:53.268+0000] {processor.py:183} INFO - Processing /home/airflow/.local/lib/python3.8/site-packages/airflow/example_dags/example_setup_teardown.py took 0.178 seconds
[2024-07-01T20:11:23.821+0000] {processor.py:161} INFO - Started process (PID=345) to work on /home/airflow/.local/lib/python3.8/site-packages/airflow/example_dags/example_setup_teardown.py
[2024-07-01T20:11:23.823+0000] {processor.py:830} INFO - Processing file /home/airflow/.local/lib/python3.8/site-packages/airflow/example_dags/example_setup_teardown.py for tasks to queue
[2024-07-01T20:11:23.827+0000] {logging_mixin.py:188} INFO - [2024-07-01T20:11:23.826+0000] {dagbag.py:538} INFO - Filling up the DagBag from /home/airflow/.local/lib/python3.8/site-packages/airflow/example_dags/example_setup_teardown.py
[2024-07-01T20:11:23.841+0000] {processor.py:840} INFO - DAG(s) 'example_setup_teardown' retrieved from /home/airflow/.local/lib/python3.8/site-packages/airflow/example_dags/example_setup_teardown.py
[2024-07-01T20:11:23.883+0000] {logging_mixin.py:188} INFO - [2024-07-01T20:11:23.883+0000] {dag.py:3036} INFO - Sync 1 DAGs
[2024-07-01T20:11:23.930+0000] {logging_mixin.py:188} INFO - [2024-07-01T20:11:23.930+0000] {dag.py:3823} INFO - Setting next_dagrun for example_setup_teardown to 2024-06-30 00:00:00+00:00, run_after=2024-07-01 00:00:00+00:00
[2024-07-01T20:11:23.983+0000] {processor.py:183} INFO - Processing /home/airflow/.local/lib/python3.8/site-packages/airflow/example_dags/example_setup_teardown.py took 0.168 seconds
[2024-07-01T20:11:54.156+0000] {processor.py:161} INFO - Started process (PID=400) to work on /home/airflow/.local/lib/python3.8/site-packages/airflow/example_dags/example_setup_teardown.py
[2024-07-01T20:11:54.158+0000] {processor.py:830} INFO - Processing file /home/airflow/.local/lib/python3.8/site-packages/airflow/example_dags/example_setup_teardown.py for tasks to queue
[2024-07-01T20:11:54.162+0000] {logging_mixin.py:188} INFO - [2024-07-01T20:11:54.161+0000] {dagbag.py:538} INFO - Filling up the DagBag from /home/airflow/.local/lib/python3.8/site-packages/airflow/example_dags/example_setup_teardown.py
[2024-07-01T20:11:54.175+0000] {processor.py:840} INFO - DAG(s) 'example_setup_teardown' retrieved from /home/airflow/.local/lib/python3.8/site-packages/airflow/example_dags/example_setup_teardown.py
[2024-07-01T20:11:54.220+0000] {logging_mixin.py:188} INFO - [2024-07-01T20:11:54.219+0000] {dag.py:3036} INFO - Sync 1 DAGs
[2024-07-01T20:11:54.269+0000] {logging_mixin.py:188} INFO - [2024-07-01T20:11:54.269+0000] {dag.py:3823} INFO - Setting next_dagrun for example_setup_teardown to 2024-06-30 00:00:00+00:00, run_after=2024-07-01 00:00:00+00:00
[2024-07-01T20:11:54.319+0000] {processor.py:183} INFO - Processing /home/airflow/.local/lib/python3.8/site-packages/airflow/example_dags/example_setup_teardown.py took 0.169 seconds
[2024-07-01T20:12:25.280+0000] {processor.py:161} INFO - Started process (PID=455) to work on /home/airflow/.local/lib/python3.8/site-packages/airflow/example_dags/example_setup_teardown.py
[2024-07-01T20:12:25.282+0000] {processor.py:830} INFO - Processing file /home/airflow/.local/lib/python3.8/site-packages/airflow/example_dags/example_setup_teardown.py for tasks to queue
[2024-07-01T20:12:25.285+0000] {logging_mixin.py:188} INFO - [2024-07-01T20:12:25.284+0000] {dagbag.py:538} INFO - Filling up the DagBag from /home/airflow/.local/lib/python3.8/site-packages/airflow/example_dags/example_setup_teardown.py
[2024-07-01T20:12:25.297+0000] {processor.py:840} INFO - DAG(s) 'example_setup_teardown' retrieved from /home/airflow/.local/lib/python3.8/site-packages/airflow/example_dags/example_setup_teardown.py
[2024-07-01T20:12:25.338+0000] {logging_mixin.py:188} INFO - [2024-07-01T20:12:25.338+0000] {dag.py:3036} INFO - Sync 1 DAGs
[2024-07-01T20:12:25.384+0000] {logging_mixin.py:188} INFO - [2024-07-01T20:12:25.384+0000] {dag.py:3823} INFO - Setting next_dagrun for example_setup_teardown to 2024-06-30 00:00:00+00:00, run_after=2024-07-01 00:00:00+00:00
[2024-07-01T20:12:25.424+0000] {processor.py:183} INFO - Processing /home/airflow/.local/lib/python3.8/site-packages/airflow/example_dags/example_setup_teardown.py took 0.151 seconds
[2024-07-01T20:12:55.740+0000] {processor.py:161} INFO - Started process (PID=510) to work on /home/airflow/.local/lib/python3.8/site-packages/airflow/example_dags/example_setup_teardown.py
[2024-07-01T20:12:55.742+0000] {processor.py:830} INFO - Processing file /home/airflow/.local/lib/python3.8/site-packages/airflow/example_dags/example_setup_teardown.py for tasks to queue
[2024-07-01T20:12:55.746+0000] {logging_mixin.py:188} INFO - [2024-07-01T20:12:55.745+0000] {dagbag.py:538} INFO - Filling up the DagBag from /home/airflow/.local/lib/python3.8/site-packages/airflow/example_dags/example_setup_teardown.py
[2024-07-01T20:12:55.761+0000] {processor.py:840} INFO - DAG(s) 'example_setup_teardown' retrieved from /home/airflow/.local/lib/python3.8/site-packages/airflow/example_dags/example_setup_teardown.py
[2024-07-01T20:12:55.808+0000] {logging_mixin.py:188} INFO - [2024-07-01T20:12:55.807+0000] {dag.py:3036} INFO - Sync 1 DAGs
[2024-07-01T20:12:55.859+0000] {logging_mixin.py:188} INFO - [2024-07-01T20:12:55.858+0000] {dag.py:3823} INFO - Setting next_dagrun for example_setup_teardown to 2024-06-30 00:00:00+00:00, run_after=2024-07-01 00:00:00+00:00
[2024-07-01T20:12:55.902+0000] {processor.py:183} INFO - Processing /home/airflow/.local/lib/python3.8/site-packages/airflow/example_dags/example_setup_teardown.py took 0.170 seconds
[2024-07-01T20:13:26.641+0000] {processor.py:161} INFO - Started process (PID=565) to work on /home/airflow/.local/lib/python3.8/site-packages/airflow/example_dags/example_setup_teardown.py
[2024-07-01T20:13:26.642+0000] {processor.py:830} INFO - Processing file /home/airflow/.local/lib/python3.8/site-packages/airflow/example_dags/example_setup_teardown.py for tasks to queue
[2024-07-01T20:13:26.646+0000] {logging_mixin.py:188} INFO - [2024-07-01T20:13:26.646+0000] {dagbag.py:538} INFO - Filling up the DagBag from /home/airflow/.local/lib/python3.8/site-packages/airflow/example_dags/example_setup_teardown.py
[2024-07-01T20:13:26.663+0000] {processor.py:840} INFO - DAG(s) 'example_setup_teardown' retrieved from /home/airflow/.local/lib/python3.8/site-packages/airflow/example_dags/example_setup_teardown.py
[2024-07-01T20:13:26.705+0000] {logging_mixin.py:188} INFO - [2024-07-01T20:13:26.705+0000] {dag.py:3036} INFO - Sync 1 DAGs
[2024-07-01T20:13:26.761+0000] {logging_mixin.py:188} INFO - [2024-07-01T20:13:26.761+0000] {dag.py:3823} INFO - Setting next_dagrun for example_setup_teardown to 2024-06-30 00:00:00+00:00, run_after=2024-07-01 00:00:00+00:00
[2024-07-01T20:13:26.805+0000] {processor.py:183} INFO - Processing /home/airflow/.local/lib/python3.8/site-packages/airflow/example_dags/example_setup_teardown.py took 0.171 seconds
[2024-07-01T20:13:57.193+0000] {processor.py:161} INFO - Started process (PID=621) to work on /home/airflow/.local/lib/python3.8/site-packages/airflow/example_dags/example_setup_teardown.py
[2024-07-01T20:13:57.195+0000] {processor.py:830} INFO - Processing file /home/airflow/.local/lib/python3.8/site-packages/airflow/example_dags/example_setup_teardown.py for tasks to queue
[2024-07-01T20:13:57.199+0000] {logging_mixin.py:188} INFO - [2024-07-01T20:13:57.198+0000] {dagbag.py:538} INFO - Filling up the DagBag from /home/airflow/.local/lib/python3.8/site-packages/airflow/example_dags/example_setup_teardown.py
[2024-07-01T20:13:57.212+0000] {processor.py:840} INFO - DAG(s) 'example_setup_teardown' retrieved from /home/airflow/.local/lib/python3.8/site-packages/airflow/example_dags/example_setup_teardown.py
[2024-07-01T20:13:57.253+0000] {logging_mixin.py:188} INFO - [2024-07-01T20:13:57.252+0000] {dag.py:3036} INFO - Sync 1 DAGs
[2024-07-01T20:13:57.297+0000] {logging_mixin.py:188} INFO - [2024-07-01T20:13:57.296+0000] {dag.py:3823} INFO - Setting next_dagrun for example_setup_teardown to 2024-06-30 00:00:00+00:00, run_after=2024-07-01 00:00:00+00:00
[2024-07-01T20:13:57.335+0000] {processor.py:183} INFO - Processing /home/airflow/.local/lib/python3.8/site-packages/airflow/example_dags/example_setup_teardown.py took 0.148 seconds
[2024-07-01T20:14:28.086+0000] {processor.py:161} INFO - Started process (PID=676) to work on /home/airflow/.local/lib/python3.8/site-packages/airflow/example_dags/example_setup_teardown.py
[2024-07-01T20:14:28.088+0000] {processor.py:830} INFO - Processing file /home/airflow/.local/lib/python3.8/site-packages/airflow/example_dags/example_setup_teardown.py for tasks to queue
[2024-07-01T20:14:28.092+0000] {logging_mixin.py:188} INFO - [2024-07-01T20:14:28.091+0000] {dagbag.py:538} INFO - Filling up the DagBag from /home/airflow/.local/lib/python3.8/site-packages/airflow/example_dags/example_setup_teardown.py
[2024-07-01T20:14:28.109+0000] {processor.py:840} INFO - DAG(s) 'example_setup_teardown' retrieved from /home/airflow/.local/lib/python3.8/site-packages/airflow/example_dags/example_setup_teardown.py
[2024-07-01T20:14:28.161+0000] {logging_mixin.py:188} INFO - [2024-07-01T20:14:28.160+0000] {dag.py:3036} INFO - Sync 1 DAGs
[2024-07-01T20:14:28.212+0000] {logging_mixin.py:188} INFO - [2024-07-01T20:14:28.211+0000] {dag.py:3823} INFO - Setting next_dagrun for example_setup_teardown to 2024-06-30 00:00:00+00:00, run_after=2024-07-01 00:00:00+00:00
[2024-07-01T20:14:28.248+0000] {processor.py:183} INFO - Processing /home/airflow/.local/lib/python3.8/site-packages/airflow/example_dags/example_setup_teardown.py took 0.168 seconds
[2024-07-01T20:14:58.453+0000] {processor.py:161} INFO - Started process (PID=731) to work on /home/airflow/.local/lib/python3.8/site-packages/airflow/example_dags/example_setup_teardown.py
[2024-07-01T20:14:58.456+0000] {processor.py:830} INFO - Processing file /home/airflow/.local/lib/python3.8/site-packages/airflow/example_dags/example_setup_teardown.py for tasks to queue
[2024-07-01T20:14:58.459+0000] {logging_mixin.py:188} INFO - [2024-07-01T20:14:58.459+0000] {dagbag.py:538} INFO - Filling up the DagBag from /home/airflow/.local/lib/python3.8/site-packages/airflow/example_dags/example_setup_teardown.py
[2024-07-01T20:14:58.473+0000] {processor.py:840} INFO - DAG(s) 'example_setup_teardown' retrieved from /home/airflow/.local/lib/python3.8/site-packages/airflow/example_dags/example_setup_teardown.py
[2024-07-01T20:14:58.513+0000] {logging_mixin.py:188} INFO - [2024-07-01T20:14:58.513+0000] {dag.py:3036} INFO - Sync 1 DAGs
[2024-07-01T20:14:58.555+0000] {logging_mixin.py:188} INFO - [2024-07-01T20:14:58.554+0000] {dag.py:3823} INFO - Setting next_dagrun for example_setup_teardown to 2024-06-30 00:00:00+00:00, run_after=2024-07-01 00:00:00+00:00
[2024-07-01T20:14:58.592+0000] {processor.py:183} INFO - Processing /home/airflow/.local/lib/python3.8/site-packages/airflow/example_dags/example_setup_teardown.py took 0.146 seconds
[2024-07-01T20:15:28.803+0000] {processor.py:161} INFO - Started process (PID=785) to work on /home/airflow/.local/lib/python3.8/site-packages/airflow/example_dags/example_setup_teardown.py
[2024-07-01T20:15:28.805+0000] {processor.py:830} INFO - Processing file /home/airflow/.local/lib/python3.8/site-packages/airflow/example_dags/example_setup_teardown.py for tasks to queue
[2024-07-01T20:15:28.810+0000] {logging_mixin.py:188} INFO - [2024-07-01T20:15:28.810+0000] {dagbag.py:538} INFO - Filling up the DagBag from /home/airflow/.local/lib/python3.8/site-packages/airflow/example_dags/example_setup_teardown.py
[2024-07-01T20:15:28.827+0000] {processor.py:840} INFO - DAG(s) 'example_setup_teardown' retrieved from /home/airflow/.local/lib/python3.8/site-packages/airflow/example_dags/example_setup_teardown.py
[2024-07-01T20:15:28.870+0000] {logging_mixin.py:188} INFO - [2024-07-01T20:15:28.870+0000] {dag.py:3036} INFO - Sync 1 DAGs
[2024-07-01T20:15:28.915+0000] {logging_mixin.py:188} INFO - [2024-07-01T20:15:28.915+0000] {dag.py:3823} INFO - Setting next_dagrun for example_setup_teardown to 2024-06-30 00:00:00+00:00, run_after=2024-07-01 00:00:00+00:00
[2024-07-01T20:15:28.953+0000] {processor.py:183} INFO - Processing /home/airflow/.local/lib/python3.8/site-packages/airflow/example_dags/example_setup_teardown.py took 0.159 seconds
[2024-07-01T20:15:59.623+0000] {processor.py:161} INFO - Started process (PID=840) to work on /home/airflow/.local/lib/python3.8/site-packages/airflow/example_dags/example_setup_teardown.py
[2024-07-01T20:15:59.626+0000] {processor.py:830} INFO - Processing file /home/airflow/.local/lib/python3.8/site-packages/airflow/example_dags/example_setup_teardown.py for tasks to queue
[2024-07-01T20:15:59.630+0000] {logging_mixin.py:188} INFO - [2024-07-01T20:15:59.629+0000] {dagbag.py:538} INFO - Filling up the DagBag from /home/airflow/.local/lib/python3.8/site-packages/airflow/example_dags/example_setup_teardown.py
[2024-07-01T20:15:59.644+0000] {processor.py:840} INFO - DAG(s) 'example_setup_teardown' retrieved from /home/airflow/.local/lib/python3.8/site-packages/airflow/example_dags/example_setup_teardown.py
[2024-07-01T20:15:59.692+0000] {logging_mixin.py:188} INFO - [2024-07-01T20:15:59.691+0000] {dag.py:3036} INFO - Sync 1 DAGs
[2024-07-01T20:15:59.747+0000] {logging_mixin.py:188} INFO - [2024-07-01T20:15:59.746+0000] {dag.py:3823} INFO - Setting next_dagrun for example_setup_teardown to 2024-06-30 00:00:00+00:00, run_after=2024-07-01 00:00:00+00:00
[2024-07-01T20:15:59.819+0000] {processor.py:183} INFO - Processing /home/airflow/.local/lib/python3.8/site-packages/airflow/example_dags/example_setup_teardown.py took 0.203 seconds
[2024-07-01T20:16:30.266+0000] {processor.py:161} INFO - Started process (PID=895) to work on /home/airflow/.local/lib/python3.8/site-packages/airflow/example_dags/example_setup_teardown.py
[2024-07-01T20:16:30.268+0000] {processor.py:830} INFO - Processing file /home/airflow/.local/lib/python3.8/site-packages/airflow/example_dags/example_setup_teardown.py for tasks to queue
[2024-07-01T20:16:30.273+0000] {logging_mixin.py:188} INFO - [2024-07-01T20:16:30.272+0000] {dagbag.py:538} INFO - Filling up the DagBag from /home/airflow/.local/lib/python3.8/site-packages/airflow/example_dags/example_setup_teardown.py
[2024-07-01T20:16:30.292+0000] {processor.py:840} INFO - DAG(s) 'example_setup_teardown' retrieved from /home/airflow/.local/lib/python3.8/site-packages/airflow/example_dags/example_setup_teardown.py
[2024-07-01T20:16:30.345+0000] {logging_mixin.py:188} INFO - [2024-07-01T20:16:30.344+0000] {dag.py:3036} INFO - Sync 1 DAGs
[2024-07-01T20:16:30.413+0000] {logging_mixin.py:188} INFO - [2024-07-01T20:16:30.412+0000] {dag.py:3823} INFO - Setting next_dagrun for example_setup_teardown to 2024-06-30 00:00:00+00:00, run_after=2024-07-01 00:00:00+00:00
[2024-07-01T20:16:30.478+0000] {processor.py:183} INFO - Processing /home/airflow/.local/lib/python3.8/site-packages/airflow/example_dags/example_setup_teardown.py took 0.218 seconds
[2024-07-01T20:17:01.044+0000] {processor.py:161} INFO - Started process (PID=950) to work on /home/airflow/.local/lib/python3.8/site-packages/airflow/example_dags/example_setup_teardown.py
[2024-07-01T20:17:01.046+0000] {processor.py:830} INFO - Processing file /home/airflow/.local/lib/python3.8/site-packages/airflow/example_dags/example_setup_teardown.py for tasks to queue
[2024-07-01T20:17:01.049+0000] {logging_mixin.py:188} INFO - [2024-07-01T20:17:01.049+0000] {dagbag.py:538} INFO - Filling up the DagBag from /home/airflow/.local/lib/python3.8/site-packages/airflow/example_dags/example_setup_teardown.py
[2024-07-01T20:17:01.061+0000] {processor.py:840} INFO - DAG(s) 'example_setup_teardown' retrieved from /home/airflow/.local/lib/python3.8/site-packages/airflow/example_dags/example_setup_teardown.py
[2024-07-01T20:17:01.111+0000] {logging_mixin.py:188} INFO - [2024-07-01T20:17:01.110+0000] {dag.py:3036} INFO - Sync 1 DAGs
[2024-07-01T20:17:01.154+0000] {logging_mixin.py:188} INFO - [2024-07-01T20:17:01.153+0000] {dag.py:3823} INFO - Setting next_dagrun for example_setup_teardown to 2024-06-30 00:00:00+00:00, run_after=2024-07-01 00:00:00+00:00
[2024-07-01T20:17:01.193+0000] {processor.py:183} INFO - Processing /home/airflow/.local/lib/python3.8/site-packages/airflow/example_dags/example_setup_teardown.py took 0.155 seconds
[2024-07-01T20:17:31.566+0000] {processor.py:161} INFO - Started process (PID=1005) to work on /home/airflow/.local/lib/python3.8/site-packages/airflow/example_dags/example_setup_teardown.py
[2024-07-01T20:17:31.568+0000] {processor.py:830} INFO - Processing file /home/airflow/.local/lib/python3.8/site-packages/airflow/example_dags/example_setup_teardown.py for tasks to queue
[2024-07-01T20:17:31.571+0000] {logging_mixin.py:188} INFO - [2024-07-01T20:17:31.571+0000] {dagbag.py:538} INFO - Filling up the DagBag from /home/airflow/.local/lib/python3.8/site-packages/airflow/example_dags/example_setup_teardown.py
[2024-07-01T20:17:31.584+0000] {processor.py:840} INFO - DAG(s) 'example_setup_teardown' retrieved from /home/airflow/.local/lib/python3.8/site-packages/airflow/example_dags/example_setup_teardown.py
[2024-07-01T20:17:31.630+0000] {logging_mixin.py:188} INFO - [2024-07-01T20:17:31.630+0000] {dag.py:3036} INFO - Sync 1 DAGs
[2024-07-01T20:17:31.682+0000] {logging_mixin.py:188} INFO - [2024-07-01T20:17:31.681+0000] {dag.py:3823} INFO - Setting next_dagrun for example_setup_teardown to 2024-06-30 00:00:00+00:00, run_after=2024-07-01 00:00:00+00:00
[2024-07-01T20:17:31.727+0000] {processor.py:183} INFO - Processing /home/airflow/.local/lib/python3.8/site-packages/airflow/example_dags/example_setup_teardown.py took 0.168 seconds
[2024-07-01T20:18:01.934+0000] {processor.py:161} INFO - Started process (PID=1060) to work on /home/airflow/.local/lib/python3.8/site-packages/airflow/example_dags/example_setup_teardown.py
[2024-07-01T20:18:01.935+0000] {processor.py:830} INFO - Processing file /home/airflow/.local/lib/python3.8/site-packages/airflow/example_dags/example_setup_teardown.py for tasks to queue
[2024-07-01T20:18:01.939+0000] {logging_mixin.py:188} INFO - [2024-07-01T20:18:01.938+0000] {dagbag.py:538} INFO - Filling up the DagBag from /home/airflow/.local/lib/python3.8/site-packages/airflow/example_dags/example_setup_teardown.py
[2024-07-01T20:18:01.951+0000] {processor.py:840} INFO - DAG(s) 'example_setup_teardown' retrieved from /home/airflow/.local/lib/python3.8/site-packages/airflow/example_dags/example_setup_teardown.py
[2024-07-01T20:18:01.991+0000] {logging_mixin.py:188} INFO - [2024-07-01T20:18:01.991+0000] {dag.py:3036} INFO - Sync 1 DAGs
[2024-07-01T20:18:02.035+0000] {logging_mixin.py:188} INFO - [2024-07-01T20:18:02.034+0000] {dag.py:3823} INFO - Setting next_dagrun for example_setup_teardown to 2024-06-30 00:00:00+00:00, run_after=2024-07-01 00:00:00+00:00
[2024-07-01T20:18:02.079+0000] {processor.py:183} INFO - Processing /home/airflow/.local/lib/python3.8/site-packages/airflow/example_dags/example_setup_teardown.py took 0.151 seconds
[2024-07-01T20:18:32.292+0000] {processor.py:161} INFO - Started process (PID=1115) to work on /home/airflow/.local/lib/python3.8/site-packages/airflow/example_dags/example_setup_teardown.py
[2024-07-01T20:18:32.294+0000] {processor.py:830} INFO - Processing file /home/airflow/.local/lib/python3.8/site-packages/airflow/example_dags/example_setup_teardown.py for tasks to queue
[2024-07-01T20:18:32.297+0000] {logging_mixin.py:188} INFO - [2024-07-01T20:18:32.297+0000] {dagbag.py:538} INFO - Filling up the DagBag from /home/airflow/.local/lib/python3.8/site-packages/airflow/example_dags/example_setup_teardown.py
[2024-07-01T20:18:32.309+0000] {processor.py:840} INFO - DAG(s) 'example_setup_teardown' retrieved from /home/airflow/.local/lib/python3.8/site-packages/airflow/example_dags/example_setup_teardown.py
[2024-07-01T20:18:32.350+0000] {logging_mixin.py:188} INFO - [2024-07-01T20:18:32.349+0000] {dag.py:3036} INFO - Sync 1 DAGs
[2024-07-01T20:18:32.395+0000] {logging_mixin.py:188} INFO - [2024-07-01T20:18:32.394+0000] {dag.py:3823} INFO - Setting next_dagrun for example_setup_teardown to 2024-06-30 00:00:00+00:00, run_after=2024-07-01 00:00:00+00:00
[2024-07-01T20:18:32.440+0000] {processor.py:183} INFO - Processing /home/airflow/.local/lib/python3.8/site-packages/airflow/example_dags/example_setup_teardown.py took 0.154 seconds
[2024-07-01T20:19:03.063+0000] {processor.py:161} INFO - Started process (PID=1170) to work on /home/airflow/.local/lib/python3.8/site-packages/airflow/example_dags/example_setup_teardown.py
[2024-07-01T20:19:03.066+0000] {processor.py:830} INFO - Processing file /home/airflow/.local/lib/python3.8/site-packages/airflow/example_dags/example_setup_teardown.py for tasks to queue
[2024-07-01T20:19:03.070+0000] {logging_mixin.py:188} INFO - [2024-07-01T20:19:03.069+0000] {dagbag.py:538} INFO - Filling up the DagBag from /home/airflow/.local/lib/python3.8/site-packages/airflow/example_dags/example_setup_teardown.py
[2024-07-01T20:19:03.083+0000] {processor.py:840} INFO - DAG(s) 'example_setup_teardown' retrieved from /home/airflow/.local/lib/python3.8/site-packages/airflow/example_dags/example_setup_teardown.py
[2024-07-01T20:19:03.123+0000] {logging_mixin.py:188} INFO - [2024-07-01T20:19:03.122+0000] {dag.py:3036} INFO - Sync 1 DAGs
[2024-07-01T20:19:03.168+0000] {logging_mixin.py:188} INFO - [2024-07-01T20:19:03.168+0000] {dag.py:3823} INFO - Setting next_dagrun for example_setup_teardown to 2024-06-30 00:00:00+00:00, run_after=2024-07-01 00:00:00+00:00
[2024-07-01T20:19:03.219+0000] {processor.py:183} INFO - Processing /home/airflow/.local/lib/python3.8/site-packages/airflow/example_dags/example_setup_teardown.py took 0.163 seconds
[2024-07-01T20:19:33.268+0000] {processor.py:161} INFO - Started process (PID=1224) to work on /home/airflow/.local/lib/python3.8/site-packages/airflow/example_dags/example_setup_teardown.py
[2024-07-01T20:19:33.271+0000] {processor.py:830} INFO - Processing file /home/airflow/.local/lib/python3.8/site-packages/airflow/example_dags/example_setup_teardown.py for tasks to queue
[2024-07-01T20:19:33.275+0000] {logging_mixin.py:188} INFO - [2024-07-01T20:19:33.275+0000] {dagbag.py:538} INFO - Filling up the DagBag from /home/airflow/.local/lib/python3.8/site-packages/airflow/example_dags/example_setup_teardown.py
[2024-07-01T20:19:33.288+0000] {processor.py:840} INFO - DAG(s) 'example_setup_teardown' retrieved from /home/airflow/.local/lib/python3.8/site-packages/airflow/example_dags/example_setup_teardown.py
[2024-07-01T20:19:33.330+0000] {logging_mixin.py:188} INFO - [2024-07-01T20:19:33.330+0000] {dag.py:3036} INFO - Sync 1 DAGs
[2024-07-01T20:19:33.425+0000] {logging_mixin.py:188} INFO - [2024-07-01T20:19:33.416+0000] {dag.py:3823} INFO - Setting next_dagrun for example_setup_teardown to 2024-06-30 00:00:00+00:00, run_after=2024-07-01 00:00:00+00:00
[2024-07-01T20:19:33.501+0000] {processor.py:183} INFO - Processing /home/airflow/.local/lib/python3.8/site-packages/airflow/example_dags/example_setup_teardown.py took 0.241 seconds
[2024-07-01T20:20:03.827+0000] {processor.py:161} INFO - Started process (PID=1280) to work on /home/airflow/.local/lib/python3.8/site-packages/airflow/example_dags/example_setup_teardown.py
[2024-07-01T20:20:03.829+0000] {processor.py:830} INFO - Processing file /home/airflow/.local/lib/python3.8/site-packages/airflow/example_dags/example_setup_teardown.py for tasks to queue
[2024-07-01T20:20:03.833+0000] {logging_mixin.py:188} INFO - [2024-07-01T20:20:03.832+0000] {dagbag.py:538} INFO - Filling up the DagBag from /home/airflow/.local/lib/python3.8/site-packages/airflow/example_dags/example_setup_teardown.py
[2024-07-01T20:20:03.845+0000] {processor.py:840} INFO - DAG(s) 'example_setup_teardown' retrieved from /home/airflow/.local/lib/python3.8/site-packages/airflow/example_dags/example_setup_teardown.py
[2024-07-01T20:20:03.887+0000] {logging_mixin.py:188} INFO - [2024-07-01T20:20:03.887+0000] {dag.py:3036} INFO - Sync 1 DAGs
[2024-07-01T20:20:03.932+0000] {logging_mixin.py:188} INFO - [2024-07-01T20:20:03.932+0000] {dag.py:3823} INFO - Setting next_dagrun for example_setup_teardown to 2024-06-30 00:00:00+00:00, run_after=2024-07-01 00:00:00+00:00
[2024-07-01T20:20:03.972+0000] {processor.py:183} INFO - Processing /home/airflow/.local/lib/python3.8/site-packages/airflow/example_dags/example_setup_teardown.py took 0.151 seconds
[2024-07-01T20:20:34.280+0000] {processor.py:161} INFO - Started process (PID=1335) to work on /home/airflow/.local/lib/python3.8/site-packages/airflow/example_dags/example_setup_teardown.py
[2024-07-01T20:20:34.282+0000] {processor.py:830} INFO - Processing file /home/airflow/.local/lib/python3.8/site-packages/airflow/example_dags/example_setup_teardown.py for tasks to queue
[2024-07-01T20:20:34.286+0000] {logging_mixin.py:188} INFO - [2024-07-01T20:20:34.286+0000] {dagbag.py:538} INFO - Filling up the DagBag from /home/airflow/.local/lib/python3.8/site-packages/airflow/example_dags/example_setup_teardown.py
[2024-07-01T20:20:34.301+0000] {processor.py:840} INFO - DAG(s) 'example_setup_teardown' retrieved from /home/airflow/.local/lib/python3.8/site-packages/airflow/example_dags/example_setup_teardown.py
[2024-07-01T20:20:34.346+0000] {logging_mixin.py:188} INFO - [2024-07-01T20:20:34.346+0000] {dag.py:3036} INFO - Sync 1 DAGs
[2024-07-01T20:20:34.392+0000] {logging_mixin.py:188} INFO - [2024-07-01T20:20:34.392+0000] {dag.py:3823} INFO - Setting next_dagrun for example_setup_teardown to 2024-06-30 00:00:00+00:00, run_after=2024-07-01 00:00:00+00:00
[2024-07-01T20:20:34.431+0000] {processor.py:183} INFO - Processing /home/airflow/.local/lib/python3.8/site-packages/airflow/example_dags/example_setup_teardown.py took 0.159 seconds
[2024-07-01T20:21:05.180+0000] {processor.py:161} INFO - Started process (PID=1390) to work on /home/airflow/.local/lib/python3.8/site-packages/airflow/example_dags/example_setup_teardown.py
[2024-07-01T20:21:05.182+0000] {processor.py:830} INFO - Processing file /home/airflow/.local/lib/python3.8/site-packages/airflow/example_dags/example_setup_teardown.py for tasks to queue
[2024-07-01T20:21:05.186+0000] {logging_mixin.py:188} INFO - [2024-07-01T20:21:05.185+0000] {dagbag.py:538} INFO - Filling up the DagBag from /home/airflow/.local/lib/python3.8/site-packages/airflow/example_dags/example_setup_teardown.py
[2024-07-01T20:21:05.200+0000] {processor.py:840} INFO - DAG(s) 'example_setup_teardown' retrieved from /home/airflow/.local/lib/python3.8/site-packages/airflow/example_dags/example_setup_teardown.py
[2024-07-01T20:21:05.248+0000] {logging_mixin.py:188} INFO - [2024-07-01T20:21:05.247+0000] {dag.py:3036} INFO - Sync 1 DAGs
[2024-07-01T20:21:05.298+0000] {logging_mixin.py:188} INFO - [2024-07-01T20:21:05.298+0000] {dag.py:3823} INFO - Setting next_dagrun for example_setup_teardown to 2024-06-30 00:00:00+00:00, run_after=2024-07-01 00:00:00+00:00
[2024-07-01T20:21:05.339+0000] {processor.py:183} INFO - Processing /home/airflow/.local/lib/python3.8/site-packages/airflow/example_dags/example_setup_teardown.py took 0.166 seconds
[2024-07-01T20:21:36.736+0000] {processor.py:161} INFO - Started process (PID=1445) to work on /home/airflow/.local/lib/python3.8/site-packages/airflow/example_dags/example_setup_teardown.py
[2024-07-01T20:21:36.738+0000] {processor.py:830} INFO - Processing file /home/airflow/.local/lib/python3.8/site-packages/airflow/example_dags/example_setup_teardown.py for tasks to queue
[2024-07-01T20:21:36.742+0000] {logging_mixin.py:188} INFO - [2024-07-01T20:21:36.741+0000] {dagbag.py:538} INFO - Filling up the DagBag from /home/airflow/.local/lib/python3.8/site-packages/airflow/example_dags/example_setup_teardown.py
[2024-07-01T20:21:36.760+0000] {processor.py:840} INFO - DAG(s) 'example_setup_teardown' retrieved from /home/airflow/.local/lib/python3.8/site-packages/airflow/example_dags/example_setup_teardown.py
[2024-07-01T20:21:36.805+0000] {logging_mixin.py:188} INFO - [2024-07-01T20:21:36.804+0000] {dag.py:3036} INFO - Sync 1 DAGs
[2024-07-01T20:21:36.847+0000] {logging_mixin.py:188} INFO - [2024-07-01T20:21:36.846+0000] {dag.py:3823} INFO - Setting next_dagrun for example_setup_teardown to 2024-06-30 00:00:00+00:00, run_after=2024-07-01 00:00:00+00:00
[2024-07-01T20:21:36.891+0000] {processor.py:183} INFO - Processing /home/airflow/.local/lib/python3.8/site-packages/airflow/example_dags/example_setup_teardown.py took 0.164 seconds
[2024-07-01T20:22:07.261+0000] {processor.py:161} INFO - Started process (PID=1500) to work on /home/airflow/.local/lib/python3.8/site-packages/airflow/example_dags/example_setup_teardown.py
[2024-07-01T20:22:07.263+0000] {processor.py:830} INFO - Processing file /home/airflow/.local/lib/python3.8/site-packages/airflow/example_dags/example_setup_teardown.py for tasks to queue
[2024-07-01T20:22:07.267+0000] {logging_mixin.py:188} INFO - [2024-07-01T20:22:07.267+0000] {dagbag.py:538} INFO - Filling up the DagBag from /home/airflow/.local/lib/python3.8/site-packages/airflow/example_dags/example_setup_teardown.py
[2024-07-01T20:22:07.281+0000] {processor.py:840} INFO - DAG(s) 'example_setup_teardown' retrieved from /home/airflow/.local/lib/python3.8/site-packages/airflow/example_dags/example_setup_teardown.py
[2024-07-01T20:22:07.335+0000] {logging_mixin.py:188} INFO - [2024-07-01T20:22:07.335+0000] {dag.py:3036} INFO - Sync 1 DAGs
[2024-07-01T20:22:07.389+0000] {logging_mixin.py:188} INFO - [2024-07-01T20:22:07.388+0000] {dag.py:3823} INFO - Setting next_dagrun for example_setup_teardown to 2024-06-30 00:00:00+00:00, run_after=2024-07-01 00:00:00+00:00
[2024-07-01T20:22:07.433+0000] {processor.py:183} INFO - Processing /home/airflow/.local/lib/python3.8/site-packages/airflow/example_dags/example_setup_teardown.py took 0.178 seconds
[2024-07-01T20:22:37.603+0000] {processor.py:161} INFO - Started process (PID=1559) to work on /home/airflow/.local/lib/python3.8/site-packages/airflow/example_dags/example_setup_teardown.py
[2024-07-01T20:22:37.605+0000] {processor.py:830} INFO - Processing file /home/airflow/.local/lib/python3.8/site-packages/airflow/example_dags/example_setup_teardown.py for tasks to queue
[2024-07-01T20:22:37.609+0000] {logging_mixin.py:188} INFO - [2024-07-01T20:22:37.608+0000] {dagbag.py:538} INFO - Filling up the DagBag from /home/airflow/.local/lib/python3.8/site-packages/airflow/example_dags/example_setup_teardown.py
[2024-07-01T20:22:37.627+0000] {processor.py:840} INFO - DAG(s) 'example_setup_teardown' retrieved from /home/airflow/.local/lib/python3.8/site-packages/airflow/example_dags/example_setup_teardown.py
[2024-07-01T20:22:37.678+0000] {logging_mixin.py:188} INFO - [2024-07-01T20:22:37.678+0000] {dag.py:3036} INFO - Sync 1 DAGs
[2024-07-01T20:22:37.724+0000] {logging_mixin.py:188} INFO - [2024-07-01T20:22:37.723+0000] {dag.py:3823} INFO - Setting next_dagrun for example_setup_teardown to 2024-06-30 00:00:00+00:00, run_after=2024-07-01 00:00:00+00:00
[2024-07-01T20:22:37.774+0000] {processor.py:183} INFO - Processing /home/airflow/.local/lib/python3.8/site-packages/airflow/example_dags/example_setup_teardown.py took 0.182 seconds
[2024-07-01T20:23:08.322+0000] {processor.py:161} INFO - Started process (PID=1614) to work on /home/airflow/.local/lib/python3.8/site-packages/airflow/example_dags/example_setup_teardown.py
[2024-07-01T20:23:08.324+0000] {processor.py:830} INFO - Processing file /home/airflow/.local/lib/python3.8/site-packages/airflow/example_dags/example_setup_teardown.py for tasks to queue
[2024-07-01T20:23:08.328+0000] {logging_mixin.py:188} INFO - [2024-07-01T20:23:08.328+0000] {dagbag.py:538} INFO - Filling up the DagBag from /home/airflow/.local/lib/python3.8/site-packages/airflow/example_dags/example_setup_teardown.py
[2024-07-01T20:23:08.344+0000] {processor.py:840} INFO - DAG(s) 'example_setup_teardown' retrieved from /home/airflow/.local/lib/python3.8/site-packages/airflow/example_dags/example_setup_teardown.py
[2024-07-01T20:23:08.388+0000] {logging_mixin.py:188} INFO - [2024-07-01T20:23:08.387+0000] {dag.py:3036} INFO - Sync 1 DAGs
[2024-07-01T20:23:08.438+0000] {logging_mixin.py:188} INFO - [2024-07-01T20:23:08.437+0000] {dag.py:3823} INFO - Setting next_dagrun for example_setup_teardown to 2024-06-30 00:00:00+00:00, run_after=2024-07-01 00:00:00+00:00
[2024-07-01T20:23:08.479+0000] {processor.py:183} INFO - Processing /home/airflow/.local/lib/python3.8/site-packages/airflow/example_dags/example_setup_teardown.py took 0.165 seconds
[2024-07-01T20:23:38.927+0000] {processor.py:161} INFO - Started process (PID=1669) to work on /home/airflow/.local/lib/python3.8/site-packages/airflow/example_dags/example_setup_teardown.py
[2024-07-01T20:23:38.929+0000] {processor.py:830} INFO - Processing file /home/airflow/.local/lib/python3.8/site-packages/airflow/example_dags/example_setup_teardown.py for tasks to queue
[2024-07-01T20:23:38.942+0000] {logging_mixin.py:188} INFO - [2024-07-01T20:23:38.941+0000] {dagbag.py:538} INFO - Filling up the DagBag from /home/airflow/.local/lib/python3.8/site-packages/airflow/example_dags/example_setup_teardown.py
[2024-07-01T20:23:38.958+0000] {processor.py:840} INFO - DAG(s) 'example_setup_teardown' retrieved from /home/airflow/.local/lib/python3.8/site-packages/airflow/example_dags/example_setup_teardown.py
[2024-07-01T20:23:39.003+0000] {logging_mixin.py:188} INFO - [2024-07-01T20:23:39.003+0000] {dag.py:3036} INFO - Sync 1 DAGs
[2024-07-01T20:23:39.057+0000] {logging_mixin.py:188} INFO - [2024-07-01T20:23:39.057+0000] {dag.py:3823} INFO - Setting next_dagrun for example_setup_teardown to 2024-06-30 00:00:00+00:00, run_after=2024-07-01 00:00:00+00:00
[2024-07-01T20:23:39.101+0000] {processor.py:183} INFO - Processing /home/airflow/.local/lib/python3.8/site-packages/airflow/example_dags/example_setup_teardown.py took 0.186 seconds
[2024-07-01T20:24:09.488+0000] {processor.py:161} INFO - Started process (PID=1724) to work on /home/airflow/.local/lib/python3.8/site-packages/airflow/example_dags/example_setup_teardown.py
[2024-07-01T20:24:09.490+0000] {processor.py:830} INFO - Processing file /home/airflow/.local/lib/python3.8/site-packages/airflow/example_dags/example_setup_teardown.py for tasks to queue
[2024-07-01T20:24:09.494+0000] {logging_mixin.py:188} INFO - [2024-07-01T20:24:09.493+0000] {dagbag.py:538} INFO - Filling up the DagBag from /home/airflow/.local/lib/python3.8/site-packages/airflow/example_dags/example_setup_teardown.py
[2024-07-01T20:24:09.512+0000] {processor.py:840} INFO - DAG(s) 'example_setup_teardown' retrieved from /home/airflow/.local/lib/python3.8/site-packages/airflow/example_dags/example_setup_teardown.py
[2024-07-01T20:24:09.558+0000] {logging_mixin.py:188} INFO - [2024-07-01T20:24:09.558+0000] {dag.py:3036} INFO - Sync 1 DAGs
[2024-07-01T20:24:09.620+0000] {logging_mixin.py:188} INFO - [2024-07-01T20:24:09.620+0000] {dag.py:3823} INFO - Setting next_dagrun for example_setup_teardown to 2024-06-30 00:00:00+00:00, run_after=2024-07-01 00:00:00+00:00
[2024-07-01T20:24:09.693+0000] {processor.py:183} INFO - Processing /home/airflow/.local/lib/python3.8/site-packages/airflow/example_dags/example_setup_teardown.py took 0.211 seconds
[2024-07-01T20:24:39.872+0000] {processor.py:161} INFO - Started process (PID=1779) to work on /home/airflow/.local/lib/python3.8/site-packages/airflow/example_dags/example_setup_teardown.py
[2024-07-01T20:24:39.874+0000] {processor.py:830} INFO - Processing file /home/airflow/.local/lib/python3.8/site-packages/airflow/example_dags/example_setup_teardown.py for tasks to queue
[2024-07-01T20:24:39.878+0000] {logging_mixin.py:188} INFO - [2024-07-01T20:24:39.878+0000] {dagbag.py:538} INFO - Filling up the DagBag from /home/airflow/.local/lib/python3.8/site-packages/airflow/example_dags/example_setup_teardown.py
[2024-07-01T20:24:39.893+0000] {processor.py:840} INFO - DAG(s) 'example_setup_teardown' retrieved from /home/airflow/.local/lib/python3.8/site-packages/airflow/example_dags/example_setup_teardown.py
[2024-07-01T20:24:39.938+0000] {logging_mixin.py:188} INFO - [2024-07-01T20:24:39.937+0000] {dag.py:3036} INFO - Sync 1 DAGs
[2024-07-01T20:24:39.987+0000] {logging_mixin.py:188} INFO - [2024-07-01T20:24:39.986+0000] {dag.py:3823} INFO - Setting next_dagrun for example_setup_teardown to 2024-06-30 00:00:00+00:00, run_after=2024-07-01 00:00:00+00:00
[2024-07-01T20:24:40.027+0000] {processor.py:183} INFO - Processing /home/airflow/.local/lib/python3.8/site-packages/airflow/example_dags/example_setup_teardown.py took 0.161 seconds
[2024-07-01T20:25:10.645+0000] {processor.py:161} INFO - Started process (PID=1834) to work on /home/airflow/.local/lib/python3.8/site-packages/airflow/example_dags/example_setup_teardown.py
[2024-07-01T20:25:10.647+0000] {processor.py:830} INFO - Processing file /home/airflow/.local/lib/python3.8/site-packages/airflow/example_dags/example_setup_teardown.py for tasks to queue
[2024-07-01T20:25:10.651+0000] {logging_mixin.py:188} INFO - [2024-07-01T20:25:10.651+0000] {dagbag.py:538} INFO - Filling up the DagBag from /home/airflow/.local/lib/python3.8/site-packages/airflow/example_dags/example_setup_teardown.py
[2024-07-01T20:25:10.677+0000] {processor.py:840} INFO - DAG(s) 'example_setup_teardown' retrieved from /home/airflow/.local/lib/python3.8/site-packages/airflow/example_dags/example_setup_teardown.py
[2024-07-01T20:25:10.726+0000] {logging_mixin.py:188} INFO - [2024-07-01T20:25:10.726+0000] {dag.py:3036} INFO - Sync 1 DAGs
[2024-07-01T20:25:10.837+0000] {logging_mixin.py:188} INFO - [2024-07-01T20:25:10.836+0000] {dag.py:3823} INFO - Setting next_dagrun for example_setup_teardown to 2024-06-30 00:00:00+00:00, run_after=2024-07-01 00:00:00+00:00
[2024-07-01T20:25:10.921+0000] {processor.py:183} INFO - Processing /home/airflow/.local/lib/python3.8/site-packages/airflow/example_dags/example_setup_teardown.py took 0.290 seconds
