[2024-07-01T20:08:52.394+0000] {processor.py:161} INFO - Started process (PID=78) to work on /home/airflow/.local/lib/python3.8/site-packages/airflow/example_dags/example_local_kubernetes_executor.py
[2024-07-01T20:08:52.396+0000] {processor.py:830} INFO - Processing file /home/airflow/.local/lib/python3.8/site-packages/airflow/example_dags/example_local_kubernetes_executor.py for tasks to queue
[2024-07-01T20:08:52.400+0000] {logging_mixin.py:188} INFO - [2024-07-01T20:08:52.399+0000] {dagbag.py:538} INFO - Filling up the DagBag from /home/airflow/.local/lib/python3.8/site-packages/airflow/example_dags/example_local_kubernetes_executor.py
[2024-07-01T20:08:52.418+0000] {processor.py:840} INFO - DAG(s) 'example_local_kubernetes_executor' retrieved from /home/airflow/.local/lib/python3.8/site-packages/airflow/example_dags/example_local_kubernetes_executor.py
[2024-07-01T20:08:52.651+0000] {logging_mixin.py:188} INFO - [2024-07-01T20:08:52.651+0000] {dag.py:3036} INFO - Sync 1 DAGs
[2024-07-01T20:08:52.674+0000] {logging_mixin.py:188} INFO - [2024-07-01T20:08:52.673+0000] {dag.py:3823} INFO - Setting next_dagrun for example_local_kubernetes_executor to None, run_after=None
[2024-07-01T20:08:52.722+0000] {processor.py:183} INFO - Processing /home/airflow/.local/lib/python3.8/site-packages/airflow/example_dags/example_local_kubernetes_executor.py took 0.334 seconds
[2024-07-01T20:09:22.970+0000] {processor.py:161} INFO - Started process (PID=133) to work on /home/airflow/.local/lib/python3.8/site-packages/airflow/example_dags/example_local_kubernetes_executor.py
[2024-07-01T20:09:22.972+0000] {processor.py:830} INFO - Processing file /home/airflow/.local/lib/python3.8/site-packages/airflow/example_dags/example_local_kubernetes_executor.py for tasks to queue
[2024-07-01T20:09:22.976+0000] {logging_mixin.py:188} INFO - [2024-07-01T20:09:22.976+0000] {dagbag.py:538} INFO - Filling up the DagBag from /home/airflow/.local/lib/python3.8/site-packages/airflow/example_dags/example_local_kubernetes_executor.py
[2024-07-01T20:09:22.990+0000] {processor.py:840} INFO - DAG(s) 'example_local_kubernetes_executor' retrieved from /home/airflow/.local/lib/python3.8/site-packages/airflow/example_dags/example_local_kubernetes_executor.py
[2024-07-01T20:09:23.073+0000] {logging_mixin.py:188} INFO - [2024-07-01T20:09:23.072+0000] {dag.py:3036} INFO - Sync 1 DAGs
[2024-07-01T20:09:23.107+0000] {logging_mixin.py:188} INFO - [2024-07-01T20:09:23.106+0000] {dag.py:3823} INFO - Setting next_dagrun for example_local_kubernetes_executor to None, run_after=None
[2024-07-01T20:09:23.170+0000] {processor.py:183} INFO - Processing /home/airflow/.local/lib/python3.8/site-packages/airflow/example_dags/example_local_kubernetes_executor.py took 0.207 seconds
[2024-07-01T20:09:53.938+0000] {processor.py:161} INFO - Started process (PID=188) to work on /home/airflow/.local/lib/python3.8/site-packages/airflow/example_dags/example_local_kubernetes_executor.py
[2024-07-01T20:09:53.940+0000] {processor.py:830} INFO - Processing file /home/airflow/.local/lib/python3.8/site-packages/airflow/example_dags/example_local_kubernetes_executor.py for tasks to queue
[2024-07-01T20:09:53.945+0000] {logging_mixin.py:188} INFO - [2024-07-01T20:09:53.944+0000] {dagbag.py:538} INFO - Filling up the DagBag from /home/airflow/.local/lib/python3.8/site-packages/airflow/example_dags/example_local_kubernetes_executor.py
[2024-07-01T20:09:53.967+0000] {processor.py:840} INFO - DAG(s) 'example_local_kubernetes_executor' retrieved from /home/airflow/.local/lib/python3.8/site-packages/airflow/example_dags/example_local_kubernetes_executor.py
[2024-07-01T20:09:54.081+0000] {logging_mixin.py:188} INFO - [2024-07-01T20:09:54.080+0000] {dag.py:3036} INFO - Sync 1 DAGs
[2024-07-01T20:09:54.121+0000] {logging_mixin.py:188} INFO - [2024-07-01T20:09:54.120+0000] {dag.py:3823} INFO - Setting next_dagrun for example_local_kubernetes_executor to None, run_after=None
[2024-07-01T20:09:54.188+0000] {processor.py:183} INFO - Processing /home/airflow/.local/lib/python3.8/site-packages/airflow/example_dags/example_local_kubernetes_executor.py took 0.257 seconds
[2024-07-01T20:10:24.427+0000] {processor.py:161} INFO - Started process (PID=244) to work on /home/airflow/.local/lib/python3.8/site-packages/airflow/example_dags/example_local_kubernetes_executor.py
[2024-07-01T20:10:24.430+0000] {processor.py:830} INFO - Processing file /home/airflow/.local/lib/python3.8/site-packages/airflow/example_dags/example_local_kubernetes_executor.py for tasks to queue
[2024-07-01T20:10:24.434+0000] {logging_mixin.py:188} INFO - [2024-07-01T20:10:24.434+0000] {dagbag.py:538} INFO - Filling up the DagBag from /home/airflow/.local/lib/python3.8/site-packages/airflow/example_dags/example_local_kubernetes_executor.py
[2024-07-01T20:10:24.454+0000] {processor.py:840} INFO - DAG(s) 'example_local_kubernetes_executor' retrieved from /home/airflow/.local/lib/python3.8/site-packages/airflow/example_dags/example_local_kubernetes_executor.py
[2024-07-01T20:10:24.540+0000] {logging_mixin.py:188} INFO - [2024-07-01T20:10:24.540+0000] {dag.py:3036} INFO - Sync 1 DAGs
[2024-07-01T20:10:24.564+0000] {logging_mixin.py:188} INFO - [2024-07-01T20:10:24.563+0000] {dag.py:3823} INFO - Setting next_dagrun for example_local_kubernetes_executor to None, run_after=None
[2024-07-01T20:10:24.613+0000] {processor.py:183} INFO - Processing /home/airflow/.local/lib/python3.8/site-packages/airflow/example_dags/example_local_kubernetes_executor.py took 0.193 seconds
[2024-07-01T20:10:55.203+0000] {processor.py:161} INFO - Started process (PID=299) to work on /home/airflow/.local/lib/python3.8/site-packages/airflow/example_dags/example_local_kubernetes_executor.py
[2024-07-01T20:10:55.205+0000] {processor.py:830} INFO - Processing file /home/airflow/.local/lib/python3.8/site-packages/airflow/example_dags/example_local_kubernetes_executor.py for tasks to queue
[2024-07-01T20:10:55.208+0000] {logging_mixin.py:188} INFO - [2024-07-01T20:10:55.208+0000] {dagbag.py:538} INFO - Filling up the DagBag from /home/airflow/.local/lib/python3.8/site-packages/airflow/example_dags/example_local_kubernetes_executor.py
[2024-07-01T20:10:55.222+0000] {processor.py:840} INFO - DAG(s) 'example_local_kubernetes_executor' retrieved from /home/airflow/.local/lib/python3.8/site-packages/airflow/example_dags/example_local_kubernetes_executor.py
[2024-07-01T20:10:55.299+0000] {logging_mixin.py:188} INFO - [2024-07-01T20:10:55.298+0000] {dag.py:3036} INFO - Sync 1 DAGs
[2024-07-01T20:10:55.330+0000] {logging_mixin.py:188} INFO - [2024-07-01T20:10:55.330+0000] {dag.py:3823} INFO - Setting next_dagrun for example_local_kubernetes_executor to None, run_after=None
[2024-07-01T20:10:55.387+0000] {processor.py:183} INFO - Processing /home/airflow/.local/lib/python3.8/site-packages/airflow/example_dags/example_local_kubernetes_executor.py took 0.190 seconds
[2024-07-01T20:11:26.471+0000] {processor.py:161} INFO - Started process (PID=353) to work on /home/airflow/.local/lib/python3.8/site-packages/airflow/example_dags/example_local_kubernetes_executor.py
[2024-07-01T20:11:26.473+0000] {processor.py:830} INFO - Processing file /home/airflow/.local/lib/python3.8/site-packages/airflow/example_dags/example_local_kubernetes_executor.py for tasks to queue
[2024-07-01T20:11:26.477+0000] {logging_mixin.py:188} INFO - [2024-07-01T20:11:26.476+0000] {dagbag.py:538} INFO - Filling up the DagBag from /home/airflow/.local/lib/python3.8/site-packages/airflow/example_dags/example_local_kubernetes_executor.py
[2024-07-01T20:11:26.492+0000] {processor.py:840} INFO - DAG(s) 'example_local_kubernetes_executor' retrieved from /home/airflow/.local/lib/python3.8/site-packages/airflow/example_dags/example_local_kubernetes_executor.py
[2024-07-01T20:11:26.562+0000] {logging_mixin.py:188} INFO - [2024-07-01T20:11:26.561+0000] {dag.py:3036} INFO - Sync 1 DAGs
[2024-07-01T20:11:26.585+0000] {logging_mixin.py:188} INFO - [2024-07-01T20:11:26.585+0000] {dag.py:3823} INFO - Setting next_dagrun for example_local_kubernetes_executor to None, run_after=None
[2024-07-01T20:11:26.631+0000] {processor.py:183} INFO - Processing /home/airflow/.local/lib/python3.8/site-packages/airflow/example_dags/example_local_kubernetes_executor.py took 0.166 seconds
[2024-07-01T20:11:56.793+0000] {processor.py:161} INFO - Started process (PID=408) to work on /home/airflow/.local/lib/python3.8/site-packages/airflow/example_dags/example_local_kubernetes_executor.py
[2024-07-01T20:11:56.795+0000] {processor.py:830} INFO - Processing file /home/airflow/.local/lib/python3.8/site-packages/airflow/example_dags/example_local_kubernetes_executor.py for tasks to queue
[2024-07-01T20:11:56.798+0000] {logging_mixin.py:188} INFO - [2024-07-01T20:11:56.798+0000] {dagbag.py:538} INFO - Filling up the DagBag from /home/airflow/.local/lib/python3.8/site-packages/airflow/example_dags/example_local_kubernetes_executor.py
[2024-07-01T20:11:56.813+0000] {processor.py:840} INFO - DAG(s) 'example_local_kubernetes_executor' retrieved from /home/airflow/.local/lib/python3.8/site-packages/airflow/example_dags/example_local_kubernetes_executor.py
[2024-07-01T20:11:56.881+0000] {logging_mixin.py:188} INFO - [2024-07-01T20:11:56.881+0000] {dag.py:3036} INFO - Sync 1 DAGs
[2024-07-01T20:11:56.904+0000] {logging_mixin.py:188} INFO - [2024-07-01T20:11:56.904+0000] {dag.py:3823} INFO - Setting next_dagrun for example_local_kubernetes_executor to None, run_after=None
[2024-07-01T20:11:56.949+0000] {processor.py:183} INFO - Processing /home/airflow/.local/lib/python3.8/site-packages/airflow/example_dags/example_local_kubernetes_executor.py took 0.162 seconds
[2024-07-01T20:12:27.102+0000] {processor.py:161} INFO - Started process (PID=463) to work on /home/airflow/.local/lib/python3.8/site-packages/airflow/example_dags/example_local_kubernetes_executor.py
[2024-07-01T20:12:27.104+0000] {processor.py:830} INFO - Processing file /home/airflow/.local/lib/python3.8/site-packages/airflow/example_dags/example_local_kubernetes_executor.py for tasks to queue
[2024-07-01T20:12:27.107+0000] {logging_mixin.py:188} INFO - [2024-07-01T20:12:27.107+0000] {dagbag.py:538} INFO - Filling up the DagBag from /home/airflow/.local/lib/python3.8/site-packages/airflow/example_dags/example_local_kubernetes_executor.py
[2024-07-01T20:12:27.122+0000] {processor.py:840} INFO - DAG(s) 'example_local_kubernetes_executor' retrieved from /home/airflow/.local/lib/python3.8/site-packages/airflow/example_dags/example_local_kubernetes_executor.py
[2024-07-01T20:12:27.191+0000] {logging_mixin.py:188} INFO - [2024-07-01T20:12:27.190+0000] {dag.py:3036} INFO - Sync 1 DAGs
[2024-07-01T20:12:27.214+0000] {logging_mixin.py:188} INFO - [2024-07-01T20:12:27.214+0000] {dag.py:3823} INFO - Setting next_dagrun for example_local_kubernetes_executor to None, run_after=None
[2024-07-01T20:12:27.259+0000] {processor.py:183} INFO - Processing /home/airflow/.local/lib/python3.8/site-packages/airflow/example_dags/example_local_kubernetes_executor.py took 0.163 seconds
[2024-07-01T20:12:57.850+0000] {processor.py:161} INFO - Started process (PID=518) to work on /home/airflow/.local/lib/python3.8/site-packages/airflow/example_dags/example_local_kubernetes_executor.py
[2024-07-01T20:12:57.852+0000] {processor.py:830} INFO - Processing file /home/airflow/.local/lib/python3.8/site-packages/airflow/example_dags/example_local_kubernetes_executor.py for tasks to queue
[2024-07-01T20:12:57.856+0000] {logging_mixin.py:188} INFO - [2024-07-01T20:12:57.855+0000] {dagbag.py:538} INFO - Filling up the DagBag from /home/airflow/.local/lib/python3.8/site-packages/airflow/example_dags/example_local_kubernetes_executor.py
[2024-07-01T20:12:57.870+0000] {processor.py:840} INFO - DAG(s) 'example_local_kubernetes_executor' retrieved from /home/airflow/.local/lib/python3.8/site-packages/airflow/example_dags/example_local_kubernetes_executor.py
[2024-07-01T20:12:57.942+0000] {logging_mixin.py:188} INFO - [2024-07-01T20:12:57.942+0000] {dag.py:3036} INFO - Sync 1 DAGs
[2024-07-01T20:12:57.966+0000] {logging_mixin.py:188} INFO - [2024-07-01T20:12:57.966+0000] {dag.py:3823} INFO - Setting next_dagrun for example_local_kubernetes_executor to None, run_after=None
[2024-07-01T20:12:58.005+0000] {processor.py:183} INFO - Processing /home/airflow/.local/lib/python3.8/site-packages/airflow/example_dags/example_local_kubernetes_executor.py took 0.161 seconds
[2024-07-01T20:13:28.682+0000] {processor.py:161} INFO - Started process (PID=573) to work on /home/airflow/.local/lib/python3.8/site-packages/airflow/example_dags/example_local_kubernetes_executor.py
[2024-07-01T20:13:28.684+0000] {processor.py:830} INFO - Processing file /home/airflow/.local/lib/python3.8/site-packages/airflow/example_dags/example_local_kubernetes_executor.py for tasks to queue
[2024-07-01T20:13:28.688+0000] {logging_mixin.py:188} INFO - [2024-07-01T20:13:28.687+0000] {dagbag.py:538} INFO - Filling up the DagBag from /home/airflow/.local/lib/python3.8/site-packages/airflow/example_dags/example_local_kubernetes_executor.py
[2024-07-01T20:13:28.701+0000] {processor.py:840} INFO - DAG(s) 'example_local_kubernetes_executor' retrieved from /home/airflow/.local/lib/python3.8/site-packages/airflow/example_dags/example_local_kubernetes_executor.py
[2024-07-01T20:13:28.772+0000] {logging_mixin.py:188} INFO - [2024-07-01T20:13:28.772+0000] {dag.py:3036} INFO - Sync 1 DAGs
[2024-07-01T20:13:28.798+0000] {logging_mixin.py:188} INFO - [2024-07-01T20:13:28.798+0000] {dag.py:3823} INFO - Setting next_dagrun for example_local_kubernetes_executor to None, run_after=None
[2024-07-01T20:13:28.841+0000] {processor.py:183} INFO - Processing /home/airflow/.local/lib/python3.8/site-packages/airflow/example_dags/example_local_kubernetes_executor.py took 0.165 seconds
[2024-07-01T20:13:59.524+0000] {processor.py:161} INFO - Started process (PID=629) to work on /home/airflow/.local/lib/python3.8/site-packages/airflow/example_dags/example_local_kubernetes_executor.py
[2024-07-01T20:13:59.540+0000] {processor.py:830} INFO - Processing file /home/airflow/.local/lib/python3.8/site-packages/airflow/example_dags/example_local_kubernetes_executor.py for tasks to queue
[2024-07-01T20:13:59.566+0000] {logging_mixin.py:188} INFO - [2024-07-01T20:13:59.559+0000] {dagbag.py:538} INFO - Filling up the DagBag from /home/airflow/.local/lib/python3.8/site-packages/airflow/example_dags/example_local_kubernetes_executor.py
[2024-07-01T20:13:59.643+0000] {processor.py:840} INFO - DAG(s) 'example_local_kubernetes_executor' retrieved from /home/airflow/.local/lib/python3.8/site-packages/airflow/example_dags/example_local_kubernetes_executor.py
[2024-07-01T20:13:59.929+0000] {logging_mixin.py:188} INFO - [2024-07-01T20:13:59.928+0000] {dag.py:3036} INFO - Sync 1 DAGs
[2024-07-01T20:14:00.005+0000] {logging_mixin.py:188} INFO - [2024-07-01T20:14:00.004+0000] {dag.py:3823} INFO - Setting next_dagrun for example_local_kubernetes_executor to None, run_after=None
[2024-07-01T20:14:00.113+0000] {processor.py:183} INFO - Processing /home/airflow/.local/lib/python3.8/site-packages/airflow/example_dags/example_local_kubernetes_executor.py took 0.614 seconds
[2024-07-01T20:14:30.371+0000] {processor.py:161} INFO - Started process (PID=684) to work on /home/airflow/.local/lib/python3.8/site-packages/airflow/example_dags/example_local_kubernetes_executor.py
[2024-07-01T20:14:30.373+0000] {processor.py:830} INFO - Processing file /home/airflow/.local/lib/python3.8/site-packages/airflow/example_dags/example_local_kubernetes_executor.py for tasks to queue
[2024-07-01T20:14:30.378+0000] {logging_mixin.py:188} INFO - [2024-07-01T20:14:30.377+0000] {dagbag.py:538} INFO - Filling up the DagBag from /home/airflow/.local/lib/python3.8/site-packages/airflow/example_dags/example_local_kubernetes_executor.py
[2024-07-01T20:14:30.396+0000] {processor.py:840} INFO - DAG(s) 'example_local_kubernetes_executor' retrieved from /home/airflow/.local/lib/python3.8/site-packages/airflow/example_dags/example_local_kubernetes_executor.py
[2024-07-01T20:14:30.501+0000] {logging_mixin.py:188} INFO - [2024-07-01T20:14:30.501+0000] {dag.py:3036} INFO - Sync 1 DAGs
[2024-07-01T20:14:30.539+0000] {logging_mixin.py:188} INFO - [2024-07-01T20:14:30.539+0000] {dag.py:3823} INFO - Setting next_dagrun for example_local_kubernetes_executor to None, run_after=None
[2024-07-01T20:14:30.604+0000] {processor.py:183} INFO - Processing /home/airflow/.local/lib/python3.8/site-packages/airflow/example_dags/example_local_kubernetes_executor.py took 0.241 seconds
[2024-07-01T20:15:01.357+0000] {processor.py:161} INFO - Started process (PID=739) to work on /home/airflow/.local/lib/python3.8/site-packages/airflow/example_dags/example_local_kubernetes_executor.py
[2024-07-01T20:15:01.360+0000] {processor.py:830} INFO - Processing file /home/airflow/.local/lib/python3.8/site-packages/airflow/example_dags/example_local_kubernetes_executor.py for tasks to queue
[2024-07-01T20:15:01.366+0000] {logging_mixin.py:188} INFO - [2024-07-01T20:15:01.365+0000] {dagbag.py:538} INFO - Filling up the DagBag from /home/airflow/.local/lib/python3.8/site-packages/airflow/example_dags/example_local_kubernetes_executor.py
[2024-07-01T20:15:01.393+0000] {processor.py:840} INFO - DAG(s) 'example_local_kubernetes_executor' retrieved from /home/airflow/.local/lib/python3.8/site-packages/airflow/example_dags/example_local_kubernetes_executor.py
[2024-07-01T20:15:01.501+0000] {logging_mixin.py:188} INFO - [2024-07-01T20:15:01.500+0000] {dag.py:3036} INFO - Sync 1 DAGs
[2024-07-01T20:15:01.523+0000] {logging_mixin.py:188} INFO - [2024-07-01T20:15:01.523+0000] {dag.py:3823} INFO - Setting next_dagrun for example_local_kubernetes_executor to None, run_after=None
[2024-07-01T20:15:01.577+0000] {processor.py:183} INFO - Processing /home/airflow/.local/lib/python3.8/site-packages/airflow/example_dags/example_local_kubernetes_executor.py took 0.231 seconds
[2024-07-01T20:15:31.989+0000] {processor.py:161} INFO - Started process (PID=794) to work on /home/airflow/.local/lib/python3.8/site-packages/airflow/example_dags/example_local_kubernetes_executor.py
[2024-07-01T20:15:31.991+0000] {processor.py:830} INFO - Processing file /home/airflow/.local/lib/python3.8/site-packages/airflow/example_dags/example_local_kubernetes_executor.py for tasks to queue
[2024-07-01T20:15:31.995+0000] {logging_mixin.py:188} INFO - [2024-07-01T20:15:31.994+0000] {dagbag.py:538} INFO - Filling up the DagBag from /home/airflow/.local/lib/python3.8/site-packages/airflow/example_dags/example_local_kubernetes_executor.py
[2024-07-01T20:15:32.009+0000] {processor.py:840} INFO - DAG(s) 'example_local_kubernetes_executor' retrieved from /home/airflow/.local/lib/python3.8/site-packages/airflow/example_dags/example_local_kubernetes_executor.py
[2024-07-01T20:15:32.077+0000] {logging_mixin.py:188} INFO - [2024-07-01T20:15:32.076+0000] {dag.py:3036} INFO - Sync 1 DAGs
[2024-07-01T20:15:32.100+0000] {logging_mixin.py:188} INFO - [2024-07-01T20:15:32.100+0000] {dag.py:3823} INFO - Setting next_dagrun for example_local_kubernetes_executor to None, run_after=None
[2024-07-01T20:15:32.138+0000] {processor.py:183} INFO - Processing /home/airflow/.local/lib/python3.8/site-packages/airflow/example_dags/example_local_kubernetes_executor.py took 0.155 seconds
[2024-07-01T20:16:02.827+0000] {processor.py:161} INFO - Started process (PID=849) to work on /home/airflow/.local/lib/python3.8/site-packages/airflow/example_dags/example_local_kubernetes_executor.py
[2024-07-01T20:16:02.831+0000] {processor.py:830} INFO - Processing file /home/airflow/.local/lib/python3.8/site-packages/airflow/example_dags/example_local_kubernetes_executor.py for tasks to queue
[2024-07-01T20:16:02.837+0000] {logging_mixin.py:188} INFO - [2024-07-01T20:16:02.836+0000] {dagbag.py:538} INFO - Filling up the DagBag from /home/airflow/.local/lib/python3.8/site-packages/airflow/example_dags/example_local_kubernetes_executor.py
[2024-07-01T20:16:02.866+0000] {processor.py:840} INFO - DAG(s) 'example_local_kubernetes_executor' retrieved from /home/airflow/.local/lib/python3.8/site-packages/airflow/example_dags/example_local_kubernetes_executor.py
[2024-07-01T20:16:02.998+0000] {logging_mixin.py:188} INFO - [2024-07-01T20:16:02.997+0000] {dag.py:3036} INFO - Sync 1 DAGs
[2024-07-01T20:16:03.022+0000] {logging_mixin.py:188} INFO - [2024-07-01T20:16:03.022+0000] {dag.py:3823} INFO - Setting next_dagrun for example_local_kubernetes_executor to None, run_after=None
[2024-07-01T20:16:03.063+0000] {processor.py:183} INFO - Processing /home/airflow/.local/lib/python3.8/site-packages/airflow/example_dags/example_local_kubernetes_executor.py took 0.249 seconds
[2024-07-01T20:16:33.384+0000] {processor.py:161} INFO - Started process (PID=904) to work on /home/airflow/.local/lib/python3.8/site-packages/airflow/example_dags/example_local_kubernetes_executor.py
[2024-07-01T20:16:33.386+0000] {processor.py:830} INFO - Processing file /home/airflow/.local/lib/python3.8/site-packages/airflow/example_dags/example_local_kubernetes_executor.py for tasks to queue
[2024-07-01T20:16:33.390+0000] {logging_mixin.py:188} INFO - [2024-07-01T20:16:33.389+0000] {dagbag.py:538} INFO - Filling up the DagBag from /home/airflow/.local/lib/python3.8/site-packages/airflow/example_dags/example_local_kubernetes_executor.py
[2024-07-01T20:16:33.404+0000] {processor.py:840} INFO - DAG(s) 'example_local_kubernetes_executor' retrieved from /home/airflow/.local/lib/python3.8/site-packages/airflow/example_dags/example_local_kubernetes_executor.py
[2024-07-01T20:16:33.508+0000] {logging_mixin.py:188} INFO - [2024-07-01T20:16:33.507+0000] {dag.py:3036} INFO - Sync 1 DAGs
[2024-07-01T20:16:33.545+0000] {logging_mixin.py:188} INFO - [2024-07-01T20:16:33.545+0000] {dag.py:3823} INFO - Setting next_dagrun for example_local_kubernetes_executor to None, run_after=None
[2024-07-01T20:16:33.585+0000] {processor.py:183} INFO - Processing /home/airflow/.local/lib/python3.8/site-packages/airflow/example_dags/example_local_kubernetes_executor.py took 0.207 seconds
[2024-07-01T20:17:03.651+0000] {processor.py:161} INFO - Started process (PID=959) to work on /home/airflow/.local/lib/python3.8/site-packages/airflow/example_dags/example_local_kubernetes_executor.py
[2024-07-01T20:17:03.653+0000] {processor.py:830} INFO - Processing file /home/airflow/.local/lib/python3.8/site-packages/airflow/example_dags/example_local_kubernetes_executor.py for tasks to queue
[2024-07-01T20:17:03.657+0000] {logging_mixin.py:188} INFO - [2024-07-01T20:17:03.656+0000] {dagbag.py:538} INFO - Filling up the DagBag from /home/airflow/.local/lib/python3.8/site-packages/airflow/example_dags/example_local_kubernetes_executor.py
[2024-07-01T20:17:03.671+0000] {processor.py:840} INFO - DAG(s) 'example_local_kubernetes_executor' retrieved from /home/airflow/.local/lib/python3.8/site-packages/airflow/example_dags/example_local_kubernetes_executor.py
[2024-07-01T20:17:03.740+0000] {logging_mixin.py:188} INFO - [2024-07-01T20:17:03.740+0000] {dag.py:3036} INFO - Sync 1 DAGs
[2024-07-01T20:17:03.767+0000] {logging_mixin.py:188} INFO - [2024-07-01T20:17:03.767+0000] {dag.py:3823} INFO - Setting next_dagrun for example_local_kubernetes_executor to None, run_after=None
[2024-07-01T20:17:03.816+0000] {processor.py:183} INFO - Processing /home/airflow/.local/lib/python3.8/site-packages/airflow/example_dags/example_local_kubernetes_executor.py took 0.170 seconds
[2024-07-01T20:17:33.897+0000] {processor.py:161} INFO - Started process (PID=1014) to work on /home/airflow/.local/lib/python3.8/site-packages/airflow/example_dags/example_local_kubernetes_executor.py
[2024-07-01T20:17:33.899+0000] {processor.py:830} INFO - Processing file /home/airflow/.local/lib/python3.8/site-packages/airflow/example_dags/example_local_kubernetes_executor.py for tasks to queue
[2024-07-01T20:17:33.903+0000] {logging_mixin.py:188} INFO - [2024-07-01T20:17:33.902+0000] {dagbag.py:538} INFO - Filling up the DagBag from /home/airflow/.local/lib/python3.8/site-packages/airflow/example_dags/example_local_kubernetes_executor.py
[2024-07-01T20:17:33.917+0000] {processor.py:840} INFO - DAG(s) 'example_local_kubernetes_executor' retrieved from /home/airflow/.local/lib/python3.8/site-packages/airflow/example_dags/example_local_kubernetes_executor.py
[2024-07-01T20:17:33.987+0000] {logging_mixin.py:188} INFO - [2024-07-01T20:17:33.986+0000] {dag.py:3036} INFO - Sync 1 DAGs
[2024-07-01T20:17:34.013+0000] {logging_mixin.py:188} INFO - [2024-07-01T20:17:34.013+0000] {dag.py:3823} INFO - Setting next_dagrun for example_local_kubernetes_executor to None, run_after=None
[2024-07-01T20:17:34.050+0000] {processor.py:183} INFO - Processing /home/airflow/.local/lib/python3.8/site-packages/airflow/example_dags/example_local_kubernetes_executor.py took 0.161 seconds
[2024-07-01T20:18:04.458+0000] {processor.py:161} INFO - Started process (PID=1069) to work on /home/airflow/.local/lib/python3.8/site-packages/airflow/example_dags/example_local_kubernetes_executor.py
[2024-07-01T20:18:04.460+0000] {processor.py:830} INFO - Processing file /home/airflow/.local/lib/python3.8/site-packages/airflow/example_dags/example_local_kubernetes_executor.py for tasks to queue
[2024-07-01T20:18:04.464+0000] {logging_mixin.py:188} INFO - [2024-07-01T20:18:04.463+0000] {dagbag.py:538} INFO - Filling up the DagBag from /home/airflow/.local/lib/python3.8/site-packages/airflow/example_dags/example_local_kubernetes_executor.py
[2024-07-01T20:18:04.478+0000] {processor.py:840} INFO - DAG(s) 'example_local_kubernetes_executor' retrieved from /home/airflow/.local/lib/python3.8/site-packages/airflow/example_dags/example_local_kubernetes_executor.py
[2024-07-01T20:18:04.548+0000] {logging_mixin.py:188} INFO - [2024-07-01T20:18:04.548+0000] {dag.py:3036} INFO - Sync 1 DAGs
[2024-07-01T20:18:04.572+0000] {logging_mixin.py:188} INFO - [2024-07-01T20:18:04.572+0000] {dag.py:3823} INFO - Setting next_dagrun for example_local_kubernetes_executor to None, run_after=None
[2024-07-01T20:18:04.617+0000] {processor.py:183} INFO - Processing /home/airflow/.local/lib/python3.8/site-packages/airflow/example_dags/example_local_kubernetes_executor.py took 0.165 seconds
[2024-07-01T20:18:34.852+0000] {processor.py:161} INFO - Started process (PID=1124) to work on /home/airflow/.local/lib/python3.8/site-packages/airflow/example_dags/example_local_kubernetes_executor.py
[2024-07-01T20:18:34.854+0000] {processor.py:830} INFO - Processing file /home/airflow/.local/lib/python3.8/site-packages/airflow/example_dags/example_local_kubernetes_executor.py for tasks to queue
[2024-07-01T20:18:34.858+0000] {logging_mixin.py:188} INFO - [2024-07-01T20:18:34.857+0000] {dagbag.py:538} INFO - Filling up the DagBag from /home/airflow/.local/lib/python3.8/site-packages/airflow/example_dags/example_local_kubernetes_executor.py
[2024-07-01T20:18:34.871+0000] {processor.py:840} INFO - DAG(s) 'example_local_kubernetes_executor' retrieved from /home/airflow/.local/lib/python3.8/site-packages/airflow/example_dags/example_local_kubernetes_executor.py
[2024-07-01T20:18:34.939+0000] {logging_mixin.py:188} INFO - [2024-07-01T20:18:34.938+0000] {dag.py:3036} INFO - Sync 1 DAGs
[2024-07-01T20:18:34.968+0000] {logging_mixin.py:188} INFO - [2024-07-01T20:18:34.967+0000] {dag.py:3823} INFO - Setting next_dagrun for example_local_kubernetes_executor to None, run_after=None
[2024-07-01T20:18:35.010+0000] {processor.py:183} INFO - Processing /home/airflow/.local/lib/python3.8/site-packages/airflow/example_dags/example_local_kubernetes_executor.py took 0.164 seconds
[2024-07-01T20:19:05.244+0000] {processor.py:161} INFO - Started process (PID=1179) to work on /home/airflow/.local/lib/python3.8/site-packages/airflow/example_dags/example_local_kubernetes_executor.py
[2024-07-01T20:19:05.246+0000] {processor.py:830} INFO - Processing file /home/airflow/.local/lib/python3.8/site-packages/airflow/example_dags/example_local_kubernetes_executor.py for tasks to queue
[2024-07-01T20:19:05.256+0000] {logging_mixin.py:188} INFO - [2024-07-01T20:19:05.255+0000] {dagbag.py:538} INFO - Filling up the DagBag from /home/airflow/.local/lib/python3.8/site-packages/airflow/example_dags/example_local_kubernetes_executor.py
[2024-07-01T20:19:05.277+0000] {processor.py:840} INFO - DAG(s) 'example_local_kubernetes_executor' retrieved from /home/airflow/.local/lib/python3.8/site-packages/airflow/example_dags/example_local_kubernetes_executor.py
[2024-07-01T20:19:05.362+0000] {logging_mixin.py:188} INFO - [2024-07-01T20:19:05.361+0000] {dag.py:3036} INFO - Sync 1 DAGs
[2024-07-01T20:19:05.394+0000] {logging_mixin.py:188} INFO - [2024-07-01T20:19:05.393+0000] {dag.py:3823} INFO - Setting next_dagrun for example_local_kubernetes_executor to None, run_after=None
[2024-07-01T20:19:05.439+0000] {processor.py:183} INFO - Processing /home/airflow/.local/lib/python3.8/site-packages/airflow/example_dags/example_local_kubernetes_executor.py took 0.203 seconds
[2024-07-01T20:19:35.510+0000] {processor.py:161} INFO - Started process (PID=1233) to work on /home/airflow/.local/lib/python3.8/site-packages/airflow/example_dags/example_local_kubernetes_executor.py
[2024-07-01T20:19:35.512+0000] {processor.py:830} INFO - Processing file /home/airflow/.local/lib/python3.8/site-packages/airflow/example_dags/example_local_kubernetes_executor.py for tasks to queue
[2024-07-01T20:19:35.516+0000] {logging_mixin.py:188} INFO - [2024-07-01T20:19:35.515+0000] {dagbag.py:538} INFO - Filling up the DagBag from /home/airflow/.local/lib/python3.8/site-packages/airflow/example_dags/example_local_kubernetes_executor.py
[2024-07-01T20:19:35.529+0000] {processor.py:840} INFO - DAG(s) 'example_local_kubernetes_executor' retrieved from /home/airflow/.local/lib/python3.8/site-packages/airflow/example_dags/example_local_kubernetes_executor.py
[2024-07-01T20:19:35.599+0000] {logging_mixin.py:188} INFO - [2024-07-01T20:19:35.598+0000] {dag.py:3036} INFO - Sync 1 DAGs
[2024-07-01T20:19:35.626+0000] {logging_mixin.py:188} INFO - [2024-07-01T20:19:35.625+0000] {dag.py:3823} INFO - Setting next_dagrun for example_local_kubernetes_executor to None, run_after=None
[2024-07-01T20:19:35.670+0000] {processor.py:183} INFO - Processing /home/airflow/.local/lib/python3.8/site-packages/airflow/example_dags/example_local_kubernetes_executor.py took 0.166 seconds
[2024-07-01T20:20:05.900+0000] {processor.py:161} INFO - Started process (PID=1288) to work on /home/airflow/.local/lib/python3.8/site-packages/airflow/example_dags/example_local_kubernetes_executor.py
[2024-07-01T20:20:05.902+0000] {processor.py:830} INFO - Processing file /home/airflow/.local/lib/python3.8/site-packages/airflow/example_dags/example_local_kubernetes_executor.py for tasks to queue
[2024-07-01T20:20:05.906+0000] {logging_mixin.py:188} INFO - [2024-07-01T20:20:05.906+0000] {dagbag.py:538} INFO - Filling up the DagBag from /home/airflow/.local/lib/python3.8/site-packages/airflow/example_dags/example_local_kubernetes_executor.py
[2024-07-01T20:20:05.923+0000] {processor.py:840} INFO - DAG(s) 'example_local_kubernetes_executor' retrieved from /home/airflow/.local/lib/python3.8/site-packages/airflow/example_dags/example_local_kubernetes_executor.py
[2024-07-01T20:20:05.997+0000] {logging_mixin.py:188} INFO - [2024-07-01T20:20:05.996+0000] {dag.py:3036} INFO - Sync 1 DAGs
[2024-07-01T20:20:06.022+0000] {logging_mixin.py:188} INFO - [2024-07-01T20:20:06.022+0000] {dag.py:3823} INFO - Setting next_dagrun for example_local_kubernetes_executor to None, run_after=None
[2024-07-01T20:20:06.067+0000] {processor.py:183} INFO - Processing /home/airflow/.local/lib/python3.8/site-packages/airflow/example_dags/example_local_kubernetes_executor.py took 0.175 seconds
[2024-07-01T20:20:36.322+0000] {processor.py:161} INFO - Started process (PID=1343) to work on /home/airflow/.local/lib/python3.8/site-packages/airflow/example_dags/example_local_kubernetes_executor.py
[2024-07-01T20:20:36.325+0000] {processor.py:830} INFO - Processing file /home/airflow/.local/lib/python3.8/site-packages/airflow/example_dags/example_local_kubernetes_executor.py for tasks to queue
[2024-07-01T20:20:36.329+0000] {logging_mixin.py:188} INFO - [2024-07-01T20:20:36.329+0000] {dagbag.py:538} INFO - Filling up the DagBag from /home/airflow/.local/lib/python3.8/site-packages/airflow/example_dags/example_local_kubernetes_executor.py
[2024-07-01T20:20:36.345+0000] {processor.py:840} INFO - DAG(s) 'example_local_kubernetes_executor' retrieved from /home/airflow/.local/lib/python3.8/site-packages/airflow/example_dags/example_local_kubernetes_executor.py
[2024-07-01T20:20:36.429+0000] {logging_mixin.py:188} INFO - [2024-07-01T20:20:36.428+0000] {dag.py:3036} INFO - Sync 1 DAGs
[2024-07-01T20:20:36.452+0000] {logging_mixin.py:188} INFO - [2024-07-01T20:20:36.452+0000] {dag.py:3823} INFO - Setting next_dagrun for example_local_kubernetes_executor to None, run_after=None
[2024-07-01T20:20:36.495+0000] {processor.py:183} INFO - Processing /home/airflow/.local/lib/python3.8/site-packages/airflow/example_dags/example_local_kubernetes_executor.py took 0.180 seconds
[2024-07-01T20:21:07.418+0000] {processor.py:161} INFO - Started process (PID=1404) to work on /home/airflow/.local/lib/python3.8/site-packages/airflow/example_dags/example_local_kubernetes_executor.py
[2024-07-01T20:21:07.420+0000] {processor.py:830} INFO - Processing file /home/airflow/.local/lib/python3.8/site-packages/airflow/example_dags/example_local_kubernetes_executor.py for tasks to queue
[2024-07-01T20:21:07.425+0000] {logging_mixin.py:188} INFO - [2024-07-01T20:21:07.425+0000] {dagbag.py:538} INFO - Filling up the DagBag from /home/airflow/.local/lib/python3.8/site-packages/airflow/example_dags/example_local_kubernetes_executor.py
[2024-07-01T20:21:07.441+0000] {processor.py:840} INFO - DAG(s) 'example_local_kubernetes_executor' retrieved from /home/airflow/.local/lib/python3.8/site-packages/airflow/example_dags/example_local_kubernetes_executor.py
[2024-07-01T20:21:07.527+0000] {logging_mixin.py:188} INFO - [2024-07-01T20:21:07.527+0000] {dag.py:3036} INFO - Sync 1 DAGs
[2024-07-01T20:21:07.559+0000] {logging_mixin.py:188} INFO - [2024-07-01T20:21:07.559+0000] {dag.py:3823} INFO - Setting next_dagrun for example_local_kubernetes_executor to None, run_after=None
[2024-07-01T20:21:07.606+0000] {processor.py:183} INFO - Processing /home/airflow/.local/lib/python3.8/site-packages/airflow/example_dags/example_local_kubernetes_executor.py took 0.205 seconds
[2024-07-01T20:21:38.104+0000] {processor.py:161} INFO - Started process (PID=1459) to work on /home/airflow/.local/lib/python3.8/site-packages/airflow/example_dags/example_local_kubernetes_executor.py
[2024-07-01T20:21:38.106+0000] {processor.py:830} INFO - Processing file /home/airflow/.local/lib/python3.8/site-packages/airflow/example_dags/example_local_kubernetes_executor.py for tasks to queue
[2024-07-01T20:21:38.110+0000] {logging_mixin.py:188} INFO - [2024-07-01T20:21:38.110+0000] {dagbag.py:538} INFO - Filling up the DagBag from /home/airflow/.local/lib/python3.8/site-packages/airflow/example_dags/example_local_kubernetes_executor.py
[2024-07-01T20:21:38.129+0000] {processor.py:840} INFO - DAG(s) 'example_local_kubernetes_executor' retrieved from /home/airflow/.local/lib/python3.8/site-packages/airflow/example_dags/example_local_kubernetes_executor.py
[2024-07-01T20:21:38.211+0000] {logging_mixin.py:188} INFO - [2024-07-01T20:21:38.210+0000] {dag.py:3036} INFO - Sync 1 DAGs
[2024-07-01T20:21:38.234+0000] {logging_mixin.py:188} INFO - [2024-07-01T20:21:38.233+0000] {dag.py:3823} INFO - Setting next_dagrun for example_local_kubernetes_executor to None, run_after=None
[2024-07-01T20:21:38.274+0000] {processor.py:183} INFO - Processing /home/airflow/.local/lib/python3.8/site-packages/airflow/example_dags/example_local_kubernetes_executor.py took 0.178 seconds
[2024-07-01T20:22:08.376+0000] {processor.py:161} INFO - Started process (PID=1514) to work on /home/airflow/.local/lib/python3.8/site-packages/airflow/example_dags/example_local_kubernetes_executor.py
[2024-07-01T20:22:08.377+0000] {processor.py:830} INFO - Processing file /home/airflow/.local/lib/python3.8/site-packages/airflow/example_dags/example_local_kubernetes_executor.py for tasks to queue
[2024-07-01T20:22:08.381+0000] {logging_mixin.py:188} INFO - [2024-07-01T20:22:08.381+0000] {dagbag.py:538} INFO - Filling up the DagBag from /home/airflow/.local/lib/python3.8/site-packages/airflow/example_dags/example_local_kubernetes_executor.py
[2024-07-01T20:22:08.398+0000] {processor.py:840} INFO - DAG(s) 'example_local_kubernetes_executor' retrieved from /home/airflow/.local/lib/python3.8/site-packages/airflow/example_dags/example_local_kubernetes_executor.py
[2024-07-01T20:22:08.474+0000] {logging_mixin.py:188} INFO - [2024-07-01T20:22:08.473+0000] {dag.py:3036} INFO - Sync 1 DAGs
[2024-07-01T20:22:08.506+0000] {logging_mixin.py:188} INFO - [2024-07-01T20:22:08.506+0000] {dag.py:3823} INFO - Setting next_dagrun for example_local_kubernetes_executor to None, run_after=None
[2024-07-01T20:22:08.573+0000] {processor.py:183} INFO - Processing /home/airflow/.local/lib/python3.8/site-packages/airflow/example_dags/example_local_kubernetes_executor.py took 0.203 seconds
[2024-07-01T20:22:39.257+0000] {processor.py:161} INFO - Started process (PID=1569) to work on /home/airflow/.local/lib/python3.8/site-packages/airflow/example_dags/example_local_kubernetes_executor.py
[2024-07-01T20:22:39.259+0000] {processor.py:830} INFO - Processing file /home/airflow/.local/lib/python3.8/site-packages/airflow/example_dags/example_local_kubernetes_executor.py for tasks to queue
[2024-07-01T20:22:39.263+0000] {logging_mixin.py:188} INFO - [2024-07-01T20:22:39.262+0000] {dagbag.py:538} INFO - Filling up the DagBag from /home/airflow/.local/lib/python3.8/site-packages/airflow/example_dags/example_local_kubernetes_executor.py
[2024-07-01T20:22:39.278+0000] {processor.py:840} INFO - DAG(s) 'example_local_kubernetes_executor' retrieved from /home/airflow/.local/lib/python3.8/site-packages/airflow/example_dags/example_local_kubernetes_executor.py
[2024-07-01T20:22:39.352+0000] {logging_mixin.py:188} INFO - [2024-07-01T20:22:39.352+0000] {dag.py:3036} INFO - Sync 1 DAGs
[2024-07-01T20:22:39.377+0000] {logging_mixin.py:188} INFO - [2024-07-01T20:22:39.376+0000] {dag.py:3823} INFO - Setting next_dagrun for example_local_kubernetes_executor to None, run_after=None
[2024-07-01T20:22:39.431+0000] {processor.py:183} INFO - Processing /home/airflow/.local/lib/python3.8/site-packages/airflow/example_dags/example_local_kubernetes_executor.py took 0.179 seconds
[2024-07-01T20:23:09.949+0000] {processor.py:161} INFO - Started process (PID=1624) to work on /home/airflow/.local/lib/python3.8/site-packages/airflow/example_dags/example_local_kubernetes_executor.py
[2024-07-01T20:23:09.952+0000] {processor.py:830} INFO - Processing file /home/airflow/.local/lib/python3.8/site-packages/airflow/example_dags/example_local_kubernetes_executor.py for tasks to queue
[2024-07-01T20:23:09.961+0000] {logging_mixin.py:188} INFO - [2024-07-01T20:23:09.960+0000] {dagbag.py:538} INFO - Filling up the DagBag from /home/airflow/.local/lib/python3.8/site-packages/airflow/example_dags/example_local_kubernetes_executor.py
[2024-07-01T20:23:09.984+0000] {processor.py:840} INFO - DAG(s) 'example_local_kubernetes_executor' retrieved from /home/airflow/.local/lib/python3.8/site-packages/airflow/example_dags/example_local_kubernetes_executor.py
[2024-07-01T20:23:10.055+0000] {logging_mixin.py:188} INFO - [2024-07-01T20:23:10.055+0000] {dag.py:3036} INFO - Sync 1 DAGs
[2024-07-01T20:23:10.079+0000] {logging_mixin.py:188} INFO - [2024-07-01T20:23:10.079+0000] {dag.py:3823} INFO - Setting next_dagrun for example_local_kubernetes_executor to None, run_after=None
[2024-07-01T20:23:10.123+0000] {processor.py:183} INFO - Processing /home/airflow/.local/lib/python3.8/site-packages/airflow/example_dags/example_local_kubernetes_executor.py took 0.188 seconds
[2024-07-01T20:23:40.261+0000] {processor.py:161} INFO - Started process (PID=1679) to work on /home/airflow/.local/lib/python3.8/site-packages/airflow/example_dags/example_local_kubernetes_executor.py
[2024-07-01T20:23:40.263+0000] {processor.py:830} INFO - Processing file /home/airflow/.local/lib/python3.8/site-packages/airflow/example_dags/example_local_kubernetes_executor.py for tasks to queue
[2024-07-01T20:23:40.267+0000] {logging_mixin.py:188} INFO - [2024-07-01T20:23:40.267+0000] {dagbag.py:538} INFO - Filling up the DagBag from /home/airflow/.local/lib/python3.8/site-packages/airflow/example_dags/example_local_kubernetes_executor.py
[2024-07-01T20:23:40.284+0000] {processor.py:840} INFO - DAG(s) 'example_local_kubernetes_executor' retrieved from /home/airflow/.local/lib/python3.8/site-packages/airflow/example_dags/example_local_kubernetes_executor.py
[2024-07-01T20:23:40.365+0000] {logging_mixin.py:188} INFO - [2024-07-01T20:23:40.364+0000] {dag.py:3036} INFO - Sync 1 DAGs
[2024-07-01T20:23:40.391+0000] {logging_mixin.py:188} INFO - [2024-07-01T20:23:40.390+0000] {dag.py:3823} INFO - Setting next_dagrun for example_local_kubernetes_executor to None, run_after=None
[2024-07-01T20:23:40.429+0000] {processor.py:183} INFO - Processing /home/airflow/.local/lib/python3.8/site-packages/airflow/example_dags/example_local_kubernetes_executor.py took 0.174 seconds
[2024-07-01T20:24:11.953+0000] {processor.py:161} INFO - Started process (PID=1732) to work on /home/airflow/.local/lib/python3.8/site-packages/airflow/example_dags/example_local_kubernetes_executor.py
[2024-07-01T20:24:11.956+0000] {processor.py:830} INFO - Processing file /home/airflow/.local/lib/python3.8/site-packages/airflow/example_dags/example_local_kubernetes_executor.py for tasks to queue
[2024-07-01T20:24:11.960+0000] {logging_mixin.py:188} INFO - [2024-07-01T20:24:11.959+0000] {dagbag.py:538} INFO - Filling up the DagBag from /home/airflow/.local/lib/python3.8/site-packages/airflow/example_dags/example_local_kubernetes_executor.py
[2024-07-01T20:24:11.978+0000] {processor.py:840} INFO - DAG(s) 'example_local_kubernetes_executor' retrieved from /home/airflow/.local/lib/python3.8/site-packages/airflow/example_dags/example_local_kubernetes_executor.py
[2024-07-01T20:24:12.072+0000] {logging_mixin.py:188} INFO - [2024-07-01T20:24:12.071+0000] {dag.py:3036} INFO - Sync 1 DAGs
[2024-07-01T20:24:12.100+0000] {logging_mixin.py:188} INFO - [2024-07-01T20:24:12.099+0000] {dag.py:3823} INFO - Setting next_dagrun for example_local_kubernetes_executor to None, run_after=None
[2024-07-01T20:24:12.158+0000] {processor.py:183} INFO - Processing /home/airflow/.local/lib/python3.8/site-packages/airflow/example_dags/example_local_kubernetes_executor.py took 0.215 seconds
[2024-07-01T20:24:42.834+0000] {processor.py:161} INFO - Started process (PID=1787) to work on /home/airflow/.local/lib/python3.8/site-packages/airflow/example_dags/example_local_kubernetes_executor.py
[2024-07-01T20:24:42.840+0000] {processor.py:830} INFO - Processing file /home/airflow/.local/lib/python3.8/site-packages/airflow/example_dags/example_local_kubernetes_executor.py for tasks to queue
[2024-07-01T20:24:42.845+0000] {logging_mixin.py:188} INFO - [2024-07-01T20:24:42.844+0000] {dagbag.py:538} INFO - Filling up the DagBag from /home/airflow/.local/lib/python3.8/site-packages/airflow/example_dags/example_local_kubernetes_executor.py
[2024-07-01T20:24:42.887+0000] {processor.py:840} INFO - DAG(s) 'example_local_kubernetes_executor' retrieved from /home/airflow/.local/lib/python3.8/site-packages/airflow/example_dags/example_local_kubernetes_executor.py
[2024-07-01T20:24:43.006+0000] {logging_mixin.py:188} INFO - [2024-07-01T20:24:43.005+0000] {dag.py:3036} INFO - Sync 1 DAGs
[2024-07-01T20:24:43.043+0000] {logging_mixin.py:188} INFO - [2024-07-01T20:24:43.042+0000] {dag.py:3823} INFO - Setting next_dagrun for example_local_kubernetes_executor to None, run_after=None
[2024-07-01T20:24:43.084+0000] {processor.py:183} INFO - Processing /home/airflow/.local/lib/python3.8/site-packages/airflow/example_dags/example_local_kubernetes_executor.py took 0.262 seconds
[2024-07-01T20:25:14.257+0000] {processor.py:161} INFO - Started process (PID=1842) to work on /home/airflow/.local/lib/python3.8/site-packages/airflow/example_dags/example_local_kubernetes_executor.py
[2024-07-01T20:25:14.260+0000] {processor.py:830} INFO - Processing file /home/airflow/.local/lib/python3.8/site-packages/airflow/example_dags/example_local_kubernetes_executor.py for tasks to queue
[2024-07-01T20:25:14.264+0000] {logging_mixin.py:188} INFO - [2024-07-01T20:25:14.263+0000] {dagbag.py:538} INFO - Filling up the DagBag from /home/airflow/.local/lib/python3.8/site-packages/airflow/example_dags/example_local_kubernetes_executor.py
[2024-07-01T20:25:14.279+0000] {processor.py:840} INFO - DAG(s) 'example_local_kubernetes_executor' retrieved from /home/airflow/.local/lib/python3.8/site-packages/airflow/example_dags/example_local_kubernetes_executor.py
[2024-07-01T20:25:14.366+0000] {logging_mixin.py:188} INFO - [2024-07-01T20:25:14.366+0000] {dag.py:3036} INFO - Sync 1 DAGs
[2024-07-01T20:25:14.396+0000] {logging_mixin.py:188} INFO - [2024-07-01T20:25:14.396+0000] {dag.py:3823} INFO - Setting next_dagrun for example_local_kubernetes_executor to None, run_after=None
[2024-07-01T20:25:14.442+0000] {processor.py:183} INFO - Processing /home/airflow/.local/lib/python3.8/site-packages/airflow/example_dags/example_local_kubernetes_executor.py took 0.194 seconds
