[2024-07-01T20:08:53.282+0000] {processor.py:161} INFO - Started process (PID=82) to work on /home/airflow/.local/lib/python3.8/site-packages/airflow/example_dags/example_latest_only_with_trigger.py
[2024-07-01T20:08:53.284+0000] {processor.py:830} INFO - Processing file /home/airflow/.local/lib/python3.8/site-packages/airflow/example_dags/example_latest_only_with_trigger.py for tasks to queue
[2024-07-01T20:08:53.287+0000] {logging_mixin.py:188} INFO - [2024-07-01T20:08:53.287+0000] {dagbag.py:538} INFO - Filling up the DagBag from /home/airflow/.local/lib/python3.8/site-packages/airflow/example_dags/example_latest_only_with_trigger.py
[2024-07-01T20:08:53.300+0000] {processor.py:840} INFO - DAG(s) 'latest_only_with_trigger' retrieved from /home/airflow/.local/lib/python3.8/site-packages/airflow/example_dags/example_latest_only_with_trigger.py
[2024-07-01T20:08:53.516+0000] {logging_mixin.py:188} INFO - [2024-07-01T20:08:53.516+0000] {dag.py:3036} INFO - Sync 1 DAGs
[2024-07-01T20:08:53.557+0000] {logging_mixin.py:188} INFO - [2024-07-01T20:08:53.556+0000] {dag.py:3823} INFO - Setting next_dagrun for latest_only_with_trigger to 2024-07-01 16:00:00+00:00, run_after=2024-07-01 20:00:00+00:00
[2024-07-01T20:08:53.601+0000] {processor.py:183} INFO - Processing /home/airflow/.local/lib/python3.8/site-packages/airflow/example_dags/example_latest_only_with_trigger.py took 0.326 seconds
[2024-07-01T20:09:23.653+0000] {processor.py:161} INFO - Started process (PID=137) to work on /home/airflow/.local/lib/python3.8/site-packages/airflow/example_dags/example_latest_only_with_trigger.py
[2024-07-01T20:09:23.655+0000] {processor.py:830} INFO - Processing file /home/airflow/.local/lib/python3.8/site-packages/airflow/example_dags/example_latest_only_with_trigger.py for tasks to queue
[2024-07-01T20:09:23.659+0000] {logging_mixin.py:188} INFO - [2024-07-01T20:09:23.658+0000] {dagbag.py:538} INFO - Filling up the DagBag from /home/airflow/.local/lib/python3.8/site-packages/airflow/example_dags/example_latest_only_with_trigger.py
[2024-07-01T20:09:23.670+0000] {processor.py:840} INFO - DAG(s) 'latest_only_with_trigger' retrieved from /home/airflow/.local/lib/python3.8/site-packages/airflow/example_dags/example_latest_only_with_trigger.py
[2024-07-01T20:09:23.710+0000] {logging_mixin.py:188} INFO - [2024-07-01T20:09:23.710+0000] {dag.py:3036} INFO - Sync 1 DAGs
[2024-07-01T20:09:23.757+0000] {logging_mixin.py:188} INFO - [2024-07-01T20:09:23.756+0000] {dag.py:3823} INFO - Setting next_dagrun for latest_only_with_trigger to 2024-07-01 16:00:00+00:00, run_after=2024-07-01 20:00:00+00:00
[2024-07-01T20:09:23.797+0000] {processor.py:183} INFO - Processing /home/airflow/.local/lib/python3.8/site-packages/airflow/example_dags/example_latest_only_with_trigger.py took 0.150 seconds
[2024-07-01T20:09:54.418+0000] {processor.py:161} INFO - Started process (PID=192) to work on /home/airflow/.local/lib/python3.8/site-packages/airflow/example_dags/example_latest_only_with_trigger.py
[2024-07-01T20:09:54.420+0000] {processor.py:830} INFO - Processing file /home/airflow/.local/lib/python3.8/site-packages/airflow/example_dags/example_latest_only_with_trigger.py for tasks to queue
[2024-07-01T20:09:54.424+0000] {logging_mixin.py:188} INFO - [2024-07-01T20:09:54.423+0000] {dagbag.py:538} INFO - Filling up the DagBag from /home/airflow/.local/lib/python3.8/site-packages/airflow/example_dags/example_latest_only_with_trigger.py
[2024-07-01T20:09:54.439+0000] {processor.py:840} INFO - DAG(s) 'latest_only_with_trigger' retrieved from /home/airflow/.local/lib/python3.8/site-packages/airflow/example_dags/example_latest_only_with_trigger.py
[2024-07-01T20:09:54.479+0000] {logging_mixin.py:188} INFO - [2024-07-01T20:09:54.478+0000] {dag.py:3036} INFO - Sync 1 DAGs
[2024-07-01T20:09:54.532+0000] {logging_mixin.py:188} INFO - [2024-07-01T20:09:54.532+0000] {dag.py:3823} INFO - Setting next_dagrun for latest_only_with_trigger to 2024-07-01 16:00:00+00:00, run_after=2024-07-01 20:00:00+00:00
[2024-07-01T20:09:54.584+0000] {processor.py:183} INFO - Processing /home/airflow/.local/lib/python3.8/site-packages/airflow/example_dags/example_latest_only_with_trigger.py took 0.172 seconds
[2024-07-01T20:10:24.861+0000] {processor.py:161} INFO - Started process (PID=247) to work on /home/airflow/.local/lib/python3.8/site-packages/airflow/example_dags/example_latest_only_with_trigger.py
[2024-07-01T20:10:24.863+0000] {processor.py:830} INFO - Processing file /home/airflow/.local/lib/python3.8/site-packages/airflow/example_dags/example_latest_only_with_trigger.py for tasks to queue
[2024-07-01T20:10:24.867+0000] {logging_mixin.py:188} INFO - [2024-07-01T20:10:24.866+0000] {dagbag.py:538} INFO - Filling up the DagBag from /home/airflow/.local/lib/python3.8/site-packages/airflow/example_dags/example_latest_only_with_trigger.py
[2024-07-01T20:10:24.877+0000] {processor.py:840} INFO - DAG(s) 'latest_only_with_trigger' retrieved from /home/airflow/.local/lib/python3.8/site-packages/airflow/example_dags/example_latest_only_with_trigger.py
[2024-07-01T20:10:24.917+0000] {logging_mixin.py:188} INFO - [2024-07-01T20:10:24.917+0000] {dag.py:3036} INFO - Sync 1 DAGs
[2024-07-01T20:10:24.985+0000] {logging_mixin.py:188} INFO - [2024-07-01T20:10:24.984+0000] {dag.py:3823} INFO - Setting next_dagrun for latest_only_with_trigger to 2024-07-01 16:00:00+00:00, run_after=2024-07-01 20:00:00+00:00
[2024-07-01T20:10:25.034+0000] {processor.py:183} INFO - Processing /home/airflow/.local/lib/python3.8/site-packages/airflow/example_dags/example_latest_only_with_trigger.py took 0.178 seconds
[2024-07-01T20:10:55.804+0000] {processor.py:161} INFO - Started process (PID=303) to work on /home/airflow/.local/lib/python3.8/site-packages/airflow/example_dags/example_latest_only_with_trigger.py
[2024-07-01T20:10:55.806+0000] {processor.py:830} INFO - Processing file /home/airflow/.local/lib/python3.8/site-packages/airflow/example_dags/example_latest_only_with_trigger.py for tasks to queue
[2024-07-01T20:10:55.809+0000] {logging_mixin.py:188} INFO - [2024-07-01T20:10:55.809+0000] {dagbag.py:538} INFO - Filling up the DagBag from /home/airflow/.local/lib/python3.8/site-packages/airflow/example_dags/example_latest_only_with_trigger.py
[2024-07-01T20:10:55.820+0000] {processor.py:840} INFO - DAG(s) 'latest_only_with_trigger' retrieved from /home/airflow/.local/lib/python3.8/site-packages/airflow/example_dags/example_latest_only_with_trigger.py
[2024-07-01T20:10:55.861+0000] {logging_mixin.py:188} INFO - [2024-07-01T20:10:55.860+0000] {dag.py:3036} INFO - Sync 1 DAGs
[2024-07-01T20:10:55.902+0000] {logging_mixin.py:188} INFO - [2024-07-01T20:10:55.902+0000] {dag.py:3823} INFO - Setting next_dagrun for latest_only_with_trigger to 2024-07-01 16:00:00+00:00, run_after=2024-07-01 20:00:00+00:00
[2024-07-01T20:10:55.949+0000] {processor.py:183} INFO - Processing /home/airflow/.local/lib/python3.8/site-packages/airflow/example_dags/example_latest_only_with_trigger.py took 0.151 seconds
[2024-07-01T20:11:26.909+0000] {processor.py:161} INFO - Started process (PID=357) to work on /home/airflow/.local/lib/python3.8/site-packages/airflow/example_dags/example_latest_only_with_trigger.py
[2024-07-01T20:11:26.912+0000] {processor.py:830} INFO - Processing file /home/airflow/.local/lib/python3.8/site-packages/airflow/example_dags/example_latest_only_with_trigger.py for tasks to queue
[2024-07-01T20:11:26.916+0000] {logging_mixin.py:188} INFO - [2024-07-01T20:11:26.915+0000] {dagbag.py:538} INFO - Filling up the DagBag from /home/airflow/.local/lib/python3.8/site-packages/airflow/example_dags/example_latest_only_with_trigger.py
[2024-07-01T20:11:26.929+0000] {processor.py:840} INFO - DAG(s) 'latest_only_with_trigger' retrieved from /home/airflow/.local/lib/python3.8/site-packages/airflow/example_dags/example_latest_only_with_trigger.py
[2024-07-01T20:11:26.976+0000] {logging_mixin.py:188} INFO - [2024-07-01T20:11:26.976+0000] {dag.py:3036} INFO - Sync 1 DAGs
[2024-07-01T20:11:27.023+0000] {logging_mixin.py:188} INFO - [2024-07-01T20:11:27.022+0000] {dag.py:3823} INFO - Setting next_dagrun for latest_only_with_trigger to 2024-07-01 16:00:00+00:00, run_after=2024-07-01 20:00:00+00:00
[2024-07-01T20:11:27.063+0000] {processor.py:183} INFO - Processing /home/airflow/.local/lib/python3.8/site-packages/airflow/example_dags/example_latest_only_with_trigger.py took 0.160 seconds
[2024-07-01T20:11:57.235+0000] {processor.py:161} INFO - Started process (PID=412) to work on /home/airflow/.local/lib/python3.8/site-packages/airflow/example_dags/example_latest_only_with_trigger.py
[2024-07-01T20:11:57.237+0000] {processor.py:830} INFO - Processing file /home/airflow/.local/lib/python3.8/site-packages/airflow/example_dags/example_latest_only_with_trigger.py for tasks to queue
[2024-07-01T20:11:57.241+0000] {logging_mixin.py:188} INFO - [2024-07-01T20:11:57.240+0000] {dagbag.py:538} INFO - Filling up the DagBag from /home/airflow/.local/lib/python3.8/site-packages/airflow/example_dags/example_latest_only_with_trigger.py
[2024-07-01T20:11:57.254+0000] {processor.py:840} INFO - DAG(s) 'latest_only_with_trigger' retrieved from /home/airflow/.local/lib/python3.8/site-packages/airflow/example_dags/example_latest_only_with_trigger.py
[2024-07-01T20:11:57.295+0000] {logging_mixin.py:188} INFO - [2024-07-01T20:11:57.295+0000] {dag.py:3036} INFO - Sync 1 DAGs
[2024-07-01T20:11:57.337+0000] {logging_mixin.py:188} INFO - [2024-07-01T20:11:57.337+0000] {dag.py:3823} INFO - Setting next_dagrun for latest_only_with_trigger to 2024-07-01 16:00:00+00:00, run_after=2024-07-01 20:00:00+00:00
[2024-07-01T20:11:57.380+0000] {processor.py:183} INFO - Processing /home/airflow/.local/lib/python3.8/site-packages/airflow/example_dags/example_latest_only_with_trigger.py took 0.151 seconds
[2024-07-01T20:12:27.530+0000] {processor.py:161} INFO - Started process (PID=467) to work on /home/airflow/.local/lib/python3.8/site-packages/airflow/example_dags/example_latest_only_with_trigger.py
[2024-07-01T20:12:27.531+0000] {processor.py:830} INFO - Processing file /home/airflow/.local/lib/python3.8/site-packages/airflow/example_dags/example_latest_only_with_trigger.py for tasks to queue
[2024-07-01T20:12:27.535+0000] {logging_mixin.py:188} INFO - [2024-07-01T20:12:27.534+0000] {dagbag.py:538} INFO - Filling up the DagBag from /home/airflow/.local/lib/python3.8/site-packages/airflow/example_dags/example_latest_only_with_trigger.py
[2024-07-01T20:12:27.545+0000] {processor.py:840} INFO - DAG(s) 'latest_only_with_trigger' retrieved from /home/airflow/.local/lib/python3.8/site-packages/airflow/example_dags/example_latest_only_with_trigger.py
[2024-07-01T20:12:27.587+0000] {logging_mixin.py:188} INFO - [2024-07-01T20:12:27.587+0000] {dag.py:3036} INFO - Sync 1 DAGs
[2024-07-01T20:12:27.632+0000] {logging_mixin.py:188} INFO - [2024-07-01T20:12:27.632+0000] {dag.py:3823} INFO - Setting next_dagrun for latest_only_with_trigger to 2024-07-01 16:00:00+00:00, run_after=2024-07-01 20:00:00+00:00
[2024-07-01T20:12:27.674+0000] {processor.py:183} INFO - Processing /home/airflow/.local/lib/python3.8/site-packages/airflow/example_dags/example_latest_only_with_trigger.py took 0.150 seconds
[2024-07-01T20:12:58.266+0000] {processor.py:161} INFO - Started process (PID=522) to work on /home/airflow/.local/lib/python3.8/site-packages/airflow/example_dags/example_latest_only_with_trigger.py
[2024-07-01T20:12:58.267+0000] {processor.py:830} INFO - Processing file /home/airflow/.local/lib/python3.8/site-packages/airflow/example_dags/example_latest_only_with_trigger.py for tasks to queue
[2024-07-01T20:12:58.271+0000] {logging_mixin.py:188} INFO - [2024-07-01T20:12:58.270+0000] {dagbag.py:538} INFO - Filling up the DagBag from /home/airflow/.local/lib/python3.8/site-packages/airflow/example_dags/example_latest_only_with_trigger.py
[2024-07-01T20:12:58.282+0000] {processor.py:840} INFO - DAG(s) 'latest_only_with_trigger' retrieved from /home/airflow/.local/lib/python3.8/site-packages/airflow/example_dags/example_latest_only_with_trigger.py
[2024-07-01T20:12:58.323+0000] {logging_mixin.py:188} INFO - [2024-07-01T20:12:58.322+0000] {dag.py:3036} INFO - Sync 1 DAGs
[2024-07-01T20:12:58.367+0000] {logging_mixin.py:188} INFO - [2024-07-01T20:12:58.367+0000] {dag.py:3823} INFO - Setting next_dagrun for latest_only_with_trigger to 2024-07-01 16:00:00+00:00, run_after=2024-07-01 20:00:00+00:00
[2024-07-01T20:12:58.404+0000] {processor.py:183} INFO - Processing /home/airflow/.local/lib/python3.8/site-packages/airflow/example_dags/example_latest_only_with_trigger.py took 0.144 seconds
[2024-07-01T20:13:29.095+0000] {processor.py:161} INFO - Started process (PID=577) to work on /home/airflow/.local/lib/python3.8/site-packages/airflow/example_dags/example_latest_only_with_trigger.py
[2024-07-01T20:13:29.097+0000] {processor.py:830} INFO - Processing file /home/airflow/.local/lib/python3.8/site-packages/airflow/example_dags/example_latest_only_with_trigger.py for tasks to queue
[2024-07-01T20:13:29.101+0000] {logging_mixin.py:188} INFO - [2024-07-01T20:13:29.100+0000] {dagbag.py:538} INFO - Filling up the DagBag from /home/airflow/.local/lib/python3.8/site-packages/airflow/example_dags/example_latest_only_with_trigger.py
[2024-07-01T20:13:29.112+0000] {processor.py:840} INFO - DAG(s) 'latest_only_with_trigger' retrieved from /home/airflow/.local/lib/python3.8/site-packages/airflow/example_dags/example_latest_only_with_trigger.py
[2024-07-01T20:13:29.154+0000] {logging_mixin.py:188} INFO - [2024-07-01T20:13:29.153+0000] {dag.py:3036} INFO - Sync 1 DAGs
[2024-07-01T20:13:29.209+0000] {logging_mixin.py:188} INFO - [2024-07-01T20:13:29.209+0000] {dag.py:3823} INFO - Setting next_dagrun for latest_only_with_trigger to 2024-07-01 16:00:00+00:00, run_after=2024-07-01 20:00:00+00:00
[2024-07-01T20:13:29.248+0000] {processor.py:183} INFO - Processing /home/airflow/.local/lib/python3.8/site-packages/airflow/example_dags/example_latest_only_with_trigger.py took 0.161 seconds
[2024-07-01T20:14:01.003+0000] {processor.py:161} INFO - Started process (PID=633) to work on /home/airflow/.local/lib/python3.8/site-packages/airflow/example_dags/example_latest_only_with_trigger.py
[2024-07-01T20:14:01.004+0000] {processor.py:830} INFO - Processing file /home/airflow/.local/lib/python3.8/site-packages/airflow/example_dags/example_latest_only_with_trigger.py for tasks to queue
[2024-07-01T20:14:01.009+0000] {logging_mixin.py:188} INFO - [2024-07-01T20:14:01.008+0000] {dagbag.py:538} INFO - Filling up the DagBag from /home/airflow/.local/lib/python3.8/site-packages/airflow/example_dags/example_latest_only_with_trigger.py
[2024-07-01T20:14:01.024+0000] {processor.py:840} INFO - DAG(s) 'latest_only_with_trigger' retrieved from /home/airflow/.local/lib/python3.8/site-packages/airflow/example_dags/example_latest_only_with_trigger.py
[2024-07-01T20:14:01.091+0000] {logging_mixin.py:188} INFO - [2024-07-01T20:14:01.090+0000] {dag.py:3036} INFO - Sync 1 DAGs
[2024-07-01T20:14:01.168+0000] {logging_mixin.py:188} INFO - [2024-07-01T20:14:01.167+0000] {dag.py:3823} INFO - Setting next_dagrun for latest_only_with_trigger to 2024-07-01 16:00:00+00:00, run_after=2024-07-01 20:00:00+00:00
[2024-07-01T20:14:01.233+0000] {processor.py:183} INFO - Processing /home/airflow/.local/lib/python3.8/site-packages/airflow/example_dags/example_latest_only_with_trigger.py took 0.238 seconds
[2024-07-01T20:14:31.837+0000] {processor.py:161} INFO - Started process (PID=688) to work on /home/airflow/.local/lib/python3.8/site-packages/airflow/example_dags/example_latest_only_with_trigger.py
[2024-07-01T20:14:31.839+0000] {processor.py:830} INFO - Processing file /home/airflow/.local/lib/python3.8/site-packages/airflow/example_dags/example_latest_only_with_trigger.py for tasks to queue
[2024-07-01T20:14:31.842+0000] {logging_mixin.py:188} INFO - [2024-07-01T20:14:31.841+0000] {dagbag.py:538} INFO - Filling up the DagBag from /home/airflow/.local/lib/python3.8/site-packages/airflow/example_dags/example_latest_only_with_trigger.py
[2024-07-01T20:14:31.852+0000] {processor.py:840} INFO - DAG(s) 'latest_only_with_trigger' retrieved from /home/airflow/.local/lib/python3.8/site-packages/airflow/example_dags/example_latest_only_with_trigger.py
[2024-07-01T20:14:31.892+0000] {logging_mixin.py:188} INFO - [2024-07-01T20:14:31.892+0000] {dag.py:3036} INFO - Sync 1 DAGs
[2024-07-01T20:14:31.938+0000] {logging_mixin.py:188} INFO - [2024-07-01T20:14:31.938+0000] {dag.py:3823} INFO - Setting next_dagrun for latest_only_with_trigger to 2024-07-01 16:00:00+00:00, run_after=2024-07-01 20:00:00+00:00
[2024-07-01T20:14:31.980+0000] {processor.py:183} INFO - Processing /home/airflow/.local/lib/python3.8/site-packages/airflow/example_dags/example_latest_only_with_trigger.py took 0.149 seconds
[2024-07-01T20:15:02.875+0000] {processor.py:161} INFO - Started process (PID=743) to work on /home/airflow/.local/lib/python3.8/site-packages/airflow/example_dags/example_latest_only_with_trigger.py
[2024-07-01T20:15:02.878+0000] {processor.py:830} INFO - Processing file /home/airflow/.local/lib/python3.8/site-packages/airflow/example_dags/example_latest_only_with_trigger.py for tasks to queue
[2024-07-01T20:15:02.883+0000] {logging_mixin.py:188} INFO - [2024-07-01T20:15:02.882+0000] {dagbag.py:538} INFO - Filling up the DagBag from /home/airflow/.local/lib/python3.8/site-packages/airflow/example_dags/example_latest_only_with_trigger.py
[2024-07-01T20:15:02.896+0000] {processor.py:840} INFO - DAG(s) 'latest_only_with_trigger' retrieved from /home/airflow/.local/lib/python3.8/site-packages/airflow/example_dags/example_latest_only_with_trigger.py
[2024-07-01T20:15:02.943+0000] {logging_mixin.py:188} INFO - [2024-07-01T20:15:02.943+0000] {dag.py:3036} INFO - Sync 1 DAGs
[2024-07-01T20:15:03.003+0000] {logging_mixin.py:188} INFO - [2024-07-01T20:15:03.003+0000] {dag.py:3823} INFO - Setting next_dagrun for latest_only_with_trigger to 2024-07-01 16:00:00+00:00, run_after=2024-07-01 20:00:00+00:00
[2024-07-01T20:15:03.047+0000] {processor.py:183} INFO - Processing /home/airflow/.local/lib/python3.8/site-packages/airflow/example_dags/example_latest_only_with_trigger.py took 0.185 seconds
[2024-07-01T20:15:33.456+0000] {processor.py:161} INFO - Started process (PID=798) to work on /home/airflow/.local/lib/python3.8/site-packages/airflow/example_dags/example_latest_only_with_trigger.py
[2024-07-01T20:15:33.458+0000] {processor.py:830} INFO - Processing file /home/airflow/.local/lib/python3.8/site-packages/airflow/example_dags/example_latest_only_with_trigger.py for tasks to queue
[2024-07-01T20:15:33.462+0000] {logging_mixin.py:188} INFO - [2024-07-01T20:15:33.461+0000] {dagbag.py:538} INFO - Filling up the DagBag from /home/airflow/.local/lib/python3.8/site-packages/airflow/example_dags/example_latest_only_with_trigger.py
[2024-07-01T20:15:33.480+0000] {processor.py:840} INFO - DAG(s) 'latest_only_with_trigger' retrieved from /home/airflow/.local/lib/python3.8/site-packages/airflow/example_dags/example_latest_only_with_trigger.py
[2024-07-01T20:15:33.535+0000] {logging_mixin.py:188} INFO - [2024-07-01T20:15:33.534+0000] {dag.py:3036} INFO - Sync 1 DAGs
[2024-07-01T20:15:33.575+0000] {logging_mixin.py:188} INFO - [2024-07-01T20:15:33.575+0000] {dag.py:3823} INFO - Setting next_dagrun for latest_only_with_trigger to 2024-07-01 16:00:00+00:00, run_after=2024-07-01 20:00:00+00:00
[2024-07-01T20:15:33.618+0000] {processor.py:183} INFO - Processing /home/airflow/.local/lib/python3.8/site-packages/airflow/example_dags/example_latest_only_with_trigger.py took 0.168 seconds
[2024-07-01T20:16:04.386+0000] {processor.py:161} INFO - Started process (PID=853) to work on /home/airflow/.local/lib/python3.8/site-packages/airflow/example_dags/example_latest_only_with_trigger.py
[2024-07-01T20:16:04.389+0000] {processor.py:830} INFO - Processing file /home/airflow/.local/lib/python3.8/site-packages/airflow/example_dags/example_latest_only_with_trigger.py for tasks to queue
[2024-07-01T20:16:04.393+0000] {logging_mixin.py:188} INFO - [2024-07-01T20:16:04.393+0000] {dagbag.py:538} INFO - Filling up the DagBag from /home/airflow/.local/lib/python3.8/site-packages/airflow/example_dags/example_latest_only_with_trigger.py
[2024-07-01T20:16:04.405+0000] {processor.py:840} INFO - DAG(s) 'latest_only_with_trigger' retrieved from /home/airflow/.local/lib/python3.8/site-packages/airflow/example_dags/example_latest_only_with_trigger.py
[2024-07-01T20:16:04.447+0000] {logging_mixin.py:188} INFO - [2024-07-01T20:16:04.446+0000] {dag.py:3036} INFO - Sync 1 DAGs
[2024-07-01T20:16:04.489+0000] {logging_mixin.py:188} INFO - [2024-07-01T20:16:04.488+0000] {dag.py:3823} INFO - Setting next_dagrun for latest_only_with_trigger to 2024-07-01 16:00:00+00:00, run_after=2024-07-01 20:00:00+00:00
[2024-07-01T20:16:04.539+0000] {processor.py:183} INFO - Processing /home/airflow/.local/lib/python3.8/site-packages/airflow/example_dags/example_latest_only_with_trigger.py took 0.159 seconds
[2024-07-01T20:16:34.851+0000] {processor.py:161} INFO - Started process (PID=908) to work on /home/airflow/.local/lib/python3.8/site-packages/airflow/example_dags/example_latest_only_with_trigger.py
[2024-07-01T20:16:34.853+0000] {processor.py:830} INFO - Processing file /home/airflow/.local/lib/python3.8/site-packages/airflow/example_dags/example_latest_only_with_trigger.py for tasks to queue
[2024-07-01T20:16:34.857+0000] {logging_mixin.py:188} INFO - [2024-07-01T20:16:34.856+0000] {dagbag.py:538} INFO - Filling up the DagBag from /home/airflow/.local/lib/python3.8/site-packages/airflow/example_dags/example_latest_only_with_trigger.py
[2024-07-01T20:16:34.867+0000] {processor.py:840} INFO - DAG(s) 'latest_only_with_trigger' retrieved from /home/airflow/.local/lib/python3.8/site-packages/airflow/example_dags/example_latest_only_with_trigger.py
[2024-07-01T20:16:34.915+0000] {logging_mixin.py:188} INFO - [2024-07-01T20:16:34.915+0000] {dag.py:3036} INFO - Sync 1 DAGs
[2024-07-01T20:16:34.957+0000] {logging_mixin.py:188} INFO - [2024-07-01T20:16:34.957+0000] {dag.py:3823} INFO - Setting next_dagrun for latest_only_with_trigger to 2024-07-01 16:00:00+00:00, run_after=2024-07-01 20:00:00+00:00
[2024-07-01T20:16:35.003+0000] {processor.py:183} INFO - Processing /home/airflow/.local/lib/python3.8/site-packages/airflow/example_dags/example_latest_only_with_trigger.py took 0.158 seconds
[2024-07-01T20:17:05.082+0000] {processor.py:161} INFO - Started process (PID=963) to work on /home/airflow/.local/lib/python3.8/site-packages/airflow/example_dags/example_latest_only_with_trigger.py
[2024-07-01T20:17:05.084+0000] {processor.py:830} INFO - Processing file /home/airflow/.local/lib/python3.8/site-packages/airflow/example_dags/example_latest_only_with_trigger.py for tasks to queue
[2024-07-01T20:17:05.088+0000] {logging_mixin.py:188} INFO - [2024-07-01T20:17:05.087+0000] {dagbag.py:538} INFO - Filling up the DagBag from /home/airflow/.local/lib/python3.8/site-packages/airflow/example_dags/example_latest_only_with_trigger.py
[2024-07-01T20:17:05.098+0000] {processor.py:840} INFO - DAG(s) 'latest_only_with_trigger' retrieved from /home/airflow/.local/lib/python3.8/site-packages/airflow/example_dags/example_latest_only_with_trigger.py
[2024-07-01T20:17:05.138+0000] {logging_mixin.py:188} INFO - [2024-07-01T20:17:05.138+0000] {dag.py:3036} INFO - Sync 1 DAGs
[2024-07-01T20:17:05.181+0000] {logging_mixin.py:188} INFO - [2024-07-01T20:17:05.181+0000] {dag.py:3823} INFO - Setting next_dagrun for latest_only_with_trigger to 2024-07-01 16:00:00+00:00, run_after=2024-07-01 20:00:00+00:00
[2024-07-01T20:17:05.225+0000] {processor.py:183} INFO - Processing /home/airflow/.local/lib/python3.8/site-packages/airflow/example_dags/example_latest_only_with_trigger.py took 0.149 seconds
[2024-07-01T20:17:35.379+0000] {processor.py:161} INFO - Started process (PID=1018) to work on /home/airflow/.local/lib/python3.8/site-packages/airflow/example_dags/example_latest_only_with_trigger.py
[2024-07-01T20:17:35.382+0000] {processor.py:830} INFO - Processing file /home/airflow/.local/lib/python3.8/site-packages/airflow/example_dags/example_latest_only_with_trigger.py for tasks to queue
[2024-07-01T20:17:35.385+0000] {logging_mixin.py:188} INFO - [2024-07-01T20:17:35.384+0000] {dagbag.py:538} INFO - Filling up the DagBag from /home/airflow/.local/lib/python3.8/site-packages/airflow/example_dags/example_latest_only_with_trigger.py
[2024-07-01T20:17:35.395+0000] {processor.py:840} INFO - DAG(s) 'latest_only_with_trigger' retrieved from /home/airflow/.local/lib/python3.8/site-packages/airflow/example_dags/example_latest_only_with_trigger.py
[2024-07-01T20:17:35.444+0000] {logging_mixin.py:188} INFO - [2024-07-01T20:17:35.443+0000] {dag.py:3036} INFO - Sync 1 DAGs
[2024-07-01T20:17:35.492+0000] {logging_mixin.py:188} INFO - [2024-07-01T20:17:35.492+0000] {dag.py:3823} INFO - Setting next_dagrun for latest_only_with_trigger to 2024-07-01 16:00:00+00:00, run_after=2024-07-01 20:00:00+00:00
[2024-07-01T20:17:35.536+0000] {processor.py:183} INFO - Processing /home/airflow/.local/lib/python3.8/site-packages/airflow/example_dags/example_latest_only_with_trigger.py took 0.165 seconds
[2024-07-01T20:18:05.862+0000] {processor.py:161} INFO - Started process (PID=1073) to work on /home/airflow/.local/lib/python3.8/site-packages/airflow/example_dags/example_latest_only_with_trigger.py
[2024-07-01T20:18:05.863+0000] {processor.py:830} INFO - Processing file /home/airflow/.local/lib/python3.8/site-packages/airflow/example_dags/example_latest_only_with_trigger.py for tasks to queue
[2024-07-01T20:18:05.867+0000] {logging_mixin.py:188} INFO - [2024-07-01T20:18:05.866+0000] {dagbag.py:538} INFO - Filling up the DagBag from /home/airflow/.local/lib/python3.8/site-packages/airflow/example_dags/example_latest_only_with_trigger.py
[2024-07-01T20:18:05.877+0000] {processor.py:840} INFO - DAG(s) 'latest_only_with_trigger' retrieved from /home/airflow/.local/lib/python3.8/site-packages/airflow/example_dags/example_latest_only_with_trigger.py
[2024-07-01T20:18:05.917+0000] {logging_mixin.py:188} INFO - [2024-07-01T20:18:05.917+0000] {dag.py:3036} INFO - Sync 1 DAGs
[2024-07-01T20:18:05.959+0000] {logging_mixin.py:188} INFO - [2024-07-01T20:18:05.959+0000] {dag.py:3823} INFO - Setting next_dagrun for latest_only_with_trigger to 2024-07-01 16:00:00+00:00, run_after=2024-07-01 20:00:00+00:00
[2024-07-01T20:18:06.004+0000] {processor.py:183} INFO - Processing /home/airflow/.local/lib/python3.8/site-packages/airflow/example_dags/example_latest_only_with_trigger.py took 0.149 seconds
[2024-07-01T20:18:36.299+0000] {processor.py:161} INFO - Started process (PID=1128) to work on /home/airflow/.local/lib/python3.8/site-packages/airflow/example_dags/example_latest_only_with_trigger.py
[2024-07-01T20:18:36.301+0000] {processor.py:830} INFO - Processing file /home/airflow/.local/lib/python3.8/site-packages/airflow/example_dags/example_latest_only_with_trigger.py for tasks to queue
[2024-07-01T20:18:36.305+0000] {logging_mixin.py:188} INFO - [2024-07-01T20:18:36.304+0000] {dagbag.py:538} INFO - Filling up the DagBag from /home/airflow/.local/lib/python3.8/site-packages/airflow/example_dags/example_latest_only_with_trigger.py
[2024-07-01T20:18:36.316+0000] {processor.py:840} INFO - DAG(s) 'latest_only_with_trigger' retrieved from /home/airflow/.local/lib/python3.8/site-packages/airflow/example_dags/example_latest_only_with_trigger.py
[2024-07-01T20:18:36.357+0000] {logging_mixin.py:188} INFO - [2024-07-01T20:18:36.356+0000] {dag.py:3036} INFO - Sync 1 DAGs
[2024-07-01T20:18:36.409+0000] {logging_mixin.py:188} INFO - [2024-07-01T20:18:36.408+0000] {dag.py:3823} INFO - Setting next_dagrun for latest_only_with_trigger to 2024-07-01 16:00:00+00:00, run_after=2024-07-01 20:00:00+00:00
[2024-07-01T20:18:36.458+0000] {processor.py:183} INFO - Processing /home/airflow/.local/lib/python3.8/site-packages/airflow/example_dags/example_latest_only_with_trigger.py took 0.165 seconds
[2024-07-01T20:19:06.974+0000] {processor.py:161} INFO - Started process (PID=1189) to work on /home/airflow/.local/lib/python3.8/site-packages/airflow/example_dags/example_latest_only_with_trigger.py
[2024-07-01T20:19:06.975+0000] {processor.py:830} INFO - Processing file /home/airflow/.local/lib/python3.8/site-packages/airflow/example_dags/example_latest_only_with_trigger.py for tasks to queue
[2024-07-01T20:19:06.979+0000] {logging_mixin.py:188} INFO - [2024-07-01T20:19:06.978+0000] {dagbag.py:538} INFO - Filling up the DagBag from /home/airflow/.local/lib/python3.8/site-packages/airflow/example_dags/example_latest_only_with_trigger.py
[2024-07-01T20:19:07.000+0000] {processor.py:840} INFO - DAG(s) 'latest_only_with_trigger' retrieved from /home/airflow/.local/lib/python3.8/site-packages/airflow/example_dags/example_latest_only_with_trigger.py
[2024-07-01T20:19:07.044+0000] {logging_mixin.py:188} INFO - [2024-07-01T20:19:07.043+0000] {dag.py:3036} INFO - Sync 1 DAGs
[2024-07-01T20:19:07.088+0000] {logging_mixin.py:188} INFO - [2024-07-01T20:19:07.088+0000] {dag.py:3823} INFO - Setting next_dagrun for latest_only_with_trigger to 2024-07-01 16:00:00+00:00, run_after=2024-07-01 20:00:00+00:00
[2024-07-01T20:19:07.132+0000] {processor.py:183} INFO - Processing /home/airflow/.local/lib/python3.8/site-packages/airflow/example_dags/example_latest_only_with_trigger.py took 0.165 seconds
[2024-07-01T20:19:37.913+0000] {processor.py:161} INFO - Started process (PID=1244) to work on /home/airflow/.local/lib/python3.8/site-packages/airflow/example_dags/example_latest_only_with_trigger.py
[2024-07-01T20:19:37.915+0000] {processor.py:830} INFO - Processing file /home/airflow/.local/lib/python3.8/site-packages/airflow/example_dags/example_latest_only_with_trigger.py for tasks to queue
[2024-07-01T20:19:37.919+0000] {logging_mixin.py:188} INFO - [2024-07-01T20:19:37.918+0000] {dagbag.py:538} INFO - Filling up the DagBag from /home/airflow/.local/lib/python3.8/site-packages/airflow/example_dags/example_latest_only_with_trigger.py
[2024-07-01T20:19:37.930+0000] {processor.py:840} INFO - DAG(s) 'latest_only_with_trigger' retrieved from /home/airflow/.local/lib/python3.8/site-packages/airflow/example_dags/example_latest_only_with_trigger.py
[2024-07-01T20:19:37.974+0000] {logging_mixin.py:188} INFO - [2024-07-01T20:19:37.973+0000] {dag.py:3036} INFO - Sync 1 DAGs
[2024-07-01T20:19:38.023+0000] {logging_mixin.py:188} INFO - [2024-07-01T20:19:38.023+0000] {dag.py:3823} INFO - Setting next_dagrun for latest_only_with_trigger to 2024-07-01 16:00:00+00:00, run_after=2024-07-01 20:00:00+00:00
[2024-07-01T20:19:38.084+0000] {processor.py:183} INFO - Processing /home/airflow/.local/lib/python3.8/site-packages/airflow/example_dags/example_latest_only_with_trigger.py took 0.176 seconds
[2024-07-01T20:20:08.375+0000] {processor.py:161} INFO - Started process (PID=1299) to work on /home/airflow/.local/lib/python3.8/site-packages/airflow/example_dags/example_latest_only_with_trigger.py
[2024-07-01T20:20:08.379+0000] {processor.py:830} INFO - Processing file /home/airflow/.local/lib/python3.8/site-packages/airflow/example_dags/example_latest_only_with_trigger.py for tasks to queue
[2024-07-01T20:20:08.392+0000] {logging_mixin.py:188} INFO - [2024-07-01T20:20:08.391+0000] {dagbag.py:538} INFO - Filling up the DagBag from /home/airflow/.local/lib/python3.8/site-packages/airflow/example_dags/example_latest_only_with_trigger.py
[2024-07-01T20:20:08.422+0000] {processor.py:840} INFO - DAG(s) 'latest_only_with_trigger' retrieved from /home/airflow/.local/lib/python3.8/site-packages/airflow/example_dags/example_latest_only_with_trigger.py
[2024-07-01T20:20:08.493+0000] {logging_mixin.py:188} INFO - [2024-07-01T20:20:08.493+0000] {dag.py:3036} INFO - Sync 1 DAGs
[2024-07-01T20:20:08.549+0000] {logging_mixin.py:188} INFO - [2024-07-01T20:20:08.549+0000] {dag.py:3823} INFO - Setting next_dagrun for latest_only_with_trigger to 2024-07-01 16:00:00+00:00, run_after=2024-07-01 20:00:00+00:00
[2024-07-01T20:20:08.630+0000] {processor.py:183} INFO - Processing /home/airflow/.local/lib/python3.8/site-packages/airflow/example_dags/example_latest_only_with_trigger.py took 0.267 seconds
[2024-07-01T20:20:39.084+0000] {processor.py:161} INFO - Started process (PID=1354) to work on /home/airflow/.local/lib/python3.8/site-packages/airflow/example_dags/example_latest_only_with_trigger.py
[2024-07-01T20:20:39.087+0000] {processor.py:830} INFO - Processing file /home/airflow/.local/lib/python3.8/site-packages/airflow/example_dags/example_latest_only_with_trigger.py for tasks to queue
[2024-07-01T20:20:39.092+0000] {logging_mixin.py:188} INFO - [2024-07-01T20:20:39.091+0000] {dagbag.py:538} INFO - Filling up the DagBag from /home/airflow/.local/lib/python3.8/site-packages/airflow/example_dags/example_latest_only_with_trigger.py
[2024-07-01T20:20:39.109+0000] {processor.py:840} INFO - DAG(s) 'latest_only_with_trigger' retrieved from /home/airflow/.local/lib/python3.8/site-packages/airflow/example_dags/example_latest_only_with_trigger.py
[2024-07-01T20:20:39.165+0000] {logging_mixin.py:188} INFO - [2024-07-01T20:20:39.164+0000] {dag.py:3036} INFO - Sync 1 DAGs
[2024-07-01T20:20:39.217+0000] {logging_mixin.py:188} INFO - [2024-07-01T20:20:39.217+0000] {dag.py:3823} INFO - Setting next_dagrun for latest_only_with_trigger to 2024-07-01 16:00:00+00:00, run_after=2024-07-01 20:00:00+00:00
[2024-07-01T20:20:39.267+0000] {processor.py:183} INFO - Processing /home/airflow/.local/lib/python3.8/site-packages/airflow/example_dags/example_latest_only_with_trigger.py took 0.195 seconds
[2024-07-01T20:21:10.148+0000] {processor.py:161} INFO - Started process (PID=1409) to work on /home/airflow/.local/lib/python3.8/site-packages/airflow/example_dags/example_latest_only_with_trigger.py
[2024-07-01T20:21:10.151+0000] {processor.py:830} INFO - Processing file /home/airflow/.local/lib/python3.8/site-packages/airflow/example_dags/example_latest_only_with_trigger.py for tasks to queue
[2024-07-01T20:21:10.156+0000] {logging_mixin.py:188} INFO - [2024-07-01T20:21:10.155+0000] {dagbag.py:538} INFO - Filling up the DagBag from /home/airflow/.local/lib/python3.8/site-packages/airflow/example_dags/example_latest_only_with_trigger.py
[2024-07-01T20:21:10.168+0000] {processor.py:840} INFO - DAG(s) 'latest_only_with_trigger' retrieved from /home/airflow/.local/lib/python3.8/site-packages/airflow/example_dags/example_latest_only_with_trigger.py
[2024-07-01T20:21:10.212+0000] {logging_mixin.py:188} INFO - [2024-07-01T20:21:10.211+0000] {dag.py:3036} INFO - Sync 1 DAGs
[2024-07-01T20:21:10.260+0000] {logging_mixin.py:188} INFO - [2024-07-01T20:21:10.259+0000] {dag.py:3823} INFO - Setting next_dagrun for latest_only_with_trigger to 2024-07-01 16:00:00+00:00, run_after=2024-07-01 20:00:00+00:00
[2024-07-01T20:21:10.313+0000] {processor.py:183} INFO - Processing /home/airflow/.local/lib/python3.8/site-packages/airflow/example_dags/example_latest_only_with_trigger.py took 0.173 seconds
[2024-07-01T20:21:40.761+0000] {processor.py:161} INFO - Started process (PID=1464) to work on /home/airflow/.local/lib/python3.8/site-packages/airflow/example_dags/example_latest_only_with_trigger.py
[2024-07-01T20:21:40.764+0000] {processor.py:830} INFO - Processing file /home/airflow/.local/lib/python3.8/site-packages/airflow/example_dags/example_latest_only_with_trigger.py for tasks to queue
[2024-07-01T20:21:40.773+0000] {logging_mixin.py:188} INFO - [2024-07-01T20:21:40.772+0000] {dagbag.py:538} INFO - Filling up the DagBag from /home/airflow/.local/lib/python3.8/site-packages/airflow/example_dags/example_latest_only_with_trigger.py
[2024-07-01T20:21:40.788+0000] {processor.py:840} INFO - DAG(s) 'latest_only_with_trigger' retrieved from /home/airflow/.local/lib/python3.8/site-packages/airflow/example_dags/example_latest_only_with_trigger.py
[2024-07-01T20:21:40.878+0000] {logging_mixin.py:188} INFO - [2024-07-01T20:21:40.875+0000] {dag.py:3036} INFO - Sync 1 DAGs
[2024-07-01T20:21:40.927+0000] {logging_mixin.py:188} INFO - [2024-07-01T20:21:40.926+0000] {dag.py:3823} INFO - Setting next_dagrun for latest_only_with_trigger to 2024-07-01 16:00:00+00:00, run_after=2024-07-01 20:00:00+00:00
[2024-07-01T20:21:40.980+0000] {processor.py:183} INFO - Processing /home/airflow/.local/lib/python3.8/site-packages/airflow/example_dags/example_latest_only_with_trigger.py took 0.234 seconds
[2024-07-01T20:22:11.149+0000] {processor.py:161} INFO - Started process (PID=1519) to work on /home/airflow/.local/lib/python3.8/site-packages/airflow/example_dags/example_latest_only_with_trigger.py
[2024-07-01T20:22:11.151+0000] {processor.py:830} INFO - Processing file /home/airflow/.local/lib/python3.8/site-packages/airflow/example_dags/example_latest_only_with_trigger.py for tasks to queue
[2024-07-01T20:22:11.155+0000] {logging_mixin.py:188} INFO - [2024-07-01T20:22:11.154+0000] {dagbag.py:538} INFO - Filling up the DagBag from /home/airflow/.local/lib/python3.8/site-packages/airflow/example_dags/example_latest_only_with_trigger.py
[2024-07-01T20:22:11.168+0000] {processor.py:840} INFO - DAG(s) 'latest_only_with_trigger' retrieved from /home/airflow/.local/lib/python3.8/site-packages/airflow/example_dags/example_latest_only_with_trigger.py
[2024-07-01T20:22:11.210+0000] {logging_mixin.py:188} INFO - [2024-07-01T20:22:11.209+0000] {dag.py:3036} INFO - Sync 1 DAGs
[2024-07-01T20:22:11.251+0000] {logging_mixin.py:188} INFO - [2024-07-01T20:22:11.250+0000] {dag.py:3823} INFO - Setting next_dagrun for latest_only_with_trigger to 2024-07-01 16:00:00+00:00, run_after=2024-07-01 20:00:00+00:00
[2024-07-01T20:22:11.301+0000] {processor.py:183} INFO - Processing /home/airflow/.local/lib/python3.8/site-packages/airflow/example_dags/example_latest_only_with_trigger.py took 0.159 seconds
[2024-07-01T20:22:41.774+0000] {processor.py:161} INFO - Started process (PID=1573) to work on /home/airflow/.local/lib/python3.8/site-packages/airflow/example_dags/example_latest_only_with_trigger.py
[2024-07-01T20:22:41.776+0000] {processor.py:830} INFO - Processing file /home/airflow/.local/lib/python3.8/site-packages/airflow/example_dags/example_latest_only_with_trigger.py for tasks to queue
[2024-07-01T20:22:41.780+0000] {logging_mixin.py:188} INFO - [2024-07-01T20:22:41.779+0000] {dagbag.py:538} INFO - Filling up the DagBag from /home/airflow/.local/lib/python3.8/site-packages/airflow/example_dags/example_latest_only_with_trigger.py
[2024-07-01T20:22:41.791+0000] {processor.py:840} INFO - DAG(s) 'latest_only_with_trigger' retrieved from /home/airflow/.local/lib/python3.8/site-packages/airflow/example_dags/example_latest_only_with_trigger.py
[2024-07-01T20:22:41.835+0000] {logging_mixin.py:188} INFO - [2024-07-01T20:22:41.834+0000] {dag.py:3036} INFO - Sync 1 DAGs
[2024-07-01T20:22:41.884+0000] {logging_mixin.py:188} INFO - [2024-07-01T20:22:41.884+0000] {dag.py:3823} INFO - Setting next_dagrun for latest_only_with_trigger to 2024-07-01 16:00:00+00:00, run_after=2024-07-01 20:00:00+00:00
[2024-07-01T20:22:41.932+0000] {processor.py:183} INFO - Processing /home/airflow/.local/lib/python3.8/site-packages/airflow/example_dags/example_latest_only_with_trigger.py took 0.164 seconds
[2024-07-01T20:23:12.239+0000] {processor.py:161} INFO - Started process (PID=1628) to work on /home/airflow/.local/lib/python3.8/site-packages/airflow/example_dags/example_latest_only_with_trigger.py
[2024-07-01T20:23:12.241+0000] {processor.py:830} INFO - Processing file /home/airflow/.local/lib/python3.8/site-packages/airflow/example_dags/example_latest_only_with_trigger.py for tasks to queue
[2024-07-01T20:23:12.245+0000] {logging_mixin.py:188} INFO - [2024-07-01T20:23:12.244+0000] {dagbag.py:538} INFO - Filling up the DagBag from /home/airflow/.local/lib/python3.8/site-packages/airflow/example_dags/example_latest_only_with_trigger.py
[2024-07-01T20:23:12.259+0000] {processor.py:840} INFO - DAG(s) 'latest_only_with_trigger' retrieved from /home/airflow/.local/lib/python3.8/site-packages/airflow/example_dags/example_latest_only_with_trigger.py
[2024-07-01T20:23:12.303+0000] {logging_mixin.py:188} INFO - [2024-07-01T20:23:12.303+0000] {dag.py:3036} INFO - Sync 1 DAGs
[2024-07-01T20:23:12.351+0000] {logging_mixin.py:188} INFO - [2024-07-01T20:23:12.350+0000] {dag.py:3823} INFO - Setting next_dagrun for latest_only_with_trigger to 2024-07-01 16:00:00+00:00, run_after=2024-07-01 20:00:00+00:00
[2024-07-01T20:23:12.400+0000] {processor.py:183} INFO - Processing /home/airflow/.local/lib/python3.8/site-packages/airflow/example_dags/example_latest_only_with_trigger.py took 0.169 seconds
[2024-07-01T20:23:43.103+0000] {processor.py:161} INFO - Started process (PID=1683) to work on /home/airflow/.local/lib/python3.8/site-packages/airflow/example_dags/example_latest_only_with_trigger.py
[2024-07-01T20:23:43.105+0000] {processor.py:830} INFO - Processing file /home/airflow/.local/lib/python3.8/site-packages/airflow/example_dags/example_latest_only_with_trigger.py for tasks to queue
[2024-07-01T20:23:43.109+0000] {logging_mixin.py:188} INFO - [2024-07-01T20:23:43.109+0000] {dagbag.py:538} INFO - Filling up the DagBag from /home/airflow/.local/lib/python3.8/site-packages/airflow/example_dags/example_latest_only_with_trigger.py
[2024-07-01T20:23:43.120+0000] {processor.py:840} INFO - DAG(s) 'latest_only_with_trigger' retrieved from /home/airflow/.local/lib/python3.8/site-packages/airflow/example_dags/example_latest_only_with_trigger.py
[2024-07-01T20:23:43.163+0000] {logging_mixin.py:188} INFO - [2024-07-01T20:23:43.163+0000] {dag.py:3036} INFO - Sync 1 DAGs
[2024-07-01T20:23:43.209+0000] {logging_mixin.py:188} INFO - [2024-07-01T20:23:43.208+0000] {dag.py:3823} INFO - Setting next_dagrun for latest_only_with_trigger to 2024-07-01 16:00:00+00:00, run_after=2024-07-01 20:00:00+00:00
[2024-07-01T20:23:43.260+0000] {processor.py:183} INFO - Processing /home/airflow/.local/lib/python3.8/site-packages/airflow/example_dags/example_latest_only_with_trigger.py took 0.163 seconds
[2024-07-01T20:24:13.459+0000] {processor.py:161} INFO - Started process (PID=1738) to work on /home/airflow/.local/lib/python3.8/site-packages/airflow/example_dags/example_latest_only_with_trigger.py
[2024-07-01T20:24:13.461+0000] {processor.py:830} INFO - Processing file /home/airflow/.local/lib/python3.8/site-packages/airflow/example_dags/example_latest_only_with_trigger.py for tasks to queue
[2024-07-01T20:24:13.465+0000] {logging_mixin.py:188} INFO - [2024-07-01T20:24:13.464+0000] {dagbag.py:538} INFO - Filling up the DagBag from /home/airflow/.local/lib/python3.8/site-packages/airflow/example_dags/example_latest_only_with_trigger.py
[2024-07-01T20:24:13.480+0000] {processor.py:840} INFO - DAG(s) 'latest_only_with_trigger' retrieved from /home/airflow/.local/lib/python3.8/site-packages/airflow/example_dags/example_latest_only_with_trigger.py
[2024-07-01T20:24:13.532+0000] {logging_mixin.py:188} INFO - [2024-07-01T20:24:13.531+0000] {dag.py:3036} INFO - Sync 1 DAGs
[2024-07-01T20:24:13.594+0000] {logging_mixin.py:188} INFO - [2024-07-01T20:24:13.594+0000] {dag.py:3823} INFO - Setting next_dagrun for latest_only_with_trigger to 2024-07-01 16:00:00+00:00, run_after=2024-07-01 20:00:00+00:00
[2024-07-01T20:24:13.640+0000] {processor.py:183} INFO - Processing /home/airflow/.local/lib/python3.8/site-packages/airflow/example_dags/example_latest_only_with_trigger.py took 0.188 seconds
[2024-07-01T20:24:44.112+0000] {processor.py:161} INFO - Started process (PID=1791) to work on /home/airflow/.local/lib/python3.8/site-packages/airflow/example_dags/example_latest_only_with_trigger.py
[2024-07-01T20:24:44.114+0000] {processor.py:830} INFO - Processing file /home/airflow/.local/lib/python3.8/site-packages/airflow/example_dags/example_latest_only_with_trigger.py for tasks to queue
[2024-07-01T20:24:44.119+0000] {logging_mixin.py:188} INFO - [2024-07-01T20:24:44.118+0000] {dagbag.py:538} INFO - Filling up the DagBag from /home/airflow/.local/lib/python3.8/site-packages/airflow/example_dags/example_latest_only_with_trigger.py
[2024-07-01T20:24:44.132+0000] {processor.py:840} INFO - DAG(s) 'latest_only_with_trigger' retrieved from /home/airflow/.local/lib/python3.8/site-packages/airflow/example_dags/example_latest_only_with_trigger.py
[2024-07-01T20:24:44.174+0000] {logging_mixin.py:188} INFO - [2024-07-01T20:24:44.173+0000] {dag.py:3036} INFO - Sync 1 DAGs
[2024-07-01T20:24:44.220+0000] {logging_mixin.py:188} INFO - [2024-07-01T20:24:44.219+0000] {dag.py:3823} INFO - Setting next_dagrun for latest_only_with_trigger to 2024-07-01 16:00:00+00:00, run_after=2024-07-01 20:00:00+00:00
[2024-07-01T20:24:44.261+0000] {processor.py:183} INFO - Processing /home/airflow/.local/lib/python3.8/site-packages/airflow/example_dags/example_latest_only_with_trigger.py took 0.155 seconds
[2024-07-01T20:25:14.694+0000] {processor.py:161} INFO - Started process (PID=1846) to work on /home/airflow/.local/lib/python3.8/site-packages/airflow/example_dags/example_latest_only_with_trigger.py
[2024-07-01T20:25:14.696+0000] {processor.py:830} INFO - Processing file /home/airflow/.local/lib/python3.8/site-packages/airflow/example_dags/example_latest_only_with_trigger.py for tasks to queue
[2024-07-01T20:25:14.699+0000] {logging_mixin.py:188} INFO - [2024-07-01T20:25:14.699+0000] {dagbag.py:538} INFO - Filling up the DagBag from /home/airflow/.local/lib/python3.8/site-packages/airflow/example_dags/example_latest_only_with_trigger.py
[2024-07-01T20:25:14.710+0000] {processor.py:840} INFO - DAG(s) 'latest_only_with_trigger' retrieved from /home/airflow/.local/lib/python3.8/site-packages/airflow/example_dags/example_latest_only_with_trigger.py
[2024-07-01T20:25:14.776+0000] {logging_mixin.py:188} INFO - [2024-07-01T20:25:14.775+0000] {dag.py:3036} INFO - Sync 1 DAGs
[2024-07-01T20:25:14.823+0000] {logging_mixin.py:188} INFO - [2024-07-01T20:25:14.822+0000] {dag.py:3823} INFO - Setting next_dagrun for latest_only_with_trigger to 2024-07-01 16:00:00+00:00, run_after=2024-07-01 20:00:00+00:00
[2024-07-01T20:25:14.863+0000] {processor.py:183} INFO - Processing /home/airflow/.local/lib/python3.8/site-packages/airflow/example_dags/example_latest_only_with_trigger.py took 0.177 seconds
