[2024-07-01T20:08:46.608+0000] {processor.py:161} INFO - Started process (PID=55) to work on /home/airflow/.local/lib/python3.8/site-packages/airflow/example_dags/example_datasets.py
[2024-07-01T20:08:46.610+0000] {processor.py:830} INFO - Processing file /home/airflow/.local/lib/python3.8/site-packages/airflow/example_dags/example_datasets.py for tasks to queue
[2024-07-01T20:08:46.614+0000] {logging_mixin.py:188} INFO - [2024-07-01T20:08:46.613+0000] {dagbag.py:538} INFO - Filling up the DagBag from /home/airflow/.local/lib/python3.8/site-packages/airflow/example_dags/example_datasets.py
[2024-07-01T20:08:46.635+0000] {processor.py:840} INFO - DAG(s) 'dataset_consumes_1', 'dataset_consumes_1_and_2', 'dataset_produces_2', 'dataset_consumes_1_never_scheduled', 'dataset_produces_1', 'dataset_consumes_unknown_never_scheduled' retrieved from /home/airflow/.local/lib/python3.8/site-packages/airflow/example_dags/example_datasets.py
[2024-07-01T20:08:47.016+0000] {logging_mixin.py:188} INFO - [2024-07-01T20:08:47.016+0000] {dag.py:3036} INFO - Sync 6 DAGs
[2024-07-01T20:08:47.063+0000] {logging_mixin.py:188} INFO - [2024-07-01T20:08:47.063+0000] {dag.py:3823} INFO - Setting next_dagrun for dataset_consumes_1 to None, run_after=None
[2024-07-01T20:08:47.070+0000] {logging_mixin.py:188} INFO - [2024-07-01T20:08:47.070+0000] {dag.py:3823} INFO - Setting next_dagrun for dataset_consumes_1_and_2 to None, run_after=None
[2024-07-01T20:08:47.073+0000] {logging_mixin.py:188} INFO - [2024-07-01T20:08:47.073+0000] {dag.py:3823} INFO - Setting next_dagrun for dataset_consumes_1_never_scheduled to None, run_after=None
[2024-07-01T20:08:47.077+0000] {logging_mixin.py:188} INFO - [2024-07-01T20:08:47.076+0000] {dag.py:3823} INFO - Setting next_dagrun for dataset_consumes_unknown_never_scheduled to None, run_after=None
[2024-07-01T20:08:47.083+0000] {logging_mixin.py:188} INFO - [2024-07-01T20:08:47.082+0000] {dag.py:3823} INFO - Setting next_dagrun for dataset_produces_1 to 2024-06-30 00:00:00+00:00, run_after=2024-07-01 00:00:00+00:00
[2024-07-01T20:08:47.086+0000] {logging_mixin.py:188} INFO - [2024-07-01T20:08:47.086+0000] {dag.py:3823} INFO - Setting next_dagrun for dataset_produces_2 to None, run_after=None
[2024-07-01T20:08:47.156+0000] {processor.py:183} INFO - Processing /home/airflow/.local/lib/python3.8/site-packages/airflow/example_dags/example_datasets.py took 0.554 seconds
[2024-07-01T20:09:17.698+0000] {processor.py:161} INFO - Started process (PID=110) to work on /home/airflow/.local/lib/python3.8/site-packages/airflow/example_dags/example_datasets.py
[2024-07-01T20:09:17.701+0000] {processor.py:830} INFO - Processing file /home/airflow/.local/lib/python3.8/site-packages/airflow/example_dags/example_datasets.py for tasks to queue
[2024-07-01T20:09:17.704+0000] {logging_mixin.py:188} INFO - [2024-07-01T20:09:17.704+0000] {dagbag.py:538} INFO - Filling up the DagBag from /home/airflow/.local/lib/python3.8/site-packages/airflow/example_dags/example_datasets.py
[2024-07-01T20:09:17.733+0000] {processor.py:840} INFO - DAG(s) 'dataset_produces_2', 'dataset_consumes_1', 'dataset_consumes_1_never_scheduled', 'dataset_consumes_1_and_2', 'dataset_produces_1', 'dataset_consumes_unknown_never_scheduled' retrieved from /home/airflow/.local/lib/python3.8/site-packages/airflow/example_dags/example_datasets.py
[2024-07-01T20:09:17.820+0000] {logging_mixin.py:188} INFO - [2024-07-01T20:09:17.820+0000] {dag.py:3036} INFO - Sync 6 DAGs
[2024-07-01T20:09:17.880+0000] {logging_mixin.py:188} INFO - [2024-07-01T20:09:17.880+0000] {dag.py:3823} INFO - Setting next_dagrun for dataset_consumes_1 to None, run_after=None
[2024-07-01T20:09:17.890+0000] {logging_mixin.py:188} INFO - [2024-07-01T20:09:17.889+0000] {dag.py:3823} INFO - Setting next_dagrun for dataset_consumes_1_and_2 to None, run_after=None
[2024-07-01T20:09:17.894+0000] {logging_mixin.py:188} INFO - [2024-07-01T20:09:17.893+0000] {dag.py:3823} INFO - Setting next_dagrun for dataset_consumes_1_never_scheduled to None, run_after=None
[2024-07-01T20:09:17.898+0000] {logging_mixin.py:188} INFO - [2024-07-01T20:09:17.897+0000] {dag.py:3823} INFO - Setting next_dagrun for dataset_consumes_unknown_never_scheduled to None, run_after=None
[2024-07-01T20:09:17.907+0000] {logging_mixin.py:188} INFO - [2024-07-01T20:09:17.907+0000] {dag.py:3823} INFO - Setting next_dagrun for dataset_produces_1 to 2024-06-30 00:00:00+00:00, run_after=2024-07-01 00:00:00+00:00
[2024-07-01T20:09:17.911+0000] {logging_mixin.py:188} INFO - [2024-07-01T20:09:17.910+0000] {dag.py:3823} INFO - Setting next_dagrun for dataset_produces_2 to None, run_after=None
[2024-07-01T20:09:17.990+0000] {processor.py:183} INFO - Processing /home/airflow/.local/lib/python3.8/site-packages/airflow/example_dags/example_datasets.py took 0.300 seconds
[2024-07-01T20:09:48.199+0000] {processor.py:161} INFO - Started process (PID=164) to work on /home/airflow/.local/lib/python3.8/site-packages/airflow/example_dags/example_datasets.py
[2024-07-01T20:09:48.203+0000] {processor.py:830} INFO - Processing file /home/airflow/.local/lib/python3.8/site-packages/airflow/example_dags/example_datasets.py for tasks to queue
[2024-07-01T20:09:48.209+0000] {logging_mixin.py:188} INFO - [2024-07-01T20:09:48.208+0000] {dagbag.py:538} INFO - Filling up the DagBag from /home/airflow/.local/lib/python3.8/site-packages/airflow/example_dags/example_datasets.py
[2024-07-01T20:09:48.230+0000] {processor.py:840} INFO - DAG(s) 'dataset_consumes_1_and_2', 'dataset_produces_2', 'dataset_produces_1', 'dataset_consumes_1_never_scheduled', 'dataset_consumes_1', 'dataset_consumes_unknown_never_scheduled' retrieved from /home/airflow/.local/lib/python3.8/site-packages/airflow/example_dags/example_datasets.py
[2024-07-01T20:09:48.313+0000] {logging_mixin.py:188} INFO - [2024-07-01T20:09:48.312+0000] {dag.py:3036} INFO - Sync 6 DAGs
[2024-07-01T20:09:48.356+0000] {logging_mixin.py:188} INFO - [2024-07-01T20:09:48.356+0000] {dag.py:3823} INFO - Setting next_dagrun for dataset_consumes_1 to None, run_after=None
[2024-07-01T20:09:48.363+0000] {logging_mixin.py:188} INFO - [2024-07-01T20:09:48.363+0000] {dag.py:3823} INFO - Setting next_dagrun for dataset_consumes_1_and_2 to None, run_after=None
[2024-07-01T20:09:48.367+0000] {logging_mixin.py:188} INFO - [2024-07-01T20:09:48.367+0000] {dag.py:3823} INFO - Setting next_dagrun for dataset_consumes_1_never_scheduled to None, run_after=None
[2024-07-01T20:09:48.370+0000] {logging_mixin.py:188} INFO - [2024-07-01T20:09:48.370+0000] {dag.py:3823} INFO - Setting next_dagrun for dataset_consumes_unknown_never_scheduled to None, run_after=None
[2024-07-01T20:09:48.376+0000] {logging_mixin.py:188} INFO - [2024-07-01T20:09:48.376+0000] {dag.py:3823} INFO - Setting next_dagrun for dataset_produces_1 to 2024-06-30 00:00:00+00:00, run_after=2024-07-01 00:00:00+00:00
[2024-07-01T20:09:48.379+0000] {logging_mixin.py:188} INFO - [2024-07-01T20:09:48.379+0000] {dag.py:3823} INFO - Setting next_dagrun for dataset_produces_2 to None, run_after=None
[2024-07-01T20:09:48.453+0000] {processor.py:183} INFO - Processing /home/airflow/.local/lib/python3.8/site-packages/airflow/example_dags/example_datasets.py took 0.267 seconds
[2024-07-01T20:10:18.556+0000] {processor.py:161} INFO - Started process (PID=219) to work on /home/airflow/.local/lib/python3.8/site-packages/airflow/example_dags/example_datasets.py
[2024-07-01T20:10:18.559+0000] {processor.py:830} INFO - Processing file /home/airflow/.local/lib/python3.8/site-packages/airflow/example_dags/example_datasets.py for tasks to queue
[2024-07-01T20:10:18.564+0000] {logging_mixin.py:188} INFO - [2024-07-01T20:10:18.564+0000] {dagbag.py:538} INFO - Filling up the DagBag from /home/airflow/.local/lib/python3.8/site-packages/airflow/example_dags/example_datasets.py
[2024-07-01T20:10:18.586+0000] {processor.py:840} INFO - DAG(s) 'dataset_consumes_unknown_never_scheduled', 'dataset_consumes_1_and_2', 'dataset_consumes_1_never_scheduled', 'dataset_produces_2', 'dataset_produces_1', 'dataset_consumes_1' retrieved from /home/airflow/.local/lib/python3.8/site-packages/airflow/example_dags/example_datasets.py
[2024-07-01T20:10:18.667+0000] {logging_mixin.py:188} INFO - [2024-07-01T20:10:18.667+0000] {dag.py:3036} INFO - Sync 6 DAGs
[2024-07-01T20:10:18.716+0000] {logging_mixin.py:188} INFO - [2024-07-01T20:10:18.715+0000] {dag.py:3823} INFO - Setting next_dagrun for dataset_consumes_1 to None, run_after=None
[2024-07-01T20:10:18.724+0000] {logging_mixin.py:188} INFO - [2024-07-01T20:10:18.724+0000] {dag.py:3823} INFO - Setting next_dagrun for dataset_consumes_1_and_2 to None, run_after=None
[2024-07-01T20:10:18.728+0000] {logging_mixin.py:188} INFO - [2024-07-01T20:10:18.728+0000] {dag.py:3823} INFO - Setting next_dagrun for dataset_consumes_1_never_scheduled to None, run_after=None
[2024-07-01T20:10:18.732+0000] {logging_mixin.py:188} INFO - [2024-07-01T20:10:18.732+0000] {dag.py:3823} INFO - Setting next_dagrun for dataset_consumes_unknown_never_scheduled to None, run_after=None
[2024-07-01T20:10:18.740+0000] {logging_mixin.py:188} INFO - [2024-07-01T20:10:18.740+0000] {dag.py:3823} INFO - Setting next_dagrun for dataset_produces_1 to 2024-06-30 00:00:00+00:00, run_after=2024-07-01 00:00:00+00:00
[2024-07-01T20:10:18.744+0000] {logging_mixin.py:188} INFO - [2024-07-01T20:10:18.743+0000] {dag.py:3823} INFO - Setting next_dagrun for dataset_produces_2 to None, run_after=None
[2024-07-01T20:10:18.821+0000] {processor.py:183} INFO - Processing /home/airflow/.local/lib/python3.8/site-packages/airflow/example_dags/example_datasets.py took 0.274 seconds
[2024-07-01T20:10:48.976+0000] {processor.py:161} INFO - Started process (PID=275) to work on /home/airflow/.local/lib/python3.8/site-packages/airflow/example_dags/example_datasets.py
[2024-07-01T20:10:48.978+0000] {processor.py:830} INFO - Processing file /home/airflow/.local/lib/python3.8/site-packages/airflow/example_dags/example_datasets.py for tasks to queue
[2024-07-01T20:10:48.983+0000] {logging_mixin.py:188} INFO - [2024-07-01T20:10:48.982+0000] {dagbag.py:538} INFO - Filling up the DagBag from /home/airflow/.local/lib/python3.8/site-packages/airflow/example_dags/example_datasets.py
[2024-07-01T20:10:49.005+0000] {processor.py:840} INFO - DAG(s) 'dataset_consumes_1_and_2', 'dataset_consumes_1', 'dataset_consumes_1_never_scheduled', 'dataset_produces_1', 'dataset_consumes_unknown_never_scheduled', 'dataset_produces_2' retrieved from /home/airflow/.local/lib/python3.8/site-packages/airflow/example_dags/example_datasets.py
[2024-07-01T20:10:49.090+0000] {logging_mixin.py:188} INFO - [2024-07-01T20:10:49.089+0000] {dag.py:3036} INFO - Sync 6 DAGs
[2024-07-01T20:10:49.135+0000] {logging_mixin.py:188} INFO - [2024-07-01T20:10:49.134+0000] {dag.py:3823} INFO - Setting next_dagrun for dataset_consumes_1 to None, run_after=None
[2024-07-01T20:10:49.142+0000] {logging_mixin.py:188} INFO - [2024-07-01T20:10:49.141+0000] {dag.py:3823} INFO - Setting next_dagrun for dataset_consumes_1_and_2 to None, run_after=None
[2024-07-01T20:10:49.145+0000] {logging_mixin.py:188} INFO - [2024-07-01T20:10:49.144+0000] {dag.py:3823} INFO - Setting next_dagrun for dataset_consumes_1_never_scheduled to None, run_after=None
[2024-07-01T20:10:49.148+0000] {logging_mixin.py:188} INFO - [2024-07-01T20:10:49.148+0000] {dag.py:3823} INFO - Setting next_dagrun for dataset_consumes_unknown_never_scheduled to None, run_after=None
[2024-07-01T20:10:49.154+0000] {logging_mixin.py:188} INFO - [2024-07-01T20:10:49.154+0000] {dag.py:3823} INFO - Setting next_dagrun for dataset_produces_1 to 2024-06-30 00:00:00+00:00, run_after=2024-07-01 00:00:00+00:00
[2024-07-01T20:10:49.157+0000] {logging_mixin.py:188} INFO - [2024-07-01T20:10:49.157+0000] {dag.py:3823} INFO - Setting next_dagrun for dataset_produces_2 to None, run_after=None
[2024-07-01T20:10:49.220+0000] {processor.py:183} INFO - Processing /home/airflow/.local/lib/python3.8/site-packages/airflow/example_dags/example_datasets.py took 0.251 seconds
[2024-07-01T20:11:19.666+0000] {processor.py:161} INFO - Started process (PID=329) to work on /home/airflow/.local/lib/python3.8/site-packages/airflow/example_dags/example_datasets.py
[2024-07-01T20:11:19.668+0000] {processor.py:830} INFO - Processing file /home/airflow/.local/lib/python3.8/site-packages/airflow/example_dags/example_datasets.py for tasks to queue
[2024-07-01T20:11:19.672+0000] {logging_mixin.py:188} INFO - [2024-07-01T20:11:19.671+0000] {dagbag.py:538} INFO - Filling up the DagBag from /home/airflow/.local/lib/python3.8/site-packages/airflow/example_dags/example_datasets.py
[2024-07-01T20:11:19.690+0000] {processor.py:840} INFO - DAG(s) 'dataset_consumes_1_and_2', 'dataset_produces_1', 'dataset_consumes_1_never_scheduled', 'dataset_consumes_unknown_never_scheduled', 'dataset_consumes_1', 'dataset_produces_2' retrieved from /home/airflow/.local/lib/python3.8/site-packages/airflow/example_dags/example_datasets.py
[2024-07-01T20:11:19.776+0000] {logging_mixin.py:188} INFO - [2024-07-01T20:11:19.776+0000] {dag.py:3036} INFO - Sync 6 DAGs
[2024-07-01T20:11:19.821+0000] {logging_mixin.py:188} INFO - [2024-07-01T20:11:19.820+0000] {dag.py:3823} INFO - Setting next_dagrun for dataset_consumes_1 to None, run_after=None
[2024-07-01T20:11:19.829+0000] {logging_mixin.py:188} INFO - [2024-07-01T20:11:19.828+0000] {dag.py:3823} INFO - Setting next_dagrun for dataset_consumes_1_and_2 to None, run_after=None
[2024-07-01T20:11:19.832+0000] {logging_mixin.py:188} INFO - [2024-07-01T20:11:19.832+0000] {dag.py:3823} INFO - Setting next_dagrun for dataset_consumes_1_never_scheduled to None, run_after=None
[2024-07-01T20:11:19.836+0000] {logging_mixin.py:188} INFO - [2024-07-01T20:11:19.836+0000] {dag.py:3823} INFO - Setting next_dagrun for dataset_consumes_unknown_never_scheduled to None, run_after=None
[2024-07-01T20:11:19.843+0000] {logging_mixin.py:188} INFO - [2024-07-01T20:11:19.843+0000] {dag.py:3823} INFO - Setting next_dagrun for dataset_produces_1 to 2024-06-30 00:00:00+00:00, run_after=2024-07-01 00:00:00+00:00
[2024-07-01T20:11:19.847+0000] {logging_mixin.py:188} INFO - [2024-07-01T20:11:19.846+0000] {dag.py:3823} INFO - Setting next_dagrun for dataset_produces_2 to None, run_after=None
[2024-07-01T20:11:19.910+0000] {processor.py:183} INFO - Processing /home/airflow/.local/lib/python3.8/site-packages/airflow/example_dags/example_datasets.py took 0.250 seconds
[2024-07-01T20:11:49.989+0000] {processor.py:161} INFO - Started process (PID=384) to work on /home/airflow/.local/lib/python3.8/site-packages/airflow/example_dags/example_datasets.py
[2024-07-01T20:11:49.993+0000] {processor.py:830} INFO - Processing file /home/airflow/.local/lib/python3.8/site-packages/airflow/example_dags/example_datasets.py for tasks to queue
[2024-07-01T20:11:49.999+0000] {logging_mixin.py:188} INFO - [2024-07-01T20:11:49.998+0000] {dagbag.py:538} INFO - Filling up the DagBag from /home/airflow/.local/lib/python3.8/site-packages/airflow/example_dags/example_datasets.py
[2024-07-01T20:11:50.025+0000] {processor.py:840} INFO - DAG(s) 'dataset_consumes_1', 'dataset_produces_2', 'dataset_consumes_1_never_scheduled', 'dataset_consumes_1_and_2', 'dataset_produces_1', 'dataset_consumes_unknown_never_scheduled' retrieved from /home/airflow/.local/lib/python3.8/site-packages/airflow/example_dags/example_datasets.py
[2024-07-01T20:11:50.108+0000] {logging_mixin.py:188} INFO - [2024-07-01T20:11:50.107+0000] {dag.py:3036} INFO - Sync 6 DAGs
[2024-07-01T20:11:50.152+0000] {logging_mixin.py:188} INFO - [2024-07-01T20:11:50.152+0000] {dag.py:3823} INFO - Setting next_dagrun for dataset_consumes_1 to None, run_after=None
[2024-07-01T20:11:50.161+0000] {logging_mixin.py:188} INFO - [2024-07-01T20:11:50.160+0000] {dag.py:3823} INFO - Setting next_dagrun for dataset_consumes_1_and_2 to None, run_after=None
[2024-07-01T20:11:50.164+0000] {logging_mixin.py:188} INFO - [2024-07-01T20:11:50.163+0000] {dag.py:3823} INFO - Setting next_dagrun for dataset_consumes_1_never_scheduled to None, run_after=None
[2024-07-01T20:11:50.167+0000] {logging_mixin.py:188} INFO - [2024-07-01T20:11:50.167+0000] {dag.py:3823} INFO - Setting next_dagrun for dataset_consumes_unknown_never_scheduled to None, run_after=None
[2024-07-01T20:11:50.177+0000] {logging_mixin.py:188} INFO - [2024-07-01T20:11:50.176+0000] {dag.py:3823} INFO - Setting next_dagrun for dataset_produces_1 to 2024-06-30 00:00:00+00:00, run_after=2024-07-01 00:00:00+00:00
[2024-07-01T20:11:50.181+0000] {logging_mixin.py:188} INFO - [2024-07-01T20:11:50.180+0000] {dag.py:3823} INFO - Setting next_dagrun for dataset_produces_2 to None, run_after=None
[2024-07-01T20:11:50.265+0000] {processor.py:183} INFO - Processing /home/airflow/.local/lib/python3.8/site-packages/airflow/example_dags/example_datasets.py took 0.286 seconds
[2024-07-01T20:12:20.442+0000] {processor.py:161} INFO - Started process (PID=440) to work on /home/airflow/.local/lib/python3.8/site-packages/airflow/example_dags/example_datasets.py
[2024-07-01T20:12:20.448+0000] {processor.py:830} INFO - Processing file /home/airflow/.local/lib/python3.8/site-packages/airflow/example_dags/example_datasets.py for tasks to queue
[2024-07-01T20:12:20.456+0000] {logging_mixin.py:188} INFO - [2024-07-01T20:12:20.454+0000] {dagbag.py:538} INFO - Filling up the DagBag from /home/airflow/.local/lib/python3.8/site-packages/airflow/example_dags/example_datasets.py
[2024-07-01T20:12:20.495+0000] {processor.py:840} INFO - DAG(s) 'dataset_consumes_1', 'dataset_consumes_1_and_2', 'dataset_consumes_unknown_never_scheduled', 'dataset_consumes_1_never_scheduled', 'dataset_produces_2', 'dataset_produces_1' retrieved from /home/airflow/.local/lib/python3.8/site-packages/airflow/example_dags/example_datasets.py
[2024-07-01T20:12:20.588+0000] {logging_mixin.py:188} INFO - [2024-07-01T20:12:20.588+0000] {dag.py:3036} INFO - Sync 6 DAGs
[2024-07-01T20:12:20.634+0000] {logging_mixin.py:188} INFO - [2024-07-01T20:12:20.633+0000] {dag.py:3823} INFO - Setting next_dagrun for dataset_consumes_1 to None, run_after=None
[2024-07-01T20:12:20.641+0000] {logging_mixin.py:188} INFO - [2024-07-01T20:12:20.640+0000] {dag.py:3823} INFO - Setting next_dagrun for dataset_consumes_1_and_2 to None, run_after=None
[2024-07-01T20:12:20.644+0000] {logging_mixin.py:188} INFO - [2024-07-01T20:12:20.643+0000] {dag.py:3823} INFO - Setting next_dagrun for dataset_consumes_1_never_scheduled to None, run_after=None
[2024-07-01T20:12:20.647+0000] {logging_mixin.py:188} INFO - [2024-07-01T20:12:20.646+0000] {dag.py:3823} INFO - Setting next_dagrun for dataset_consumes_unknown_never_scheduled to None, run_after=None
[2024-07-01T20:12:20.653+0000] {logging_mixin.py:188} INFO - [2024-07-01T20:12:20.653+0000] {dag.py:3823} INFO - Setting next_dagrun for dataset_produces_1 to 2024-06-30 00:00:00+00:00, run_after=2024-07-01 00:00:00+00:00
[2024-07-01T20:12:20.656+0000] {logging_mixin.py:188} INFO - [2024-07-01T20:12:20.656+0000] {dag.py:3823} INFO - Setting next_dagrun for dataset_produces_2 to None, run_after=None
[2024-07-01T20:12:20.717+0000] {processor.py:183} INFO - Processing /home/airflow/.local/lib/python3.8/site-packages/airflow/example_dags/example_datasets.py took 0.292 seconds
[2024-07-01T20:12:50.792+0000] {processor.py:161} INFO - Started process (PID=495) to work on /home/airflow/.local/lib/python3.8/site-packages/airflow/example_dags/example_datasets.py
[2024-07-01T20:12:50.794+0000] {processor.py:830} INFO - Processing file /home/airflow/.local/lib/python3.8/site-packages/airflow/example_dags/example_datasets.py for tasks to queue
[2024-07-01T20:12:50.797+0000] {logging_mixin.py:188} INFO - [2024-07-01T20:12:50.797+0000] {dagbag.py:538} INFO - Filling up the DagBag from /home/airflow/.local/lib/python3.8/site-packages/airflow/example_dags/example_datasets.py
[2024-07-01T20:12:50.821+0000] {processor.py:840} INFO - DAG(s) 'dataset_produces_1', 'dataset_consumes_1', 'dataset_consumes_unknown_never_scheduled', 'dataset_consumes_1_never_scheduled', 'dataset_produces_2', 'dataset_consumes_1_and_2' retrieved from /home/airflow/.local/lib/python3.8/site-packages/airflow/example_dags/example_datasets.py
[2024-07-01T20:12:50.907+0000] {logging_mixin.py:188} INFO - [2024-07-01T20:12:50.906+0000] {dag.py:3036} INFO - Sync 6 DAGs
[2024-07-01T20:12:50.960+0000] {logging_mixin.py:188} INFO - [2024-07-01T20:12:50.960+0000] {dag.py:3823} INFO - Setting next_dagrun for dataset_consumes_1 to None, run_after=None
[2024-07-01T20:12:50.976+0000] {logging_mixin.py:188} INFO - [2024-07-01T20:12:50.975+0000] {dag.py:3823} INFO - Setting next_dagrun for dataset_consumes_1_and_2 to None, run_after=None
[2024-07-01T20:12:50.983+0000] {logging_mixin.py:188} INFO - [2024-07-01T20:12:50.982+0000] {dag.py:3823} INFO - Setting next_dagrun for dataset_consumes_1_never_scheduled to None, run_after=None
[2024-07-01T20:12:50.988+0000] {logging_mixin.py:188} INFO - [2024-07-01T20:12:50.987+0000] {dag.py:3823} INFO - Setting next_dagrun for dataset_consumes_unknown_never_scheduled to None, run_after=None
[2024-07-01T20:12:51.000+0000] {logging_mixin.py:188} INFO - [2024-07-01T20:12:50.999+0000] {dag.py:3823} INFO - Setting next_dagrun for dataset_produces_1 to 2024-06-30 00:00:00+00:00, run_after=2024-07-01 00:00:00+00:00
[2024-07-01T20:12:51.005+0000] {logging_mixin.py:188} INFO - [2024-07-01T20:12:51.004+0000] {dag.py:3823} INFO - Setting next_dagrun for dataset_produces_2 to None, run_after=None
[2024-07-01T20:12:51.079+0000] {processor.py:183} INFO - Processing /home/airflow/.local/lib/python3.8/site-packages/airflow/example_dags/example_datasets.py took 0.293 seconds
[2024-07-01T20:13:21.262+0000] {processor.py:161} INFO - Started process (PID=549) to work on /home/airflow/.local/lib/python3.8/site-packages/airflow/example_dags/example_datasets.py
[2024-07-01T20:13:21.266+0000] {processor.py:830} INFO - Processing file /home/airflow/.local/lib/python3.8/site-packages/airflow/example_dags/example_datasets.py for tasks to queue
[2024-07-01T20:13:21.274+0000] {logging_mixin.py:188} INFO - [2024-07-01T20:13:21.273+0000] {dagbag.py:538} INFO - Filling up the DagBag from /home/airflow/.local/lib/python3.8/site-packages/airflow/example_dags/example_datasets.py
[2024-07-01T20:13:21.314+0000] {processor.py:840} INFO - DAG(s) 'dataset_consumes_1_and_2', 'dataset_consumes_1_never_scheduled', 'dataset_consumes_unknown_never_scheduled', 'dataset_produces_1', 'dataset_consumes_1', 'dataset_produces_2' retrieved from /home/airflow/.local/lib/python3.8/site-packages/airflow/example_dags/example_datasets.py
[2024-07-01T20:13:21.411+0000] {logging_mixin.py:188} INFO - [2024-07-01T20:13:21.411+0000] {dag.py:3036} INFO - Sync 6 DAGs
[2024-07-01T20:13:21.473+0000] {logging_mixin.py:188} INFO - [2024-07-01T20:13:21.472+0000] {dag.py:3823} INFO - Setting next_dagrun for dataset_consumes_1 to None, run_after=None
[2024-07-01T20:13:21.481+0000] {logging_mixin.py:188} INFO - [2024-07-01T20:13:21.480+0000] {dag.py:3823} INFO - Setting next_dagrun for dataset_consumes_1_and_2 to None, run_after=None
[2024-07-01T20:13:21.485+0000] {logging_mixin.py:188} INFO - [2024-07-01T20:13:21.484+0000] {dag.py:3823} INFO - Setting next_dagrun for dataset_consumes_1_never_scheduled to None, run_after=None
[2024-07-01T20:13:21.490+0000] {logging_mixin.py:188} INFO - [2024-07-01T20:13:21.489+0000] {dag.py:3823} INFO - Setting next_dagrun for dataset_consumes_unknown_never_scheduled to None, run_after=None
[2024-07-01T20:13:21.498+0000] {logging_mixin.py:188} INFO - [2024-07-01T20:13:21.498+0000] {dag.py:3823} INFO - Setting next_dagrun for dataset_produces_1 to 2024-06-30 00:00:00+00:00, run_after=2024-07-01 00:00:00+00:00
[2024-07-01T20:13:21.502+0000] {logging_mixin.py:188} INFO - [2024-07-01T20:13:21.502+0000] {dag.py:3823} INFO - Setting next_dagrun for dataset_produces_2 to None, run_after=None
[2024-07-01T20:13:21.575+0000] {processor.py:183} INFO - Processing /home/airflow/.local/lib/python3.8/site-packages/airflow/example_dags/example_datasets.py took 0.329 seconds
[2024-07-01T20:13:52.361+0000] {processor.py:161} INFO - Started process (PID=605) to work on /home/airflow/.local/lib/python3.8/site-packages/airflow/example_dags/example_datasets.py
[2024-07-01T20:13:52.363+0000] {processor.py:830} INFO - Processing file /home/airflow/.local/lib/python3.8/site-packages/airflow/example_dags/example_datasets.py for tasks to queue
[2024-07-01T20:13:52.366+0000] {logging_mixin.py:188} INFO - [2024-07-01T20:13:52.366+0000] {dagbag.py:538} INFO - Filling up the DagBag from /home/airflow/.local/lib/python3.8/site-packages/airflow/example_dags/example_datasets.py
[2024-07-01T20:13:52.389+0000] {processor.py:840} INFO - DAG(s) 'dataset_consumes_1_and_2', 'dataset_consumes_1', 'dataset_produces_2', 'dataset_produces_1', 'dataset_consumes_unknown_never_scheduled', 'dataset_consumes_1_never_scheduled' retrieved from /home/airflow/.local/lib/python3.8/site-packages/airflow/example_dags/example_datasets.py
[2024-07-01T20:13:52.461+0000] {logging_mixin.py:188} INFO - [2024-07-01T20:13:52.461+0000] {dag.py:3036} INFO - Sync 6 DAGs
[2024-07-01T20:13:52.505+0000] {logging_mixin.py:188} INFO - [2024-07-01T20:13:52.504+0000] {dag.py:3823} INFO - Setting next_dagrun for dataset_consumes_1 to None, run_after=None
[2024-07-01T20:13:52.512+0000] {logging_mixin.py:188} INFO - [2024-07-01T20:13:52.511+0000] {dag.py:3823} INFO - Setting next_dagrun for dataset_consumes_1_and_2 to None, run_after=None
[2024-07-01T20:13:52.515+0000] {logging_mixin.py:188} INFO - [2024-07-01T20:13:52.515+0000] {dag.py:3823} INFO - Setting next_dagrun for dataset_consumes_1_never_scheduled to None, run_after=None
[2024-07-01T20:13:52.519+0000] {logging_mixin.py:188} INFO - [2024-07-01T20:13:52.518+0000] {dag.py:3823} INFO - Setting next_dagrun for dataset_consumes_unknown_never_scheduled to None, run_after=None
[2024-07-01T20:13:52.525+0000] {logging_mixin.py:188} INFO - [2024-07-01T20:13:52.525+0000] {dag.py:3823} INFO - Setting next_dagrun for dataset_produces_1 to 2024-06-30 00:00:00+00:00, run_after=2024-07-01 00:00:00+00:00
[2024-07-01T20:13:52.529+0000] {logging_mixin.py:188} INFO - [2024-07-01T20:13:52.529+0000] {dag.py:3823} INFO - Setting next_dagrun for dataset_produces_2 to None, run_after=None
[2024-07-01T20:13:52.600+0000] {processor.py:183} INFO - Processing /home/airflow/.local/lib/python3.8/site-packages/airflow/example_dags/example_datasets.py took 0.245 seconds
[2024-07-01T20:14:22.740+0000] {processor.py:161} INFO - Started process (PID=661) to work on /home/airflow/.local/lib/python3.8/site-packages/airflow/example_dags/example_datasets.py
[2024-07-01T20:14:22.742+0000] {processor.py:830} INFO - Processing file /home/airflow/.local/lib/python3.8/site-packages/airflow/example_dags/example_datasets.py for tasks to queue
[2024-07-01T20:14:22.745+0000] {logging_mixin.py:188} INFO - [2024-07-01T20:14:22.745+0000] {dagbag.py:538} INFO - Filling up the DagBag from /home/airflow/.local/lib/python3.8/site-packages/airflow/example_dags/example_datasets.py
[2024-07-01T20:14:22.765+0000] {processor.py:840} INFO - DAG(s) 'dataset_consumes_1', 'dataset_produces_1', 'dataset_produces_2', 'dataset_consumes_1_and_2', 'dataset_consumes_unknown_never_scheduled', 'dataset_consumes_1_never_scheduled' retrieved from /home/airflow/.local/lib/python3.8/site-packages/airflow/example_dags/example_datasets.py
[2024-07-01T20:14:22.911+0000] {logging_mixin.py:188} INFO - [2024-07-01T20:14:22.910+0000] {dag.py:3036} INFO - Sync 6 DAGs
[2024-07-01T20:14:22.960+0000] {logging_mixin.py:188} INFO - [2024-07-01T20:14:22.959+0000] {dag.py:3823} INFO - Setting next_dagrun for dataset_consumes_1 to None, run_after=None
[2024-07-01T20:14:22.967+0000] {logging_mixin.py:188} INFO - [2024-07-01T20:14:22.966+0000] {dag.py:3823} INFO - Setting next_dagrun for dataset_consumes_1_and_2 to None, run_after=None
[2024-07-01T20:14:22.970+0000] {logging_mixin.py:188} INFO - [2024-07-01T20:14:22.969+0000] {dag.py:3823} INFO - Setting next_dagrun for dataset_consumes_1_never_scheduled to None, run_after=None
[2024-07-01T20:14:22.973+0000] {logging_mixin.py:188} INFO - [2024-07-01T20:14:22.972+0000] {dag.py:3823} INFO - Setting next_dagrun for dataset_consumes_unknown_never_scheduled to None, run_after=None
[2024-07-01T20:14:22.979+0000] {logging_mixin.py:188} INFO - [2024-07-01T20:14:22.978+0000] {dag.py:3823} INFO - Setting next_dagrun for dataset_produces_1 to 2024-06-30 00:00:00+00:00, run_after=2024-07-01 00:00:00+00:00
[2024-07-01T20:14:22.982+0000] {logging_mixin.py:188} INFO - [2024-07-01T20:14:22.981+0000] {dag.py:3823} INFO - Setting next_dagrun for dataset_produces_2 to None, run_after=None
[2024-07-01T20:14:23.060+0000] {processor.py:183} INFO - Processing /home/airflow/.local/lib/python3.8/site-packages/airflow/example_dags/example_datasets.py took 0.326 seconds
[2024-07-01T20:14:53.174+0000] {processor.py:161} INFO - Started process (PID=715) to work on /home/airflow/.local/lib/python3.8/site-packages/airflow/example_dags/example_datasets.py
[2024-07-01T20:14:53.177+0000] {processor.py:830} INFO - Processing file /home/airflow/.local/lib/python3.8/site-packages/airflow/example_dags/example_datasets.py for tasks to queue
[2024-07-01T20:14:53.180+0000] {logging_mixin.py:188} INFO - [2024-07-01T20:14:53.180+0000] {dagbag.py:538} INFO - Filling up the DagBag from /home/airflow/.local/lib/python3.8/site-packages/airflow/example_dags/example_datasets.py
[2024-07-01T20:14:53.204+0000] {processor.py:840} INFO - DAG(s) 'dataset_consumes_1_never_scheduled', 'dataset_consumes_unknown_never_scheduled', 'dataset_consumes_1', 'dataset_produces_1', 'dataset_consumes_1_and_2', 'dataset_produces_2' retrieved from /home/airflow/.local/lib/python3.8/site-packages/airflow/example_dags/example_datasets.py
[2024-07-01T20:14:53.293+0000] {logging_mixin.py:188} INFO - [2024-07-01T20:14:53.293+0000] {dag.py:3036} INFO - Sync 6 DAGs
[2024-07-01T20:14:53.348+0000] {logging_mixin.py:188} INFO - [2024-07-01T20:14:53.348+0000] {dag.py:3823} INFO - Setting next_dagrun for dataset_consumes_1 to None, run_after=None
[2024-07-01T20:14:53.358+0000] {logging_mixin.py:188} INFO - [2024-07-01T20:14:53.357+0000] {dag.py:3823} INFO - Setting next_dagrun for dataset_consumes_1_and_2 to None, run_after=None
[2024-07-01T20:14:53.361+0000] {logging_mixin.py:188} INFO - [2024-07-01T20:14:53.361+0000] {dag.py:3823} INFO - Setting next_dagrun for dataset_consumes_1_never_scheduled to None, run_after=None
[2024-07-01T20:14:53.365+0000] {logging_mixin.py:188} INFO - [2024-07-01T20:14:53.364+0000] {dag.py:3823} INFO - Setting next_dagrun for dataset_consumes_unknown_never_scheduled to None, run_after=None
[2024-07-01T20:14:53.373+0000] {logging_mixin.py:188} INFO - [2024-07-01T20:14:53.372+0000] {dag.py:3823} INFO - Setting next_dagrun for dataset_produces_1 to 2024-06-30 00:00:00+00:00, run_after=2024-07-01 00:00:00+00:00
[2024-07-01T20:14:53.377+0000] {logging_mixin.py:188} INFO - [2024-07-01T20:14:53.377+0000] {dag.py:3823} INFO - Setting next_dagrun for dataset_produces_2 to None, run_after=None
[2024-07-01T20:14:53.500+0000] {processor.py:183} INFO - Processing /home/airflow/.local/lib/python3.8/site-packages/airflow/example_dags/example_datasets.py took 0.335 seconds
[2024-07-01T20:15:23.948+0000] {processor.py:161} INFO - Started process (PID=770) to work on /home/airflow/.local/lib/python3.8/site-packages/airflow/example_dags/example_datasets.py
[2024-07-01T20:15:23.950+0000] {processor.py:830} INFO - Processing file /home/airflow/.local/lib/python3.8/site-packages/airflow/example_dags/example_datasets.py for tasks to queue
[2024-07-01T20:15:23.954+0000] {logging_mixin.py:188} INFO - [2024-07-01T20:15:23.953+0000] {dagbag.py:538} INFO - Filling up the DagBag from /home/airflow/.local/lib/python3.8/site-packages/airflow/example_dags/example_datasets.py
[2024-07-01T20:15:23.973+0000] {processor.py:840} INFO - DAG(s) 'dataset_consumes_1', 'dataset_produces_2', 'dataset_consumes_unknown_never_scheduled', 'dataset_consumes_1_never_scheduled', 'dataset_consumes_1_and_2', 'dataset_produces_1' retrieved from /home/airflow/.local/lib/python3.8/site-packages/airflow/example_dags/example_datasets.py
[2024-07-01T20:15:24.053+0000] {logging_mixin.py:188} INFO - [2024-07-01T20:15:24.052+0000] {dag.py:3036} INFO - Sync 6 DAGs
[2024-07-01T20:15:24.105+0000] {logging_mixin.py:188} INFO - [2024-07-01T20:15:24.104+0000] {dag.py:3823} INFO - Setting next_dagrun for dataset_consumes_1 to None, run_after=None
[2024-07-01T20:15:24.114+0000] {logging_mixin.py:188} INFO - [2024-07-01T20:15:24.114+0000] {dag.py:3823} INFO - Setting next_dagrun for dataset_consumes_1_and_2 to None, run_after=None
[2024-07-01T20:15:24.119+0000] {logging_mixin.py:188} INFO - [2024-07-01T20:15:24.118+0000] {dag.py:3823} INFO - Setting next_dagrun for dataset_consumes_1_never_scheduled to None, run_after=None
[2024-07-01T20:15:24.123+0000] {logging_mixin.py:188} INFO - [2024-07-01T20:15:24.122+0000] {dag.py:3823} INFO - Setting next_dagrun for dataset_consumes_unknown_never_scheduled to None, run_after=None
[2024-07-01T20:15:24.133+0000] {logging_mixin.py:188} INFO - [2024-07-01T20:15:24.132+0000] {dag.py:3823} INFO - Setting next_dagrun for dataset_produces_1 to 2024-06-30 00:00:00+00:00, run_after=2024-07-01 00:00:00+00:00
[2024-07-01T20:15:24.137+0000] {logging_mixin.py:188} INFO - [2024-07-01T20:15:24.136+0000] {dag.py:3823} INFO - Setting next_dagrun for dataset_produces_2 to None, run_after=None
[2024-07-01T20:15:24.212+0000] {processor.py:183} INFO - Processing /home/airflow/.local/lib/python3.8/site-packages/airflow/example_dags/example_datasets.py took 0.270 seconds
[2024-07-01T20:15:54.866+0000] {processor.py:161} INFO - Started process (PID=825) to work on /home/airflow/.local/lib/python3.8/site-packages/airflow/example_dags/example_datasets.py
[2024-07-01T20:15:54.869+0000] {processor.py:830} INFO - Processing file /home/airflow/.local/lib/python3.8/site-packages/airflow/example_dags/example_datasets.py for tasks to queue
[2024-07-01T20:15:54.874+0000] {logging_mixin.py:188} INFO - [2024-07-01T20:15:54.873+0000] {dagbag.py:538} INFO - Filling up the DagBag from /home/airflow/.local/lib/python3.8/site-packages/airflow/example_dags/example_datasets.py
[2024-07-01T20:15:54.902+0000] {processor.py:840} INFO - DAG(s) 'dataset_produces_2', 'dataset_consumes_1', 'dataset_produces_1', 'dataset_consumes_1_never_scheduled', 'dataset_consumes_unknown_never_scheduled', 'dataset_consumes_1_and_2' retrieved from /home/airflow/.local/lib/python3.8/site-packages/airflow/example_dags/example_datasets.py
[2024-07-01T20:15:55.006+0000] {logging_mixin.py:188} INFO - [2024-07-01T20:15:55.005+0000] {dag.py:3036} INFO - Sync 6 DAGs
[2024-07-01T20:15:55.067+0000] {logging_mixin.py:188} INFO - [2024-07-01T20:15:55.066+0000] {dag.py:3823} INFO - Setting next_dagrun for dataset_consumes_1 to None, run_after=None
[2024-07-01T20:15:55.078+0000] {logging_mixin.py:188} INFO - [2024-07-01T20:15:55.077+0000] {dag.py:3823} INFO - Setting next_dagrun for dataset_consumes_1_and_2 to None, run_after=None
[2024-07-01T20:15:55.082+0000] {logging_mixin.py:188} INFO - [2024-07-01T20:15:55.082+0000] {dag.py:3823} INFO - Setting next_dagrun for dataset_consumes_1_never_scheduled to None, run_after=None
[2024-07-01T20:15:55.087+0000] {logging_mixin.py:188} INFO - [2024-07-01T20:15:55.086+0000] {dag.py:3823} INFO - Setting next_dagrun for dataset_consumes_unknown_never_scheduled to None, run_after=None
[2024-07-01T20:15:55.098+0000] {logging_mixin.py:188} INFO - [2024-07-01T20:15:55.097+0000] {dag.py:3823} INFO - Setting next_dagrun for dataset_produces_1 to 2024-06-30 00:00:00+00:00, run_after=2024-07-01 00:00:00+00:00
[2024-07-01T20:15:55.102+0000] {logging_mixin.py:188} INFO - [2024-07-01T20:15:55.101+0000] {dag.py:3823} INFO - Setting next_dagrun for dataset_produces_2 to None, run_after=None
[2024-07-01T20:15:55.181+0000] {processor.py:183} INFO - Processing /home/airflow/.local/lib/python3.8/site-packages/airflow/example_dags/example_datasets.py took 0.325 seconds
[2024-07-01T20:16:25.500+0000] {processor.py:161} INFO - Started process (PID=880) to work on /home/airflow/.local/lib/python3.8/site-packages/airflow/example_dags/example_datasets.py
[2024-07-01T20:16:25.502+0000] {processor.py:830} INFO - Processing file /home/airflow/.local/lib/python3.8/site-packages/airflow/example_dags/example_datasets.py for tasks to queue
[2024-07-01T20:16:25.505+0000] {logging_mixin.py:188} INFO - [2024-07-01T20:16:25.505+0000] {dagbag.py:538} INFO - Filling up the DagBag from /home/airflow/.local/lib/python3.8/site-packages/airflow/example_dags/example_datasets.py
[2024-07-01T20:16:25.524+0000] {processor.py:840} INFO - DAG(s) 'dataset_consumes_unknown_never_scheduled', 'dataset_produces_1', 'dataset_consumes_1_and_2', 'dataset_consumes_1_never_scheduled', 'dataset_produces_2', 'dataset_consumes_1' retrieved from /home/airflow/.local/lib/python3.8/site-packages/airflow/example_dags/example_datasets.py
[2024-07-01T20:16:25.603+0000] {logging_mixin.py:188} INFO - [2024-07-01T20:16:25.603+0000] {dag.py:3036} INFO - Sync 6 DAGs
[2024-07-01T20:16:25.653+0000] {logging_mixin.py:188} INFO - [2024-07-01T20:16:25.653+0000] {dag.py:3823} INFO - Setting next_dagrun for dataset_consumes_1 to None, run_after=None
[2024-07-01T20:16:25.662+0000] {logging_mixin.py:188} INFO - [2024-07-01T20:16:25.661+0000] {dag.py:3823} INFO - Setting next_dagrun for dataset_consumes_1_and_2 to None, run_after=None
[2024-07-01T20:16:25.666+0000] {logging_mixin.py:188} INFO - [2024-07-01T20:16:25.665+0000] {dag.py:3823} INFO - Setting next_dagrun for dataset_consumes_1_never_scheduled to None, run_after=None
[2024-07-01T20:16:25.669+0000] {logging_mixin.py:188} INFO - [2024-07-01T20:16:25.669+0000] {dag.py:3823} INFO - Setting next_dagrun for dataset_consumes_unknown_never_scheduled to None, run_after=None
[2024-07-01T20:16:25.677+0000] {logging_mixin.py:188} INFO - [2024-07-01T20:16:25.676+0000] {dag.py:3823} INFO - Setting next_dagrun for dataset_produces_1 to 2024-06-30 00:00:00+00:00, run_after=2024-07-01 00:00:00+00:00
[2024-07-01T20:16:25.680+0000] {logging_mixin.py:188} INFO - [2024-07-01T20:16:25.680+0000] {dag.py:3823} INFO - Setting next_dagrun for dataset_produces_2 to None, run_after=None
[2024-07-01T20:16:25.749+0000] {processor.py:183} INFO - Processing /home/airflow/.local/lib/python3.8/site-packages/airflow/example_dags/example_datasets.py took 0.257 seconds
[2024-07-01T20:16:55.961+0000] {processor.py:161} INFO - Started process (PID=935) to work on /home/airflow/.local/lib/python3.8/site-packages/airflow/example_dags/example_datasets.py
[2024-07-01T20:16:55.964+0000] {processor.py:830} INFO - Processing file /home/airflow/.local/lib/python3.8/site-packages/airflow/example_dags/example_datasets.py for tasks to queue
[2024-07-01T20:16:55.969+0000] {logging_mixin.py:188} INFO - [2024-07-01T20:16:55.968+0000] {dagbag.py:538} INFO - Filling up the DagBag from /home/airflow/.local/lib/python3.8/site-packages/airflow/example_dags/example_datasets.py
[2024-07-01T20:16:55.997+0000] {processor.py:840} INFO - DAG(s) 'dataset_produces_1', 'dataset_consumes_1_never_scheduled', 'dataset_consumes_1_and_2', 'dataset_consumes_unknown_never_scheduled', 'dataset_consumes_1', 'dataset_produces_2' retrieved from /home/airflow/.local/lib/python3.8/site-packages/airflow/example_dags/example_datasets.py
[2024-07-01T20:16:56.092+0000] {logging_mixin.py:188} INFO - [2024-07-01T20:16:56.091+0000] {dag.py:3036} INFO - Sync 6 DAGs
[2024-07-01T20:16:56.151+0000] {logging_mixin.py:188} INFO - [2024-07-01T20:16:56.150+0000] {dag.py:3823} INFO - Setting next_dagrun for dataset_consumes_1 to None, run_after=None
[2024-07-01T20:16:56.161+0000] {logging_mixin.py:188} INFO - [2024-07-01T20:16:56.161+0000] {dag.py:3823} INFO - Setting next_dagrun for dataset_consumes_1_and_2 to None, run_after=None
[2024-07-01T20:16:56.166+0000] {logging_mixin.py:188} INFO - [2024-07-01T20:16:56.165+0000] {dag.py:3823} INFO - Setting next_dagrun for dataset_consumes_1_never_scheduled to None, run_after=None
[2024-07-01T20:16:56.171+0000] {logging_mixin.py:188} INFO - [2024-07-01T20:16:56.170+0000] {dag.py:3823} INFO - Setting next_dagrun for dataset_consumes_unknown_never_scheduled to None, run_after=None
[2024-07-01T20:16:56.179+0000] {logging_mixin.py:188} INFO - [2024-07-01T20:16:56.179+0000] {dag.py:3823} INFO - Setting next_dagrun for dataset_produces_1 to 2024-06-30 00:00:00+00:00, run_after=2024-07-01 00:00:00+00:00
[2024-07-01T20:16:56.183+0000] {logging_mixin.py:188} INFO - [2024-07-01T20:16:56.183+0000] {dag.py:3823} INFO - Setting next_dagrun for dataset_produces_2 to None, run_after=None
[2024-07-01T20:16:56.276+0000] {processor.py:183} INFO - Processing /home/airflow/.local/lib/python3.8/site-packages/airflow/example_dags/example_datasets.py took 0.324 seconds
[2024-07-01T20:17:26.811+0000] {processor.py:161} INFO - Started process (PID=990) to work on /home/airflow/.local/lib/python3.8/site-packages/airflow/example_dags/example_datasets.py
[2024-07-01T20:17:26.813+0000] {processor.py:830} INFO - Processing file /home/airflow/.local/lib/python3.8/site-packages/airflow/example_dags/example_datasets.py for tasks to queue
[2024-07-01T20:17:26.816+0000] {logging_mixin.py:188} INFO - [2024-07-01T20:17:26.816+0000] {dagbag.py:538} INFO - Filling up the DagBag from /home/airflow/.local/lib/python3.8/site-packages/airflow/example_dags/example_datasets.py
[2024-07-01T20:17:26.834+0000] {processor.py:840} INFO - DAG(s) 'dataset_consumes_unknown_never_scheduled', 'dataset_consumes_1', 'dataset_produces_1', 'dataset_consumes_1_never_scheduled', 'dataset_produces_2', 'dataset_consumes_1_and_2' retrieved from /home/airflow/.local/lib/python3.8/site-packages/airflow/example_dags/example_datasets.py
[2024-07-01T20:17:26.906+0000] {logging_mixin.py:188} INFO - [2024-07-01T20:17:26.906+0000] {dag.py:3036} INFO - Sync 6 DAGs
[2024-07-01T20:17:26.957+0000] {logging_mixin.py:188} INFO - [2024-07-01T20:17:26.956+0000] {dag.py:3823} INFO - Setting next_dagrun for dataset_consumes_1 to None, run_after=None
[2024-07-01T20:17:26.965+0000] {logging_mixin.py:188} INFO - [2024-07-01T20:17:26.965+0000] {dag.py:3823} INFO - Setting next_dagrun for dataset_consumes_1_and_2 to None, run_after=None
[2024-07-01T20:17:26.969+0000] {logging_mixin.py:188} INFO - [2024-07-01T20:17:26.968+0000] {dag.py:3823} INFO - Setting next_dagrun for dataset_consumes_1_never_scheduled to None, run_after=None
[2024-07-01T20:17:26.972+0000] {logging_mixin.py:188} INFO - [2024-07-01T20:17:26.972+0000] {dag.py:3823} INFO - Setting next_dagrun for dataset_consumes_unknown_never_scheduled to None, run_after=None
[2024-07-01T20:17:26.980+0000] {logging_mixin.py:188} INFO - [2024-07-01T20:17:26.979+0000] {dag.py:3823} INFO - Setting next_dagrun for dataset_produces_1 to 2024-06-30 00:00:00+00:00, run_after=2024-07-01 00:00:00+00:00
[2024-07-01T20:17:26.983+0000] {logging_mixin.py:188} INFO - [2024-07-01T20:17:26.983+0000] {dag.py:3823} INFO - Setting next_dagrun for dataset_produces_2 to None, run_after=None
[2024-07-01T20:17:27.047+0000] {processor.py:183} INFO - Processing /home/airflow/.local/lib/python3.8/site-packages/airflow/example_dags/example_datasets.py took 0.243 seconds
[2024-07-01T20:17:57.251+0000] {processor.py:161} INFO - Started process (PID=1045) to work on /home/airflow/.local/lib/python3.8/site-packages/airflow/example_dags/example_datasets.py
[2024-07-01T20:17:57.252+0000] {processor.py:830} INFO - Processing file /home/airflow/.local/lib/python3.8/site-packages/airflow/example_dags/example_datasets.py for tasks to queue
[2024-07-01T20:17:57.256+0000] {logging_mixin.py:188} INFO - [2024-07-01T20:17:57.255+0000] {dagbag.py:538} INFO - Filling up the DagBag from /home/airflow/.local/lib/python3.8/site-packages/airflow/example_dags/example_datasets.py
[2024-07-01T20:17:57.274+0000] {processor.py:840} INFO - DAG(s) 'dataset_produces_1', 'dataset_consumes_1_and_2', 'dataset_produces_2', 'dataset_consumes_1', 'dataset_consumes_unknown_never_scheduled', 'dataset_consumes_1_never_scheduled' retrieved from /home/airflow/.local/lib/python3.8/site-packages/airflow/example_dags/example_datasets.py
[2024-07-01T20:17:57.348+0000] {logging_mixin.py:188} INFO - [2024-07-01T20:17:57.347+0000] {dag.py:3036} INFO - Sync 6 DAGs
[2024-07-01T20:17:57.411+0000] {logging_mixin.py:188} INFO - [2024-07-01T20:17:57.409+0000] {dag.py:3823} INFO - Setting next_dagrun for dataset_consumes_1 to None, run_after=None
[2024-07-01T20:17:57.421+0000] {logging_mixin.py:188} INFO - [2024-07-01T20:17:57.420+0000] {dag.py:3823} INFO - Setting next_dagrun for dataset_consumes_1_and_2 to None, run_after=None
[2024-07-01T20:17:57.424+0000] {logging_mixin.py:188} INFO - [2024-07-01T20:17:57.424+0000] {dag.py:3823} INFO - Setting next_dagrun for dataset_consumes_1_never_scheduled to None, run_after=None
[2024-07-01T20:17:57.431+0000] {logging_mixin.py:188} INFO - [2024-07-01T20:17:57.431+0000] {dag.py:3823} INFO - Setting next_dagrun for dataset_consumes_unknown_never_scheduled to None, run_after=None
[2024-07-01T20:17:57.438+0000] {logging_mixin.py:188} INFO - [2024-07-01T20:17:57.438+0000] {dag.py:3823} INFO - Setting next_dagrun for dataset_produces_1 to 2024-06-30 00:00:00+00:00, run_after=2024-07-01 00:00:00+00:00
[2024-07-01T20:17:57.442+0000] {logging_mixin.py:188} INFO - [2024-07-01T20:17:57.441+0000] {dag.py:3823} INFO - Setting next_dagrun for dataset_produces_2 to None, run_after=None
[2024-07-01T20:17:57.505+0000] {processor.py:183} INFO - Processing /home/airflow/.local/lib/python3.8/site-packages/airflow/example_dags/example_datasets.py took 0.260 seconds
[2024-07-01T20:18:27.641+0000] {processor.py:161} INFO - Started process (PID=1100) to work on /home/airflow/.local/lib/python3.8/site-packages/airflow/example_dags/example_datasets.py
[2024-07-01T20:18:27.643+0000] {processor.py:830} INFO - Processing file /home/airflow/.local/lib/python3.8/site-packages/airflow/example_dags/example_datasets.py for tasks to queue
[2024-07-01T20:18:27.647+0000] {logging_mixin.py:188} INFO - [2024-07-01T20:18:27.646+0000] {dagbag.py:538} INFO - Filling up the DagBag from /home/airflow/.local/lib/python3.8/site-packages/airflow/example_dags/example_datasets.py
[2024-07-01T20:18:27.665+0000] {processor.py:840} INFO - DAG(s) 'dataset_produces_2', 'dataset_produces_1', 'dataset_consumes_1', 'dataset_consumes_unknown_never_scheduled', 'dataset_consumes_1_never_scheduled', 'dataset_consumes_1_and_2' retrieved from /home/airflow/.local/lib/python3.8/site-packages/airflow/example_dags/example_datasets.py
[2024-07-01T20:18:27.735+0000] {logging_mixin.py:188} INFO - [2024-07-01T20:18:27.735+0000] {dag.py:3036} INFO - Sync 6 DAGs
[2024-07-01T20:18:27.782+0000] {logging_mixin.py:188} INFO - [2024-07-01T20:18:27.782+0000] {dag.py:3823} INFO - Setting next_dagrun for dataset_consumes_1 to None, run_after=None
[2024-07-01T20:18:27.790+0000] {logging_mixin.py:188} INFO - [2024-07-01T20:18:27.790+0000] {dag.py:3823} INFO - Setting next_dagrun for dataset_consumes_1_and_2 to None, run_after=None
[2024-07-01T20:18:27.793+0000] {logging_mixin.py:188} INFO - [2024-07-01T20:18:27.793+0000] {dag.py:3823} INFO - Setting next_dagrun for dataset_consumes_1_never_scheduled to None, run_after=None
[2024-07-01T20:18:27.798+0000] {logging_mixin.py:188} INFO - [2024-07-01T20:18:27.798+0000] {dag.py:3823} INFO - Setting next_dagrun for dataset_consumes_unknown_never_scheduled to None, run_after=None
[2024-07-01T20:18:27.805+0000] {logging_mixin.py:188} INFO - [2024-07-01T20:18:27.805+0000] {dag.py:3823} INFO - Setting next_dagrun for dataset_produces_1 to 2024-06-30 00:00:00+00:00, run_after=2024-07-01 00:00:00+00:00
[2024-07-01T20:18:27.809+0000] {logging_mixin.py:188} INFO - [2024-07-01T20:18:27.808+0000] {dag.py:3823} INFO - Setting next_dagrun for dataset_produces_2 to None, run_after=None
[2024-07-01T20:18:27.876+0000] {processor.py:183} INFO - Processing /home/airflow/.local/lib/python3.8/site-packages/airflow/example_dags/example_datasets.py took 0.240 seconds
[2024-07-01T20:18:58.370+0000] {processor.py:161} INFO - Started process (PID=1155) to work on /home/airflow/.local/lib/python3.8/site-packages/airflow/example_dags/example_datasets.py
[2024-07-01T20:18:58.372+0000] {processor.py:830} INFO - Processing file /home/airflow/.local/lib/python3.8/site-packages/airflow/example_dags/example_datasets.py for tasks to queue
[2024-07-01T20:18:58.376+0000] {logging_mixin.py:188} INFO - [2024-07-01T20:18:58.375+0000] {dagbag.py:538} INFO - Filling up the DagBag from /home/airflow/.local/lib/python3.8/site-packages/airflow/example_dags/example_datasets.py
[2024-07-01T20:18:58.396+0000] {processor.py:840} INFO - DAG(s) 'dataset_produces_1', 'dataset_consumes_1_never_scheduled', 'dataset_consumes_unknown_never_scheduled', 'dataset_consumes_1', 'dataset_consumes_1_and_2', 'dataset_produces_2' retrieved from /home/airflow/.local/lib/python3.8/site-packages/airflow/example_dags/example_datasets.py
[2024-07-01T20:18:58.471+0000] {logging_mixin.py:188} INFO - [2024-07-01T20:18:58.470+0000] {dag.py:3036} INFO - Sync 6 DAGs
[2024-07-01T20:18:58.516+0000] {logging_mixin.py:188} INFO - [2024-07-01T20:18:58.516+0000] {dag.py:3823} INFO - Setting next_dagrun for dataset_consumes_1 to None, run_after=None
[2024-07-01T20:18:58.524+0000] {logging_mixin.py:188} INFO - [2024-07-01T20:18:58.523+0000] {dag.py:3823} INFO - Setting next_dagrun for dataset_consumes_1_and_2 to None, run_after=None
[2024-07-01T20:18:58.528+0000] {logging_mixin.py:188} INFO - [2024-07-01T20:18:58.527+0000] {dag.py:3823} INFO - Setting next_dagrun for dataset_consumes_1_never_scheduled to None, run_after=None
[2024-07-01T20:18:58.531+0000] {logging_mixin.py:188} INFO - [2024-07-01T20:18:58.531+0000] {dag.py:3823} INFO - Setting next_dagrun for dataset_consumes_unknown_never_scheduled to None, run_after=None
[2024-07-01T20:18:58.538+0000] {logging_mixin.py:188} INFO - [2024-07-01T20:18:58.538+0000] {dag.py:3823} INFO - Setting next_dagrun for dataset_produces_1 to 2024-06-30 00:00:00+00:00, run_after=2024-07-01 00:00:00+00:00
[2024-07-01T20:18:58.542+0000] {logging_mixin.py:188} INFO - [2024-07-01T20:18:58.541+0000] {dag.py:3823} INFO - Setting next_dagrun for dataset_produces_2 to None, run_after=None
[2024-07-01T20:18:58.608+0000] {processor.py:183} INFO - Processing /home/airflow/.local/lib/python3.8/site-packages/airflow/example_dags/example_datasets.py took 0.244 seconds
[2024-07-01T20:19:29.415+0000] {processor.py:161} INFO - Started process (PID=1210) to work on /home/airflow/.local/lib/python3.8/site-packages/airflow/example_dags/example_datasets.py
[2024-07-01T20:19:29.417+0000] {processor.py:830} INFO - Processing file /home/airflow/.local/lib/python3.8/site-packages/airflow/example_dags/example_datasets.py for tasks to queue
[2024-07-01T20:19:29.420+0000] {logging_mixin.py:188} INFO - [2024-07-01T20:19:29.420+0000] {dagbag.py:538} INFO - Filling up the DagBag from /home/airflow/.local/lib/python3.8/site-packages/airflow/example_dags/example_datasets.py
[2024-07-01T20:19:29.442+0000] {processor.py:840} INFO - DAG(s) 'dataset_consumes_1', 'dataset_consumes_1_and_2', 'dataset_produces_2', 'dataset_produces_1', 'dataset_consumes_unknown_never_scheduled', 'dataset_consumes_1_never_scheduled' retrieved from /home/airflow/.local/lib/python3.8/site-packages/airflow/example_dags/example_datasets.py
[2024-07-01T20:19:29.516+0000] {logging_mixin.py:188} INFO - [2024-07-01T20:19:29.515+0000] {dag.py:3036} INFO - Sync 6 DAGs
[2024-07-01T20:19:29.561+0000] {logging_mixin.py:188} INFO - [2024-07-01T20:19:29.560+0000] {dag.py:3823} INFO - Setting next_dagrun for dataset_consumes_1 to None, run_after=None
[2024-07-01T20:19:29.568+0000] {logging_mixin.py:188} INFO - [2024-07-01T20:19:29.568+0000] {dag.py:3823} INFO - Setting next_dagrun for dataset_consumes_1_and_2 to None, run_after=None
[2024-07-01T20:19:29.572+0000] {logging_mixin.py:188} INFO - [2024-07-01T20:19:29.572+0000] {dag.py:3823} INFO - Setting next_dagrun for dataset_consumes_1_never_scheduled to None, run_after=None
[2024-07-01T20:19:29.576+0000] {logging_mixin.py:188} INFO - [2024-07-01T20:19:29.575+0000] {dag.py:3823} INFO - Setting next_dagrun for dataset_consumes_unknown_never_scheduled to None, run_after=None
[2024-07-01T20:19:29.582+0000] {logging_mixin.py:188} INFO - [2024-07-01T20:19:29.582+0000] {dag.py:3823} INFO - Setting next_dagrun for dataset_produces_1 to 2024-06-30 00:00:00+00:00, run_after=2024-07-01 00:00:00+00:00
[2024-07-01T20:19:29.586+0000] {logging_mixin.py:188} INFO - [2024-07-01T20:19:29.585+0000] {dag.py:3823} INFO - Setting next_dagrun for dataset_produces_2 to None, run_after=None
[2024-07-01T20:19:29.654+0000] {processor.py:183} INFO - Processing /home/airflow/.local/lib/python3.8/site-packages/airflow/example_dags/example_datasets.py took 0.246 seconds
[2024-07-01T20:19:59.918+0000] {processor.py:161} INFO - Started process (PID=1265) to work on /home/airflow/.local/lib/python3.8/site-packages/airflow/example_dags/example_datasets.py
[2024-07-01T20:19:59.921+0000] {processor.py:830} INFO - Processing file /home/airflow/.local/lib/python3.8/site-packages/airflow/example_dags/example_datasets.py for tasks to queue
[2024-07-01T20:19:59.926+0000] {logging_mixin.py:188} INFO - [2024-07-01T20:19:59.925+0000] {dagbag.py:538} INFO - Filling up the DagBag from /home/airflow/.local/lib/python3.8/site-packages/airflow/example_dags/example_datasets.py
[2024-07-01T20:19:59.950+0000] {processor.py:840} INFO - DAG(s) 'dataset_produces_1', 'dataset_consumes_1_never_scheduled', 'dataset_consumes_unknown_never_scheduled', 'dataset_consumes_1_and_2', 'dataset_consumes_1', 'dataset_produces_2' retrieved from /home/airflow/.local/lib/python3.8/site-packages/airflow/example_dags/example_datasets.py
[2024-07-01T20:20:00.033+0000] {logging_mixin.py:188} INFO - [2024-07-01T20:20:00.033+0000] {dag.py:3036} INFO - Sync 6 DAGs
[2024-07-01T20:20:00.082+0000] {logging_mixin.py:188} INFO - [2024-07-01T20:20:00.082+0000] {dag.py:3823} INFO - Setting next_dagrun for dataset_consumes_1 to None, run_after=None
[2024-07-01T20:20:00.090+0000] {logging_mixin.py:188} INFO - [2024-07-01T20:20:00.089+0000] {dag.py:3823} INFO - Setting next_dagrun for dataset_consumes_1_and_2 to None, run_after=None
[2024-07-01T20:20:00.093+0000] {logging_mixin.py:188} INFO - [2024-07-01T20:20:00.093+0000] {dag.py:3823} INFO - Setting next_dagrun for dataset_consumes_1_never_scheduled to None, run_after=None
[2024-07-01T20:20:00.097+0000] {logging_mixin.py:188} INFO - [2024-07-01T20:20:00.097+0000] {dag.py:3823} INFO - Setting next_dagrun for dataset_consumes_unknown_never_scheduled to None, run_after=None
[2024-07-01T20:20:00.104+0000] {logging_mixin.py:188} INFO - [2024-07-01T20:20:00.104+0000] {dag.py:3823} INFO - Setting next_dagrun for dataset_produces_1 to 2024-06-30 00:00:00+00:00, run_after=2024-07-01 00:00:00+00:00
[2024-07-01T20:20:00.108+0000] {logging_mixin.py:188} INFO - [2024-07-01T20:20:00.107+0000] {dag.py:3823} INFO - Setting next_dagrun for dataset_produces_2 to None, run_after=None
[2024-07-01T20:20:00.175+0000] {processor.py:183} INFO - Processing /home/airflow/.local/lib/python3.8/site-packages/airflow/example_dags/example_datasets.py took 0.265 seconds
[2024-07-01T20:20:30.563+0000] {processor.py:161} INFO - Started process (PID=1318) to work on /home/airflow/.local/lib/python3.8/site-packages/airflow/example_dags/example_datasets.py
[2024-07-01T20:20:30.564+0000] {processor.py:830} INFO - Processing file /home/airflow/.local/lib/python3.8/site-packages/airflow/example_dags/example_datasets.py for tasks to queue
[2024-07-01T20:20:30.568+0000] {logging_mixin.py:188} INFO - [2024-07-01T20:20:30.567+0000] {dagbag.py:538} INFO - Filling up the DagBag from /home/airflow/.local/lib/python3.8/site-packages/airflow/example_dags/example_datasets.py
[2024-07-01T20:20:30.592+0000] {processor.py:840} INFO - DAG(s) 'dataset_consumes_1', 'dataset_consumes_unknown_never_scheduled', 'dataset_produces_1', 'dataset_produces_2', 'dataset_consumes_1_never_scheduled', 'dataset_consumes_1_and_2' retrieved from /home/airflow/.local/lib/python3.8/site-packages/airflow/example_dags/example_datasets.py
[2024-07-01T20:20:30.706+0000] {logging_mixin.py:188} INFO - [2024-07-01T20:20:30.705+0000] {dag.py:3036} INFO - Sync 6 DAGs
[2024-07-01T20:20:30.817+0000] {logging_mixin.py:188} INFO - [2024-07-01T20:20:30.815+0000] {dag.py:3823} INFO - Setting next_dagrun for dataset_consumes_1 to None, run_after=None
[2024-07-01T20:20:30.848+0000] {logging_mixin.py:188} INFO - [2024-07-01T20:20:30.842+0000] {dag.py:3823} INFO - Setting next_dagrun for dataset_consumes_1_and_2 to None, run_after=None
[2024-07-01T20:20:30.857+0000] {logging_mixin.py:188} INFO - [2024-07-01T20:20:30.855+0000] {dag.py:3823} INFO - Setting next_dagrun for dataset_consumes_1_never_scheduled to None, run_after=None
[2024-07-01T20:20:30.864+0000] {logging_mixin.py:188} INFO - [2024-07-01T20:20:30.863+0000] {dag.py:3823} INFO - Setting next_dagrun for dataset_consumes_unknown_never_scheduled to None, run_after=None
[2024-07-01T20:20:30.886+0000] {logging_mixin.py:188} INFO - [2024-07-01T20:20:30.885+0000] {dag.py:3823} INFO - Setting next_dagrun for dataset_produces_1 to 2024-06-30 00:00:00+00:00, run_after=2024-07-01 00:00:00+00:00
[2024-07-01T20:20:30.902+0000] {logging_mixin.py:188} INFO - [2024-07-01T20:20:30.891+0000] {dag.py:3823} INFO - Setting next_dagrun for dataset_produces_2 to None, run_after=None
[2024-07-01T20:20:31.038+0000] {processor.py:183} INFO - Processing /home/airflow/.local/lib/python3.8/site-packages/airflow/example_dags/example_datasets.py took 0.481 seconds
[2024-07-01T20:21:01.346+0000] {processor.py:161} INFO - Started process (PID=1373) to work on /home/airflow/.local/lib/python3.8/site-packages/airflow/example_dags/example_datasets.py
[2024-07-01T20:21:01.349+0000] {processor.py:830} INFO - Processing file /home/airflow/.local/lib/python3.8/site-packages/airflow/example_dags/example_datasets.py for tasks to queue
[2024-07-01T20:21:01.355+0000] {logging_mixin.py:188} INFO - [2024-07-01T20:21:01.354+0000] {dagbag.py:538} INFO - Filling up the DagBag from /home/airflow/.local/lib/python3.8/site-packages/airflow/example_dags/example_datasets.py
[2024-07-01T20:21:01.391+0000] {processor.py:840} INFO - DAG(s) 'dataset_produces_2', 'dataset_consumes_1_and_2', 'dataset_consumes_unknown_never_scheduled', 'dataset_consumes_1_never_scheduled', 'dataset_consumes_1', 'dataset_produces_1' retrieved from /home/airflow/.local/lib/python3.8/site-packages/airflow/example_dags/example_datasets.py
[2024-07-01T20:21:01.532+0000] {logging_mixin.py:188} INFO - [2024-07-01T20:21:01.531+0000] {dag.py:3036} INFO - Sync 6 DAGs
[2024-07-01T20:21:01.626+0000] {logging_mixin.py:188} INFO - [2024-07-01T20:21:01.625+0000] {dag.py:3823} INFO - Setting next_dagrun for dataset_consumes_1 to None, run_after=None
[2024-07-01T20:21:01.643+0000] {logging_mixin.py:188} INFO - [2024-07-01T20:21:01.642+0000] {dag.py:3823} INFO - Setting next_dagrun for dataset_consumes_1_and_2 to None, run_after=None
[2024-07-01T20:21:01.650+0000] {logging_mixin.py:188} INFO - [2024-07-01T20:21:01.649+0000] {dag.py:3823} INFO - Setting next_dagrun for dataset_consumes_1_never_scheduled to None, run_after=None
[2024-07-01T20:21:01.660+0000] {logging_mixin.py:188} INFO - [2024-07-01T20:21:01.659+0000] {dag.py:3823} INFO - Setting next_dagrun for dataset_consumes_unknown_never_scheduled to None, run_after=None
[2024-07-01T20:21:01.672+0000] {logging_mixin.py:188} INFO - [2024-07-01T20:21:01.671+0000] {dag.py:3823} INFO - Setting next_dagrun for dataset_produces_1 to 2024-06-30 00:00:00+00:00, run_after=2024-07-01 00:00:00+00:00
[2024-07-01T20:21:01.676+0000] {logging_mixin.py:188} INFO - [2024-07-01T20:21:01.676+0000] {dag.py:3823} INFO - Setting next_dagrun for dataset_produces_2 to None, run_after=None
[2024-07-01T20:21:01.750+0000] {processor.py:183} INFO - Processing /home/airflow/.local/lib/python3.8/site-packages/airflow/example_dags/example_datasets.py took 0.416 seconds
[2024-07-01T20:21:32.145+0000] {processor.py:161} INFO - Started process (PID=1429) to work on /home/airflow/.local/lib/python3.8/site-packages/airflow/example_dags/example_datasets.py
[2024-07-01T20:21:32.147+0000] {processor.py:830} INFO - Processing file /home/airflow/.local/lib/python3.8/site-packages/airflow/example_dags/example_datasets.py for tasks to queue
[2024-07-01T20:21:32.151+0000] {logging_mixin.py:188} INFO - [2024-07-01T20:21:32.150+0000] {dagbag.py:538} INFO - Filling up the DagBag from /home/airflow/.local/lib/python3.8/site-packages/airflow/example_dags/example_datasets.py
[2024-07-01T20:21:32.173+0000] {processor.py:840} INFO - DAG(s) 'dataset_produces_2', 'dataset_consumes_1_and_2', 'dataset_consumes_1_never_scheduled', 'dataset_consumes_1', 'dataset_produces_1', 'dataset_consumes_unknown_never_scheduled' retrieved from /home/airflow/.local/lib/python3.8/site-packages/airflow/example_dags/example_datasets.py
[2024-07-01T20:21:32.252+0000] {logging_mixin.py:188} INFO - [2024-07-01T20:21:32.252+0000] {dag.py:3036} INFO - Sync 6 DAGs
[2024-07-01T20:21:32.297+0000] {logging_mixin.py:188} INFO - [2024-07-01T20:21:32.297+0000] {dag.py:3823} INFO - Setting next_dagrun for dataset_consumes_1 to None, run_after=None
[2024-07-01T20:21:32.306+0000] {logging_mixin.py:188} INFO - [2024-07-01T20:21:32.306+0000] {dag.py:3823} INFO - Setting next_dagrun for dataset_consumes_1_and_2 to None, run_after=None
[2024-07-01T20:21:32.310+0000] {logging_mixin.py:188} INFO - [2024-07-01T20:21:32.309+0000] {dag.py:3823} INFO - Setting next_dagrun for dataset_consumes_1_never_scheduled to None, run_after=None
[2024-07-01T20:21:32.313+0000] {logging_mixin.py:188} INFO - [2024-07-01T20:21:32.313+0000] {dag.py:3823} INFO - Setting next_dagrun for dataset_consumes_unknown_never_scheduled to None, run_after=None
[2024-07-01T20:21:32.322+0000] {logging_mixin.py:188} INFO - [2024-07-01T20:21:32.321+0000] {dag.py:3823} INFO - Setting next_dagrun for dataset_produces_1 to 2024-06-30 00:00:00+00:00, run_after=2024-07-01 00:00:00+00:00
[2024-07-01T20:21:32.326+0000] {logging_mixin.py:188} INFO - [2024-07-01T20:21:32.325+0000] {dag.py:3823} INFO - Setting next_dagrun for dataset_produces_2 to None, run_after=None
[2024-07-01T20:21:32.391+0000] {processor.py:183} INFO - Processing /home/airflow/.local/lib/python3.8/site-packages/airflow/example_dags/example_datasets.py took 0.253 seconds
[2024-07-01T20:22:02.512+0000] {processor.py:161} INFO - Started process (PID=1484) to work on /home/airflow/.local/lib/python3.8/site-packages/airflow/example_dags/example_datasets.py
[2024-07-01T20:22:02.514+0000] {processor.py:830} INFO - Processing file /home/airflow/.local/lib/python3.8/site-packages/airflow/example_dags/example_datasets.py for tasks to queue
[2024-07-01T20:22:02.518+0000] {logging_mixin.py:188} INFO - [2024-07-01T20:22:02.517+0000] {dagbag.py:538} INFO - Filling up the DagBag from /home/airflow/.local/lib/python3.8/site-packages/airflow/example_dags/example_datasets.py
[2024-07-01T20:22:02.538+0000] {processor.py:840} INFO - DAG(s) 'dataset_consumes_1', 'dataset_produces_2', 'dataset_consumes_unknown_never_scheduled', 'dataset_produces_1', 'dataset_consumes_1_and_2', 'dataset_consumes_1_never_scheduled' retrieved from /home/airflow/.local/lib/python3.8/site-packages/airflow/example_dags/example_datasets.py
[2024-07-01T20:22:02.621+0000] {logging_mixin.py:188} INFO - [2024-07-01T20:22:02.621+0000] {dag.py:3036} INFO - Sync 6 DAGs
[2024-07-01T20:22:02.671+0000] {logging_mixin.py:188} INFO - [2024-07-01T20:22:02.670+0000] {dag.py:3823} INFO - Setting next_dagrun for dataset_consumes_1 to None, run_after=None
[2024-07-01T20:22:02.679+0000] {logging_mixin.py:188} INFO - [2024-07-01T20:22:02.678+0000] {dag.py:3823} INFO - Setting next_dagrun for dataset_consumes_1_and_2 to None, run_after=None
[2024-07-01T20:22:02.683+0000] {logging_mixin.py:188} INFO - [2024-07-01T20:22:02.682+0000] {dag.py:3823} INFO - Setting next_dagrun for dataset_consumes_1_never_scheduled to None, run_after=None
[2024-07-01T20:22:02.687+0000] {logging_mixin.py:188} INFO - [2024-07-01T20:22:02.687+0000] {dag.py:3823} INFO - Setting next_dagrun for dataset_consumes_unknown_never_scheduled to None, run_after=None
[2024-07-01T20:22:02.695+0000] {logging_mixin.py:188} INFO - [2024-07-01T20:22:02.694+0000] {dag.py:3823} INFO - Setting next_dagrun for dataset_produces_1 to 2024-06-30 00:00:00+00:00, run_after=2024-07-01 00:00:00+00:00
[2024-07-01T20:22:02.699+0000] {logging_mixin.py:188} INFO - [2024-07-01T20:22:02.699+0000] {dag.py:3823} INFO - Setting next_dagrun for dataset_produces_2 to None, run_after=None
[2024-07-01T20:22:02.772+0000] {processor.py:183} INFO - Processing /home/airflow/.local/lib/python3.8/site-packages/airflow/example_dags/example_datasets.py took 0.266 seconds
[2024-07-01T20:22:32.984+0000] {processor.py:161} INFO - Started process (PID=1540) to work on /home/airflow/.local/lib/python3.8/site-packages/airflow/example_dags/example_datasets.py
[2024-07-01T20:22:32.986+0000] {processor.py:830} INFO - Processing file /home/airflow/.local/lib/python3.8/site-packages/airflow/example_dags/example_datasets.py for tasks to queue
[2024-07-01T20:22:32.990+0000] {logging_mixin.py:188} INFO - [2024-07-01T20:22:32.989+0000] {dagbag.py:538} INFO - Filling up the DagBag from /home/airflow/.local/lib/python3.8/site-packages/airflow/example_dags/example_datasets.py
[2024-07-01T20:22:33.010+0000] {processor.py:840} INFO - DAG(s) 'dataset_consumes_1_and_2', 'dataset_consumes_unknown_never_scheduled', 'dataset_consumes_1_never_scheduled', 'dataset_produces_2', 'dataset_consumes_1', 'dataset_produces_1' retrieved from /home/airflow/.local/lib/python3.8/site-packages/airflow/example_dags/example_datasets.py
[2024-07-01T20:22:33.091+0000] {logging_mixin.py:188} INFO - [2024-07-01T20:22:33.091+0000] {dag.py:3036} INFO - Sync 6 DAGs
[2024-07-01T20:22:33.146+0000] {logging_mixin.py:188} INFO - [2024-07-01T20:22:33.145+0000] {dag.py:3823} INFO - Setting next_dagrun for dataset_consumes_1 to None, run_after=None
[2024-07-01T20:22:33.161+0000] {logging_mixin.py:188} INFO - [2024-07-01T20:22:33.160+0000] {dag.py:3823} INFO - Setting next_dagrun for dataset_consumes_1_and_2 to None, run_after=None
[2024-07-01T20:22:33.166+0000] {logging_mixin.py:188} INFO - [2024-07-01T20:22:33.165+0000] {dag.py:3823} INFO - Setting next_dagrun for dataset_consumes_1_never_scheduled to None, run_after=None
[2024-07-01T20:22:33.170+0000] {logging_mixin.py:188} INFO - [2024-07-01T20:22:33.169+0000] {dag.py:3823} INFO - Setting next_dagrun for dataset_consumes_unknown_never_scheduled to None, run_after=None
[2024-07-01T20:22:33.177+0000] {logging_mixin.py:188} INFO - [2024-07-01T20:22:33.176+0000] {dag.py:3823} INFO - Setting next_dagrun for dataset_produces_1 to 2024-06-30 00:00:00+00:00, run_after=2024-07-01 00:00:00+00:00
[2024-07-01T20:22:33.180+0000] {logging_mixin.py:188} INFO - [2024-07-01T20:22:33.180+0000] {dag.py:3823} INFO - Setting next_dagrun for dataset_produces_2 to None, run_after=None
[2024-07-01T20:22:33.257+0000] {processor.py:183} INFO - Processing /home/airflow/.local/lib/python3.8/site-packages/airflow/example_dags/example_datasets.py took 0.280 seconds
[2024-07-01T20:23:03.340+0000] {processor.py:161} INFO - Started process (PID=1593) to work on /home/airflow/.local/lib/python3.8/site-packages/airflow/example_dags/example_datasets.py
[2024-07-01T20:23:03.342+0000] {processor.py:830} INFO - Processing file /home/airflow/.local/lib/python3.8/site-packages/airflow/example_dags/example_datasets.py for tasks to queue
[2024-07-01T20:23:03.347+0000] {logging_mixin.py:188} INFO - [2024-07-01T20:23:03.346+0000] {dagbag.py:538} INFO - Filling up the DagBag from /home/airflow/.local/lib/python3.8/site-packages/airflow/example_dags/example_datasets.py
[2024-07-01T20:23:03.367+0000] {processor.py:840} INFO - DAG(s) 'dataset_consumes_1_never_scheduled', 'dataset_produces_2', 'dataset_consumes_1', 'dataset_consumes_1_and_2', 'dataset_consumes_unknown_never_scheduled', 'dataset_produces_1' retrieved from /home/airflow/.local/lib/python3.8/site-packages/airflow/example_dags/example_datasets.py
[2024-07-01T20:23:03.483+0000] {logging_mixin.py:188} INFO - [2024-07-01T20:23:03.483+0000] {dag.py:3036} INFO - Sync 6 DAGs
[2024-07-01T20:23:03.542+0000] {logging_mixin.py:188} INFO - [2024-07-01T20:23:03.541+0000] {dag.py:3823} INFO - Setting next_dagrun for dataset_consumes_1 to None, run_after=None
[2024-07-01T20:23:03.555+0000] {logging_mixin.py:188} INFO - [2024-07-01T20:23:03.554+0000] {dag.py:3823} INFO - Setting next_dagrun for dataset_consumes_1_and_2 to None, run_after=None
[2024-07-01T20:23:03.561+0000] {logging_mixin.py:188} INFO - [2024-07-01T20:23:03.561+0000] {dag.py:3823} INFO - Setting next_dagrun for dataset_consumes_1_never_scheduled to None, run_after=None
[2024-07-01T20:23:03.566+0000] {logging_mixin.py:188} INFO - [2024-07-01T20:23:03.565+0000] {dag.py:3823} INFO - Setting next_dagrun for dataset_consumes_unknown_never_scheduled to None, run_after=None
[2024-07-01T20:23:03.574+0000] {logging_mixin.py:188} INFO - [2024-07-01T20:23:03.574+0000] {dag.py:3823} INFO - Setting next_dagrun for dataset_produces_1 to 2024-06-30 00:00:00+00:00, run_after=2024-07-01 00:00:00+00:00
[2024-07-01T20:23:03.578+0000] {logging_mixin.py:188} INFO - [2024-07-01T20:23:03.578+0000] {dag.py:3823} INFO - Setting next_dagrun for dataset_produces_2 to None, run_after=None
[2024-07-01T20:23:03.661+0000] {processor.py:183} INFO - Processing /home/airflow/.local/lib/python3.8/site-packages/airflow/example_dags/example_datasets.py took 0.328 seconds
[2024-07-01T20:23:33.751+0000] {processor.py:161} INFO - Started process (PID=1648) to work on /home/airflow/.local/lib/python3.8/site-packages/airflow/example_dags/example_datasets.py
[2024-07-01T20:23:33.753+0000] {processor.py:830} INFO - Processing file /home/airflow/.local/lib/python3.8/site-packages/airflow/example_dags/example_datasets.py for tasks to queue
[2024-07-01T20:23:33.769+0000] {logging_mixin.py:188} INFO - [2024-07-01T20:23:33.769+0000] {dagbag.py:538} INFO - Filling up the DagBag from /home/airflow/.local/lib/python3.8/site-packages/airflow/example_dags/example_datasets.py
[2024-07-01T20:23:33.809+0000] {processor.py:840} INFO - DAG(s) 'dataset_consumes_1_and_2', 'dataset_consumes_1_never_scheduled', 'dataset_produces_2', 'dataset_produces_1', 'dataset_consumes_unknown_never_scheduled', 'dataset_consumes_1' retrieved from /home/airflow/.local/lib/python3.8/site-packages/airflow/example_dags/example_datasets.py
[2024-07-01T20:23:33.916+0000] {logging_mixin.py:188} INFO - [2024-07-01T20:23:33.916+0000] {dag.py:3036} INFO - Sync 6 DAGs
[2024-07-01T20:23:33.961+0000] {logging_mixin.py:188} INFO - [2024-07-01T20:23:33.961+0000] {dag.py:3823} INFO - Setting next_dagrun for dataset_consumes_1 to None, run_after=None
[2024-07-01T20:23:33.969+0000] {logging_mixin.py:188} INFO - [2024-07-01T20:23:33.968+0000] {dag.py:3823} INFO - Setting next_dagrun for dataset_consumes_1_and_2 to None, run_after=None
[2024-07-01T20:23:33.972+0000] {logging_mixin.py:188} INFO - [2024-07-01T20:23:33.972+0000] {dag.py:3823} INFO - Setting next_dagrun for dataset_consumes_1_never_scheduled to None, run_after=None
[2024-07-01T20:23:33.976+0000] {logging_mixin.py:188} INFO - [2024-07-01T20:23:33.975+0000] {dag.py:3823} INFO - Setting next_dagrun for dataset_consumes_unknown_never_scheduled to None, run_after=None
[2024-07-01T20:23:33.982+0000] {logging_mixin.py:188} INFO - [2024-07-01T20:23:33.982+0000] {dag.py:3823} INFO - Setting next_dagrun for dataset_produces_1 to 2024-06-30 00:00:00+00:00, run_after=2024-07-01 00:00:00+00:00
[2024-07-01T20:23:33.985+0000] {logging_mixin.py:188} INFO - [2024-07-01T20:23:33.985+0000] {dag.py:3823} INFO - Setting next_dagrun for dataset_produces_2 to None, run_after=None
[2024-07-01T20:23:34.052+0000] {processor.py:183} INFO - Processing /home/airflow/.local/lib/python3.8/site-packages/airflow/example_dags/example_datasets.py took 0.320 seconds
[2024-07-01T20:24:04.295+0000] {processor.py:161} INFO - Started process (PID=1704) to work on /home/airflow/.local/lib/python3.8/site-packages/airflow/example_dags/example_datasets.py
[2024-07-01T20:24:04.297+0000] {processor.py:830} INFO - Processing file /home/airflow/.local/lib/python3.8/site-packages/airflow/example_dags/example_datasets.py for tasks to queue
[2024-07-01T20:24:04.301+0000] {logging_mixin.py:188} INFO - [2024-07-01T20:24:04.301+0000] {dagbag.py:538} INFO - Filling up the DagBag from /home/airflow/.local/lib/python3.8/site-packages/airflow/example_dags/example_datasets.py
[2024-07-01T20:24:04.325+0000] {processor.py:840} INFO - DAG(s) 'dataset_consumes_1_never_scheduled', 'dataset_consumes_unknown_never_scheduled', 'dataset_produces_2', 'dataset_consumes_1_and_2', 'dataset_produces_1', 'dataset_consumes_1' retrieved from /home/airflow/.local/lib/python3.8/site-packages/airflow/example_dags/example_datasets.py
[2024-07-01T20:24:04.417+0000] {logging_mixin.py:188} INFO - [2024-07-01T20:24:04.416+0000] {dag.py:3036} INFO - Sync 6 DAGs
[2024-07-01T20:24:04.487+0000] {logging_mixin.py:188} INFO - [2024-07-01T20:24:04.486+0000] {dag.py:3823} INFO - Setting next_dagrun for dataset_consumes_1 to None, run_after=None
[2024-07-01T20:24:04.496+0000] {logging_mixin.py:188} INFO - [2024-07-01T20:24:04.495+0000] {dag.py:3823} INFO - Setting next_dagrun for dataset_consumes_1_and_2 to None, run_after=None
[2024-07-01T20:24:04.501+0000] {logging_mixin.py:188} INFO - [2024-07-01T20:24:04.500+0000] {dag.py:3823} INFO - Setting next_dagrun for dataset_consumes_1_never_scheduled to None, run_after=None
[2024-07-01T20:24:04.505+0000] {logging_mixin.py:188} INFO - [2024-07-01T20:24:04.505+0000] {dag.py:3823} INFO - Setting next_dagrun for dataset_consumes_unknown_never_scheduled to None, run_after=None
[2024-07-01T20:24:04.515+0000] {logging_mixin.py:188} INFO - [2024-07-01T20:24:04.514+0000] {dag.py:3823} INFO - Setting next_dagrun for dataset_produces_1 to 2024-06-30 00:00:00+00:00, run_after=2024-07-01 00:00:00+00:00
[2024-07-01T20:24:04.519+0000] {logging_mixin.py:188} INFO - [2024-07-01T20:24:04.518+0000] {dag.py:3823} INFO - Setting next_dagrun for dataset_produces_2 to None, run_after=None
[2024-07-01T20:24:04.605+0000] {processor.py:183} INFO - Processing /home/airflow/.local/lib/python3.8/site-packages/airflow/example_dags/example_datasets.py took 0.316 seconds
[2024-07-01T20:24:34.971+0000] {processor.py:161} INFO - Started process (PID=1759) to work on /home/airflow/.local/lib/python3.8/site-packages/airflow/example_dags/example_datasets.py
[2024-07-01T20:24:34.973+0000] {processor.py:830} INFO - Processing file /home/airflow/.local/lib/python3.8/site-packages/airflow/example_dags/example_datasets.py for tasks to queue
[2024-07-01T20:24:34.976+0000] {logging_mixin.py:188} INFO - [2024-07-01T20:24:34.976+0000] {dagbag.py:538} INFO - Filling up the DagBag from /home/airflow/.local/lib/python3.8/site-packages/airflow/example_dags/example_datasets.py
[2024-07-01T20:24:34.995+0000] {processor.py:840} INFO - DAG(s) 'dataset_consumes_unknown_never_scheduled', 'dataset_produces_1', 'dataset_consumes_1_never_scheduled', 'dataset_produces_2', 'dataset_consumes_1_and_2', 'dataset_consumes_1' retrieved from /home/airflow/.local/lib/python3.8/site-packages/airflow/example_dags/example_datasets.py
[2024-07-01T20:24:35.075+0000] {logging_mixin.py:188} INFO - [2024-07-01T20:24:35.075+0000] {dag.py:3036} INFO - Sync 6 DAGs
[2024-07-01T20:24:35.123+0000] {logging_mixin.py:188} INFO - [2024-07-01T20:24:35.122+0000] {dag.py:3823} INFO - Setting next_dagrun for dataset_consumes_1 to None, run_after=None
[2024-07-01T20:24:35.130+0000] {logging_mixin.py:188} INFO - [2024-07-01T20:24:35.130+0000] {dag.py:3823} INFO - Setting next_dagrun for dataset_consumes_1_and_2 to None, run_after=None
[2024-07-01T20:24:35.134+0000] {logging_mixin.py:188} INFO - [2024-07-01T20:24:35.134+0000] {dag.py:3823} INFO - Setting next_dagrun for dataset_consumes_1_never_scheduled to None, run_after=None
[2024-07-01T20:24:35.138+0000] {logging_mixin.py:188} INFO - [2024-07-01T20:24:35.138+0000] {dag.py:3823} INFO - Setting next_dagrun for dataset_consumes_unknown_never_scheduled to None, run_after=None
[2024-07-01T20:24:35.146+0000] {logging_mixin.py:188} INFO - [2024-07-01T20:24:35.145+0000] {dag.py:3823} INFO - Setting next_dagrun for dataset_produces_1 to 2024-06-30 00:00:00+00:00, run_after=2024-07-01 00:00:00+00:00
[2024-07-01T20:24:35.149+0000] {logging_mixin.py:188} INFO - [2024-07-01T20:24:35.149+0000] {dag.py:3823} INFO - Setting next_dagrun for dataset_produces_2 to None, run_after=None
[2024-07-01T20:24:35.228+0000] {processor.py:183} INFO - Processing /home/airflow/.local/lib/python3.8/site-packages/airflow/example_dags/example_datasets.py took 0.263 seconds
[2024-07-01T20:25:06.143+0000] {processor.py:161} INFO - Started process (PID=1814) to work on /home/airflow/.local/lib/python3.8/site-packages/airflow/example_dags/example_datasets.py
[2024-07-01T20:25:06.144+0000] {processor.py:830} INFO - Processing file /home/airflow/.local/lib/python3.8/site-packages/airflow/example_dags/example_datasets.py for tasks to queue
[2024-07-01T20:25:06.149+0000] {logging_mixin.py:188} INFO - [2024-07-01T20:25:06.148+0000] {dagbag.py:538} INFO - Filling up the DagBag from /home/airflow/.local/lib/python3.8/site-packages/airflow/example_dags/example_datasets.py
[2024-07-01T20:25:06.172+0000] {processor.py:840} INFO - DAG(s) 'dataset_consumes_1_and_2', 'dataset_consumes_1_never_scheduled', 'dataset_produces_1', 'dataset_consumes_1', 'dataset_produces_2', 'dataset_consumes_unknown_never_scheduled' retrieved from /home/airflow/.local/lib/python3.8/site-packages/airflow/example_dags/example_datasets.py
[2024-07-01T20:25:06.267+0000] {logging_mixin.py:188} INFO - [2024-07-01T20:25:06.267+0000] {dag.py:3036} INFO - Sync 6 DAGs
[2024-07-01T20:25:06.333+0000] {logging_mixin.py:188} INFO - [2024-07-01T20:25:06.332+0000] {dag.py:3823} INFO - Setting next_dagrun for dataset_consumes_1 to None, run_after=None
[2024-07-01T20:25:06.343+0000] {logging_mixin.py:188} INFO - [2024-07-01T20:25:06.342+0000] {dag.py:3823} INFO - Setting next_dagrun for dataset_consumes_1_and_2 to None, run_after=None
[2024-07-01T20:25:06.350+0000] {logging_mixin.py:188} INFO - [2024-07-01T20:25:06.350+0000] {dag.py:3823} INFO - Setting next_dagrun for dataset_consumes_1_never_scheduled to None, run_after=None
[2024-07-01T20:25:06.354+0000] {logging_mixin.py:188} INFO - [2024-07-01T20:25:06.354+0000] {dag.py:3823} INFO - Setting next_dagrun for dataset_consumes_unknown_never_scheduled to None, run_after=None
[2024-07-01T20:25:06.364+0000] {logging_mixin.py:188} INFO - [2024-07-01T20:25:06.363+0000] {dag.py:3823} INFO - Setting next_dagrun for dataset_produces_1 to 2024-06-30 00:00:00+00:00, run_after=2024-07-01 00:00:00+00:00
[2024-07-01T20:25:06.368+0000] {logging_mixin.py:188} INFO - [2024-07-01T20:25:06.367+0000] {dag.py:3823} INFO - Setting next_dagrun for dataset_produces_2 to None, run_after=None
[2024-07-01T20:25:06.459+0000] {processor.py:183} INFO - Processing /home/airflow/.local/lib/python3.8/site-packages/airflow/example_dags/example_datasets.py took 0.324 seconds
