[2024-07-01T20:08:48.883+0000] {processor.py:161} INFO - Started process (PID=63) to work on /home/airflow/.local/lib/python3.8/site-packages/airflow/example_dags/example_complex.py
[2024-07-01T20:08:48.885+0000] {processor.py:830} INFO - Processing file /home/airflow/.local/lib/python3.8/site-packages/airflow/example_dags/example_complex.py for tasks to queue
[2024-07-01T20:08:48.888+0000] {logging_mixin.py:188} INFO - [2024-07-01T20:08:48.888+0000] {dagbag.py:538} INFO - Filling up the DagBag from /home/airflow/.local/lib/python3.8/site-packages/airflow/example_dags/example_complex.py
[2024-07-01T20:08:48.917+0000] {processor.py:840} INFO - DAG(s) 'example_complex' retrieved from /home/airflow/.local/lib/python3.8/site-packages/airflow/example_dags/example_complex.py
[2024-07-01T20:08:49.152+0000] {logging_mixin.py:188} INFO - [2024-07-01T20:08:49.152+0000] {dag.py:3036} INFO - Sync 1 DAGs
[2024-07-01T20:08:49.173+0000] {logging_mixin.py:188} INFO - [2024-07-01T20:08:49.173+0000] {dag.py:3823} INFO - Setting next_dagrun for example_complex to None, run_after=None
[2024-07-01T20:08:49.215+0000] {processor.py:183} INFO - Processing /home/airflow/.local/lib/python3.8/site-packages/airflow/example_dags/example_complex.py took 0.339 seconds
[2024-07-01T20:09:19.996+0000] {processor.py:161} INFO - Started process (PID=118) to work on /home/airflow/.local/lib/python3.8/site-packages/airflow/example_dags/example_complex.py
[2024-07-01T20:09:19.998+0000] {processor.py:830} INFO - Processing file /home/airflow/.local/lib/python3.8/site-packages/airflow/example_dags/example_complex.py for tasks to queue
[2024-07-01T20:09:20.002+0000] {logging_mixin.py:188} INFO - [2024-07-01T20:09:20.001+0000] {dagbag.py:538} INFO - Filling up the DagBag from /home/airflow/.local/lib/python3.8/site-packages/airflow/example_dags/example_complex.py
[2024-07-01T20:09:20.027+0000] {processor.py:840} INFO - DAG(s) 'example_complex' retrieved from /home/airflow/.local/lib/python3.8/site-packages/airflow/example_dags/example_complex.py
[2024-07-01T20:09:20.103+0000] {logging_mixin.py:188} INFO - [2024-07-01T20:09:20.103+0000] {dag.py:3036} INFO - Sync 1 DAGs
[2024-07-01T20:09:20.131+0000] {logging_mixin.py:188} INFO - [2024-07-01T20:09:20.130+0000] {dag.py:3823} INFO - Setting next_dagrun for example_complex to None, run_after=None
[2024-07-01T20:09:20.180+0000] {processor.py:183} INFO - Processing /home/airflow/.local/lib/python3.8/site-packages/airflow/example_dags/example_complex.py took 0.193 seconds
[2024-07-01T20:09:50.599+0000] {processor.py:161} INFO - Started process (PID=173) to work on /home/airflow/.local/lib/python3.8/site-packages/airflow/example_dags/example_complex.py
[2024-07-01T20:09:50.601+0000] {processor.py:830} INFO - Processing file /home/airflow/.local/lib/python3.8/site-packages/airflow/example_dags/example_complex.py for tasks to queue
[2024-07-01T20:09:50.606+0000] {logging_mixin.py:188} INFO - [2024-07-01T20:09:50.605+0000] {dagbag.py:538} INFO - Filling up the DagBag from /home/airflow/.local/lib/python3.8/site-packages/airflow/example_dags/example_complex.py
[2024-07-01T20:09:50.649+0000] {processor.py:840} INFO - DAG(s) 'example_complex' retrieved from /home/airflow/.local/lib/python3.8/site-packages/airflow/example_dags/example_complex.py
[2024-07-01T20:09:50.743+0000] {logging_mixin.py:188} INFO - [2024-07-01T20:09:50.743+0000] {dag.py:3036} INFO - Sync 1 DAGs
[2024-07-01T20:09:50.770+0000] {logging_mixin.py:188} INFO - [2024-07-01T20:09:50.770+0000] {dag.py:3823} INFO - Setting next_dagrun for example_complex to None, run_after=None
[2024-07-01T20:09:50.815+0000] {processor.py:183} INFO - Processing /home/airflow/.local/lib/python3.8/site-packages/airflow/example_dags/example_complex.py took 0.222 seconds
[2024-07-01T20:10:21.275+0000] {processor.py:161} INFO - Started process (PID=228) to work on /home/airflow/.local/lib/python3.8/site-packages/airflow/example_dags/example_complex.py
[2024-07-01T20:10:21.277+0000] {processor.py:830} INFO - Processing file /home/airflow/.local/lib/python3.8/site-packages/airflow/example_dags/example_complex.py for tasks to queue
[2024-07-01T20:10:21.280+0000] {logging_mixin.py:188} INFO - [2024-07-01T20:10:21.279+0000] {dagbag.py:538} INFO - Filling up the DagBag from /home/airflow/.local/lib/python3.8/site-packages/airflow/example_dags/example_complex.py
[2024-07-01T20:10:21.314+0000] {processor.py:840} INFO - DAG(s) 'example_complex' retrieved from /home/airflow/.local/lib/python3.8/site-packages/airflow/example_dags/example_complex.py
[2024-07-01T20:10:21.383+0000] {logging_mixin.py:188} INFO - [2024-07-01T20:10:21.382+0000] {dag.py:3036} INFO - Sync 1 DAGs
[2024-07-01T20:10:21.407+0000] {logging_mixin.py:188} INFO - [2024-07-01T20:10:21.406+0000] {dag.py:3823} INFO - Setting next_dagrun for example_complex to None, run_after=None
[2024-07-01T20:10:21.452+0000] {processor.py:183} INFO - Processing /home/airflow/.local/lib/python3.8/site-packages/airflow/example_dags/example_complex.py took 0.183 seconds
[2024-07-01T20:10:52.305+0000] {processor.py:161} INFO - Started process (PID=284) to work on /home/airflow/.local/lib/python3.8/site-packages/airflow/example_dags/example_complex.py
[2024-07-01T20:10:52.308+0000] {processor.py:830} INFO - Processing file /home/airflow/.local/lib/python3.8/site-packages/airflow/example_dags/example_complex.py for tasks to queue
[2024-07-01T20:10:52.312+0000] {logging_mixin.py:188} INFO - [2024-07-01T20:10:52.311+0000] {dagbag.py:538} INFO - Filling up the DagBag from /home/airflow/.local/lib/python3.8/site-packages/airflow/example_dags/example_complex.py
[2024-07-01T20:10:52.362+0000] {processor.py:840} INFO - DAG(s) 'example_complex' retrieved from /home/airflow/.local/lib/python3.8/site-packages/airflow/example_dags/example_complex.py
[2024-07-01T20:10:52.432+0000] {logging_mixin.py:188} INFO - [2024-07-01T20:10:52.432+0000] {dag.py:3036} INFO - Sync 1 DAGs
[2024-07-01T20:10:52.457+0000] {logging_mixin.py:188} INFO - [2024-07-01T20:10:52.456+0000] {dag.py:3823} INFO - Setting next_dagrun for example_complex to None, run_after=None
[2024-07-01T20:10:52.500+0000] {processor.py:183} INFO - Processing /home/airflow/.local/lib/python3.8/site-packages/airflow/example_dags/example_complex.py took 0.203 seconds
[2024-07-01T20:11:22.575+0000] {processor.py:161} INFO - Started process (PID=338) to work on /home/airflow/.local/lib/python3.8/site-packages/airflow/example_dags/example_complex.py
[2024-07-01T20:11:22.577+0000] {processor.py:830} INFO - Processing file /home/airflow/.local/lib/python3.8/site-packages/airflow/example_dags/example_complex.py for tasks to queue
[2024-07-01T20:11:22.580+0000] {logging_mixin.py:188} INFO - [2024-07-01T20:11:22.579+0000] {dagbag.py:538} INFO - Filling up the DagBag from /home/airflow/.local/lib/python3.8/site-packages/airflow/example_dags/example_complex.py
[2024-07-01T20:11:22.608+0000] {processor.py:840} INFO - DAG(s) 'example_complex' retrieved from /home/airflow/.local/lib/python3.8/site-packages/airflow/example_dags/example_complex.py
[2024-07-01T20:11:22.678+0000] {logging_mixin.py:188} INFO - [2024-07-01T20:11:22.678+0000] {dag.py:3036} INFO - Sync 1 DAGs
[2024-07-01T20:11:22.703+0000] {logging_mixin.py:188} INFO - [2024-07-01T20:11:22.703+0000] {dag.py:3823} INFO - Setting next_dagrun for example_complex to None, run_after=None
[2024-07-01T20:11:22.749+0000] {processor.py:183} INFO - Processing /home/airflow/.local/lib/python3.8/site-packages/airflow/example_dags/example_complex.py took 0.182 seconds
[2024-07-01T20:11:53.294+0000] {processor.py:161} INFO - Started process (PID=393) to work on /home/airflow/.local/lib/python3.8/site-packages/airflow/example_dags/example_complex.py
[2024-07-01T20:11:53.296+0000] {processor.py:830} INFO - Processing file /home/airflow/.local/lib/python3.8/site-packages/airflow/example_dags/example_complex.py for tasks to queue
[2024-07-01T20:11:53.299+0000] {logging_mixin.py:188} INFO - [2024-07-01T20:11:53.298+0000] {dagbag.py:538} INFO - Filling up the DagBag from /home/airflow/.local/lib/python3.8/site-packages/airflow/example_dags/example_complex.py
[2024-07-01T20:11:53.323+0000] {processor.py:840} INFO - DAG(s) 'example_complex' retrieved from /home/airflow/.local/lib/python3.8/site-packages/airflow/example_dags/example_complex.py
[2024-07-01T20:11:53.391+0000] {logging_mixin.py:188} INFO - [2024-07-01T20:11:53.391+0000] {dag.py:3036} INFO - Sync 1 DAGs
[2024-07-01T20:11:53.415+0000] {logging_mixin.py:188} INFO - [2024-07-01T20:11:53.415+0000] {dag.py:3823} INFO - Setting next_dagrun for example_complex to None, run_after=None
[2024-07-01T20:11:53.453+0000] {processor.py:183} INFO - Processing /home/airflow/.local/lib/python3.8/site-packages/airflow/example_dags/example_complex.py took 0.165 seconds
[2024-07-01T20:12:24.413+0000] {processor.py:161} INFO - Started process (PID=448) to work on /home/airflow/.local/lib/python3.8/site-packages/airflow/example_dags/example_complex.py
[2024-07-01T20:12:24.415+0000] {processor.py:830} INFO - Processing file /home/airflow/.local/lib/python3.8/site-packages/airflow/example_dags/example_complex.py for tasks to queue
[2024-07-01T20:12:24.419+0000] {logging_mixin.py:188} INFO - [2024-07-01T20:12:24.418+0000] {dagbag.py:538} INFO - Filling up the DagBag from /home/airflow/.local/lib/python3.8/site-packages/airflow/example_dags/example_complex.py
[2024-07-01T20:12:24.444+0000] {processor.py:840} INFO - DAG(s) 'example_complex' retrieved from /home/airflow/.local/lib/python3.8/site-packages/airflow/example_dags/example_complex.py
[2024-07-01T20:12:24.512+0000] {logging_mixin.py:188} INFO - [2024-07-01T20:12:24.512+0000] {dag.py:3036} INFO - Sync 1 DAGs
[2024-07-01T20:12:24.536+0000] {logging_mixin.py:188} INFO - [2024-07-01T20:12:24.535+0000] {dag.py:3823} INFO - Setting next_dagrun for example_complex to None, run_after=None
[2024-07-01T20:12:24.581+0000] {processor.py:183} INFO - Processing /home/airflow/.local/lib/python3.8/site-packages/airflow/example_dags/example_complex.py took 0.176 seconds
[2024-07-01T20:12:54.630+0000] {processor.py:161} INFO - Started process (PID=502) to work on /home/airflow/.local/lib/python3.8/site-packages/airflow/example_dags/example_complex.py
[2024-07-01T20:12:54.632+0000] {processor.py:830} INFO - Processing file /home/airflow/.local/lib/python3.8/site-packages/airflow/example_dags/example_complex.py for tasks to queue
[2024-07-01T20:12:54.637+0000] {logging_mixin.py:188} INFO - [2024-07-01T20:12:54.636+0000] {dagbag.py:538} INFO - Filling up the DagBag from /home/airflow/.local/lib/python3.8/site-packages/airflow/example_dags/example_complex.py
[2024-07-01T20:12:54.662+0000] {processor.py:840} INFO - DAG(s) 'example_complex' retrieved from /home/airflow/.local/lib/python3.8/site-packages/airflow/example_dags/example_complex.py
[2024-07-01T20:12:54.739+0000] {logging_mixin.py:188} INFO - [2024-07-01T20:12:54.739+0000] {dag.py:3036} INFO - Sync 1 DAGs
[2024-07-01T20:12:54.766+0000] {logging_mixin.py:188} INFO - [2024-07-01T20:12:54.766+0000] {dag.py:3823} INFO - Setting next_dagrun for example_complex to None, run_after=None
[2024-07-01T20:12:54.810+0000] {processor.py:183} INFO - Processing /home/airflow/.local/lib/python3.8/site-packages/airflow/example_dags/example_complex.py took 0.186 seconds
[2024-07-01T20:13:25.033+0000] {processor.py:161} INFO - Started process (PID=557) to work on /home/airflow/.local/lib/python3.8/site-packages/airflow/example_dags/example_complex.py
[2024-07-01T20:13:25.036+0000] {processor.py:830} INFO - Processing file /home/airflow/.local/lib/python3.8/site-packages/airflow/example_dags/example_complex.py for tasks to queue
[2024-07-01T20:13:25.040+0000] {logging_mixin.py:188} INFO - [2024-07-01T20:13:25.039+0000] {dagbag.py:538} INFO - Filling up the DagBag from /home/airflow/.local/lib/python3.8/site-packages/airflow/example_dags/example_complex.py
[2024-07-01T20:13:25.072+0000] {processor.py:840} INFO - DAG(s) 'example_complex' retrieved from /home/airflow/.local/lib/python3.8/site-packages/airflow/example_dags/example_complex.py
[2024-07-01T20:13:25.159+0000] {logging_mixin.py:188} INFO - [2024-07-01T20:13:25.159+0000] {dag.py:3036} INFO - Sync 1 DAGs
[2024-07-01T20:13:25.192+0000] {logging_mixin.py:188} INFO - [2024-07-01T20:13:25.191+0000] {dag.py:3823} INFO - Setting next_dagrun for example_complex to None, run_after=None
[2024-07-01T20:13:25.254+0000] {processor.py:183} INFO - Processing /home/airflow/.local/lib/python3.8/site-packages/airflow/example_dags/example_complex.py took 0.229 seconds
[2024-07-01T20:13:56.081+0000] {processor.py:161} INFO - Started process (PID=613) to work on /home/airflow/.local/lib/python3.8/site-packages/airflow/example_dags/example_complex.py
[2024-07-01T20:13:56.083+0000] {processor.py:830} INFO - Processing file /home/airflow/.local/lib/python3.8/site-packages/airflow/example_dags/example_complex.py for tasks to queue
[2024-07-01T20:13:56.087+0000] {logging_mixin.py:188} INFO - [2024-07-01T20:13:56.086+0000] {dagbag.py:538} INFO - Filling up the DagBag from /home/airflow/.local/lib/python3.8/site-packages/airflow/example_dags/example_complex.py
[2024-07-01T20:13:56.111+0000] {processor.py:840} INFO - DAG(s) 'example_complex' retrieved from /home/airflow/.local/lib/python3.8/site-packages/airflow/example_dags/example_complex.py
[2024-07-01T20:13:56.178+0000] {logging_mixin.py:188} INFO - [2024-07-01T20:13:56.177+0000] {dag.py:3036} INFO - Sync 1 DAGs
[2024-07-01T20:13:56.201+0000] {logging_mixin.py:188} INFO - [2024-07-01T20:13:56.200+0000] {dag.py:3823} INFO - Setting next_dagrun for example_complex to None, run_after=None
[2024-07-01T20:13:56.244+0000] {processor.py:183} INFO - Processing /home/airflow/.local/lib/python3.8/site-packages/airflow/example_dags/example_complex.py took 0.169 seconds
[2024-07-01T20:14:26.559+0000] {processor.py:161} INFO - Started process (PID=668) to work on /home/airflow/.local/lib/python3.8/site-packages/airflow/example_dags/example_complex.py
[2024-07-01T20:14:26.563+0000] {processor.py:830} INFO - Processing file /home/airflow/.local/lib/python3.8/site-packages/airflow/example_dags/example_complex.py for tasks to queue
[2024-07-01T20:14:26.578+0000] {logging_mixin.py:188} INFO - [2024-07-01T20:14:26.577+0000] {dagbag.py:538} INFO - Filling up the DagBag from /home/airflow/.local/lib/python3.8/site-packages/airflow/example_dags/example_complex.py
[2024-07-01T20:14:26.648+0000] {processor.py:840} INFO - DAG(s) 'example_complex' retrieved from /home/airflow/.local/lib/python3.8/site-packages/airflow/example_dags/example_complex.py
[2024-07-01T20:14:26.774+0000] {logging_mixin.py:188} INFO - [2024-07-01T20:14:26.773+0000] {dag.py:3036} INFO - Sync 1 DAGs
[2024-07-01T20:14:26.809+0000] {logging_mixin.py:188} INFO - [2024-07-01T20:14:26.809+0000] {dag.py:3823} INFO - Setting next_dagrun for example_complex to None, run_after=None
[2024-07-01T20:14:26.860+0000] {processor.py:183} INFO - Processing /home/airflow/.local/lib/python3.8/site-packages/airflow/example_dags/example_complex.py took 0.318 seconds
[2024-07-01T20:14:57.018+0000] {processor.py:161} INFO - Started process (PID=722) to work on /home/airflow/.local/lib/python3.8/site-packages/airflow/example_dags/example_complex.py
[2024-07-01T20:14:57.022+0000] {processor.py:830} INFO - Processing file /home/airflow/.local/lib/python3.8/site-packages/airflow/example_dags/example_complex.py for tasks to queue
[2024-07-01T20:14:57.028+0000] {logging_mixin.py:188} INFO - [2024-07-01T20:14:57.028+0000] {dagbag.py:538} INFO - Filling up the DagBag from /home/airflow/.local/lib/python3.8/site-packages/airflow/example_dags/example_complex.py
[2024-07-01T20:14:57.055+0000] {processor.py:840} INFO - DAG(s) 'example_complex' retrieved from /home/airflow/.local/lib/python3.8/site-packages/airflow/example_dags/example_complex.py
[2024-07-01T20:14:57.131+0000] {logging_mixin.py:188} INFO - [2024-07-01T20:14:57.131+0000] {dag.py:3036} INFO - Sync 1 DAGs
[2024-07-01T20:14:57.160+0000] {logging_mixin.py:188} INFO - [2024-07-01T20:14:57.159+0000] {dag.py:3823} INFO - Setting next_dagrun for example_complex to None, run_after=None
[2024-07-01T20:14:57.207+0000] {processor.py:183} INFO - Processing /home/airflow/.local/lib/python3.8/site-packages/airflow/example_dags/example_complex.py took 0.202 seconds
[2024-07-01T20:15:27.664+0000] {processor.py:161} INFO - Started process (PID=778) to work on /home/airflow/.local/lib/python3.8/site-packages/airflow/example_dags/example_complex.py
[2024-07-01T20:15:27.666+0000] {processor.py:830} INFO - Processing file /home/airflow/.local/lib/python3.8/site-packages/airflow/example_dags/example_complex.py for tasks to queue
[2024-07-01T20:15:27.669+0000] {logging_mixin.py:188} INFO - [2024-07-01T20:15:27.668+0000] {dagbag.py:538} INFO - Filling up the DagBag from /home/airflow/.local/lib/python3.8/site-packages/airflow/example_dags/example_complex.py
[2024-07-01T20:15:27.693+0000] {processor.py:840} INFO - DAG(s) 'example_complex' retrieved from /home/airflow/.local/lib/python3.8/site-packages/airflow/example_dags/example_complex.py
[2024-07-01T20:15:27.775+0000] {logging_mixin.py:188} INFO - [2024-07-01T20:15:27.775+0000] {dag.py:3036} INFO - Sync 1 DAGs
[2024-07-01T20:15:27.799+0000] {logging_mixin.py:188} INFO - [2024-07-01T20:15:27.799+0000] {dag.py:3823} INFO - Setting next_dagrun for example_complex to None, run_after=None
[2024-07-01T20:15:27.843+0000] {processor.py:183} INFO - Processing /home/airflow/.local/lib/python3.8/site-packages/airflow/example_dags/example_complex.py took 0.185 seconds
[2024-07-01T20:15:58.727+0000] {processor.py:161} INFO - Started process (PID=833) to work on /home/airflow/.local/lib/python3.8/site-packages/airflow/example_dags/example_complex.py
[2024-07-01T20:15:58.729+0000] {processor.py:830} INFO - Processing file /home/airflow/.local/lib/python3.8/site-packages/airflow/example_dags/example_complex.py for tasks to queue
[2024-07-01T20:15:58.733+0000] {logging_mixin.py:188} INFO - [2024-07-01T20:15:58.732+0000] {dagbag.py:538} INFO - Filling up the DagBag from /home/airflow/.local/lib/python3.8/site-packages/airflow/example_dags/example_complex.py
[2024-07-01T20:15:58.759+0000] {processor.py:840} INFO - DAG(s) 'example_complex' retrieved from /home/airflow/.local/lib/python3.8/site-packages/airflow/example_dags/example_complex.py
[2024-07-01T20:15:58.836+0000] {logging_mixin.py:188} INFO - [2024-07-01T20:15:58.835+0000] {dag.py:3036} INFO - Sync 1 DAGs
[2024-07-01T20:15:58.868+0000] {logging_mixin.py:188} INFO - [2024-07-01T20:15:58.867+0000] {dag.py:3823} INFO - Setting next_dagrun for example_complex to None, run_after=None
[2024-07-01T20:15:58.916+0000] {processor.py:183} INFO - Processing /home/airflow/.local/lib/python3.8/site-packages/airflow/example_dags/example_complex.py took 0.194 seconds
[2024-07-01T20:16:29.269+0000] {processor.py:161} INFO - Started process (PID=888) to work on /home/airflow/.local/lib/python3.8/site-packages/airflow/example_dags/example_complex.py
[2024-07-01T20:16:29.271+0000] {processor.py:830} INFO - Processing file /home/airflow/.local/lib/python3.8/site-packages/airflow/example_dags/example_complex.py for tasks to queue
[2024-07-01T20:16:29.275+0000] {logging_mixin.py:188} INFO - [2024-07-01T20:16:29.274+0000] {dagbag.py:538} INFO - Filling up the DagBag from /home/airflow/.local/lib/python3.8/site-packages/airflow/example_dags/example_complex.py
[2024-07-01T20:16:29.307+0000] {processor.py:840} INFO - DAG(s) 'example_complex' retrieved from /home/airflow/.local/lib/python3.8/site-packages/airflow/example_dags/example_complex.py
[2024-07-01T20:16:29.390+0000] {logging_mixin.py:188} INFO - [2024-07-01T20:16:29.389+0000] {dag.py:3036} INFO - Sync 1 DAGs
[2024-07-01T20:16:29.417+0000] {logging_mixin.py:188} INFO - [2024-07-01T20:16:29.416+0000] {dag.py:3823} INFO - Setting next_dagrun for example_complex to None, run_after=None
[2024-07-01T20:16:29.474+0000] {processor.py:183} INFO - Processing /home/airflow/.local/lib/python3.8/site-packages/airflow/example_dags/example_complex.py took 0.211 seconds
[2024-07-01T20:16:59.741+0000] {processor.py:161} INFO - Started process (PID=943) to work on /home/airflow/.local/lib/python3.8/site-packages/airflow/example_dags/example_complex.py
[2024-07-01T20:16:59.743+0000] {processor.py:830} INFO - Processing file /home/airflow/.local/lib/python3.8/site-packages/airflow/example_dags/example_complex.py for tasks to queue
[2024-07-01T20:16:59.748+0000] {logging_mixin.py:188} INFO - [2024-07-01T20:16:59.747+0000] {dagbag.py:538} INFO - Filling up the DagBag from /home/airflow/.local/lib/python3.8/site-packages/airflow/example_dags/example_complex.py
[2024-07-01T20:16:59.776+0000] {processor.py:840} INFO - DAG(s) 'example_complex' retrieved from /home/airflow/.local/lib/python3.8/site-packages/airflow/example_dags/example_complex.py
[2024-07-01T20:16:59.860+0000] {logging_mixin.py:188} INFO - [2024-07-01T20:16:59.860+0000] {dag.py:3036} INFO - Sync 1 DAGs
[2024-07-01T20:16:59.894+0000] {logging_mixin.py:188} INFO - [2024-07-01T20:16:59.894+0000] {dag.py:3823} INFO - Setting next_dagrun for example_complex to None, run_after=None
[2024-07-01T20:16:59.951+0000] {processor.py:183} INFO - Processing /home/airflow/.local/lib/python3.8/site-packages/airflow/example_dags/example_complex.py took 0.217 seconds
[2024-07-01T20:17:30.510+0000] {processor.py:161} INFO - Started process (PID=998) to work on /home/airflow/.local/lib/python3.8/site-packages/airflow/example_dags/example_complex.py
[2024-07-01T20:17:30.512+0000] {processor.py:830} INFO - Processing file /home/airflow/.local/lib/python3.8/site-packages/airflow/example_dags/example_complex.py for tasks to queue
[2024-07-01T20:17:30.517+0000] {logging_mixin.py:188} INFO - [2024-07-01T20:17:30.516+0000] {dagbag.py:538} INFO - Filling up the DagBag from /home/airflow/.local/lib/python3.8/site-packages/airflow/example_dags/example_complex.py
[2024-07-01T20:17:30.559+0000] {processor.py:840} INFO - DAG(s) 'example_complex' retrieved from /home/airflow/.local/lib/python3.8/site-packages/airflow/example_dags/example_complex.py
[2024-07-01T20:17:30.709+0000] {logging_mixin.py:188} INFO - [2024-07-01T20:17:30.708+0000] {dag.py:3036} INFO - Sync 1 DAGs
[2024-07-01T20:17:30.737+0000] {logging_mixin.py:188} INFO - [2024-07-01T20:17:30.737+0000] {dag.py:3823} INFO - Setting next_dagrun for example_complex to None, run_after=None
[2024-07-01T20:17:30.801+0000] {processor.py:183} INFO - Processing /home/airflow/.local/lib/python3.8/site-packages/airflow/example_dags/example_complex.py took 0.301 seconds
[2024-07-01T20:18:00.967+0000] {processor.py:161} INFO - Started process (PID=1053) to work on /home/airflow/.local/lib/python3.8/site-packages/airflow/example_dags/example_complex.py
[2024-07-01T20:18:00.970+0000] {processor.py:830} INFO - Processing file /home/airflow/.local/lib/python3.8/site-packages/airflow/example_dags/example_complex.py for tasks to queue
[2024-07-01T20:18:00.974+0000] {logging_mixin.py:188} INFO - [2024-07-01T20:18:00.973+0000] {dagbag.py:538} INFO - Filling up the DagBag from /home/airflow/.local/lib/python3.8/site-packages/airflow/example_dags/example_complex.py
[2024-07-01T20:18:01.005+0000] {processor.py:840} INFO - DAG(s) 'example_complex' retrieved from /home/airflow/.local/lib/python3.8/site-packages/airflow/example_dags/example_complex.py
[2024-07-01T20:18:01.101+0000] {logging_mixin.py:188} INFO - [2024-07-01T20:18:01.100+0000] {dag.py:3036} INFO - Sync 1 DAGs
[2024-07-01T20:18:01.126+0000] {logging_mixin.py:188} INFO - [2024-07-01T20:18:01.125+0000] {dag.py:3823} INFO - Setting next_dagrun for example_complex to None, run_after=None
[2024-07-01T20:18:01.170+0000] {processor.py:183} INFO - Processing /home/airflow/.local/lib/python3.8/site-packages/airflow/example_dags/example_complex.py took 0.211 seconds
[2024-07-01T20:18:31.348+0000] {processor.py:161} INFO - Started process (PID=1108) to work on /home/airflow/.local/lib/python3.8/site-packages/airflow/example_dags/example_complex.py
[2024-07-01T20:18:31.351+0000] {processor.py:830} INFO - Processing file /home/airflow/.local/lib/python3.8/site-packages/airflow/example_dags/example_complex.py for tasks to queue
[2024-07-01T20:18:31.357+0000] {logging_mixin.py:188} INFO - [2024-07-01T20:18:31.356+0000] {dagbag.py:538} INFO - Filling up the DagBag from /home/airflow/.local/lib/python3.8/site-packages/airflow/example_dags/example_complex.py
[2024-07-01T20:18:31.392+0000] {processor.py:840} INFO - DAG(s) 'example_complex' retrieved from /home/airflow/.local/lib/python3.8/site-packages/airflow/example_dags/example_complex.py
[2024-07-01T20:18:31.461+0000] {logging_mixin.py:188} INFO - [2024-07-01T20:18:31.460+0000] {dag.py:3036} INFO - Sync 1 DAGs
[2024-07-01T20:18:31.484+0000] {logging_mixin.py:188} INFO - [2024-07-01T20:18:31.484+0000] {dag.py:3823} INFO - Setting next_dagrun for example_complex to None, run_after=None
[2024-07-01T20:18:31.531+0000] {processor.py:183} INFO - Processing /home/airflow/.local/lib/python3.8/site-packages/airflow/example_dags/example_complex.py took 0.195 seconds
[2024-07-01T20:19:02.089+0000] {processor.py:161} INFO - Started process (PID=1163) to work on /home/airflow/.local/lib/python3.8/site-packages/airflow/example_dags/example_complex.py
[2024-07-01T20:19:02.093+0000] {processor.py:830} INFO - Processing file /home/airflow/.local/lib/python3.8/site-packages/airflow/example_dags/example_complex.py for tasks to queue
[2024-07-01T20:19:02.099+0000] {logging_mixin.py:188} INFO - [2024-07-01T20:19:02.098+0000] {dagbag.py:538} INFO - Filling up the DagBag from /home/airflow/.local/lib/python3.8/site-packages/airflow/example_dags/example_complex.py
[2024-07-01T20:19:02.143+0000] {processor.py:840} INFO - DAG(s) 'example_complex' retrieved from /home/airflow/.local/lib/python3.8/site-packages/airflow/example_dags/example_complex.py
[2024-07-01T20:19:02.234+0000] {logging_mixin.py:188} INFO - [2024-07-01T20:19:02.233+0000] {dag.py:3036} INFO - Sync 1 DAGs
[2024-07-01T20:19:02.257+0000] {logging_mixin.py:188} INFO - [2024-07-01T20:19:02.257+0000] {dag.py:3823} INFO - Setting next_dagrun for example_complex to None, run_after=None
[2024-07-01T20:19:02.304+0000] {processor.py:183} INFO - Processing /home/airflow/.local/lib/python3.8/site-packages/airflow/example_dags/example_complex.py took 0.226 seconds
[2024-07-01T20:19:32.378+0000] {processor.py:161} INFO - Started process (PID=1217) to work on /home/airflow/.local/lib/python3.8/site-packages/airflow/example_dags/example_complex.py
[2024-07-01T20:19:32.380+0000] {processor.py:830} INFO - Processing file /home/airflow/.local/lib/python3.8/site-packages/airflow/example_dags/example_complex.py for tasks to queue
[2024-07-01T20:19:32.383+0000] {logging_mixin.py:188} INFO - [2024-07-01T20:19:32.383+0000] {dagbag.py:538} INFO - Filling up the DagBag from /home/airflow/.local/lib/python3.8/site-packages/airflow/example_dags/example_complex.py
[2024-07-01T20:19:32.412+0000] {processor.py:840} INFO - DAG(s) 'example_complex' retrieved from /home/airflow/.local/lib/python3.8/site-packages/airflow/example_dags/example_complex.py
[2024-07-01T20:19:32.484+0000] {logging_mixin.py:188} INFO - [2024-07-01T20:19:32.484+0000] {dag.py:3036} INFO - Sync 1 DAGs
[2024-07-01T20:19:32.508+0000] {logging_mixin.py:188} INFO - [2024-07-01T20:19:32.508+0000] {dag.py:3823} INFO - Setting next_dagrun for example_complex to None, run_after=None
[2024-07-01T20:19:32.554+0000] {processor.py:183} INFO - Processing /home/airflow/.local/lib/python3.8/site-packages/airflow/example_dags/example_complex.py took 0.184 seconds
[2024-07-01T20:20:02.754+0000] {processor.py:161} INFO - Started process (PID=1272) to work on /home/airflow/.local/lib/python3.8/site-packages/airflow/example_dags/example_complex.py
[2024-07-01T20:20:02.756+0000] {processor.py:830} INFO - Processing file /home/airflow/.local/lib/python3.8/site-packages/airflow/example_dags/example_complex.py for tasks to queue
[2024-07-01T20:20:02.760+0000] {logging_mixin.py:188} INFO - [2024-07-01T20:20:02.759+0000] {dagbag.py:538} INFO - Filling up the DagBag from /home/airflow/.local/lib/python3.8/site-packages/airflow/example_dags/example_complex.py
[2024-07-01T20:20:02.806+0000] {processor.py:840} INFO - DAG(s) 'example_complex' retrieved from /home/airflow/.local/lib/python3.8/site-packages/airflow/example_dags/example_complex.py
[2024-07-01T20:20:02.879+0000] {logging_mixin.py:188} INFO - [2024-07-01T20:20:02.879+0000] {dag.py:3036} INFO - Sync 1 DAGs
[2024-07-01T20:20:02.903+0000] {logging_mixin.py:188} INFO - [2024-07-01T20:20:02.902+0000] {dag.py:3823} INFO - Setting next_dagrun for example_complex to None, run_after=None
[2024-07-01T20:20:02.946+0000] {processor.py:183} INFO - Processing /home/airflow/.local/lib/python3.8/site-packages/airflow/example_dags/example_complex.py took 0.200 seconds
[2024-07-01T20:20:33.247+0000] {processor.py:161} INFO - Started process (PID=1327) to work on /home/airflow/.local/lib/python3.8/site-packages/airflow/example_dags/example_complex.py
[2024-07-01T20:20:33.249+0000] {processor.py:830} INFO - Processing file /home/airflow/.local/lib/python3.8/site-packages/airflow/example_dags/example_complex.py for tasks to queue
[2024-07-01T20:20:33.252+0000] {logging_mixin.py:188} INFO - [2024-07-01T20:20:33.252+0000] {dagbag.py:538} INFO - Filling up the DagBag from /home/airflow/.local/lib/python3.8/site-packages/airflow/example_dags/example_complex.py
[2024-07-01T20:20:33.277+0000] {processor.py:840} INFO - DAG(s) 'example_complex' retrieved from /home/airflow/.local/lib/python3.8/site-packages/airflow/example_dags/example_complex.py
[2024-07-01T20:20:33.344+0000] {logging_mixin.py:188} INFO - [2024-07-01T20:20:33.344+0000] {dag.py:3036} INFO - Sync 1 DAGs
[2024-07-01T20:20:33.380+0000] {logging_mixin.py:188} INFO - [2024-07-01T20:20:33.380+0000] {dag.py:3823} INFO - Setting next_dagrun for example_complex to None, run_after=None
[2024-07-01T20:20:33.422+0000] {processor.py:183} INFO - Processing /home/airflow/.local/lib/python3.8/site-packages/airflow/example_dags/example_complex.py took 0.180 seconds
[2024-07-01T20:21:04.340+0000] {processor.py:161} INFO - Started process (PID=1383) to work on /home/airflow/.local/lib/python3.8/site-packages/airflow/example_dags/example_complex.py
[2024-07-01T20:21:04.343+0000] {processor.py:830} INFO - Processing file /home/airflow/.local/lib/python3.8/site-packages/airflow/example_dags/example_complex.py for tasks to queue
[2024-07-01T20:21:04.348+0000] {logging_mixin.py:188} INFO - [2024-07-01T20:21:04.347+0000] {dagbag.py:538} INFO - Filling up the DagBag from /home/airflow/.local/lib/python3.8/site-packages/airflow/example_dags/example_complex.py
[2024-07-01T20:21:04.392+0000] {processor.py:840} INFO - DAG(s) 'example_complex' retrieved from /home/airflow/.local/lib/python3.8/site-packages/airflow/example_dags/example_complex.py
[2024-07-01T20:21:04.492+0000] {logging_mixin.py:188} INFO - [2024-07-01T20:21:04.491+0000] {dag.py:3036} INFO - Sync 1 DAGs
[2024-07-01T20:21:04.530+0000] {logging_mixin.py:188} INFO - [2024-07-01T20:21:04.529+0000] {dag.py:3823} INFO - Setting next_dagrun for example_complex to None, run_after=None
[2024-07-01T20:21:04.589+0000] {processor.py:183} INFO - Processing /home/airflow/.local/lib/python3.8/site-packages/airflow/example_dags/example_complex.py took 0.258 seconds
[2024-07-01T20:21:35.004+0000] {processor.py:161} INFO - Started process (PID=1436) to work on /home/airflow/.local/lib/python3.8/site-packages/airflow/example_dags/example_complex.py
[2024-07-01T20:21:35.006+0000] {processor.py:830} INFO - Processing file /home/airflow/.local/lib/python3.8/site-packages/airflow/example_dags/example_complex.py for tasks to queue
[2024-07-01T20:21:35.009+0000] {logging_mixin.py:188} INFO - [2024-07-01T20:21:35.009+0000] {dagbag.py:538} INFO - Filling up the DagBag from /home/airflow/.local/lib/python3.8/site-packages/airflow/example_dags/example_complex.py
[2024-07-01T20:21:35.040+0000] {processor.py:840} INFO - DAG(s) 'example_complex' retrieved from /home/airflow/.local/lib/python3.8/site-packages/airflow/example_dags/example_complex.py
[2024-07-01T20:21:35.156+0000] {logging_mixin.py:188} INFO - [2024-07-01T20:21:35.156+0000] {dag.py:3036} INFO - Sync 1 DAGs
[2024-07-01T20:21:35.188+0000] {logging_mixin.py:188} INFO - [2024-07-01T20:21:35.188+0000] {dag.py:3823} INFO - Setting next_dagrun for example_complex to None, run_after=None
[2024-07-01T20:21:35.227+0000] {processor.py:183} INFO - Processing /home/airflow/.local/lib/python3.8/site-packages/airflow/example_dags/example_complex.py took 0.229 seconds
[2024-07-01T20:22:05.311+0000] {processor.py:161} INFO - Started process (PID=1491) to work on /home/airflow/.local/lib/python3.8/site-packages/airflow/example_dags/example_complex.py
[2024-07-01T20:22:05.313+0000] {processor.py:830} INFO - Processing file /home/airflow/.local/lib/python3.8/site-packages/airflow/example_dags/example_complex.py for tasks to queue
[2024-07-01T20:22:05.316+0000] {logging_mixin.py:188} INFO - [2024-07-01T20:22:05.316+0000] {dagbag.py:538} INFO - Filling up the DagBag from /home/airflow/.local/lib/python3.8/site-packages/airflow/example_dags/example_complex.py
[2024-07-01T20:22:05.341+0000] {processor.py:840} INFO - DAG(s) 'example_complex' retrieved from /home/airflow/.local/lib/python3.8/site-packages/airflow/example_dags/example_complex.py
[2024-07-01T20:22:05.410+0000] {logging_mixin.py:188} INFO - [2024-07-01T20:22:05.410+0000] {dag.py:3036} INFO - Sync 1 DAGs
[2024-07-01T20:22:05.434+0000] {logging_mixin.py:188} INFO - [2024-07-01T20:22:05.434+0000] {dag.py:3823} INFO - Setting next_dagrun for example_complex to None, run_after=None
[2024-07-01T20:22:05.478+0000] {processor.py:183} INFO - Processing /home/airflow/.local/lib/python3.8/site-packages/airflow/example_dags/example_complex.py took 0.173 seconds
[2024-07-01T20:22:35.730+0000] {processor.py:161} INFO - Started process (PID=1546) to work on /home/airflow/.local/lib/python3.8/site-packages/airflow/example_dags/example_complex.py
[2024-07-01T20:22:35.732+0000] {processor.py:830} INFO - Processing file /home/airflow/.local/lib/python3.8/site-packages/airflow/example_dags/example_complex.py for tasks to queue
[2024-07-01T20:22:35.736+0000] {logging_mixin.py:188} INFO - [2024-07-01T20:22:35.735+0000] {dagbag.py:538} INFO - Filling up the DagBag from /home/airflow/.local/lib/python3.8/site-packages/airflow/example_dags/example_complex.py
[2024-07-01T20:22:35.768+0000] {processor.py:840} INFO - DAG(s) 'example_complex' retrieved from /home/airflow/.local/lib/python3.8/site-packages/airflow/example_dags/example_complex.py
[2024-07-01T20:22:35.841+0000] {logging_mixin.py:188} INFO - [2024-07-01T20:22:35.840+0000] {dag.py:3036} INFO - Sync 1 DAGs
[2024-07-01T20:22:35.866+0000] {logging_mixin.py:188} INFO - [2024-07-01T20:22:35.866+0000] {dag.py:3823} INFO - Setting next_dagrun for example_complex to None, run_after=None
[2024-07-01T20:22:35.916+0000] {processor.py:183} INFO - Processing /home/airflow/.local/lib/python3.8/site-packages/airflow/example_dags/example_complex.py took 0.192 seconds
[2024-07-01T20:23:06.571+0000] {processor.py:161} INFO - Started process (PID=1601) to work on /home/airflow/.local/lib/python3.8/site-packages/airflow/example_dags/example_complex.py
[2024-07-01T20:23:06.574+0000] {processor.py:830} INFO - Processing file /home/airflow/.local/lib/python3.8/site-packages/airflow/example_dags/example_complex.py for tasks to queue
[2024-07-01T20:23:06.577+0000] {logging_mixin.py:188} INFO - [2024-07-01T20:23:06.577+0000] {dagbag.py:538} INFO - Filling up the DagBag from /home/airflow/.local/lib/python3.8/site-packages/airflow/example_dags/example_complex.py
[2024-07-01T20:23:06.602+0000] {processor.py:840} INFO - DAG(s) 'example_complex' retrieved from /home/airflow/.local/lib/python3.8/site-packages/airflow/example_dags/example_complex.py
[2024-07-01T20:23:06.685+0000] {logging_mixin.py:188} INFO - [2024-07-01T20:23:06.685+0000] {dag.py:3036} INFO - Sync 1 DAGs
[2024-07-01T20:23:06.718+0000] {logging_mixin.py:188} INFO - [2024-07-01T20:23:06.717+0000] {dag.py:3823} INFO - Setting next_dagrun for example_complex to None, run_after=None
[2024-07-01T20:23:06.777+0000] {processor.py:183} INFO - Processing /home/airflow/.local/lib/python3.8/site-packages/airflow/example_dags/example_complex.py took 0.213 seconds
[2024-07-01T20:23:37.140+0000] {processor.py:161} INFO - Started process (PID=1656) to work on /home/airflow/.local/lib/python3.8/site-packages/airflow/example_dags/example_complex.py
[2024-07-01T20:23:37.142+0000] {processor.py:830} INFO - Processing file /home/airflow/.local/lib/python3.8/site-packages/airflow/example_dags/example_complex.py for tasks to queue
[2024-07-01T20:23:37.148+0000] {logging_mixin.py:188} INFO - [2024-07-01T20:23:37.147+0000] {dagbag.py:538} INFO - Filling up the DagBag from /home/airflow/.local/lib/python3.8/site-packages/airflow/example_dags/example_complex.py
[2024-07-01T20:23:37.193+0000] {processor.py:840} INFO - DAG(s) 'example_complex' retrieved from /home/airflow/.local/lib/python3.8/site-packages/airflow/example_dags/example_complex.py
[2024-07-01T20:23:37.288+0000] {logging_mixin.py:188} INFO - [2024-07-01T20:23:37.287+0000] {dag.py:3036} INFO - Sync 1 DAGs
[2024-07-01T20:23:37.314+0000] {logging_mixin.py:188} INFO - [2024-07-01T20:23:37.314+0000] {dag.py:3823} INFO - Setting next_dagrun for example_complex to None, run_after=None
[2024-07-01T20:23:37.393+0000] {processor.py:183} INFO - Processing /home/airflow/.local/lib/python3.8/site-packages/airflow/example_dags/example_complex.py took 0.267 seconds
[2024-07-01T20:24:07.705+0000] {processor.py:161} INFO - Started process (PID=1712) to work on /home/airflow/.local/lib/python3.8/site-packages/airflow/example_dags/example_complex.py
[2024-07-01T20:24:07.708+0000] {processor.py:830} INFO - Processing file /home/airflow/.local/lib/python3.8/site-packages/airflow/example_dags/example_complex.py for tasks to queue
[2024-07-01T20:24:07.712+0000] {logging_mixin.py:188} INFO - [2024-07-01T20:24:07.711+0000] {dagbag.py:538} INFO - Filling up the DagBag from /home/airflow/.local/lib/python3.8/site-packages/airflow/example_dags/example_complex.py
[2024-07-01T20:24:07.752+0000] {processor.py:840} INFO - DAG(s) 'example_complex' retrieved from /home/airflow/.local/lib/python3.8/site-packages/airflow/example_dags/example_complex.py
[2024-07-01T20:24:07.833+0000] {logging_mixin.py:188} INFO - [2024-07-01T20:24:07.832+0000] {dag.py:3036} INFO - Sync 1 DAGs
[2024-07-01T20:24:07.859+0000] {logging_mixin.py:188} INFO - [2024-07-01T20:24:07.859+0000] {dag.py:3823} INFO - Setting next_dagrun for example_complex to None, run_after=None
[2024-07-01T20:24:07.906+0000] {processor.py:183} INFO - Processing /home/airflow/.local/lib/python3.8/site-packages/airflow/example_dags/example_complex.py took 0.211 seconds
[2024-07-01T20:24:38.135+0000] {processor.py:161} INFO - Started process (PID=1773) to work on /home/airflow/.local/lib/python3.8/site-packages/airflow/example_dags/example_complex.py
[2024-07-01T20:24:38.137+0000] {processor.py:830} INFO - Processing file /home/airflow/.local/lib/python3.8/site-packages/airflow/example_dags/example_complex.py for tasks to queue
[2024-07-01T20:24:38.141+0000] {logging_mixin.py:188} INFO - [2024-07-01T20:24:38.140+0000] {dagbag.py:538} INFO - Filling up the DagBag from /home/airflow/.local/lib/python3.8/site-packages/airflow/example_dags/example_complex.py
[2024-07-01T20:24:38.166+0000] {processor.py:840} INFO - DAG(s) 'example_complex' retrieved from /home/airflow/.local/lib/python3.8/site-packages/airflow/example_dags/example_complex.py
[2024-07-01T20:24:38.240+0000] {logging_mixin.py:188} INFO - [2024-07-01T20:24:38.240+0000] {dag.py:3036} INFO - Sync 1 DAGs
[2024-07-01T20:24:38.265+0000] {logging_mixin.py:188} INFO - [2024-07-01T20:24:38.264+0000] {dag.py:3823} INFO - Setting next_dagrun for example_complex to None, run_after=None
[2024-07-01T20:24:38.328+0000] {processor.py:183} INFO - Processing /home/airflow/.local/lib/python3.8/site-packages/airflow/example_dags/example_complex.py took 0.200 seconds
[2024-07-01T20:25:08.623+0000] {processor.py:161} INFO - Started process (PID=1828) to work on /home/airflow/.local/lib/python3.8/site-packages/airflow/example_dags/example_complex.py
[2024-07-01T20:25:08.625+0000] {processor.py:830} INFO - Processing file /home/airflow/.local/lib/python3.8/site-packages/airflow/example_dags/example_complex.py for tasks to queue
[2024-07-01T20:25:08.630+0000] {logging_mixin.py:188} INFO - [2024-07-01T20:25:08.629+0000] {dagbag.py:538} INFO - Filling up the DagBag from /home/airflow/.local/lib/python3.8/site-packages/airflow/example_dags/example_complex.py
[2024-07-01T20:25:08.667+0000] {processor.py:840} INFO - DAG(s) 'example_complex' retrieved from /home/airflow/.local/lib/python3.8/site-packages/airflow/example_dags/example_complex.py
[2024-07-01T20:25:08.772+0000] {logging_mixin.py:188} INFO - [2024-07-01T20:25:08.772+0000] {dag.py:3036} INFO - Sync 1 DAGs
[2024-07-01T20:25:08.811+0000] {logging_mixin.py:188} INFO - [2024-07-01T20:25:08.810+0000] {dag.py:3823} INFO - Setting next_dagrun for example_complex to None, run_after=None
[2024-07-01T20:25:08.902+0000] {processor.py:183} INFO - Processing /home/airflow/.local/lib/python3.8/site-packages/airflow/example_dags/example_complex.py took 0.289 seconds
