[2024-07-01T20:08:45.154+0000] {processor.py:161} INFO - Started process (PID=50) to work on /home/airflow/.local/lib/python3.8/site-packages/airflow/example_dags/example_external_task_marker_dag.py
[2024-07-01T20:08:45.156+0000] {processor.py:830} INFO - Processing file /home/airflow/.local/lib/python3.8/site-packages/airflow/example_dags/example_external_task_marker_dag.py for tasks to queue
[2024-07-01T20:08:45.161+0000] {logging_mixin.py:188} INFO - [2024-07-01T20:08:45.160+0000] {dagbag.py:538} INFO - Filling up the DagBag from /home/airflow/.local/lib/python3.8/site-packages/airflow/example_dags/example_external_task_marker_dag.py
[2024-07-01T20:08:45.177+0000] {processor.py:840} INFO - DAG(s) 'example_external_task_marker_child', 'example_external_task_marker_parent' retrieved from /home/airflow/.local/lib/python3.8/site-packages/airflow/example_dags/example_external_task_marker_dag.py
[2024-07-01T20:08:45.492+0000] {logging_mixin.py:188} INFO - [2024-07-01T20:08:45.492+0000] {dag.py:3036} INFO - Sync 2 DAGs
[2024-07-01T20:08:45.522+0000] {logging_mixin.py:188} INFO - [2024-07-01T20:08:45.521+0000] {dag.py:3823} INFO - Setting next_dagrun for example_external_task_marker_child to None, run_after=None
[2024-07-01T20:08:45.533+0000] {logging_mixin.py:188} INFO - [2024-07-01T20:08:45.532+0000] {dag.py:3823} INFO - Setting next_dagrun for example_external_task_marker_parent to None, run_after=None
[2024-07-01T20:08:45.576+0000] {processor.py:183} INFO - Processing /home/airflow/.local/lib/python3.8/site-packages/airflow/example_dags/example_external_task_marker_dag.py took 0.428 seconds
[2024-07-01T20:09:16.258+0000] {processor.py:161} INFO - Started process (PID=105) to work on /home/airflow/.local/lib/python3.8/site-packages/airflow/example_dags/example_external_task_marker_dag.py
[2024-07-01T20:09:16.260+0000] {processor.py:830} INFO - Processing file /home/airflow/.local/lib/python3.8/site-packages/airflow/example_dags/example_external_task_marker_dag.py for tasks to queue
[2024-07-01T20:09:16.264+0000] {logging_mixin.py:188} INFO - [2024-07-01T20:09:16.264+0000] {dagbag.py:538} INFO - Filling up the DagBag from /home/airflow/.local/lib/python3.8/site-packages/airflow/example_dags/example_external_task_marker_dag.py
[2024-07-01T20:09:16.277+0000] {processor.py:840} INFO - DAG(s) 'example_external_task_marker_child', 'example_external_task_marker_parent' retrieved from /home/airflow/.local/lib/python3.8/site-packages/airflow/example_dags/example_external_task_marker_dag.py
[2024-07-01T20:09:16.324+0000] {logging_mixin.py:188} INFO - [2024-07-01T20:09:16.324+0000] {dag.py:3036} INFO - Sync 2 DAGs
[2024-07-01T20:09:16.351+0000] {logging_mixin.py:188} INFO - [2024-07-01T20:09:16.351+0000] {dag.py:3823} INFO - Setting next_dagrun for example_external_task_marker_child to None, run_after=None
[2024-07-01T20:09:16.359+0000] {logging_mixin.py:188} INFO - [2024-07-01T20:09:16.358+0000] {dag.py:3823} INFO - Setting next_dagrun for example_external_task_marker_parent to None, run_after=None
[2024-07-01T20:09:16.397+0000] {processor.py:183} INFO - Processing /home/airflow/.local/lib/python3.8/site-packages/airflow/example_dags/example_external_task_marker_dag.py took 0.147 seconds
[2024-07-01T20:09:46.590+0000] {processor.py:161} INFO - Started process (PID=160) to work on /home/airflow/.local/lib/python3.8/site-packages/airflow/example_dags/example_external_task_marker_dag.py
[2024-07-01T20:09:46.592+0000] {processor.py:830} INFO - Processing file /home/airflow/.local/lib/python3.8/site-packages/airflow/example_dags/example_external_task_marker_dag.py for tasks to queue
[2024-07-01T20:09:46.595+0000] {logging_mixin.py:188} INFO - [2024-07-01T20:09:46.595+0000] {dagbag.py:538} INFO - Filling up the DagBag from /home/airflow/.local/lib/python3.8/site-packages/airflow/example_dags/example_external_task_marker_dag.py
[2024-07-01T20:09:46.607+0000] {processor.py:840} INFO - DAG(s) 'example_external_task_marker_child', 'example_external_task_marker_parent' retrieved from /home/airflow/.local/lib/python3.8/site-packages/airflow/example_dags/example_external_task_marker_dag.py
[2024-07-01T20:09:46.652+0000] {logging_mixin.py:188} INFO - [2024-07-01T20:09:46.652+0000] {dag.py:3036} INFO - Sync 2 DAGs
[2024-07-01T20:09:46.680+0000] {logging_mixin.py:188} INFO - [2024-07-01T20:09:46.680+0000] {dag.py:3823} INFO - Setting next_dagrun for example_external_task_marker_child to None, run_after=None
[2024-07-01T20:09:46.689+0000] {logging_mixin.py:188} INFO - [2024-07-01T20:09:46.689+0000] {dag.py:3823} INFO - Setting next_dagrun for example_external_task_marker_parent to None, run_after=None
[2024-07-01T20:09:46.724+0000] {processor.py:183} INFO - Processing /home/airflow/.local/lib/python3.8/site-packages/airflow/example_dags/example_external_task_marker_dag.py took 0.141 seconds
[2024-07-01T20:10:16.989+0000] {processor.py:161} INFO - Started process (PID=215) to work on /home/airflow/.local/lib/python3.8/site-packages/airflow/example_dags/example_external_task_marker_dag.py
[2024-07-01T20:10:16.991+0000] {processor.py:830} INFO - Processing file /home/airflow/.local/lib/python3.8/site-packages/airflow/example_dags/example_external_task_marker_dag.py for tasks to queue
[2024-07-01T20:10:16.994+0000] {logging_mixin.py:188} INFO - [2024-07-01T20:10:16.994+0000] {dagbag.py:538} INFO - Filling up the DagBag from /home/airflow/.local/lib/python3.8/site-packages/airflow/example_dags/example_external_task_marker_dag.py
[2024-07-01T20:10:17.006+0000] {processor.py:840} INFO - DAG(s) 'example_external_task_marker_child', 'example_external_task_marker_parent' retrieved from /home/airflow/.local/lib/python3.8/site-packages/airflow/example_dags/example_external_task_marker_dag.py
[2024-07-01T20:10:17.050+0000] {logging_mixin.py:188} INFO - [2024-07-01T20:10:17.050+0000] {dag.py:3036} INFO - Sync 2 DAGs
[2024-07-01T20:10:17.076+0000] {logging_mixin.py:188} INFO - [2024-07-01T20:10:17.076+0000] {dag.py:3823} INFO - Setting next_dagrun for example_external_task_marker_child to None, run_after=None
[2024-07-01T20:10:17.085+0000] {logging_mixin.py:188} INFO - [2024-07-01T20:10:17.084+0000] {dag.py:3823} INFO - Setting next_dagrun for example_external_task_marker_parent to None, run_after=None
[2024-07-01T20:10:17.119+0000] {processor.py:183} INFO - Processing /home/airflow/.local/lib/python3.8/site-packages/airflow/example_dags/example_external_task_marker_dag.py took 0.137 seconds
[2024-07-01T20:10:47.546+0000] {processor.py:161} INFO - Started process (PID=271) to work on /home/airflow/.local/lib/python3.8/site-packages/airflow/example_dags/example_external_task_marker_dag.py
[2024-07-01T20:10:47.548+0000] {processor.py:830} INFO - Processing file /home/airflow/.local/lib/python3.8/site-packages/airflow/example_dags/example_external_task_marker_dag.py for tasks to queue
[2024-07-01T20:10:47.551+0000] {logging_mixin.py:188} INFO - [2024-07-01T20:10:47.551+0000] {dagbag.py:538} INFO - Filling up the DagBag from /home/airflow/.local/lib/python3.8/site-packages/airflow/example_dags/example_external_task_marker_dag.py
[2024-07-01T20:10:47.563+0000] {processor.py:840} INFO - DAG(s) 'example_external_task_marker_child', 'example_external_task_marker_parent' retrieved from /home/airflow/.local/lib/python3.8/site-packages/airflow/example_dags/example_external_task_marker_dag.py
[2024-07-01T20:10:47.608+0000] {logging_mixin.py:188} INFO - [2024-07-01T20:10:47.608+0000] {dag.py:3036} INFO - Sync 2 DAGs
[2024-07-01T20:10:47.633+0000] {logging_mixin.py:188} INFO - [2024-07-01T20:10:47.632+0000] {dag.py:3823} INFO - Setting next_dagrun for example_external_task_marker_child to None, run_after=None
[2024-07-01T20:10:47.640+0000] {logging_mixin.py:188} INFO - [2024-07-01T20:10:47.640+0000] {dag.py:3823} INFO - Setting next_dagrun for example_external_task_marker_parent to None, run_after=None
[2024-07-01T20:10:47.677+0000] {processor.py:183} INFO - Processing /home/airflow/.local/lib/python3.8/site-packages/airflow/example_dags/example_external_task_marker_dag.py took 0.137 seconds
[2024-07-01T20:11:18.275+0000] {processor.py:161} INFO - Started process (PID=325) to work on /home/airflow/.local/lib/python3.8/site-packages/airflow/example_dags/example_external_task_marker_dag.py
[2024-07-01T20:11:18.277+0000] {processor.py:830} INFO - Processing file /home/airflow/.local/lib/python3.8/site-packages/airflow/example_dags/example_external_task_marker_dag.py for tasks to queue
[2024-07-01T20:11:18.281+0000] {logging_mixin.py:188} INFO - [2024-07-01T20:11:18.280+0000] {dagbag.py:538} INFO - Filling up the DagBag from /home/airflow/.local/lib/python3.8/site-packages/airflow/example_dags/example_external_task_marker_dag.py
[2024-07-01T20:11:18.294+0000] {processor.py:840} INFO - DAG(s) 'example_external_task_marker_child', 'example_external_task_marker_parent' retrieved from /home/airflow/.local/lib/python3.8/site-packages/airflow/example_dags/example_external_task_marker_dag.py
[2024-07-01T20:11:18.341+0000] {logging_mixin.py:188} INFO - [2024-07-01T20:11:18.341+0000] {dag.py:3036} INFO - Sync 2 DAGs
[2024-07-01T20:11:18.365+0000] {logging_mixin.py:188} INFO - [2024-07-01T20:11:18.365+0000] {dag.py:3823} INFO - Setting next_dagrun for example_external_task_marker_child to None, run_after=None
[2024-07-01T20:11:18.374+0000] {logging_mixin.py:188} INFO - [2024-07-01T20:11:18.373+0000] {dag.py:3823} INFO - Setting next_dagrun for example_external_task_marker_parent to None, run_after=None
[2024-07-01T20:11:18.409+0000] {processor.py:183} INFO - Processing /home/airflow/.local/lib/python3.8/site-packages/airflow/example_dags/example_external_task_marker_dag.py took 0.141 seconds
[2024-07-01T20:11:48.554+0000] {processor.py:161} INFO - Started process (PID=380) to work on /home/airflow/.local/lib/python3.8/site-packages/airflow/example_dags/example_external_task_marker_dag.py
[2024-07-01T20:11:48.556+0000] {processor.py:830} INFO - Processing file /home/airflow/.local/lib/python3.8/site-packages/airflow/example_dags/example_external_task_marker_dag.py for tasks to queue
[2024-07-01T20:11:48.560+0000] {logging_mixin.py:188} INFO - [2024-07-01T20:11:48.560+0000] {dagbag.py:538} INFO - Filling up the DagBag from /home/airflow/.local/lib/python3.8/site-packages/airflow/example_dags/example_external_task_marker_dag.py
[2024-07-01T20:11:48.572+0000] {processor.py:840} INFO - DAG(s) 'example_external_task_marker_parent', 'example_external_task_marker_child' retrieved from /home/airflow/.local/lib/python3.8/site-packages/airflow/example_dags/example_external_task_marker_dag.py
[2024-07-01T20:11:48.623+0000] {logging_mixin.py:188} INFO - [2024-07-01T20:11:48.622+0000] {dag.py:3036} INFO - Sync 2 DAGs
[2024-07-01T20:11:48.649+0000] {logging_mixin.py:188} INFO - [2024-07-01T20:11:48.649+0000] {dag.py:3823} INFO - Setting next_dagrun for example_external_task_marker_child to None, run_after=None
[2024-07-01T20:11:48.658+0000] {logging_mixin.py:188} INFO - [2024-07-01T20:11:48.657+0000] {dag.py:3823} INFO - Setting next_dagrun for example_external_task_marker_parent to None, run_after=None
[2024-07-01T20:11:48.702+0000] {processor.py:183} INFO - Processing /home/airflow/.local/lib/python3.8/site-packages/airflow/example_dags/example_external_task_marker_dag.py took 0.153 seconds
[2024-07-01T20:12:18.852+0000] {processor.py:161} INFO - Started process (PID=435) to work on /home/airflow/.local/lib/python3.8/site-packages/airflow/example_dags/example_external_task_marker_dag.py
[2024-07-01T20:12:18.854+0000] {processor.py:830} INFO - Processing file /home/airflow/.local/lib/python3.8/site-packages/airflow/example_dags/example_external_task_marker_dag.py for tasks to queue
[2024-07-01T20:12:18.858+0000] {logging_mixin.py:188} INFO - [2024-07-01T20:12:18.857+0000] {dagbag.py:538} INFO - Filling up the DagBag from /home/airflow/.local/lib/python3.8/site-packages/airflow/example_dags/example_external_task_marker_dag.py
[2024-07-01T20:12:18.869+0000] {processor.py:840} INFO - DAG(s) 'example_external_task_marker_child', 'example_external_task_marker_parent' retrieved from /home/airflow/.local/lib/python3.8/site-packages/airflow/example_dags/example_external_task_marker_dag.py
[2024-07-01T20:12:18.916+0000] {logging_mixin.py:188} INFO - [2024-07-01T20:12:18.915+0000] {dag.py:3036} INFO - Sync 2 DAGs
[2024-07-01T20:12:18.940+0000] {logging_mixin.py:188} INFO - [2024-07-01T20:12:18.940+0000] {dag.py:3823} INFO - Setting next_dagrun for example_external_task_marker_child to None, run_after=None
[2024-07-01T20:12:18.948+0000] {logging_mixin.py:188} INFO - [2024-07-01T20:12:18.947+0000] {dag.py:3823} INFO - Setting next_dagrun for example_external_task_marker_parent to None, run_after=None
[2024-07-01T20:12:18.983+0000] {processor.py:183} INFO - Processing /home/airflow/.local/lib/python3.8/site-packages/airflow/example_dags/example_external_task_marker_dag.py took 0.137 seconds
[2024-07-01T20:12:49.253+0000] {processor.py:161} INFO - Started process (PID=490) to work on /home/airflow/.local/lib/python3.8/site-packages/airflow/example_dags/example_external_task_marker_dag.py
[2024-07-01T20:12:49.255+0000] {processor.py:830} INFO - Processing file /home/airflow/.local/lib/python3.8/site-packages/airflow/example_dags/example_external_task_marker_dag.py for tasks to queue
[2024-07-01T20:12:49.260+0000] {logging_mixin.py:188} INFO - [2024-07-01T20:12:49.259+0000] {dagbag.py:538} INFO - Filling up the DagBag from /home/airflow/.local/lib/python3.8/site-packages/airflow/example_dags/example_external_task_marker_dag.py
[2024-07-01T20:12:49.273+0000] {processor.py:840} INFO - DAG(s) 'example_external_task_marker_parent', 'example_external_task_marker_child' retrieved from /home/airflow/.local/lib/python3.8/site-packages/airflow/example_dags/example_external_task_marker_dag.py
[2024-07-01T20:12:49.333+0000] {logging_mixin.py:188} INFO - [2024-07-01T20:12:49.333+0000] {dag.py:3036} INFO - Sync 2 DAGs
[2024-07-01T20:12:49.362+0000] {logging_mixin.py:188} INFO - [2024-07-01T20:12:49.362+0000] {dag.py:3823} INFO - Setting next_dagrun for example_external_task_marker_child to None, run_after=None
[2024-07-01T20:12:49.371+0000] {logging_mixin.py:188} INFO - [2024-07-01T20:12:49.370+0000] {dag.py:3823} INFO - Setting next_dagrun for example_external_task_marker_parent to None, run_after=None
[2024-07-01T20:12:49.411+0000] {processor.py:183} INFO - Processing /home/airflow/.local/lib/python3.8/site-packages/airflow/example_dags/example_external_task_marker_dag.py took 0.164 seconds
[2024-07-01T20:13:19.779+0000] {processor.py:161} INFO - Started process (PID=545) to work on /home/airflow/.local/lib/python3.8/site-packages/airflow/example_dags/example_external_task_marker_dag.py
[2024-07-01T20:13:19.781+0000] {processor.py:830} INFO - Processing file /home/airflow/.local/lib/python3.8/site-packages/airflow/example_dags/example_external_task_marker_dag.py for tasks to queue
[2024-07-01T20:13:19.786+0000] {logging_mixin.py:188} INFO - [2024-07-01T20:13:19.785+0000] {dagbag.py:538} INFO - Filling up the DagBag from /home/airflow/.local/lib/python3.8/site-packages/airflow/example_dags/example_external_task_marker_dag.py
[2024-07-01T20:13:19.799+0000] {processor.py:840} INFO - DAG(s) 'example_external_task_marker_child', 'example_external_task_marker_parent' retrieved from /home/airflow/.local/lib/python3.8/site-packages/airflow/example_dags/example_external_task_marker_dag.py
[2024-07-01T20:13:19.858+0000] {logging_mixin.py:188} INFO - [2024-07-01T20:13:19.857+0000] {dag.py:3036} INFO - Sync 2 DAGs
[2024-07-01T20:13:19.892+0000] {logging_mixin.py:188} INFO - [2024-07-01T20:13:19.892+0000] {dag.py:3823} INFO - Setting next_dagrun for example_external_task_marker_child to None, run_after=None
[2024-07-01T20:13:19.902+0000] {logging_mixin.py:188} INFO - [2024-07-01T20:13:19.902+0000] {dag.py:3823} INFO - Setting next_dagrun for example_external_task_marker_parent to None, run_after=None
[2024-07-01T20:13:19.942+0000] {processor.py:183} INFO - Processing /home/airflow/.local/lib/python3.8/site-packages/airflow/example_dags/example_external_task_marker_dag.py took 0.171 seconds
[2024-07-01T20:13:50.918+0000] {processor.py:161} INFO - Started process (PID=601) to work on /home/airflow/.local/lib/python3.8/site-packages/airflow/example_dags/example_external_task_marker_dag.py
[2024-07-01T20:13:50.919+0000] {processor.py:830} INFO - Processing file /home/airflow/.local/lib/python3.8/site-packages/airflow/example_dags/example_external_task_marker_dag.py for tasks to queue
[2024-07-01T20:13:50.923+0000] {logging_mixin.py:188} INFO - [2024-07-01T20:13:50.922+0000] {dagbag.py:538} INFO - Filling up the DagBag from /home/airflow/.local/lib/python3.8/site-packages/airflow/example_dags/example_external_task_marker_dag.py
[2024-07-01T20:13:50.935+0000] {processor.py:840} INFO - DAG(s) 'example_external_task_marker_parent', 'example_external_task_marker_child' retrieved from /home/airflow/.local/lib/python3.8/site-packages/airflow/example_dags/example_external_task_marker_dag.py
[2024-07-01T20:13:50.996+0000] {logging_mixin.py:188} INFO - [2024-07-01T20:13:50.996+0000] {dag.py:3036} INFO - Sync 2 DAGs
[2024-07-01T20:13:51.026+0000] {logging_mixin.py:188} INFO - [2024-07-01T20:13:51.026+0000] {dag.py:3823} INFO - Setting next_dagrun for example_external_task_marker_child to None, run_after=None
[2024-07-01T20:13:51.036+0000] {logging_mixin.py:188} INFO - [2024-07-01T20:13:51.036+0000] {dag.py:3823} INFO - Setting next_dagrun for example_external_task_marker_parent to None, run_after=None
[2024-07-01T20:13:51.080+0000] {processor.py:183} INFO - Processing /home/airflow/.local/lib/python3.8/site-packages/airflow/example_dags/example_external_task_marker_dag.py took 0.169 seconds
[2024-07-01T20:14:21.158+0000] {processor.py:161} INFO - Started process (PID=656) to work on /home/airflow/.local/lib/python3.8/site-packages/airflow/example_dags/example_external_task_marker_dag.py
[2024-07-01T20:14:21.159+0000] {processor.py:830} INFO - Processing file /home/airflow/.local/lib/python3.8/site-packages/airflow/example_dags/example_external_task_marker_dag.py for tasks to queue
[2024-07-01T20:14:21.163+0000] {logging_mixin.py:188} INFO - [2024-07-01T20:14:21.162+0000] {dagbag.py:538} INFO - Filling up the DagBag from /home/airflow/.local/lib/python3.8/site-packages/airflow/example_dags/example_external_task_marker_dag.py
[2024-07-01T20:14:21.176+0000] {processor.py:840} INFO - DAG(s) 'example_external_task_marker_parent', 'example_external_task_marker_child' retrieved from /home/airflow/.local/lib/python3.8/site-packages/airflow/example_dags/example_external_task_marker_dag.py
[2024-07-01T20:14:21.225+0000] {logging_mixin.py:188} INFO - [2024-07-01T20:14:21.224+0000] {dag.py:3036} INFO - Sync 2 DAGs
[2024-07-01T20:14:21.253+0000] {logging_mixin.py:188} INFO - [2024-07-01T20:14:21.252+0000] {dag.py:3823} INFO - Setting next_dagrun for example_external_task_marker_child to None, run_after=None
[2024-07-01T20:14:21.261+0000] {logging_mixin.py:188} INFO - [2024-07-01T20:14:21.261+0000] {dag.py:3823} INFO - Setting next_dagrun for example_external_task_marker_parent to None, run_after=None
[2024-07-01T20:14:21.309+0000] {processor.py:183} INFO - Processing /home/airflow/.local/lib/python3.8/site-packages/airflow/example_dags/example_external_task_marker_dag.py took 0.158 seconds
[2024-07-01T20:14:51.726+0000] {processor.py:161} INFO - Started process (PID=711) to work on /home/airflow/.local/lib/python3.8/site-packages/airflow/example_dags/example_external_task_marker_dag.py
[2024-07-01T20:14:51.728+0000] {processor.py:830} INFO - Processing file /home/airflow/.local/lib/python3.8/site-packages/airflow/example_dags/example_external_task_marker_dag.py for tasks to queue
[2024-07-01T20:14:51.732+0000] {logging_mixin.py:188} INFO - [2024-07-01T20:14:51.731+0000] {dagbag.py:538} INFO - Filling up the DagBag from /home/airflow/.local/lib/python3.8/site-packages/airflow/example_dags/example_external_task_marker_dag.py
[2024-07-01T20:14:51.748+0000] {processor.py:840} INFO - DAG(s) 'example_external_task_marker_parent', 'example_external_task_marker_child' retrieved from /home/airflow/.local/lib/python3.8/site-packages/airflow/example_dags/example_external_task_marker_dag.py
[2024-07-01T20:14:51.818+0000] {logging_mixin.py:188} INFO - [2024-07-01T20:14:51.817+0000] {dag.py:3036} INFO - Sync 2 DAGs
[2024-07-01T20:14:51.851+0000] {logging_mixin.py:188} INFO - [2024-07-01T20:14:51.851+0000] {dag.py:3823} INFO - Setting next_dagrun for example_external_task_marker_child to None, run_after=None
[2024-07-01T20:14:51.861+0000] {logging_mixin.py:188} INFO - [2024-07-01T20:14:51.860+0000] {dag.py:3823} INFO - Setting next_dagrun for example_external_task_marker_parent to None, run_after=None
[2024-07-01T20:14:51.901+0000] {processor.py:183} INFO - Processing /home/airflow/.local/lib/python3.8/site-packages/airflow/example_dags/example_external_task_marker_dag.py took 0.182 seconds
[2024-07-01T20:15:22.509+0000] {processor.py:161} INFO - Started process (PID=766) to work on /home/airflow/.local/lib/python3.8/site-packages/airflow/example_dags/example_external_task_marker_dag.py
[2024-07-01T20:15:22.511+0000] {processor.py:830} INFO - Processing file /home/airflow/.local/lib/python3.8/site-packages/airflow/example_dags/example_external_task_marker_dag.py for tasks to queue
[2024-07-01T20:15:22.516+0000] {logging_mixin.py:188} INFO - [2024-07-01T20:15:22.515+0000] {dagbag.py:538} INFO - Filling up the DagBag from /home/airflow/.local/lib/python3.8/site-packages/airflow/example_dags/example_external_task_marker_dag.py
[2024-07-01T20:15:22.530+0000] {processor.py:840} INFO - DAG(s) 'example_external_task_marker_child', 'example_external_task_marker_parent' retrieved from /home/airflow/.local/lib/python3.8/site-packages/airflow/example_dags/example_external_task_marker_dag.py
[2024-07-01T20:15:22.591+0000] {logging_mixin.py:188} INFO - [2024-07-01T20:15:22.590+0000] {dag.py:3036} INFO - Sync 2 DAGs
[2024-07-01T20:15:22.645+0000] {logging_mixin.py:188} INFO - [2024-07-01T20:15:22.645+0000] {dag.py:3823} INFO - Setting next_dagrun for example_external_task_marker_child to None, run_after=None
[2024-07-01T20:15:22.654+0000] {logging_mixin.py:188} INFO - [2024-07-01T20:15:22.654+0000] {dag.py:3823} INFO - Setting next_dagrun for example_external_task_marker_parent to None, run_after=None
[2024-07-01T20:15:22.689+0000] {processor.py:183} INFO - Processing /home/airflow/.local/lib/python3.8/site-packages/airflow/example_dags/example_external_task_marker_dag.py took 0.187 seconds
[2024-07-01T20:15:53.270+0000] {processor.py:161} INFO - Started process (PID=821) to work on /home/airflow/.local/lib/python3.8/site-packages/airflow/example_dags/example_external_task_marker_dag.py
[2024-07-01T20:15:53.272+0000] {processor.py:830} INFO - Processing file /home/airflow/.local/lib/python3.8/site-packages/airflow/example_dags/example_external_task_marker_dag.py for tasks to queue
[2024-07-01T20:15:53.276+0000] {logging_mixin.py:188} INFO - [2024-07-01T20:15:53.276+0000] {dagbag.py:538} INFO - Filling up the DagBag from /home/airflow/.local/lib/python3.8/site-packages/airflow/example_dags/example_external_task_marker_dag.py
[2024-07-01T20:15:53.289+0000] {processor.py:840} INFO - DAG(s) 'example_external_task_marker_parent', 'example_external_task_marker_child' retrieved from /home/airflow/.local/lib/python3.8/site-packages/airflow/example_dags/example_external_task_marker_dag.py
[2024-07-01T20:15:53.345+0000] {logging_mixin.py:188} INFO - [2024-07-01T20:15:53.344+0000] {dag.py:3036} INFO - Sync 2 DAGs
[2024-07-01T20:15:53.375+0000] {logging_mixin.py:188} INFO - [2024-07-01T20:15:53.375+0000] {dag.py:3823} INFO - Setting next_dagrun for example_external_task_marker_child to None, run_after=None
[2024-07-01T20:15:53.386+0000] {logging_mixin.py:188} INFO - [2024-07-01T20:15:53.385+0000] {dag.py:3823} INFO - Setting next_dagrun for example_external_task_marker_parent to None, run_after=None
[2024-07-01T20:15:53.459+0000] {processor.py:183} INFO - Processing /home/airflow/.local/lib/python3.8/site-packages/airflow/example_dags/example_external_task_marker_dag.py took 0.195 seconds
[2024-07-01T20:16:24.067+0000] {processor.py:161} INFO - Started process (PID=876) to work on /home/airflow/.local/lib/python3.8/site-packages/airflow/example_dags/example_external_task_marker_dag.py
[2024-07-01T20:16:24.070+0000] {processor.py:830} INFO - Processing file /home/airflow/.local/lib/python3.8/site-packages/airflow/example_dags/example_external_task_marker_dag.py for tasks to queue
[2024-07-01T20:16:24.074+0000] {logging_mixin.py:188} INFO - [2024-07-01T20:16:24.073+0000] {dagbag.py:538} INFO - Filling up the DagBag from /home/airflow/.local/lib/python3.8/site-packages/airflow/example_dags/example_external_task_marker_dag.py
[2024-07-01T20:16:24.090+0000] {processor.py:840} INFO - DAG(s) 'example_external_task_marker_child', 'example_external_task_marker_parent' retrieved from /home/airflow/.local/lib/python3.8/site-packages/airflow/example_dags/example_external_task_marker_dag.py
[2024-07-01T20:16:24.150+0000] {logging_mixin.py:188} INFO - [2024-07-01T20:16:24.149+0000] {dag.py:3036} INFO - Sync 2 DAGs
[2024-07-01T20:16:24.179+0000] {logging_mixin.py:188} INFO - [2024-07-01T20:16:24.178+0000] {dag.py:3823} INFO - Setting next_dagrun for example_external_task_marker_child to None, run_after=None
[2024-07-01T20:16:24.187+0000] {logging_mixin.py:188} INFO - [2024-07-01T20:16:24.186+0000] {dag.py:3823} INFO - Setting next_dagrun for example_external_task_marker_parent to None, run_after=None
[2024-07-01T20:16:24.222+0000] {processor.py:183} INFO - Processing /home/airflow/.local/lib/python3.8/site-packages/airflow/example_dags/example_external_task_marker_dag.py took 0.163 seconds
[2024-07-01T20:16:54.465+0000] {processor.py:161} INFO - Started process (PID=931) to work on /home/airflow/.local/lib/python3.8/site-packages/airflow/example_dags/example_external_task_marker_dag.py
[2024-07-01T20:16:54.471+0000] {processor.py:830} INFO - Processing file /home/airflow/.local/lib/python3.8/site-packages/airflow/example_dags/example_external_task_marker_dag.py for tasks to queue
[2024-07-01T20:16:54.478+0000] {logging_mixin.py:188} INFO - [2024-07-01T20:16:54.477+0000] {dagbag.py:538} INFO - Filling up the DagBag from /home/airflow/.local/lib/python3.8/site-packages/airflow/example_dags/example_external_task_marker_dag.py
[2024-07-01T20:16:54.498+0000] {processor.py:840} INFO - DAG(s) 'example_external_task_marker_child', 'example_external_task_marker_parent' retrieved from /home/airflow/.local/lib/python3.8/site-packages/airflow/example_dags/example_external_task_marker_dag.py
[2024-07-01T20:16:54.562+0000] {logging_mixin.py:188} INFO - [2024-07-01T20:16:54.562+0000] {dag.py:3036} INFO - Sync 2 DAGs
[2024-07-01T20:16:54.600+0000] {logging_mixin.py:188} INFO - [2024-07-01T20:16:54.599+0000] {dag.py:3823} INFO - Setting next_dagrun for example_external_task_marker_child to None, run_after=None
[2024-07-01T20:16:54.616+0000] {logging_mixin.py:188} INFO - [2024-07-01T20:16:54.616+0000] {dag.py:3823} INFO - Setting next_dagrun for example_external_task_marker_parent to None, run_after=None
[2024-07-01T20:16:54.657+0000] {processor.py:183} INFO - Processing /home/airflow/.local/lib/python3.8/site-packages/airflow/example_dags/example_external_task_marker_dag.py took 0.207 seconds
[2024-07-01T20:17:25.062+0000] {processor.py:161} INFO - Started process (PID=986) to work on /home/airflow/.local/lib/python3.8/site-packages/airflow/example_dags/example_external_task_marker_dag.py
[2024-07-01T20:17:25.065+0000] {processor.py:830} INFO - Processing file /home/airflow/.local/lib/python3.8/site-packages/airflow/example_dags/example_external_task_marker_dag.py for tasks to queue
[2024-07-01T20:17:25.070+0000] {logging_mixin.py:188} INFO - [2024-07-01T20:17:25.069+0000] {dagbag.py:538} INFO - Filling up the DagBag from /home/airflow/.local/lib/python3.8/site-packages/airflow/example_dags/example_external_task_marker_dag.py
[2024-07-01T20:17:25.085+0000] {processor.py:840} INFO - DAG(s) 'example_external_task_marker_parent', 'example_external_task_marker_child' retrieved from /home/airflow/.local/lib/python3.8/site-packages/airflow/example_dags/example_external_task_marker_dag.py
[2024-07-01T20:17:25.151+0000] {logging_mixin.py:188} INFO - [2024-07-01T20:17:25.150+0000] {dag.py:3036} INFO - Sync 2 DAGs
[2024-07-01T20:17:25.184+0000] {logging_mixin.py:188} INFO - [2024-07-01T20:17:25.184+0000] {dag.py:3823} INFO - Setting next_dagrun for example_external_task_marker_child to None, run_after=None
[2024-07-01T20:17:25.194+0000] {logging_mixin.py:188} INFO - [2024-07-01T20:17:25.193+0000] {dag.py:3823} INFO - Setting next_dagrun for example_external_task_marker_parent to None, run_after=None
[2024-07-01T20:17:25.235+0000] {processor.py:183} INFO - Processing /home/airflow/.local/lib/python3.8/site-packages/airflow/example_dags/example_external_task_marker_dag.py took 0.182 seconds
[2024-07-01T20:17:55.841+0000] {processor.py:161} INFO - Started process (PID=1041) to work on /home/airflow/.local/lib/python3.8/site-packages/airflow/example_dags/example_external_task_marker_dag.py
[2024-07-01T20:17:55.843+0000] {processor.py:830} INFO - Processing file /home/airflow/.local/lib/python3.8/site-packages/airflow/example_dags/example_external_task_marker_dag.py for tasks to queue
[2024-07-01T20:17:55.847+0000] {logging_mixin.py:188} INFO - [2024-07-01T20:17:55.846+0000] {dagbag.py:538} INFO - Filling up the DagBag from /home/airflow/.local/lib/python3.8/site-packages/airflow/example_dags/example_external_task_marker_dag.py
[2024-07-01T20:17:55.858+0000] {processor.py:840} INFO - DAG(s) 'example_external_task_marker_child', 'example_external_task_marker_parent' retrieved from /home/airflow/.local/lib/python3.8/site-packages/airflow/example_dags/example_external_task_marker_dag.py
[2024-07-01T20:17:55.903+0000] {logging_mixin.py:188} INFO - [2024-07-01T20:17:55.902+0000] {dag.py:3036} INFO - Sync 2 DAGs
[2024-07-01T20:17:55.927+0000] {logging_mixin.py:188} INFO - [2024-07-01T20:17:55.927+0000] {dag.py:3823} INFO - Setting next_dagrun for example_external_task_marker_child to None, run_after=None
[2024-07-01T20:17:55.935+0000] {logging_mixin.py:188} INFO - [2024-07-01T20:17:55.935+0000] {dag.py:3823} INFO - Setting next_dagrun for example_external_task_marker_parent to None, run_after=None
[2024-07-01T20:17:55.969+0000] {processor.py:183} INFO - Processing /home/airflow/.local/lib/python3.8/site-packages/airflow/example_dags/example_external_task_marker_dag.py took 0.135 seconds
[2024-07-01T20:18:26.224+0000] {processor.py:161} INFO - Started process (PID=1096) to work on /home/airflow/.local/lib/python3.8/site-packages/airflow/example_dags/example_external_task_marker_dag.py
[2024-07-01T20:18:26.227+0000] {processor.py:830} INFO - Processing file /home/airflow/.local/lib/python3.8/site-packages/airflow/example_dags/example_external_task_marker_dag.py for tasks to queue
[2024-07-01T20:18:26.231+0000] {logging_mixin.py:188} INFO - [2024-07-01T20:18:26.230+0000] {dagbag.py:538} INFO - Filling up the DagBag from /home/airflow/.local/lib/python3.8/site-packages/airflow/example_dags/example_external_task_marker_dag.py
[2024-07-01T20:18:26.245+0000] {processor.py:840} INFO - DAG(s) 'example_external_task_marker_child', 'example_external_task_marker_parent' retrieved from /home/airflow/.local/lib/python3.8/site-packages/airflow/example_dags/example_external_task_marker_dag.py
[2024-07-01T20:18:26.291+0000] {logging_mixin.py:188} INFO - [2024-07-01T20:18:26.291+0000] {dag.py:3036} INFO - Sync 2 DAGs
[2024-07-01T20:18:26.317+0000] {logging_mixin.py:188} INFO - [2024-07-01T20:18:26.317+0000] {dag.py:3823} INFO - Setting next_dagrun for example_external_task_marker_child to None, run_after=None
[2024-07-01T20:18:26.325+0000] {logging_mixin.py:188} INFO - [2024-07-01T20:18:26.325+0000] {dag.py:3823} INFO - Setting next_dagrun for example_external_task_marker_parent to None, run_after=None
[2024-07-01T20:18:26.358+0000] {processor.py:183} INFO - Processing /home/airflow/.local/lib/python3.8/site-packages/airflow/example_dags/example_external_task_marker_dag.py took 0.142 seconds
[2024-07-01T20:18:56.922+0000] {processor.py:161} INFO - Started process (PID=1151) to work on /home/airflow/.local/lib/python3.8/site-packages/airflow/example_dags/example_external_task_marker_dag.py
[2024-07-01T20:18:56.924+0000] {processor.py:830} INFO - Processing file /home/airflow/.local/lib/python3.8/site-packages/airflow/example_dags/example_external_task_marker_dag.py for tasks to queue
[2024-07-01T20:18:56.928+0000] {logging_mixin.py:188} INFO - [2024-07-01T20:18:56.927+0000] {dagbag.py:538} INFO - Filling up the DagBag from /home/airflow/.local/lib/python3.8/site-packages/airflow/example_dags/example_external_task_marker_dag.py
[2024-07-01T20:18:56.939+0000] {processor.py:840} INFO - DAG(s) 'example_external_task_marker_child', 'example_external_task_marker_parent' retrieved from /home/airflow/.local/lib/python3.8/site-packages/airflow/example_dags/example_external_task_marker_dag.py
[2024-07-01T20:18:56.985+0000] {logging_mixin.py:188} INFO - [2024-07-01T20:18:56.984+0000] {dag.py:3036} INFO - Sync 2 DAGs
[2024-07-01T20:18:57.014+0000] {logging_mixin.py:188} INFO - [2024-07-01T20:18:57.014+0000] {dag.py:3823} INFO - Setting next_dagrun for example_external_task_marker_child to None, run_after=None
[2024-07-01T20:18:57.025+0000] {logging_mixin.py:188} INFO - [2024-07-01T20:18:57.024+0000] {dag.py:3823} INFO - Setting next_dagrun for example_external_task_marker_parent to None, run_after=None
[2024-07-01T20:18:57.065+0000] {processor.py:183} INFO - Processing /home/airflow/.local/lib/python3.8/site-packages/airflow/example_dags/example_external_task_marker_dag.py took 0.149 seconds
[2024-07-01T20:19:27.679+0000] {processor.py:161} INFO - Started process (PID=1206) to work on /home/airflow/.local/lib/python3.8/site-packages/airflow/example_dags/example_external_task_marker_dag.py
[2024-07-01T20:19:27.681+0000] {processor.py:830} INFO - Processing file /home/airflow/.local/lib/python3.8/site-packages/airflow/example_dags/example_external_task_marker_dag.py for tasks to queue
[2024-07-01T20:19:27.685+0000] {logging_mixin.py:188} INFO - [2024-07-01T20:19:27.684+0000] {dagbag.py:538} INFO - Filling up the DagBag from /home/airflow/.local/lib/python3.8/site-packages/airflow/example_dags/example_external_task_marker_dag.py
[2024-07-01T20:19:27.696+0000] {processor.py:840} INFO - DAG(s) 'example_external_task_marker_parent', 'example_external_task_marker_child' retrieved from /home/airflow/.local/lib/python3.8/site-packages/airflow/example_dags/example_external_task_marker_dag.py
[2024-07-01T20:19:27.742+0000] {logging_mixin.py:188} INFO - [2024-07-01T20:19:27.742+0000] {dag.py:3036} INFO - Sync 2 DAGs
[2024-07-01T20:19:27.771+0000] {logging_mixin.py:188} INFO - [2024-07-01T20:19:27.770+0000] {dag.py:3823} INFO - Setting next_dagrun for example_external_task_marker_child to None, run_after=None
[2024-07-01T20:19:27.779+0000] {logging_mixin.py:188} INFO - [2024-07-01T20:19:27.778+0000] {dag.py:3823} INFO - Setting next_dagrun for example_external_task_marker_parent to None, run_after=None
[2024-07-01T20:19:27.825+0000] {processor.py:183} INFO - Processing /home/airflow/.local/lib/python3.8/site-packages/airflow/example_dags/example_external_task_marker_dag.py took 0.152 seconds
[2024-07-01T20:19:58.577+0000] {processor.py:161} INFO - Started process (PID=1259) to work on /home/airflow/.local/lib/python3.8/site-packages/airflow/example_dags/example_external_task_marker_dag.py
[2024-07-01T20:19:58.579+0000] {processor.py:830} INFO - Processing file /home/airflow/.local/lib/python3.8/site-packages/airflow/example_dags/example_external_task_marker_dag.py for tasks to queue
[2024-07-01T20:19:58.583+0000] {logging_mixin.py:188} INFO - [2024-07-01T20:19:58.582+0000] {dagbag.py:538} INFO - Filling up the DagBag from /home/airflow/.local/lib/python3.8/site-packages/airflow/example_dags/example_external_task_marker_dag.py
[2024-07-01T20:19:58.596+0000] {processor.py:840} INFO - DAG(s) 'example_external_task_marker_child', 'example_external_task_marker_parent' retrieved from /home/airflow/.local/lib/python3.8/site-packages/airflow/example_dags/example_external_task_marker_dag.py
[2024-07-01T20:19:58.648+0000] {logging_mixin.py:188} INFO - [2024-07-01T20:19:58.648+0000] {dag.py:3036} INFO - Sync 2 DAGs
[2024-07-01T20:19:58.680+0000] {logging_mixin.py:188} INFO - [2024-07-01T20:19:58.680+0000] {dag.py:3823} INFO - Setting next_dagrun for example_external_task_marker_child to None, run_after=None
[2024-07-01T20:19:58.692+0000] {logging_mixin.py:188} INFO - [2024-07-01T20:19:58.691+0000] {dag.py:3823} INFO - Setting next_dagrun for example_external_task_marker_parent to None, run_after=None
[2024-07-01T20:19:58.735+0000] {processor.py:183} INFO - Processing /home/airflow/.local/lib/python3.8/site-packages/airflow/example_dags/example_external_task_marker_dag.py took 0.165 seconds
[2024-07-01T20:20:29.143+0000] {processor.py:161} INFO - Started process (PID=1314) to work on /home/airflow/.local/lib/python3.8/site-packages/airflow/example_dags/example_external_task_marker_dag.py
[2024-07-01T20:20:29.145+0000] {processor.py:830} INFO - Processing file /home/airflow/.local/lib/python3.8/site-packages/airflow/example_dags/example_external_task_marker_dag.py for tasks to queue
[2024-07-01T20:20:29.149+0000] {logging_mixin.py:188} INFO - [2024-07-01T20:20:29.149+0000] {dagbag.py:538} INFO - Filling up the DagBag from /home/airflow/.local/lib/python3.8/site-packages/airflow/example_dags/example_external_task_marker_dag.py
[2024-07-01T20:20:29.164+0000] {processor.py:840} INFO - DAG(s) 'example_external_task_marker_child', 'example_external_task_marker_parent' retrieved from /home/airflow/.local/lib/python3.8/site-packages/airflow/example_dags/example_external_task_marker_dag.py
[2024-07-01T20:20:29.216+0000] {logging_mixin.py:188} INFO - [2024-07-01T20:20:29.215+0000] {dag.py:3036} INFO - Sync 2 DAGs
[2024-07-01T20:20:29.245+0000] {logging_mixin.py:188} INFO - [2024-07-01T20:20:29.244+0000] {dag.py:3823} INFO - Setting next_dagrun for example_external_task_marker_child to None, run_after=None
[2024-07-01T20:20:29.257+0000] {logging_mixin.py:188} INFO - [2024-07-01T20:20:29.257+0000] {dag.py:3823} INFO - Setting next_dagrun for example_external_task_marker_parent to None, run_after=None
[2024-07-01T20:20:29.292+0000] {processor.py:183} INFO - Processing /home/airflow/.local/lib/python3.8/site-packages/airflow/example_dags/example_external_task_marker_dag.py took 0.156 seconds
[2024-07-01T20:20:59.884+0000] {processor.py:161} INFO - Started process (PID=1369) to work on /home/airflow/.local/lib/python3.8/site-packages/airflow/example_dags/example_external_task_marker_dag.py
[2024-07-01T20:20:59.886+0000] {processor.py:830} INFO - Processing file /home/airflow/.local/lib/python3.8/site-packages/airflow/example_dags/example_external_task_marker_dag.py for tasks to queue
[2024-07-01T20:20:59.889+0000] {logging_mixin.py:188} INFO - [2024-07-01T20:20:59.889+0000] {dagbag.py:538} INFO - Filling up the DagBag from /home/airflow/.local/lib/python3.8/site-packages/airflow/example_dags/example_external_task_marker_dag.py
[2024-07-01T20:20:59.901+0000] {processor.py:840} INFO - DAG(s) 'example_external_task_marker_child', 'example_external_task_marker_parent' retrieved from /home/airflow/.local/lib/python3.8/site-packages/airflow/example_dags/example_external_task_marker_dag.py
[2024-07-01T20:20:59.948+0000] {logging_mixin.py:188} INFO - [2024-07-01T20:20:59.947+0000] {dag.py:3036} INFO - Sync 2 DAGs
[2024-07-01T20:20:59.975+0000] {logging_mixin.py:188} INFO - [2024-07-01T20:20:59.975+0000] {dag.py:3823} INFO - Setting next_dagrun for example_external_task_marker_child to None, run_after=None
[2024-07-01T20:20:59.984+0000] {logging_mixin.py:188} INFO - [2024-07-01T20:20:59.984+0000] {dag.py:3823} INFO - Setting next_dagrun for example_external_task_marker_parent to None, run_after=None
[2024-07-01T20:21:00.026+0000] {processor.py:183} INFO - Processing /home/airflow/.local/lib/python3.8/site-packages/airflow/example_dags/example_external_task_marker_dag.py took 0.148 seconds
[2024-07-01T20:21:31.344+0000] {processor.py:161} INFO - Started process (PID=1424) to work on /home/airflow/.local/lib/python3.8/site-packages/airflow/example_dags/example_external_task_marker_dag.py
[2024-07-01T20:21:31.347+0000] {processor.py:830} INFO - Processing file /home/airflow/.local/lib/python3.8/site-packages/airflow/example_dags/example_external_task_marker_dag.py for tasks to queue
[2024-07-01T20:21:31.352+0000] {logging_mixin.py:188} INFO - [2024-07-01T20:21:31.351+0000] {dagbag.py:538} INFO - Filling up the DagBag from /home/airflow/.local/lib/python3.8/site-packages/airflow/example_dags/example_external_task_marker_dag.py
[2024-07-01T20:21:31.367+0000] {processor.py:840} INFO - DAG(s) 'example_external_task_marker_parent', 'example_external_task_marker_child' retrieved from /home/airflow/.local/lib/python3.8/site-packages/airflow/example_dags/example_external_task_marker_dag.py
[2024-07-01T20:21:31.456+0000] {logging_mixin.py:188} INFO - [2024-07-01T20:21:31.456+0000] {dag.py:3036} INFO - Sync 2 DAGs
[2024-07-01T20:21:31.488+0000] {logging_mixin.py:188} INFO - [2024-07-01T20:21:31.488+0000] {dag.py:3823} INFO - Setting next_dagrun for example_external_task_marker_child to None, run_after=None
[2024-07-01T20:21:31.507+0000] {logging_mixin.py:188} INFO - [2024-07-01T20:21:31.506+0000] {dag.py:3823} INFO - Setting next_dagrun for example_external_task_marker_parent to None, run_after=None
[2024-07-01T20:21:31.587+0000] {processor.py:183} INFO - Processing /home/airflow/.local/lib/python3.8/site-packages/airflow/example_dags/example_external_task_marker_dag.py took 0.254 seconds
[2024-07-01T20:22:01.665+0000] {processor.py:161} INFO - Started process (PID=1479) to work on /home/airflow/.local/lib/python3.8/site-packages/airflow/example_dags/example_external_task_marker_dag.py
[2024-07-01T20:22:01.667+0000] {processor.py:830} INFO - Processing file /home/airflow/.local/lib/python3.8/site-packages/airflow/example_dags/example_external_task_marker_dag.py for tasks to queue
[2024-07-01T20:22:01.671+0000] {logging_mixin.py:188} INFO - [2024-07-01T20:22:01.671+0000] {dagbag.py:538} INFO - Filling up the DagBag from /home/airflow/.local/lib/python3.8/site-packages/airflow/example_dags/example_external_task_marker_dag.py
[2024-07-01T20:22:01.686+0000] {processor.py:840} INFO - DAG(s) 'example_external_task_marker_parent', 'example_external_task_marker_child' retrieved from /home/airflow/.local/lib/python3.8/site-packages/airflow/example_dags/example_external_task_marker_dag.py
[2024-07-01T20:22:01.746+0000] {logging_mixin.py:188} INFO - [2024-07-01T20:22:01.745+0000] {dag.py:3036} INFO - Sync 2 DAGs
[2024-07-01T20:22:01.779+0000] {logging_mixin.py:188} INFO - [2024-07-01T20:22:01.779+0000] {dag.py:3823} INFO - Setting next_dagrun for example_external_task_marker_child to None, run_after=None
[2024-07-01T20:22:01.788+0000] {logging_mixin.py:188} INFO - [2024-07-01T20:22:01.788+0000] {dag.py:3823} INFO - Setting next_dagrun for example_external_task_marker_parent to None, run_after=None
[2024-07-01T20:22:01.828+0000] {processor.py:183} INFO - Processing /home/airflow/.local/lib/python3.8/site-packages/airflow/example_dags/example_external_task_marker_dag.py took 0.171 seconds
[2024-07-01T20:22:32.040+0000] {processor.py:161} INFO - Started process (PID=1534) to work on /home/airflow/.local/lib/python3.8/site-packages/airflow/example_dags/example_external_task_marker_dag.py
[2024-07-01T20:22:32.043+0000] {processor.py:830} INFO - Processing file /home/airflow/.local/lib/python3.8/site-packages/airflow/example_dags/example_external_task_marker_dag.py for tasks to queue
[2024-07-01T20:22:32.046+0000] {logging_mixin.py:188} INFO - [2024-07-01T20:22:32.045+0000] {dagbag.py:538} INFO - Filling up the DagBag from /home/airflow/.local/lib/python3.8/site-packages/airflow/example_dags/example_external_task_marker_dag.py
[2024-07-01T20:22:32.057+0000] {processor.py:840} INFO - DAG(s) 'example_external_task_marker_parent', 'example_external_task_marker_child' retrieved from /home/airflow/.local/lib/python3.8/site-packages/airflow/example_dags/example_external_task_marker_dag.py
[2024-07-01T20:22:32.110+0000] {logging_mixin.py:188} INFO - [2024-07-01T20:22:32.109+0000] {dag.py:3036} INFO - Sync 2 DAGs
[2024-07-01T20:22:32.140+0000] {logging_mixin.py:188} INFO - [2024-07-01T20:22:32.140+0000] {dag.py:3823} INFO - Setting next_dagrun for example_external_task_marker_child to None, run_after=None
[2024-07-01T20:22:32.151+0000] {logging_mixin.py:188} INFO - [2024-07-01T20:22:32.150+0000] {dag.py:3823} INFO - Setting next_dagrun for example_external_task_marker_parent to None, run_after=None
[2024-07-01T20:22:32.191+0000] {processor.py:183} INFO - Processing /home/airflow/.local/lib/python3.8/site-packages/airflow/example_dags/example_external_task_marker_dag.py took 0.156 seconds
[2024-07-01T20:23:02.860+0000] {processor.py:161} INFO - Started process (PID=1589) to work on /home/airflow/.local/lib/python3.8/site-packages/airflow/example_dags/example_external_task_marker_dag.py
[2024-07-01T20:23:02.862+0000] {processor.py:830} INFO - Processing file /home/airflow/.local/lib/python3.8/site-packages/airflow/example_dags/example_external_task_marker_dag.py for tasks to queue
[2024-07-01T20:23:02.865+0000] {logging_mixin.py:188} INFO - [2024-07-01T20:23:02.865+0000] {dagbag.py:538} INFO - Filling up the DagBag from /home/airflow/.local/lib/python3.8/site-packages/airflow/example_dags/example_external_task_marker_dag.py
[2024-07-01T20:23:02.881+0000] {processor.py:840} INFO - DAG(s) 'example_external_task_marker_parent', 'example_external_task_marker_child' retrieved from /home/airflow/.local/lib/python3.8/site-packages/airflow/example_dags/example_external_task_marker_dag.py
[2024-07-01T20:23:02.963+0000] {logging_mixin.py:188} INFO - [2024-07-01T20:23:02.962+0000] {dag.py:3036} INFO - Sync 2 DAGs
[2024-07-01T20:23:02.993+0000] {logging_mixin.py:188} INFO - [2024-07-01T20:23:02.992+0000] {dag.py:3823} INFO - Setting next_dagrun for example_external_task_marker_child to None, run_after=None
[2024-07-01T20:23:03.002+0000] {logging_mixin.py:188} INFO - [2024-07-01T20:23:03.001+0000] {dag.py:3823} INFO - Setting next_dagrun for example_external_task_marker_parent to None, run_after=None
[2024-07-01T20:23:03.046+0000] {processor.py:183} INFO - Processing /home/airflow/.local/lib/python3.8/site-packages/airflow/example_dags/example_external_task_marker_dag.py took 0.194 seconds
[2024-07-01T20:23:33.287+0000] {processor.py:161} INFO - Started process (PID=1644) to work on /home/airflow/.local/lib/python3.8/site-packages/airflow/example_dags/example_external_task_marker_dag.py
[2024-07-01T20:23:33.289+0000] {processor.py:830} INFO - Processing file /home/airflow/.local/lib/python3.8/site-packages/airflow/example_dags/example_external_task_marker_dag.py for tasks to queue
[2024-07-01T20:23:33.292+0000] {logging_mixin.py:188} INFO - [2024-07-01T20:23:33.291+0000] {dagbag.py:538} INFO - Filling up the DagBag from /home/airflow/.local/lib/python3.8/site-packages/airflow/example_dags/example_external_task_marker_dag.py
[2024-07-01T20:23:33.304+0000] {processor.py:840} INFO - DAG(s) 'example_external_task_marker_parent', 'example_external_task_marker_child' retrieved from /home/airflow/.local/lib/python3.8/site-packages/airflow/example_dags/example_external_task_marker_dag.py
[2024-07-01T20:23:33.355+0000] {logging_mixin.py:188} INFO - [2024-07-01T20:23:33.354+0000] {dag.py:3036} INFO - Sync 2 DAGs
[2024-07-01T20:23:33.381+0000] {logging_mixin.py:188} INFO - [2024-07-01T20:23:33.380+0000] {dag.py:3823} INFO - Setting next_dagrun for example_external_task_marker_child to None, run_after=None
[2024-07-01T20:23:33.388+0000] {logging_mixin.py:188} INFO - [2024-07-01T20:23:33.388+0000] {dag.py:3823} INFO - Setting next_dagrun for example_external_task_marker_parent to None, run_after=None
[2024-07-01T20:23:33.423+0000] {processor.py:183} INFO - Processing /home/airflow/.local/lib/python3.8/site-packages/airflow/example_dags/example_external_task_marker_dag.py took 0.142 seconds
[2024-07-01T20:24:03.735+0000] {processor.py:161} INFO - Started process (PID=1699) to work on /home/airflow/.local/lib/python3.8/site-packages/airflow/example_dags/example_external_task_marker_dag.py
[2024-07-01T20:24:03.737+0000] {processor.py:830} INFO - Processing file /home/airflow/.local/lib/python3.8/site-packages/airflow/example_dags/example_external_task_marker_dag.py for tasks to queue
[2024-07-01T20:24:03.743+0000] {logging_mixin.py:188} INFO - [2024-07-01T20:24:03.742+0000] {dagbag.py:538} INFO - Filling up the DagBag from /home/airflow/.local/lib/python3.8/site-packages/airflow/example_dags/example_external_task_marker_dag.py
[2024-07-01T20:24:03.776+0000] {processor.py:840} INFO - DAG(s) 'example_external_task_marker_parent', 'example_external_task_marker_child' retrieved from /home/airflow/.local/lib/python3.8/site-packages/airflow/example_dags/example_external_task_marker_dag.py
[2024-07-01T20:24:03.844+0000] {logging_mixin.py:188} INFO - [2024-07-01T20:24:03.843+0000] {dag.py:3036} INFO - Sync 2 DAGs
[2024-07-01T20:24:03.879+0000] {logging_mixin.py:188} INFO - [2024-07-01T20:24:03.879+0000] {dag.py:3823} INFO - Setting next_dagrun for example_external_task_marker_child to None, run_after=None
[2024-07-01T20:24:03.888+0000] {logging_mixin.py:188} INFO - [2024-07-01T20:24:03.888+0000] {dag.py:3823} INFO - Setting next_dagrun for example_external_task_marker_parent to None, run_after=None
[2024-07-01T20:24:03.925+0000] {processor.py:183} INFO - Processing /home/airflow/.local/lib/python3.8/site-packages/airflow/example_dags/example_external_task_marker_dag.py took 0.207 seconds
[2024-07-01T20:24:34.329+0000] {processor.py:161} INFO - Started process (PID=1754) to work on /home/airflow/.local/lib/python3.8/site-packages/airflow/example_dags/example_external_task_marker_dag.py
[2024-07-01T20:24:34.332+0000] {processor.py:830} INFO - Processing file /home/airflow/.local/lib/python3.8/site-packages/airflow/example_dags/example_external_task_marker_dag.py for tasks to queue
[2024-07-01T20:24:34.337+0000] {logging_mixin.py:188} INFO - [2024-07-01T20:24:34.336+0000] {dagbag.py:538} INFO - Filling up the DagBag from /home/airflow/.local/lib/python3.8/site-packages/airflow/example_dags/example_external_task_marker_dag.py
[2024-07-01T20:24:34.350+0000] {processor.py:840} INFO - DAG(s) 'example_external_task_marker_child', 'example_external_task_marker_parent' retrieved from /home/airflow/.local/lib/python3.8/site-packages/airflow/example_dags/example_external_task_marker_dag.py
[2024-07-01T20:24:34.398+0000] {logging_mixin.py:188} INFO - [2024-07-01T20:24:34.397+0000] {dag.py:3036} INFO - Sync 2 DAGs
[2024-07-01T20:24:34.425+0000] {logging_mixin.py:188} INFO - [2024-07-01T20:24:34.424+0000] {dag.py:3823} INFO - Setting next_dagrun for example_external_task_marker_child to None, run_after=None
[2024-07-01T20:24:34.435+0000] {logging_mixin.py:188} INFO - [2024-07-01T20:24:34.435+0000] {dag.py:3823} INFO - Setting next_dagrun for example_external_task_marker_parent to None, run_after=None
[2024-07-01T20:24:34.477+0000] {processor.py:183} INFO - Processing /home/airflow/.local/lib/python3.8/site-packages/airflow/example_dags/example_external_task_marker_dag.py took 0.157 seconds
[2024-07-01T20:25:05.603+0000] {processor.py:161} INFO - Started process (PID=1809) to work on /home/airflow/.local/lib/python3.8/site-packages/airflow/example_dags/example_external_task_marker_dag.py
[2024-07-01T20:25:05.607+0000] {processor.py:830} INFO - Processing file /home/airflow/.local/lib/python3.8/site-packages/airflow/example_dags/example_external_task_marker_dag.py for tasks to queue
[2024-07-01T20:25:05.611+0000] {logging_mixin.py:188} INFO - [2024-07-01T20:25:05.610+0000] {dagbag.py:538} INFO - Filling up the DagBag from /home/airflow/.local/lib/python3.8/site-packages/airflow/example_dags/example_external_task_marker_dag.py
[2024-07-01T20:25:05.624+0000] {processor.py:840} INFO - DAG(s) 'example_external_task_marker_child', 'example_external_task_marker_parent' retrieved from /home/airflow/.local/lib/python3.8/site-packages/airflow/example_dags/example_external_task_marker_dag.py
[2024-07-01T20:25:05.697+0000] {logging_mixin.py:188} INFO - [2024-07-01T20:25:05.697+0000] {dag.py:3036} INFO - Sync 2 DAGs
[2024-07-01T20:25:05.730+0000] {logging_mixin.py:188} INFO - [2024-07-01T20:25:05.730+0000] {dag.py:3823} INFO - Setting next_dagrun for example_external_task_marker_child to None, run_after=None
[2024-07-01T20:25:05.741+0000] {logging_mixin.py:188} INFO - [2024-07-01T20:25:05.740+0000] {dag.py:3823} INFO - Setting next_dagrun for example_external_task_marker_parent to None, run_after=None
[2024-07-01T20:25:05.802+0000] {processor.py:183} INFO - Processing /home/airflow/.local/lib/python3.8/site-packages/airflow/example_dags/example_external_task_marker_dag.py took 0.207 seconds
