[2024-07-01T20:08:48.029+0000] {processor.py:161} INFO - Started process (PID=59) to work on /home/airflow/.local/lib/python3.8/site-packages/airflow/example_dags/example_branch_datetime_operator.py
[2024-07-01T20:08:48.031+0000] {processor.py:830} INFO - Processing file /home/airflow/.local/lib/python3.8/site-packages/airflow/example_dags/example_branch_datetime_operator.py for tasks to queue
[2024-07-01T20:08:48.035+0000] {logging_mixin.py:188} INFO - [2024-07-01T20:08:48.034+0000] {dagbag.py:538} INFO - Filling up the DagBag from /home/airflow/.local/lib/python3.8/site-packages/airflow/example_dags/example_branch_datetime_operator.py
[2024-07-01T20:08:48.060+0000] {processor.py:840} INFO - DAG(s) 'example_branch_datetime_operator', 'example_branch_datetime_operator_2', 'example_branch_datetime_operator_3' retrieved from /home/airflow/.local/lib/python3.8/site-packages/airflow/example_dags/example_branch_datetime_operator.py
[2024-07-01T20:08:48.332+0000] {logging_mixin.py:188} INFO - [2024-07-01T20:08:48.331+0000] {dag.py:3036} INFO - Sync 3 DAGs
[2024-07-01T20:08:48.374+0000] {logging_mixin.py:188} INFO - [2024-07-01T20:08:48.373+0000] {dag.py:3823} INFO - Setting next_dagrun for example_branch_datetime_operator to 2024-06-30 00:00:00+00:00, run_after=2024-07-01 00:00:00+00:00
[2024-07-01T20:08:48.384+0000] {logging_mixin.py:188} INFO - [2024-07-01T20:08:48.383+0000] {dag.py:3823} INFO - Setting next_dagrun for example_branch_datetime_operator_2 to 2024-06-30 00:00:00+00:00, run_after=2024-07-01 00:00:00+00:00
[2024-07-01T20:08:48.390+0000] {logging_mixin.py:188} INFO - [2024-07-01T20:08:48.390+0000] {dag.py:3823} INFO - Setting next_dagrun for example_branch_datetime_operator_3 to 2024-06-30 00:00:00+00:00, run_after=2024-07-01 00:00:00+00:00
[2024-07-01T20:08:48.432+0000] {processor.py:183} INFO - Processing /home/airflow/.local/lib/python3.8/site-packages/airflow/example_dags/example_branch_datetime_operator.py took 0.408 seconds
[2024-07-01T20:09:18.479+0000] {processor.py:161} INFO - Started process (PID=114) to work on /home/airflow/.local/lib/python3.8/site-packages/airflow/example_dags/example_branch_datetime_operator.py
[2024-07-01T20:09:18.481+0000] {processor.py:830} INFO - Processing file /home/airflow/.local/lib/python3.8/site-packages/airflow/example_dags/example_branch_datetime_operator.py for tasks to queue
[2024-07-01T20:09:18.485+0000] {logging_mixin.py:188} INFO - [2024-07-01T20:09:18.484+0000] {dagbag.py:538} INFO - Filling up the DagBag from /home/airflow/.local/lib/python3.8/site-packages/airflow/example_dags/example_branch_datetime_operator.py
[2024-07-01T20:09:18.514+0000] {processor.py:840} INFO - DAG(s) 'example_branch_datetime_operator_2', 'example_branch_datetime_operator', 'example_branch_datetime_operator_3' retrieved from /home/airflow/.local/lib/python3.8/site-packages/airflow/example_dags/example_branch_datetime_operator.py
[2024-07-01T20:09:18.587+0000] {logging_mixin.py:188} INFO - [2024-07-01T20:09:18.586+0000] {dag.py:3036} INFO - Sync 3 DAGs
[2024-07-01T20:09:18.640+0000] {logging_mixin.py:188} INFO - [2024-07-01T20:09:18.640+0000] {dag.py:3823} INFO - Setting next_dagrun for example_branch_datetime_operator to 2024-06-30 00:00:00+00:00, run_after=2024-07-01 00:00:00+00:00
[2024-07-01T20:09:18.652+0000] {logging_mixin.py:188} INFO - [2024-07-01T20:09:18.652+0000] {dag.py:3823} INFO - Setting next_dagrun for example_branch_datetime_operator_2 to 2024-06-30 00:00:00+00:00, run_after=2024-07-01 00:00:00+00:00
[2024-07-01T20:09:18.659+0000] {logging_mixin.py:188} INFO - [2024-07-01T20:09:18.658+0000] {dag.py:3823} INFO - Setting next_dagrun for example_branch_datetime_operator_3 to 2024-06-30 00:00:00+00:00, run_after=2024-07-01 00:00:00+00:00
[2024-07-01T20:09:18.698+0000] {processor.py:183} INFO - Processing /home/airflow/.local/lib/python3.8/site-packages/airflow/example_dags/example_branch_datetime_operator.py took 0.227 seconds
[2024-07-01T20:09:49.084+0000] {processor.py:161} INFO - Started process (PID=169) to work on /home/airflow/.local/lib/python3.8/site-packages/airflow/example_dags/example_branch_datetime_operator.py
[2024-07-01T20:09:49.086+0000] {processor.py:830} INFO - Processing file /home/airflow/.local/lib/python3.8/site-packages/airflow/example_dags/example_branch_datetime_operator.py for tasks to queue
[2024-07-01T20:09:49.090+0000] {logging_mixin.py:188} INFO - [2024-07-01T20:09:49.089+0000] {dagbag.py:538} INFO - Filling up the DagBag from /home/airflow/.local/lib/python3.8/site-packages/airflow/example_dags/example_branch_datetime_operator.py
[2024-07-01T20:09:49.111+0000] {processor.py:840} INFO - DAG(s) 'example_branch_datetime_operator_3', 'example_branch_datetime_operator_2', 'example_branch_datetime_operator' retrieved from /home/airflow/.local/lib/python3.8/site-packages/airflow/example_dags/example_branch_datetime_operator.py
[2024-07-01T20:09:49.168+0000] {logging_mixin.py:188} INFO - [2024-07-01T20:09:49.168+0000] {dag.py:3036} INFO - Sync 3 DAGs
[2024-07-01T20:09:49.218+0000] {logging_mixin.py:188} INFO - [2024-07-01T20:09:49.218+0000] {dag.py:3823} INFO - Setting next_dagrun for example_branch_datetime_operator to 2024-06-30 00:00:00+00:00, run_after=2024-07-01 00:00:00+00:00
[2024-07-01T20:09:49.232+0000] {logging_mixin.py:188} INFO - [2024-07-01T20:09:49.232+0000] {dag.py:3823} INFO - Setting next_dagrun for example_branch_datetime_operator_2 to 2024-06-30 00:00:00+00:00, run_after=2024-07-01 00:00:00+00:00
[2024-07-01T20:09:49.240+0000] {logging_mixin.py:188} INFO - [2024-07-01T20:09:49.239+0000] {dag.py:3823} INFO - Setting next_dagrun for example_branch_datetime_operator_3 to 2024-06-30 00:00:00+00:00, run_after=2024-07-01 00:00:00+00:00
[2024-07-01T20:09:49.281+0000] {processor.py:183} INFO - Processing /home/airflow/.local/lib/python3.8/site-packages/airflow/example_dags/example_branch_datetime_operator.py took 0.205 seconds
[2024-07-01T20:10:19.855+0000] {processor.py:161} INFO - Started process (PID=224) to work on /home/airflow/.local/lib/python3.8/site-packages/airflow/example_dags/example_branch_datetime_operator.py
[2024-07-01T20:10:19.857+0000] {processor.py:830} INFO - Processing file /home/airflow/.local/lib/python3.8/site-packages/airflow/example_dags/example_branch_datetime_operator.py for tasks to queue
[2024-07-01T20:10:19.860+0000] {logging_mixin.py:188} INFO - [2024-07-01T20:10:19.860+0000] {dagbag.py:538} INFO - Filling up the DagBag from /home/airflow/.local/lib/python3.8/site-packages/airflow/example_dags/example_branch_datetime_operator.py
[2024-07-01T20:10:19.881+0000] {processor.py:840} INFO - DAG(s) 'example_branch_datetime_operator_3', 'example_branch_datetime_operator_2', 'example_branch_datetime_operator' retrieved from /home/airflow/.local/lib/python3.8/site-packages/airflow/example_dags/example_branch_datetime_operator.py
[2024-07-01T20:10:19.935+0000] {logging_mixin.py:188} INFO - [2024-07-01T20:10:19.934+0000] {dag.py:3036} INFO - Sync 3 DAGs
[2024-07-01T20:10:19.980+0000] {logging_mixin.py:188} INFO - [2024-07-01T20:10:19.980+0000] {dag.py:3823} INFO - Setting next_dagrun for example_branch_datetime_operator to 2024-06-30 00:00:00+00:00, run_after=2024-07-01 00:00:00+00:00
[2024-07-01T20:10:19.991+0000] {logging_mixin.py:188} INFO - [2024-07-01T20:10:19.990+0000] {dag.py:3823} INFO - Setting next_dagrun for example_branch_datetime_operator_2 to 2024-06-30 00:00:00+00:00, run_after=2024-07-01 00:00:00+00:00
[2024-07-01T20:10:19.997+0000] {logging_mixin.py:188} INFO - [2024-07-01T20:10:19.996+0000] {dag.py:3823} INFO - Setting next_dagrun for example_branch_datetime_operator_3 to 2024-06-30 00:00:00+00:00, run_after=2024-07-01 00:00:00+00:00
[2024-07-01T20:10:20.030+0000] {processor.py:183} INFO - Processing /home/airflow/.local/lib/python3.8/site-packages/airflow/example_dags/example_branch_datetime_operator.py took 0.181 seconds
[2024-07-01T20:10:50.542+0000] {processor.py:161} INFO - Started process (PID=280) to work on /home/airflow/.local/lib/python3.8/site-packages/airflow/example_dags/example_branch_datetime_operator.py
[2024-07-01T20:10:50.545+0000] {processor.py:830} INFO - Processing file /home/airflow/.local/lib/python3.8/site-packages/airflow/example_dags/example_branch_datetime_operator.py for tasks to queue
[2024-07-01T20:10:50.551+0000] {logging_mixin.py:188} INFO - [2024-07-01T20:10:50.550+0000] {dagbag.py:538} INFO - Filling up the DagBag from /home/airflow/.local/lib/python3.8/site-packages/airflow/example_dags/example_branch_datetime_operator.py
[2024-07-01T20:10:50.590+0000] {processor.py:840} INFO - DAG(s) 'example_branch_datetime_operator', 'example_branch_datetime_operator_2', 'example_branch_datetime_operator_3' retrieved from /home/airflow/.local/lib/python3.8/site-packages/airflow/example_dags/example_branch_datetime_operator.py
[2024-07-01T20:10:50.688+0000] {logging_mixin.py:188} INFO - [2024-07-01T20:10:50.687+0000] {dag.py:3036} INFO - Sync 3 DAGs
[2024-07-01T20:10:50.739+0000] {logging_mixin.py:188} INFO - [2024-07-01T20:10:50.739+0000] {dag.py:3823} INFO - Setting next_dagrun for example_branch_datetime_operator to 2024-06-30 00:00:00+00:00, run_after=2024-07-01 00:00:00+00:00
[2024-07-01T20:10:50.750+0000] {logging_mixin.py:188} INFO - [2024-07-01T20:10:50.750+0000] {dag.py:3823} INFO - Setting next_dagrun for example_branch_datetime_operator_2 to 2024-06-30 00:00:00+00:00, run_after=2024-07-01 00:00:00+00:00
[2024-07-01T20:10:50.757+0000] {logging_mixin.py:188} INFO - [2024-07-01T20:10:50.757+0000] {dag.py:3823} INFO - Setting next_dagrun for example_branch_datetime_operator_3 to 2024-06-30 00:00:00+00:00, run_after=2024-07-01 00:00:00+00:00
[2024-07-01T20:10:50.798+0000] {processor.py:183} INFO - Processing /home/airflow/.local/lib/python3.8/site-packages/airflow/example_dags/example_branch_datetime_operator.py took 0.267 seconds
[2024-07-01T20:11:21.083+0000] {processor.py:161} INFO - Started process (PID=333) to work on /home/airflow/.local/lib/python3.8/site-packages/airflow/example_dags/example_branch_datetime_operator.py
[2024-07-01T20:11:21.086+0000] {processor.py:830} INFO - Processing file /home/airflow/.local/lib/python3.8/site-packages/airflow/example_dags/example_branch_datetime_operator.py for tasks to queue
[2024-07-01T20:11:21.090+0000] {logging_mixin.py:188} INFO - [2024-07-01T20:11:21.089+0000] {dagbag.py:538} INFO - Filling up the DagBag from /home/airflow/.local/lib/python3.8/site-packages/airflow/example_dags/example_branch_datetime_operator.py
[2024-07-01T20:11:21.116+0000] {processor.py:840} INFO - DAG(s) 'example_branch_datetime_operator_3', 'example_branch_datetime_operator_2', 'example_branch_datetime_operator' retrieved from /home/airflow/.local/lib/python3.8/site-packages/airflow/example_dags/example_branch_datetime_operator.py
[2024-07-01T20:11:21.171+0000] {logging_mixin.py:188} INFO - [2024-07-01T20:11:21.170+0000] {dag.py:3036} INFO - Sync 3 DAGs
[2024-07-01T20:11:21.215+0000] {logging_mixin.py:188} INFO - [2024-07-01T20:11:21.215+0000] {dag.py:3823} INFO - Setting next_dagrun for example_branch_datetime_operator to 2024-06-30 00:00:00+00:00, run_after=2024-07-01 00:00:00+00:00
[2024-07-01T20:11:21.226+0000] {logging_mixin.py:188} INFO - [2024-07-01T20:11:21.225+0000] {dag.py:3823} INFO - Setting next_dagrun for example_branch_datetime_operator_2 to 2024-06-30 00:00:00+00:00, run_after=2024-07-01 00:00:00+00:00
[2024-07-01T20:11:21.232+0000] {logging_mixin.py:188} INFO - [2024-07-01T20:11:21.231+0000] {dag.py:3823} INFO - Setting next_dagrun for example_branch_datetime_operator_3 to 2024-06-30 00:00:00+00:00, run_after=2024-07-01 00:00:00+00:00
[2024-07-01T20:11:21.266+0000] {processor.py:183} INFO - Processing /home/airflow/.local/lib/python3.8/site-packages/airflow/example_dags/example_branch_datetime_operator.py took 0.190 seconds
[2024-07-01T20:11:51.516+0000] {processor.py:161} INFO - Started process (PID=388) to work on /home/airflow/.local/lib/python3.8/site-packages/airflow/example_dags/example_branch_datetime_operator.py
[2024-07-01T20:11:51.519+0000] {processor.py:830} INFO - Processing file /home/airflow/.local/lib/python3.8/site-packages/airflow/example_dags/example_branch_datetime_operator.py for tasks to queue
[2024-07-01T20:11:51.526+0000] {logging_mixin.py:188} INFO - [2024-07-01T20:11:51.525+0000] {dagbag.py:538} INFO - Filling up the DagBag from /home/airflow/.local/lib/python3.8/site-packages/airflow/example_dags/example_branch_datetime_operator.py
[2024-07-01T20:11:51.566+0000] {processor.py:840} INFO - DAG(s) 'example_branch_datetime_operator', 'example_branch_datetime_operator_2', 'example_branch_datetime_operator_3' retrieved from /home/airflow/.local/lib/python3.8/site-packages/airflow/example_dags/example_branch_datetime_operator.py
[2024-07-01T20:11:51.634+0000] {logging_mixin.py:188} INFO - [2024-07-01T20:11:51.634+0000] {dag.py:3036} INFO - Sync 3 DAGs
[2024-07-01T20:11:51.679+0000] {logging_mixin.py:188} INFO - [2024-07-01T20:11:51.678+0000] {dag.py:3823} INFO - Setting next_dagrun for example_branch_datetime_operator to 2024-06-30 00:00:00+00:00, run_after=2024-07-01 00:00:00+00:00
[2024-07-01T20:11:51.689+0000] {logging_mixin.py:188} INFO - [2024-07-01T20:11:51.689+0000] {dag.py:3823} INFO - Setting next_dagrun for example_branch_datetime_operator_2 to 2024-06-30 00:00:00+00:00, run_after=2024-07-01 00:00:00+00:00
[2024-07-01T20:11:51.696+0000] {logging_mixin.py:188} INFO - [2024-07-01T20:11:51.695+0000] {dag.py:3823} INFO - Setting next_dagrun for example_branch_datetime_operator_3 to 2024-06-30 00:00:00+00:00, run_after=2024-07-01 00:00:00+00:00
[2024-07-01T20:11:51.729+0000] {processor.py:183} INFO - Processing /home/airflow/.local/lib/python3.8/site-packages/airflow/example_dags/example_branch_datetime_operator.py took 0.225 seconds
[2024-07-01T20:12:21.804+0000] {processor.py:161} INFO - Started process (PID=443) to work on /home/airflow/.local/lib/python3.8/site-packages/airflow/example_dags/example_branch_datetime_operator.py
[2024-07-01T20:12:21.806+0000] {processor.py:830} INFO - Processing file /home/airflow/.local/lib/python3.8/site-packages/airflow/example_dags/example_branch_datetime_operator.py for tasks to queue
[2024-07-01T20:12:21.809+0000] {logging_mixin.py:188} INFO - [2024-07-01T20:12:21.809+0000] {dagbag.py:538} INFO - Filling up the DagBag from /home/airflow/.local/lib/python3.8/site-packages/airflow/example_dags/example_branch_datetime_operator.py
[2024-07-01T20:12:21.830+0000] {processor.py:840} INFO - DAG(s) 'example_branch_datetime_operator_2', 'example_branch_datetime_operator_3', 'example_branch_datetime_operator' retrieved from /home/airflow/.local/lib/python3.8/site-packages/airflow/example_dags/example_branch_datetime_operator.py
[2024-07-01T20:12:21.884+0000] {logging_mixin.py:188} INFO - [2024-07-01T20:12:21.884+0000] {dag.py:3036} INFO - Sync 3 DAGs
[2024-07-01T20:12:21.929+0000] {logging_mixin.py:188} INFO - [2024-07-01T20:12:21.929+0000] {dag.py:3823} INFO - Setting next_dagrun for example_branch_datetime_operator to 2024-06-30 00:00:00+00:00, run_after=2024-07-01 00:00:00+00:00
[2024-07-01T20:12:21.940+0000] {logging_mixin.py:188} INFO - [2024-07-01T20:12:21.939+0000] {dag.py:3823} INFO - Setting next_dagrun for example_branch_datetime_operator_2 to 2024-06-30 00:00:00+00:00, run_after=2024-07-01 00:00:00+00:00
[2024-07-01T20:12:21.946+0000] {logging_mixin.py:188} INFO - [2024-07-01T20:12:21.946+0000] {dag.py:3823} INFO - Setting next_dagrun for example_branch_datetime_operator_3 to 2024-06-30 00:00:00+00:00, run_after=2024-07-01 00:00:00+00:00
[2024-07-01T20:12:21.979+0000] {processor.py:183} INFO - Processing /home/airflow/.local/lib/python3.8/site-packages/airflow/example_dags/example_branch_datetime_operator.py took 0.181 seconds
[2024-07-01T20:12:52.183+0000] {processor.py:161} INFO - Started process (PID=498) to work on /home/airflow/.local/lib/python3.8/site-packages/airflow/example_dags/example_branch_datetime_operator.py
[2024-07-01T20:12:52.185+0000] {processor.py:830} INFO - Processing file /home/airflow/.local/lib/python3.8/site-packages/airflow/example_dags/example_branch_datetime_operator.py for tasks to queue
[2024-07-01T20:12:52.189+0000] {logging_mixin.py:188} INFO - [2024-07-01T20:12:52.188+0000] {dagbag.py:538} INFO - Filling up the DagBag from /home/airflow/.local/lib/python3.8/site-packages/airflow/example_dags/example_branch_datetime_operator.py
[2024-07-01T20:12:52.210+0000] {processor.py:840} INFO - DAG(s) 'example_branch_datetime_operator_2', 'example_branch_datetime_operator', 'example_branch_datetime_operator_3' retrieved from /home/airflow/.local/lib/python3.8/site-packages/airflow/example_dags/example_branch_datetime_operator.py
[2024-07-01T20:12:52.264+0000] {logging_mixin.py:188} INFO - [2024-07-01T20:12:52.264+0000] {dag.py:3036} INFO - Sync 3 DAGs
[2024-07-01T20:12:52.316+0000] {logging_mixin.py:188} INFO - [2024-07-01T20:12:52.315+0000] {dag.py:3823} INFO - Setting next_dagrun for example_branch_datetime_operator to 2024-06-30 00:00:00+00:00, run_after=2024-07-01 00:00:00+00:00
[2024-07-01T20:12:52.327+0000] {logging_mixin.py:188} INFO - [2024-07-01T20:12:52.326+0000] {dag.py:3823} INFO - Setting next_dagrun for example_branch_datetime_operator_2 to 2024-06-30 00:00:00+00:00, run_after=2024-07-01 00:00:00+00:00
[2024-07-01T20:12:52.333+0000] {logging_mixin.py:188} INFO - [2024-07-01T20:12:52.333+0000] {dag.py:3823} INFO - Setting next_dagrun for example_branch_datetime_operator_3 to 2024-06-30 00:00:00+00:00, run_after=2024-07-01 00:00:00+00:00
[2024-07-01T20:12:52.367+0000] {processor.py:183} INFO - Processing /home/airflow/.local/lib/python3.8/site-packages/airflow/example_dags/example_branch_datetime_operator.py took 0.190 seconds
[2024-07-01T20:13:22.739+0000] {processor.py:161} INFO - Started process (PID=553) to work on /home/airflow/.local/lib/python3.8/site-packages/airflow/example_dags/example_branch_datetime_operator.py
[2024-07-01T20:13:22.741+0000] {processor.py:830} INFO - Processing file /home/airflow/.local/lib/python3.8/site-packages/airflow/example_dags/example_branch_datetime_operator.py for tasks to queue
[2024-07-01T20:13:22.744+0000] {logging_mixin.py:188} INFO - [2024-07-01T20:13:22.743+0000] {dagbag.py:538} INFO - Filling up the DagBag from /home/airflow/.local/lib/python3.8/site-packages/airflow/example_dags/example_branch_datetime_operator.py
[2024-07-01T20:13:22.767+0000] {processor.py:840} INFO - DAG(s) 'example_branch_datetime_operator_3', 'example_branch_datetime_operator_2', 'example_branch_datetime_operator' retrieved from /home/airflow/.local/lib/python3.8/site-packages/airflow/example_dags/example_branch_datetime_operator.py
[2024-07-01T20:13:22.831+0000] {logging_mixin.py:188} INFO - [2024-07-01T20:13:22.830+0000] {dag.py:3036} INFO - Sync 3 DAGs
[2024-07-01T20:13:22.885+0000] {logging_mixin.py:188} INFO - [2024-07-01T20:13:22.884+0000] {dag.py:3823} INFO - Setting next_dagrun for example_branch_datetime_operator to 2024-06-30 00:00:00+00:00, run_after=2024-07-01 00:00:00+00:00
[2024-07-01T20:13:22.896+0000] {logging_mixin.py:188} INFO - [2024-07-01T20:13:22.896+0000] {dag.py:3823} INFO - Setting next_dagrun for example_branch_datetime_operator_2 to 2024-06-30 00:00:00+00:00, run_after=2024-07-01 00:00:00+00:00
[2024-07-01T20:13:22.903+0000] {logging_mixin.py:188} INFO - [2024-07-01T20:13:22.903+0000] {dag.py:3823} INFO - Setting next_dagrun for example_branch_datetime_operator_3 to 2024-06-30 00:00:00+00:00, run_after=2024-07-01 00:00:00+00:00
[2024-07-01T20:13:22.947+0000] {processor.py:183} INFO - Processing /home/airflow/.local/lib/python3.8/site-packages/airflow/example_dags/example_branch_datetime_operator.py took 0.214 seconds
[2024-07-01T20:13:53.787+0000] {processor.py:161} INFO - Started process (PID=609) to work on /home/airflow/.local/lib/python3.8/site-packages/airflow/example_dags/example_branch_datetime_operator.py
[2024-07-01T20:13:53.789+0000] {processor.py:830} INFO - Processing file /home/airflow/.local/lib/python3.8/site-packages/airflow/example_dags/example_branch_datetime_operator.py for tasks to queue
[2024-07-01T20:13:53.794+0000] {logging_mixin.py:188} INFO - [2024-07-01T20:13:53.793+0000] {dagbag.py:538} INFO - Filling up the DagBag from /home/airflow/.local/lib/python3.8/site-packages/airflow/example_dags/example_branch_datetime_operator.py
[2024-07-01T20:13:53.831+0000] {processor.py:840} INFO - DAG(s) 'example_branch_datetime_operator_3', 'example_branch_datetime_operator_2', 'example_branch_datetime_operator' retrieved from /home/airflow/.local/lib/python3.8/site-packages/airflow/example_dags/example_branch_datetime_operator.py
[2024-07-01T20:13:53.893+0000] {logging_mixin.py:188} INFO - [2024-07-01T20:13:53.893+0000] {dag.py:3036} INFO - Sync 3 DAGs
[2024-07-01T20:13:53.941+0000] {logging_mixin.py:188} INFO - [2024-07-01T20:13:53.940+0000] {dag.py:3823} INFO - Setting next_dagrun for example_branch_datetime_operator to 2024-06-30 00:00:00+00:00, run_after=2024-07-01 00:00:00+00:00
[2024-07-01T20:13:53.952+0000] {logging_mixin.py:188} INFO - [2024-07-01T20:13:53.951+0000] {dag.py:3823} INFO - Setting next_dagrun for example_branch_datetime_operator_2 to 2024-06-30 00:00:00+00:00, run_after=2024-07-01 00:00:00+00:00
[2024-07-01T20:13:53.958+0000] {logging_mixin.py:188} INFO - [2024-07-01T20:13:53.958+0000] {dag.py:3823} INFO - Setting next_dagrun for example_branch_datetime_operator_3 to 2024-06-30 00:00:00+00:00, run_after=2024-07-01 00:00:00+00:00
[2024-07-01T20:13:53.994+0000] {processor.py:183} INFO - Processing /home/airflow/.local/lib/python3.8/site-packages/airflow/example_dags/example_branch_datetime_operator.py took 0.217 seconds
[2024-07-01T20:14:24.179+0000] {processor.py:161} INFO - Started process (PID=664) to work on /home/airflow/.local/lib/python3.8/site-packages/airflow/example_dags/example_branch_datetime_operator.py
[2024-07-01T20:14:24.184+0000] {processor.py:830} INFO - Processing file /home/airflow/.local/lib/python3.8/site-packages/airflow/example_dags/example_branch_datetime_operator.py for tasks to queue
[2024-07-01T20:14:24.196+0000] {logging_mixin.py:188} INFO - [2024-07-01T20:14:24.195+0000] {dagbag.py:538} INFO - Filling up the DagBag from /home/airflow/.local/lib/python3.8/site-packages/airflow/example_dags/example_branch_datetime_operator.py
[2024-07-01T20:14:24.231+0000] {processor.py:840} INFO - DAG(s) 'example_branch_datetime_operator_3', 'example_branch_datetime_operator_2', 'example_branch_datetime_operator' retrieved from /home/airflow/.local/lib/python3.8/site-packages/airflow/example_dags/example_branch_datetime_operator.py
[2024-07-01T20:14:24.300+0000] {logging_mixin.py:188} INFO - [2024-07-01T20:14:24.300+0000] {dag.py:3036} INFO - Sync 3 DAGs
[2024-07-01T20:14:24.348+0000] {logging_mixin.py:188} INFO - [2024-07-01T20:14:24.347+0000] {dag.py:3823} INFO - Setting next_dagrun for example_branch_datetime_operator to 2024-06-30 00:00:00+00:00, run_after=2024-07-01 00:00:00+00:00
[2024-07-01T20:14:24.359+0000] {logging_mixin.py:188} INFO - [2024-07-01T20:14:24.358+0000] {dag.py:3823} INFO - Setting next_dagrun for example_branch_datetime_operator_2 to 2024-06-30 00:00:00+00:00, run_after=2024-07-01 00:00:00+00:00
[2024-07-01T20:14:24.365+0000] {logging_mixin.py:188} INFO - [2024-07-01T20:14:24.365+0000] {dag.py:3823} INFO - Setting next_dagrun for example_branch_datetime_operator_3 to 2024-06-30 00:00:00+00:00, run_after=2024-07-01 00:00:00+00:00
[2024-07-01T20:14:24.401+0000] {processor.py:183} INFO - Processing /home/airflow/.local/lib/python3.8/site-packages/airflow/example_dags/example_branch_datetime_operator.py took 0.236 seconds
[2024-07-01T20:14:54.668+0000] {processor.py:161} INFO - Started process (PID=719) to work on /home/airflow/.local/lib/python3.8/site-packages/airflow/example_dags/example_branch_datetime_operator.py
[2024-07-01T20:14:54.671+0000] {processor.py:830} INFO - Processing file /home/airflow/.local/lib/python3.8/site-packages/airflow/example_dags/example_branch_datetime_operator.py for tasks to queue
[2024-07-01T20:14:54.675+0000] {logging_mixin.py:188} INFO - [2024-07-01T20:14:54.675+0000] {dagbag.py:538} INFO - Filling up the DagBag from /home/airflow/.local/lib/python3.8/site-packages/airflow/example_dags/example_branch_datetime_operator.py
[2024-07-01T20:14:54.700+0000] {processor.py:840} INFO - DAG(s) 'example_branch_datetime_operator_2', 'example_branch_datetime_operator_3', 'example_branch_datetime_operator' retrieved from /home/airflow/.local/lib/python3.8/site-packages/airflow/example_dags/example_branch_datetime_operator.py
[2024-07-01T20:14:54.777+0000] {logging_mixin.py:188} INFO - [2024-07-01T20:14:54.777+0000] {dag.py:3036} INFO - Sync 3 DAGs
[2024-07-01T20:14:54.830+0000] {logging_mixin.py:188} INFO - [2024-07-01T20:14:54.830+0000] {dag.py:3823} INFO - Setting next_dagrun for example_branch_datetime_operator to 2024-06-30 00:00:00+00:00, run_after=2024-07-01 00:00:00+00:00
[2024-07-01T20:14:54.841+0000] {logging_mixin.py:188} INFO - [2024-07-01T20:14:54.841+0000] {dag.py:3823} INFO - Setting next_dagrun for example_branch_datetime_operator_2 to 2024-06-30 00:00:00+00:00, run_after=2024-07-01 00:00:00+00:00
[2024-07-01T20:14:54.848+0000] {logging_mixin.py:188} INFO - [2024-07-01T20:14:54.847+0000] {dag.py:3823} INFO - Setting next_dagrun for example_branch_datetime_operator_3 to 2024-06-30 00:00:00+00:00, run_after=2024-07-01 00:00:00+00:00
[2024-07-01T20:14:54.889+0000] {processor.py:183} INFO - Processing /home/airflow/.local/lib/python3.8/site-packages/airflow/example_dags/example_branch_datetime_operator.py took 0.230 seconds
[2024-07-01T20:15:25.381+0000] {processor.py:161} INFO - Started process (PID=774) to work on /home/airflow/.local/lib/python3.8/site-packages/airflow/example_dags/example_branch_datetime_operator.py
[2024-07-01T20:15:25.384+0000] {processor.py:830} INFO - Processing file /home/airflow/.local/lib/python3.8/site-packages/airflow/example_dags/example_branch_datetime_operator.py for tasks to queue
[2024-07-01T20:15:25.388+0000] {logging_mixin.py:188} INFO - [2024-07-01T20:15:25.387+0000] {dagbag.py:538} INFO - Filling up the DagBag from /home/airflow/.local/lib/python3.8/site-packages/airflow/example_dags/example_branch_datetime_operator.py
[2024-07-01T20:15:25.410+0000] {processor.py:840} INFO - DAG(s) 'example_branch_datetime_operator_2', 'example_branch_datetime_operator', 'example_branch_datetime_operator_3' retrieved from /home/airflow/.local/lib/python3.8/site-packages/airflow/example_dags/example_branch_datetime_operator.py
[2024-07-01T20:15:25.464+0000] {logging_mixin.py:188} INFO - [2024-07-01T20:15:25.464+0000] {dag.py:3036} INFO - Sync 3 DAGs
[2024-07-01T20:15:25.510+0000] {logging_mixin.py:188} INFO - [2024-07-01T20:15:25.509+0000] {dag.py:3823} INFO - Setting next_dagrun for example_branch_datetime_operator to 2024-06-30 00:00:00+00:00, run_after=2024-07-01 00:00:00+00:00
[2024-07-01T20:15:25.520+0000] {logging_mixin.py:188} INFO - [2024-07-01T20:15:25.520+0000] {dag.py:3823} INFO - Setting next_dagrun for example_branch_datetime_operator_2 to 2024-06-30 00:00:00+00:00, run_after=2024-07-01 00:00:00+00:00
[2024-07-01T20:15:25.526+0000] {logging_mixin.py:188} INFO - [2024-07-01T20:15:25.526+0000] {dag.py:3823} INFO - Setting next_dagrun for example_branch_datetime_operator_3 to 2024-06-30 00:00:00+00:00, run_after=2024-07-01 00:00:00+00:00
[2024-07-01T20:15:25.560+0000] {processor.py:183} INFO - Processing /home/airflow/.local/lib/python3.8/site-packages/airflow/example_dags/example_branch_datetime_operator.py took 0.187 seconds
[2024-07-01T20:15:56.345+0000] {processor.py:161} INFO - Started process (PID=829) to work on /home/airflow/.local/lib/python3.8/site-packages/airflow/example_dags/example_branch_datetime_operator.py
[2024-07-01T20:15:56.348+0000] {processor.py:830} INFO - Processing file /home/airflow/.local/lib/python3.8/site-packages/airflow/example_dags/example_branch_datetime_operator.py for tasks to queue
[2024-07-01T20:15:56.352+0000] {logging_mixin.py:188} INFO - [2024-07-01T20:15:56.351+0000] {dagbag.py:538} INFO - Filling up the DagBag from /home/airflow/.local/lib/python3.8/site-packages/airflow/example_dags/example_branch_datetime_operator.py
[2024-07-01T20:15:56.373+0000] {processor.py:840} INFO - DAG(s) 'example_branch_datetime_operator', 'example_branch_datetime_operator_2', 'example_branch_datetime_operator_3' retrieved from /home/airflow/.local/lib/python3.8/site-packages/airflow/example_dags/example_branch_datetime_operator.py
[2024-07-01T20:15:56.449+0000] {logging_mixin.py:188} INFO - [2024-07-01T20:15:56.449+0000] {dag.py:3036} INFO - Sync 3 DAGs
[2024-07-01T20:15:56.549+0000] {logging_mixin.py:188} INFO - [2024-07-01T20:15:56.549+0000] {dag.py:3823} INFO - Setting next_dagrun for example_branch_datetime_operator to 2024-06-30 00:00:00+00:00, run_after=2024-07-01 00:00:00+00:00
[2024-07-01T20:15:56.573+0000] {logging_mixin.py:188} INFO - [2024-07-01T20:15:56.572+0000] {dag.py:3823} INFO - Setting next_dagrun for example_branch_datetime_operator_2 to 2024-06-30 00:00:00+00:00, run_after=2024-07-01 00:00:00+00:00
[2024-07-01T20:15:56.584+0000] {logging_mixin.py:188} INFO - [2024-07-01T20:15:56.584+0000] {dag.py:3823} INFO - Setting next_dagrun for example_branch_datetime_operator_3 to 2024-06-30 00:00:00+00:00, run_after=2024-07-01 00:00:00+00:00
[2024-07-01T20:15:56.630+0000] {processor.py:183} INFO - Processing /home/airflow/.local/lib/python3.8/site-packages/airflow/example_dags/example_branch_datetime_operator.py took 0.293 seconds
[2024-07-01T20:16:26.962+0000] {processor.py:161} INFO - Started process (PID=884) to work on /home/airflow/.local/lib/python3.8/site-packages/airflow/example_dags/example_branch_datetime_operator.py
[2024-07-01T20:16:26.965+0000] {processor.py:830} INFO - Processing file /home/airflow/.local/lib/python3.8/site-packages/airflow/example_dags/example_branch_datetime_operator.py for tasks to queue
[2024-07-01T20:16:26.968+0000] {logging_mixin.py:188} INFO - [2024-07-01T20:16:26.968+0000] {dagbag.py:538} INFO - Filling up the DagBag from /home/airflow/.local/lib/python3.8/site-packages/airflow/example_dags/example_branch_datetime_operator.py
[2024-07-01T20:16:26.990+0000] {processor.py:840} INFO - DAG(s) 'example_branch_datetime_operator_2', 'example_branch_datetime_operator_3', 'example_branch_datetime_operator' retrieved from /home/airflow/.local/lib/python3.8/site-packages/airflow/example_dags/example_branch_datetime_operator.py
[2024-07-01T20:16:27.057+0000] {logging_mixin.py:188} INFO - [2024-07-01T20:16:27.056+0000] {dag.py:3036} INFO - Sync 3 DAGs
[2024-07-01T20:16:27.119+0000] {logging_mixin.py:188} INFO - [2024-07-01T20:16:27.118+0000] {dag.py:3823} INFO - Setting next_dagrun for example_branch_datetime_operator to 2024-06-30 00:00:00+00:00, run_after=2024-07-01 00:00:00+00:00
[2024-07-01T20:16:27.135+0000] {logging_mixin.py:188} INFO - [2024-07-01T20:16:27.135+0000] {dag.py:3823} INFO - Setting next_dagrun for example_branch_datetime_operator_2 to 2024-06-30 00:00:00+00:00, run_after=2024-07-01 00:00:00+00:00
[2024-07-01T20:16:27.142+0000] {logging_mixin.py:188} INFO - [2024-07-01T20:16:27.142+0000] {dag.py:3823} INFO - Setting next_dagrun for example_branch_datetime_operator_3 to 2024-06-30 00:00:00+00:00, run_after=2024-07-01 00:00:00+00:00
[2024-07-01T20:16:27.187+0000] {processor.py:183} INFO - Processing /home/airflow/.local/lib/python3.8/site-packages/airflow/example_dags/example_branch_datetime_operator.py took 0.233 seconds
[2024-07-01T20:16:57.444+0000] {processor.py:161} INFO - Started process (PID=939) to work on /home/airflow/.local/lib/python3.8/site-packages/airflow/example_dags/example_branch_datetime_operator.py
[2024-07-01T20:16:57.446+0000] {processor.py:830} INFO - Processing file /home/airflow/.local/lib/python3.8/site-packages/airflow/example_dags/example_branch_datetime_operator.py for tasks to queue
[2024-07-01T20:16:57.451+0000] {logging_mixin.py:188} INFO - [2024-07-01T20:16:57.451+0000] {dagbag.py:538} INFO - Filling up the DagBag from /home/airflow/.local/lib/python3.8/site-packages/airflow/example_dags/example_branch_datetime_operator.py
[2024-07-01T20:16:57.481+0000] {processor.py:840} INFO - DAG(s) 'example_branch_datetime_operator_2', 'example_branch_datetime_operator_3', 'example_branch_datetime_operator' retrieved from /home/airflow/.local/lib/python3.8/site-packages/airflow/example_dags/example_branch_datetime_operator.py
[2024-07-01T20:16:57.548+0000] {logging_mixin.py:188} INFO - [2024-07-01T20:16:57.547+0000] {dag.py:3036} INFO - Sync 3 DAGs
[2024-07-01T20:16:57.599+0000] {logging_mixin.py:188} INFO - [2024-07-01T20:16:57.599+0000] {dag.py:3823} INFO - Setting next_dagrun for example_branch_datetime_operator to 2024-06-30 00:00:00+00:00, run_after=2024-07-01 00:00:00+00:00
[2024-07-01T20:16:57.611+0000] {logging_mixin.py:188} INFO - [2024-07-01T20:16:57.611+0000] {dag.py:3823} INFO - Setting next_dagrun for example_branch_datetime_operator_2 to 2024-06-30 00:00:00+00:00, run_after=2024-07-01 00:00:00+00:00
[2024-07-01T20:16:57.618+0000] {logging_mixin.py:188} INFO - [2024-07-01T20:16:57.618+0000] {dag.py:3823} INFO - Setting next_dagrun for example_branch_datetime_operator_3 to 2024-06-30 00:00:00+00:00, run_after=2024-07-01 00:00:00+00:00
[2024-07-01T20:16:57.660+0000] {processor.py:183} INFO - Processing /home/airflow/.local/lib/python3.8/site-packages/airflow/example_dags/example_branch_datetime_operator.py took 0.225 seconds
[2024-07-01T20:17:28.215+0000] {processor.py:161} INFO - Started process (PID=994) to work on /home/airflow/.local/lib/python3.8/site-packages/airflow/example_dags/example_branch_datetime_operator.py
[2024-07-01T20:17:28.218+0000] {processor.py:830} INFO - Processing file /home/airflow/.local/lib/python3.8/site-packages/airflow/example_dags/example_branch_datetime_operator.py for tasks to queue
[2024-07-01T20:17:28.223+0000] {logging_mixin.py:188} INFO - [2024-07-01T20:17:28.222+0000] {dagbag.py:538} INFO - Filling up the DagBag from /home/airflow/.local/lib/python3.8/site-packages/airflow/example_dags/example_branch_datetime_operator.py
[2024-07-01T20:17:28.246+0000] {processor.py:840} INFO - DAG(s) 'example_branch_datetime_operator_3', 'example_branch_datetime_operator_2', 'example_branch_datetime_operator' retrieved from /home/airflow/.local/lib/python3.8/site-packages/airflow/example_dags/example_branch_datetime_operator.py
[2024-07-01T20:17:28.310+0000] {logging_mixin.py:188} INFO - [2024-07-01T20:17:28.310+0000] {dag.py:3036} INFO - Sync 3 DAGs
[2024-07-01T20:17:28.358+0000] {logging_mixin.py:188} INFO - [2024-07-01T20:17:28.357+0000] {dag.py:3823} INFO - Setting next_dagrun for example_branch_datetime_operator to 2024-06-30 00:00:00+00:00, run_after=2024-07-01 00:00:00+00:00
[2024-07-01T20:17:28.370+0000] {logging_mixin.py:188} INFO - [2024-07-01T20:17:28.370+0000] {dag.py:3823} INFO - Setting next_dagrun for example_branch_datetime_operator_2 to 2024-06-30 00:00:00+00:00, run_after=2024-07-01 00:00:00+00:00
[2024-07-01T20:17:28.376+0000] {logging_mixin.py:188} INFO - [2024-07-01T20:17:28.376+0000] {dag.py:3823} INFO - Setting next_dagrun for example_branch_datetime_operator_3 to 2024-06-30 00:00:00+00:00, run_after=2024-07-01 00:00:00+00:00
[2024-07-01T20:17:28.412+0000] {processor.py:183} INFO - Processing /home/airflow/.local/lib/python3.8/site-packages/airflow/example_dags/example_branch_datetime_operator.py took 0.204 seconds
[2024-07-01T20:17:58.678+0000] {processor.py:161} INFO - Started process (PID=1049) to work on /home/airflow/.local/lib/python3.8/site-packages/airflow/example_dags/example_branch_datetime_operator.py
[2024-07-01T20:17:58.681+0000] {processor.py:830} INFO - Processing file /home/airflow/.local/lib/python3.8/site-packages/airflow/example_dags/example_branch_datetime_operator.py for tasks to queue
[2024-07-01T20:17:58.685+0000] {logging_mixin.py:188} INFO - [2024-07-01T20:17:58.685+0000] {dagbag.py:538} INFO - Filling up the DagBag from /home/airflow/.local/lib/python3.8/site-packages/airflow/example_dags/example_branch_datetime_operator.py
[2024-07-01T20:17:58.709+0000] {processor.py:840} INFO - DAG(s) 'example_branch_datetime_operator_2', 'example_branch_datetime_operator', 'example_branch_datetime_operator_3' retrieved from /home/airflow/.local/lib/python3.8/site-packages/airflow/example_dags/example_branch_datetime_operator.py
[2024-07-01T20:17:58.766+0000] {logging_mixin.py:188} INFO - [2024-07-01T20:17:58.765+0000] {dag.py:3036} INFO - Sync 3 DAGs
[2024-07-01T20:17:58.811+0000] {logging_mixin.py:188} INFO - [2024-07-01T20:17:58.811+0000] {dag.py:3823} INFO - Setting next_dagrun for example_branch_datetime_operator to 2024-06-30 00:00:00+00:00, run_after=2024-07-01 00:00:00+00:00
[2024-07-01T20:17:58.822+0000] {logging_mixin.py:188} INFO - [2024-07-01T20:17:58.821+0000] {dag.py:3823} INFO - Setting next_dagrun for example_branch_datetime_operator_2 to 2024-06-30 00:00:00+00:00, run_after=2024-07-01 00:00:00+00:00
[2024-07-01T20:17:58.828+0000] {logging_mixin.py:188} INFO - [2024-07-01T20:17:58.827+0000] {dag.py:3823} INFO - Setting next_dagrun for example_branch_datetime_operator_3 to 2024-06-30 00:00:00+00:00, run_after=2024-07-01 00:00:00+00:00
[2024-07-01T20:17:58.863+0000] {processor.py:183} INFO - Processing /home/airflow/.local/lib/python3.8/site-packages/airflow/example_dags/example_branch_datetime_operator.py took 0.192 seconds
[2024-07-01T20:18:29.044+0000] {processor.py:161} INFO - Started process (PID=1104) to work on /home/airflow/.local/lib/python3.8/site-packages/airflow/example_dags/example_branch_datetime_operator.py
[2024-07-01T20:18:29.046+0000] {processor.py:830} INFO - Processing file /home/airflow/.local/lib/python3.8/site-packages/airflow/example_dags/example_branch_datetime_operator.py for tasks to queue
[2024-07-01T20:18:29.049+0000] {logging_mixin.py:188} INFO - [2024-07-01T20:18:29.049+0000] {dagbag.py:538} INFO - Filling up the DagBag from /home/airflow/.local/lib/python3.8/site-packages/airflow/example_dags/example_branch_datetime_operator.py
[2024-07-01T20:18:29.070+0000] {processor.py:840} INFO - DAG(s) 'example_branch_datetime_operator_3', 'example_branch_datetime_operator_2', 'example_branch_datetime_operator' retrieved from /home/airflow/.local/lib/python3.8/site-packages/airflow/example_dags/example_branch_datetime_operator.py
[2024-07-01T20:18:29.124+0000] {logging_mixin.py:188} INFO - [2024-07-01T20:18:29.124+0000] {dag.py:3036} INFO - Sync 3 DAGs
[2024-07-01T20:18:29.173+0000] {logging_mixin.py:188} INFO - [2024-07-01T20:18:29.172+0000] {dag.py:3823} INFO - Setting next_dagrun for example_branch_datetime_operator to 2024-06-30 00:00:00+00:00, run_after=2024-07-01 00:00:00+00:00
[2024-07-01T20:18:29.183+0000] {logging_mixin.py:188} INFO - [2024-07-01T20:18:29.183+0000] {dag.py:3823} INFO - Setting next_dagrun for example_branch_datetime_operator_2 to 2024-06-30 00:00:00+00:00, run_after=2024-07-01 00:00:00+00:00
[2024-07-01T20:18:29.190+0000] {logging_mixin.py:188} INFO - [2024-07-01T20:18:29.189+0000] {dag.py:3823} INFO - Setting next_dagrun for example_branch_datetime_operator_3 to 2024-06-30 00:00:00+00:00, run_after=2024-07-01 00:00:00+00:00
[2024-07-01T20:18:29.225+0000] {processor.py:183} INFO - Processing /home/airflow/.local/lib/python3.8/site-packages/airflow/example_dags/example_branch_datetime_operator.py took 0.187 seconds
[2024-07-01T20:18:59.783+0000] {processor.py:161} INFO - Started process (PID=1159) to work on /home/airflow/.local/lib/python3.8/site-packages/airflow/example_dags/example_branch_datetime_operator.py
[2024-07-01T20:18:59.785+0000] {processor.py:830} INFO - Processing file /home/airflow/.local/lib/python3.8/site-packages/airflow/example_dags/example_branch_datetime_operator.py for tasks to queue
[2024-07-01T20:18:59.789+0000] {logging_mixin.py:188} INFO - [2024-07-01T20:18:59.788+0000] {dagbag.py:538} INFO - Filling up the DagBag from /home/airflow/.local/lib/python3.8/site-packages/airflow/example_dags/example_branch_datetime_operator.py
[2024-07-01T20:18:59.809+0000] {processor.py:840} INFO - DAG(s) 'example_branch_datetime_operator', 'example_branch_datetime_operator_3', 'example_branch_datetime_operator_2' retrieved from /home/airflow/.local/lib/python3.8/site-packages/airflow/example_dags/example_branch_datetime_operator.py
[2024-07-01T20:18:59.864+0000] {logging_mixin.py:188} INFO - [2024-07-01T20:18:59.864+0000] {dag.py:3036} INFO - Sync 3 DAGs
[2024-07-01T20:18:59.912+0000] {logging_mixin.py:188} INFO - [2024-07-01T20:18:59.911+0000] {dag.py:3823} INFO - Setting next_dagrun for example_branch_datetime_operator to 2024-06-30 00:00:00+00:00, run_after=2024-07-01 00:00:00+00:00
[2024-07-01T20:18:59.923+0000] {logging_mixin.py:188} INFO - [2024-07-01T20:18:59.922+0000] {dag.py:3823} INFO - Setting next_dagrun for example_branch_datetime_operator_2 to 2024-06-30 00:00:00+00:00, run_after=2024-07-01 00:00:00+00:00
[2024-07-01T20:18:59.929+0000] {logging_mixin.py:188} INFO - [2024-07-01T20:18:59.928+0000] {dag.py:3823} INFO - Setting next_dagrun for example_branch_datetime_operator_3 to 2024-06-30 00:00:00+00:00, run_after=2024-07-01 00:00:00+00:00
[2024-07-01T20:18:59.964+0000] {processor.py:183} INFO - Processing /home/airflow/.local/lib/python3.8/site-packages/airflow/example_dags/example_branch_datetime_operator.py took 0.186 seconds
[2024-07-01T20:19:30.849+0000] {processor.py:161} INFO - Started process (PID=1214) to work on /home/airflow/.local/lib/python3.8/site-packages/airflow/example_dags/example_branch_datetime_operator.py
[2024-07-01T20:19:30.852+0000] {processor.py:830} INFO - Processing file /home/airflow/.local/lib/python3.8/site-packages/airflow/example_dags/example_branch_datetime_operator.py for tasks to queue
[2024-07-01T20:19:30.857+0000] {logging_mixin.py:188} INFO - [2024-07-01T20:19:30.856+0000] {dagbag.py:538} INFO - Filling up the DagBag from /home/airflow/.local/lib/python3.8/site-packages/airflow/example_dags/example_branch_datetime_operator.py
[2024-07-01T20:19:30.879+0000] {processor.py:840} INFO - DAG(s) 'example_branch_datetime_operator_2', 'example_branch_datetime_operator_3', 'example_branch_datetime_operator' retrieved from /home/airflow/.local/lib/python3.8/site-packages/airflow/example_dags/example_branch_datetime_operator.py
[2024-07-01T20:19:30.934+0000] {logging_mixin.py:188} INFO - [2024-07-01T20:19:30.933+0000] {dag.py:3036} INFO - Sync 3 DAGs
[2024-07-01T20:19:30.984+0000] {logging_mixin.py:188} INFO - [2024-07-01T20:19:30.984+0000] {dag.py:3823} INFO - Setting next_dagrun for example_branch_datetime_operator to 2024-06-30 00:00:00+00:00, run_after=2024-07-01 00:00:00+00:00
[2024-07-01T20:19:30.996+0000] {logging_mixin.py:188} INFO - [2024-07-01T20:19:30.996+0000] {dag.py:3823} INFO - Setting next_dagrun for example_branch_datetime_operator_2 to 2024-06-30 00:00:00+00:00, run_after=2024-07-01 00:00:00+00:00
[2024-07-01T20:19:31.003+0000] {logging_mixin.py:188} INFO - [2024-07-01T20:19:31.003+0000] {dag.py:3823} INFO - Setting next_dagrun for example_branch_datetime_operator_3 to 2024-06-30 00:00:00+00:00, run_after=2024-07-01 00:00:00+00:00
[2024-07-01T20:19:31.040+0000] {processor.py:183} INFO - Processing /home/airflow/.local/lib/python3.8/site-packages/airflow/example_dags/example_branch_datetime_operator.py took 0.199 seconds
[2024-07-01T20:20:01.328+0000] {processor.py:161} INFO - Started process (PID=1269) to work on /home/airflow/.local/lib/python3.8/site-packages/airflow/example_dags/example_branch_datetime_operator.py
[2024-07-01T20:20:01.330+0000] {processor.py:830} INFO - Processing file /home/airflow/.local/lib/python3.8/site-packages/airflow/example_dags/example_branch_datetime_operator.py for tasks to queue
[2024-07-01T20:20:01.333+0000] {logging_mixin.py:188} INFO - [2024-07-01T20:20:01.333+0000] {dagbag.py:538} INFO - Filling up the DagBag from /home/airflow/.local/lib/python3.8/site-packages/airflow/example_dags/example_branch_datetime_operator.py
[2024-07-01T20:20:01.355+0000] {processor.py:840} INFO - DAG(s) 'example_branch_datetime_operator_2', 'example_branch_datetime_operator_3', 'example_branch_datetime_operator' retrieved from /home/airflow/.local/lib/python3.8/site-packages/airflow/example_dags/example_branch_datetime_operator.py
[2024-07-01T20:20:01.421+0000] {logging_mixin.py:188} INFO - [2024-07-01T20:20:01.421+0000] {dag.py:3036} INFO - Sync 3 DAGs
[2024-07-01T20:20:01.468+0000] {logging_mixin.py:188} INFO - [2024-07-01T20:20:01.468+0000] {dag.py:3823} INFO - Setting next_dagrun for example_branch_datetime_operator to 2024-06-30 00:00:00+00:00, run_after=2024-07-01 00:00:00+00:00
[2024-07-01T20:20:01.480+0000] {logging_mixin.py:188} INFO - [2024-07-01T20:20:01.479+0000] {dag.py:3823} INFO - Setting next_dagrun for example_branch_datetime_operator_2 to 2024-06-30 00:00:00+00:00, run_after=2024-07-01 00:00:00+00:00
[2024-07-01T20:20:01.489+0000] {logging_mixin.py:188} INFO - [2024-07-01T20:20:01.489+0000] {dag.py:3823} INFO - Setting next_dagrun for example_branch_datetime_operator_3 to 2024-06-30 00:00:00+00:00, run_after=2024-07-01 00:00:00+00:00
[2024-07-01T20:20:01.528+0000] {processor.py:183} INFO - Processing /home/airflow/.local/lib/python3.8/site-packages/airflow/example_dags/example_branch_datetime_operator.py took 0.206 seconds
[2024-07-01T20:20:32.005+0000] {processor.py:161} INFO - Started process (PID=1324) to work on /home/airflow/.local/lib/python3.8/site-packages/airflow/example_dags/example_branch_datetime_operator.py
[2024-07-01T20:20:32.007+0000] {processor.py:830} INFO - Processing file /home/airflow/.local/lib/python3.8/site-packages/airflow/example_dags/example_branch_datetime_operator.py for tasks to queue
[2024-07-01T20:20:32.011+0000] {logging_mixin.py:188} INFO - [2024-07-01T20:20:32.010+0000] {dagbag.py:538} INFO - Filling up the DagBag from /home/airflow/.local/lib/python3.8/site-packages/airflow/example_dags/example_branch_datetime_operator.py
[2024-07-01T20:20:32.032+0000] {processor.py:840} INFO - DAG(s) 'example_branch_datetime_operator_3', 'example_branch_datetime_operator_2', 'example_branch_datetime_operator' retrieved from /home/airflow/.local/lib/python3.8/site-packages/airflow/example_dags/example_branch_datetime_operator.py
[2024-07-01T20:20:32.087+0000] {logging_mixin.py:188} INFO - [2024-07-01T20:20:32.086+0000] {dag.py:3036} INFO - Sync 3 DAGs
[2024-07-01T20:20:32.137+0000] {logging_mixin.py:188} INFO - [2024-07-01T20:20:32.137+0000] {dag.py:3823} INFO - Setting next_dagrun for example_branch_datetime_operator to 2024-06-30 00:00:00+00:00, run_after=2024-07-01 00:00:00+00:00
[2024-07-01T20:20:32.147+0000] {logging_mixin.py:188} INFO - [2024-07-01T20:20:32.147+0000] {dag.py:3823} INFO - Setting next_dagrun for example_branch_datetime_operator_2 to 2024-06-30 00:00:00+00:00, run_after=2024-07-01 00:00:00+00:00
[2024-07-01T20:20:32.154+0000] {logging_mixin.py:188} INFO - [2024-07-01T20:20:32.154+0000] {dag.py:3823} INFO - Setting next_dagrun for example_branch_datetime_operator_3 to 2024-06-30 00:00:00+00:00, run_after=2024-07-01 00:00:00+00:00
[2024-07-01T20:20:32.195+0000] {processor.py:183} INFO - Processing /home/airflow/.local/lib/python3.8/site-packages/airflow/example_dags/example_branch_datetime_operator.py took 0.196 seconds
[2024-07-01T20:21:02.907+0000] {processor.py:161} INFO - Started process (PID=1377) to work on /home/airflow/.local/lib/python3.8/site-packages/airflow/example_dags/example_branch_datetime_operator.py
[2024-07-01T20:21:02.909+0000] {processor.py:830} INFO - Processing file /home/airflow/.local/lib/python3.8/site-packages/airflow/example_dags/example_branch_datetime_operator.py for tasks to queue
[2024-07-01T20:21:02.913+0000] {logging_mixin.py:188} INFO - [2024-07-01T20:21:02.912+0000] {dagbag.py:538} INFO - Filling up the DagBag from /home/airflow/.local/lib/python3.8/site-packages/airflow/example_dags/example_branch_datetime_operator.py
[2024-07-01T20:21:02.934+0000] {processor.py:840} INFO - DAG(s) 'example_branch_datetime_operator', 'example_branch_datetime_operator_2', 'example_branch_datetime_operator_3' retrieved from /home/airflow/.local/lib/python3.8/site-packages/airflow/example_dags/example_branch_datetime_operator.py
[2024-07-01T20:21:02.998+0000] {logging_mixin.py:188} INFO - [2024-07-01T20:21:02.997+0000] {dag.py:3036} INFO - Sync 3 DAGs
[2024-07-01T20:21:03.056+0000] {logging_mixin.py:188} INFO - [2024-07-01T20:21:03.055+0000] {dag.py:3823} INFO - Setting next_dagrun for example_branch_datetime_operator to 2024-06-30 00:00:00+00:00, run_after=2024-07-01 00:00:00+00:00
[2024-07-01T20:21:03.070+0000] {logging_mixin.py:188} INFO - [2024-07-01T20:21:03.069+0000] {dag.py:3823} INFO - Setting next_dagrun for example_branch_datetime_operator_2 to 2024-06-30 00:00:00+00:00, run_after=2024-07-01 00:00:00+00:00
[2024-07-01T20:21:03.079+0000] {logging_mixin.py:188} INFO - [2024-07-01T20:21:03.078+0000] {dag.py:3823} INFO - Setting next_dagrun for example_branch_datetime_operator_3 to 2024-06-30 00:00:00+00:00, run_after=2024-07-01 00:00:00+00:00
[2024-07-01T20:21:03.123+0000] {processor.py:183} INFO - Processing /home/airflow/.local/lib/python3.8/site-packages/airflow/example_dags/example_branch_datetime_operator.py took 0.226 seconds
[2024-07-01T20:21:33.480+0000] {processor.py:161} INFO - Started process (PID=1432) to work on /home/airflow/.local/lib/python3.8/site-packages/airflow/example_dags/example_branch_datetime_operator.py
[2024-07-01T20:21:33.483+0000] {processor.py:830} INFO - Processing file /home/airflow/.local/lib/python3.8/site-packages/airflow/example_dags/example_branch_datetime_operator.py for tasks to queue
[2024-07-01T20:21:33.488+0000] {logging_mixin.py:188} INFO - [2024-07-01T20:21:33.487+0000] {dagbag.py:538} INFO - Filling up the DagBag from /home/airflow/.local/lib/python3.8/site-packages/airflow/example_dags/example_branch_datetime_operator.py
[2024-07-01T20:21:33.521+0000] {processor.py:840} INFO - DAG(s) 'example_branch_datetime_operator_3', 'example_branch_datetime_operator', 'example_branch_datetime_operator_2' retrieved from /home/airflow/.local/lib/python3.8/site-packages/airflow/example_dags/example_branch_datetime_operator.py
[2024-07-01T20:21:33.606+0000] {logging_mixin.py:188} INFO - [2024-07-01T20:21:33.606+0000] {dag.py:3036} INFO - Sync 3 DAGs
[2024-07-01T20:21:33.666+0000] {logging_mixin.py:188} INFO - [2024-07-01T20:21:33.666+0000] {dag.py:3823} INFO - Setting next_dagrun for example_branch_datetime_operator to 2024-06-30 00:00:00+00:00, run_after=2024-07-01 00:00:00+00:00
[2024-07-01T20:21:33.680+0000] {logging_mixin.py:188} INFO - [2024-07-01T20:21:33.679+0000] {dag.py:3823} INFO - Setting next_dagrun for example_branch_datetime_operator_2 to 2024-06-30 00:00:00+00:00, run_after=2024-07-01 00:00:00+00:00
[2024-07-01T20:21:33.688+0000] {logging_mixin.py:188} INFO - [2024-07-01T20:21:33.688+0000] {dag.py:3823} INFO - Setting next_dagrun for example_branch_datetime_operator_3 to 2024-06-30 00:00:00+00:00, run_after=2024-07-01 00:00:00+00:00
[2024-07-01T20:21:33.731+0000] {processor.py:183} INFO - Processing /home/airflow/.local/lib/python3.8/site-packages/airflow/example_dags/example_branch_datetime_operator.py took 0.259 seconds
[2024-07-01T20:22:03.836+0000] {processor.py:161} INFO - Started process (PID=1487) to work on /home/airflow/.local/lib/python3.8/site-packages/airflow/example_dags/example_branch_datetime_operator.py
[2024-07-01T20:22:03.838+0000] {processor.py:830} INFO - Processing file /home/airflow/.local/lib/python3.8/site-packages/airflow/example_dags/example_branch_datetime_operator.py for tasks to queue
[2024-07-01T20:22:03.843+0000] {logging_mixin.py:188} INFO - [2024-07-01T20:22:03.843+0000] {dagbag.py:538} INFO - Filling up the DagBag from /home/airflow/.local/lib/python3.8/site-packages/airflow/example_dags/example_branch_datetime_operator.py
[2024-07-01T20:22:03.871+0000] {processor.py:840} INFO - DAG(s) 'example_branch_datetime_operator_3', 'example_branch_datetime_operator_2', 'example_branch_datetime_operator' retrieved from /home/airflow/.local/lib/python3.8/site-packages/airflow/example_dags/example_branch_datetime_operator.py
[2024-07-01T20:22:03.942+0000] {logging_mixin.py:188} INFO - [2024-07-01T20:22:03.941+0000] {dag.py:3036} INFO - Sync 3 DAGs
[2024-07-01T20:22:03.998+0000] {logging_mixin.py:188} INFO - [2024-07-01T20:22:03.998+0000] {dag.py:3823} INFO - Setting next_dagrun for example_branch_datetime_operator to 2024-06-30 00:00:00+00:00, run_after=2024-07-01 00:00:00+00:00
[2024-07-01T20:22:04.010+0000] {logging_mixin.py:188} INFO - [2024-07-01T20:22:04.010+0000] {dag.py:3823} INFO - Setting next_dagrun for example_branch_datetime_operator_2 to 2024-06-30 00:00:00+00:00, run_after=2024-07-01 00:00:00+00:00
[2024-07-01T20:22:04.019+0000] {logging_mixin.py:188} INFO - [2024-07-01T20:22:04.018+0000] {dag.py:3823} INFO - Setting next_dagrun for example_branch_datetime_operator_3 to 2024-06-30 00:00:00+00:00, run_after=2024-07-01 00:00:00+00:00
[2024-07-01T20:22:04.054+0000] {processor.py:183} INFO - Processing /home/airflow/.local/lib/python3.8/site-packages/airflow/example_dags/example_branch_datetime_operator.py took 0.224 seconds
[2024-07-01T20:22:34.253+0000] {processor.py:161} INFO - Started process (PID=1542) to work on /home/airflow/.local/lib/python3.8/site-packages/airflow/example_dags/example_branch_datetime_operator.py
[2024-07-01T20:22:34.256+0000] {processor.py:830} INFO - Processing file /home/airflow/.local/lib/python3.8/site-packages/airflow/example_dags/example_branch_datetime_operator.py for tasks to queue
[2024-07-01T20:22:34.261+0000] {logging_mixin.py:188} INFO - [2024-07-01T20:22:34.260+0000] {dagbag.py:538} INFO - Filling up the DagBag from /home/airflow/.local/lib/python3.8/site-packages/airflow/example_dags/example_branch_datetime_operator.py
[2024-07-01T20:22:34.293+0000] {processor.py:840} INFO - DAG(s) 'example_branch_datetime_operator', 'example_branch_datetime_operator_3', 'example_branch_datetime_operator_2' retrieved from /home/airflow/.local/lib/python3.8/site-packages/airflow/example_dags/example_branch_datetime_operator.py
[2024-07-01T20:22:34.376+0000] {logging_mixin.py:188} INFO - [2024-07-01T20:22:34.375+0000] {dag.py:3036} INFO - Sync 3 DAGs
[2024-07-01T20:22:34.433+0000] {logging_mixin.py:188} INFO - [2024-07-01T20:22:34.432+0000] {dag.py:3823} INFO - Setting next_dagrun for example_branch_datetime_operator to 2024-06-30 00:00:00+00:00, run_after=2024-07-01 00:00:00+00:00
[2024-07-01T20:22:34.443+0000] {logging_mixin.py:188} INFO - [2024-07-01T20:22:34.443+0000] {dag.py:3823} INFO - Setting next_dagrun for example_branch_datetime_operator_2 to 2024-06-30 00:00:00+00:00, run_after=2024-07-01 00:00:00+00:00
[2024-07-01T20:22:34.450+0000] {logging_mixin.py:188} INFO - [2024-07-01T20:22:34.449+0000] {dag.py:3823} INFO - Setting next_dagrun for example_branch_datetime_operator_3 to 2024-06-30 00:00:00+00:00, run_after=2024-07-01 00:00:00+00:00
[2024-07-01T20:22:34.489+0000] {processor.py:183} INFO - Processing /home/airflow/.local/lib/python3.8/site-packages/airflow/example_dags/example_branch_datetime_operator.py took 0.244 seconds
[2024-07-01T20:23:04.994+0000] {processor.py:161} INFO - Started process (PID=1597) to work on /home/airflow/.local/lib/python3.8/site-packages/airflow/example_dags/example_branch_datetime_operator.py
[2024-07-01T20:23:04.996+0000] {processor.py:830} INFO - Processing file /home/airflow/.local/lib/python3.8/site-packages/airflow/example_dags/example_branch_datetime_operator.py for tasks to queue
[2024-07-01T20:23:05.000+0000] {logging_mixin.py:188} INFO - [2024-07-01T20:23:04.999+0000] {dagbag.py:538} INFO - Filling up the DagBag from /home/airflow/.local/lib/python3.8/site-packages/airflow/example_dags/example_branch_datetime_operator.py
[2024-07-01T20:23:05.024+0000] {processor.py:840} INFO - DAG(s) 'example_branch_datetime_operator_2', 'example_branch_datetime_operator', 'example_branch_datetime_operator_3' retrieved from /home/airflow/.local/lib/python3.8/site-packages/airflow/example_dags/example_branch_datetime_operator.py
[2024-07-01T20:23:05.086+0000] {logging_mixin.py:188} INFO - [2024-07-01T20:23:05.085+0000] {dag.py:3036} INFO - Sync 3 DAGs
[2024-07-01T20:23:05.135+0000] {logging_mixin.py:188} INFO - [2024-07-01T20:23:05.135+0000] {dag.py:3823} INFO - Setting next_dagrun for example_branch_datetime_operator to 2024-06-30 00:00:00+00:00, run_after=2024-07-01 00:00:00+00:00
[2024-07-01T20:23:05.149+0000] {logging_mixin.py:188} INFO - [2024-07-01T20:23:05.149+0000] {dag.py:3823} INFO - Setting next_dagrun for example_branch_datetime_operator_2 to 2024-06-30 00:00:00+00:00, run_after=2024-07-01 00:00:00+00:00
[2024-07-01T20:23:05.157+0000] {logging_mixin.py:188} INFO - [2024-07-01T20:23:05.156+0000] {dag.py:3823} INFO - Setting next_dagrun for example_branch_datetime_operator_3 to 2024-06-30 00:00:00+00:00, run_after=2024-07-01 00:00:00+00:00
[2024-07-01T20:23:05.199+0000] {processor.py:183} INFO - Processing /home/airflow/.local/lib/python3.8/site-packages/airflow/example_dags/example_branch_datetime_operator.py took 0.210 seconds
[2024-07-01T20:23:35.291+0000] {processor.py:161} INFO - Started process (PID=1652) to work on /home/airflow/.local/lib/python3.8/site-packages/airflow/example_dags/example_branch_datetime_operator.py
[2024-07-01T20:23:35.293+0000] {processor.py:830} INFO - Processing file /home/airflow/.local/lib/python3.8/site-packages/airflow/example_dags/example_branch_datetime_operator.py for tasks to queue
[2024-07-01T20:23:35.307+0000] {logging_mixin.py:188} INFO - [2024-07-01T20:23:35.306+0000] {dagbag.py:538} INFO - Filling up the DagBag from /home/airflow/.local/lib/python3.8/site-packages/airflow/example_dags/example_branch_datetime_operator.py
[2024-07-01T20:23:35.336+0000] {processor.py:840} INFO - DAG(s) 'example_branch_datetime_operator_2', 'example_branch_datetime_operator', 'example_branch_datetime_operator_3' retrieved from /home/airflow/.local/lib/python3.8/site-packages/airflow/example_dags/example_branch_datetime_operator.py
[2024-07-01T20:23:35.453+0000] {logging_mixin.py:188} INFO - [2024-07-01T20:23:35.453+0000] {dag.py:3036} INFO - Sync 3 DAGs
[2024-07-01T20:23:35.500+0000] {logging_mixin.py:188} INFO - [2024-07-01T20:23:35.500+0000] {dag.py:3823} INFO - Setting next_dagrun for example_branch_datetime_operator to 2024-06-30 00:00:00+00:00, run_after=2024-07-01 00:00:00+00:00
[2024-07-01T20:23:35.511+0000] {logging_mixin.py:188} INFO - [2024-07-01T20:23:35.510+0000] {dag.py:3823} INFO - Setting next_dagrun for example_branch_datetime_operator_2 to 2024-06-30 00:00:00+00:00, run_after=2024-07-01 00:00:00+00:00
[2024-07-01T20:23:35.519+0000] {logging_mixin.py:188} INFO - [2024-07-01T20:23:35.519+0000] {dag.py:3823} INFO - Setting next_dagrun for example_branch_datetime_operator_3 to 2024-06-30 00:00:00+00:00, run_after=2024-07-01 00:00:00+00:00
[2024-07-01T20:23:35.555+0000] {processor.py:183} INFO - Processing /home/airflow/.local/lib/python3.8/site-packages/airflow/example_dags/example_branch_datetime_operator.py took 0.284 seconds
[2024-07-01T20:24:05.738+0000] {processor.py:161} INFO - Started process (PID=1707) to work on /home/airflow/.local/lib/python3.8/site-packages/airflow/example_dags/example_branch_datetime_operator.py
[2024-07-01T20:24:05.740+0000] {processor.py:830} INFO - Processing file /home/airflow/.local/lib/python3.8/site-packages/airflow/example_dags/example_branch_datetime_operator.py for tasks to queue
[2024-07-01T20:24:05.745+0000] {logging_mixin.py:188} INFO - [2024-07-01T20:24:05.744+0000] {dagbag.py:538} INFO - Filling up the DagBag from /home/airflow/.local/lib/python3.8/site-packages/airflow/example_dags/example_branch_datetime_operator.py
[2024-07-01T20:24:05.773+0000] {processor.py:840} INFO - DAG(s) 'example_branch_datetime_operator_2', 'example_branch_datetime_operator_3', 'example_branch_datetime_operator' retrieved from /home/airflow/.local/lib/python3.8/site-packages/airflow/example_dags/example_branch_datetime_operator.py
[2024-07-01T20:24:05.829+0000] {logging_mixin.py:188} INFO - [2024-07-01T20:24:05.828+0000] {dag.py:3036} INFO - Sync 3 DAGs
[2024-07-01T20:24:05.873+0000] {logging_mixin.py:188} INFO - [2024-07-01T20:24:05.873+0000] {dag.py:3823} INFO - Setting next_dagrun for example_branch_datetime_operator to 2024-06-30 00:00:00+00:00, run_after=2024-07-01 00:00:00+00:00
[2024-07-01T20:24:05.884+0000] {logging_mixin.py:188} INFO - [2024-07-01T20:24:05.883+0000] {dag.py:3823} INFO - Setting next_dagrun for example_branch_datetime_operator_2 to 2024-06-30 00:00:00+00:00, run_after=2024-07-01 00:00:00+00:00
[2024-07-01T20:24:05.890+0000] {logging_mixin.py:188} INFO - [2024-07-01T20:24:05.890+0000] {dag.py:3823} INFO - Setting next_dagrun for example_branch_datetime_operator_3 to 2024-06-30 00:00:00+00:00, run_after=2024-07-01 00:00:00+00:00
[2024-07-01T20:24:05.924+0000] {processor.py:183} INFO - Processing /home/airflow/.local/lib/python3.8/site-packages/airflow/example_dags/example_branch_datetime_operator.py took 0.192 seconds
[2024-07-01T20:24:36.291+0000] {processor.py:161} INFO - Started process (PID=1762) to work on /home/airflow/.local/lib/python3.8/site-packages/airflow/example_dags/example_branch_datetime_operator.py
[2024-07-01T20:24:36.293+0000] {processor.py:830} INFO - Processing file /home/airflow/.local/lib/python3.8/site-packages/airflow/example_dags/example_branch_datetime_operator.py for tasks to queue
[2024-07-01T20:24:36.299+0000] {logging_mixin.py:188} INFO - [2024-07-01T20:24:36.299+0000] {dagbag.py:538} INFO - Filling up the DagBag from /home/airflow/.local/lib/python3.8/site-packages/airflow/example_dags/example_branch_datetime_operator.py
[2024-07-01T20:24:36.332+0000] {processor.py:840} INFO - DAG(s) 'example_branch_datetime_operator_2', 'example_branch_datetime_operator', 'example_branch_datetime_operator_3' retrieved from /home/airflow/.local/lib/python3.8/site-packages/airflow/example_dags/example_branch_datetime_operator.py
[2024-07-01T20:24:36.407+0000] {logging_mixin.py:188} INFO - [2024-07-01T20:24:36.406+0000] {dag.py:3036} INFO - Sync 3 DAGs
[2024-07-01T20:24:36.469+0000] {logging_mixin.py:188} INFO - [2024-07-01T20:24:36.469+0000] {dag.py:3823} INFO - Setting next_dagrun for example_branch_datetime_operator to 2024-06-30 00:00:00+00:00, run_after=2024-07-01 00:00:00+00:00
[2024-07-01T20:24:36.482+0000] {logging_mixin.py:188} INFO - [2024-07-01T20:24:36.481+0000] {dag.py:3823} INFO - Setting next_dagrun for example_branch_datetime_operator_2 to 2024-06-30 00:00:00+00:00, run_after=2024-07-01 00:00:00+00:00
[2024-07-01T20:24:36.489+0000] {logging_mixin.py:188} INFO - [2024-07-01T20:24:36.489+0000] {dag.py:3823} INFO - Setting next_dagrun for example_branch_datetime_operator_3 to 2024-06-30 00:00:00+00:00, run_after=2024-07-01 00:00:00+00:00
[2024-07-01T20:24:36.526+0000] {processor.py:183} INFO - Processing /home/airflow/.local/lib/python3.8/site-packages/airflow/example_dags/example_branch_datetime_operator.py took 0.243 seconds
[2024-07-01T20:25:06.586+0000] {processor.py:161} INFO - Started process (PID=1817) to work on /home/airflow/.local/lib/python3.8/site-packages/airflow/example_dags/example_branch_datetime_operator.py
[2024-07-01T20:25:06.588+0000] {processor.py:830} INFO - Processing file /home/airflow/.local/lib/python3.8/site-packages/airflow/example_dags/example_branch_datetime_operator.py for tasks to queue
[2024-07-01T20:25:06.592+0000] {logging_mixin.py:188} INFO - [2024-07-01T20:25:06.591+0000] {dagbag.py:538} INFO - Filling up the DagBag from /home/airflow/.local/lib/python3.8/site-packages/airflow/example_dags/example_branch_datetime_operator.py
[2024-07-01T20:25:06.624+0000] {processor.py:840} INFO - DAG(s) 'example_branch_datetime_operator_3', 'example_branch_datetime_operator', 'example_branch_datetime_operator_2' retrieved from /home/airflow/.local/lib/python3.8/site-packages/airflow/example_dags/example_branch_datetime_operator.py
[2024-07-01T20:25:06.735+0000] {logging_mixin.py:188} INFO - [2024-07-01T20:25:06.735+0000] {dag.py:3036} INFO - Sync 3 DAGs
[2024-07-01T20:25:06.816+0000] {logging_mixin.py:188} INFO - [2024-07-01T20:25:06.816+0000] {dag.py:3823} INFO - Setting next_dagrun for example_branch_datetime_operator to 2024-06-30 00:00:00+00:00, run_after=2024-07-01 00:00:00+00:00
[2024-07-01T20:25:06.828+0000] {logging_mixin.py:188} INFO - [2024-07-01T20:25:06.827+0000] {dag.py:3823} INFO - Setting next_dagrun for example_branch_datetime_operator_2 to 2024-06-30 00:00:00+00:00, run_after=2024-07-01 00:00:00+00:00
[2024-07-01T20:25:06.839+0000] {logging_mixin.py:188} INFO - [2024-07-01T20:25:06.839+0000] {dag.py:3823} INFO - Setting next_dagrun for example_branch_datetime_operator_3 to 2024-06-30 00:00:00+00:00, run_after=2024-07-01 00:00:00+00:00
[2024-07-01T20:25:06.883+0000] {processor.py:183} INFO - Processing /home/airflow/.local/lib/python3.8/site-packages/airflow/example_dags/example_branch_datetime_operator.py took 0.303 seconds
