[2024-07-01T20:08:51.520+0000] {processor.py:161} INFO - Started process (PID=74) to work on /home/airflow/.local/lib/python3.8/site-packages/airflow/example_dags/example_branch_python_dop_operator_3.py
[2024-07-01T20:08:51.522+0000] {processor.py:830} INFO - Processing file /home/airflow/.local/lib/python3.8/site-packages/airflow/example_dags/example_branch_python_dop_operator_3.py for tasks to queue
[2024-07-01T20:08:51.526+0000] {logging_mixin.py:188} INFO - [2024-07-01T20:08:51.525+0000] {dagbag.py:538} INFO - Filling up the DagBag from /home/airflow/.local/lib/python3.8/site-packages/airflow/example_dags/example_branch_python_dop_operator_3.py
[2024-07-01T20:08:51.546+0000] {processor.py:840} INFO - DAG(s) 'example_branch_dop_operator_v3' retrieved from /home/airflow/.local/lib/python3.8/site-packages/airflow/example_dags/example_branch_python_dop_operator_3.py
[2024-07-01T20:08:51.793+0000] {logging_mixin.py:188} INFO - [2024-07-01T20:08:51.792+0000] {dag.py:3036} INFO - Sync 1 DAGs
[2024-07-01T20:08:51.917+0000] {logging_mixin.py:188} INFO - [2024-07-01T20:08:51.916+0000] {dag.py:3823} INFO - Setting next_dagrun for example_branch_dop_operator_v3 to 2024-07-01 20:07:00+00:00, run_after=2024-07-01 20:08:00+00:00
[2024-07-01T20:08:51.960+0000] {processor.py:183} INFO - Processing /home/airflow/.local/lib/python3.8/site-packages/airflow/example_dags/example_branch_python_dop_operator_3.py took 0.446 seconds
[2024-07-01T20:09:22.540+0000] {processor.py:161} INFO - Started process (PID=129) to work on /home/airflow/.local/lib/python3.8/site-packages/airflow/example_dags/example_branch_python_dop_operator_3.py
[2024-07-01T20:09:22.542+0000] {processor.py:830} INFO - Processing file /home/airflow/.local/lib/python3.8/site-packages/airflow/example_dags/example_branch_python_dop_operator_3.py for tasks to queue
[2024-07-01T20:09:22.546+0000] {logging_mixin.py:188} INFO - [2024-07-01T20:09:22.546+0000] {dagbag.py:538} INFO - Filling up the DagBag from /home/airflow/.local/lib/python3.8/site-packages/airflow/example_dags/example_branch_python_dop_operator_3.py
[2024-07-01T20:09:22.564+0000] {processor.py:840} INFO - DAG(s) 'example_branch_dop_operator_v3' retrieved from /home/airflow/.local/lib/python3.8/site-packages/airflow/example_dags/example_branch_python_dop_operator_3.py
[2024-07-01T20:09:22.602+0000] {logging_mixin.py:188} INFO - [2024-07-01T20:09:22.602+0000] {dag.py:3036} INFO - Sync 1 DAGs
[2024-07-01T20:09:22.658+0000] {logging_mixin.py:188} INFO - [2024-07-01T20:09:22.658+0000] {dag.py:3823} INFO - Setting next_dagrun for example_branch_dop_operator_v3 to 2024-07-01 20:08:00+00:00, run_after=2024-07-01 20:09:00+00:00
[2024-07-01T20:09:22.709+0000] {processor.py:183} INFO - Processing /home/airflow/.local/lib/python3.8/site-packages/airflow/example_dags/example_branch_python_dop_operator_3.py took 0.177 seconds
[2024-07-01T20:09:53.159+0000] {processor.py:161} INFO - Started process (PID=184) to work on /home/airflow/.local/lib/python3.8/site-packages/airflow/example_dags/example_branch_python_dop_operator_3.py
[2024-07-01T20:09:53.161+0000] {processor.py:830} INFO - Processing file /home/airflow/.local/lib/python3.8/site-packages/airflow/example_dags/example_branch_python_dop_operator_3.py for tasks to queue
[2024-07-01T20:09:53.168+0000] {logging_mixin.py:188} INFO - [2024-07-01T20:09:53.167+0000] {dagbag.py:538} INFO - Filling up the DagBag from /home/airflow/.local/lib/python3.8/site-packages/airflow/example_dags/example_branch_python_dop_operator_3.py
[2024-07-01T20:09:53.197+0000] {processor.py:840} INFO - DAG(s) 'example_branch_dop_operator_v3' retrieved from /home/airflow/.local/lib/python3.8/site-packages/airflow/example_dags/example_branch_python_dop_operator_3.py
[2024-07-01T20:09:53.254+0000] {logging_mixin.py:188} INFO - [2024-07-01T20:09:53.254+0000] {dag.py:3036} INFO - Sync 1 DAGs
[2024-07-01T20:09:53.352+0000] {logging_mixin.py:188} INFO - [2024-07-01T20:09:53.347+0000] {dag.py:3823} INFO - Setting next_dagrun for example_branch_dop_operator_v3 to 2024-07-01 20:08:00+00:00, run_after=2024-07-01 20:09:00+00:00
[2024-07-01T20:09:53.449+0000] {processor.py:183} INFO - Processing /home/airflow/.local/lib/python3.8/site-packages/airflow/example_dags/example_branch_python_dop_operator_3.py took 0.299 seconds
[2024-07-01T20:10:23.640+0000] {processor.py:161} INFO - Started process (PID=239) to work on /home/airflow/.local/lib/python3.8/site-packages/airflow/example_dags/example_branch_python_dop_operator_3.py
[2024-07-01T20:10:23.642+0000] {processor.py:830} INFO - Processing file /home/airflow/.local/lib/python3.8/site-packages/airflow/example_dags/example_branch_python_dop_operator_3.py for tasks to queue
[2024-07-01T20:10:23.646+0000] {logging_mixin.py:188} INFO - [2024-07-01T20:10:23.646+0000] {dagbag.py:538} INFO - Filling up the DagBag from /home/airflow/.local/lib/python3.8/site-packages/airflow/example_dags/example_branch_python_dop_operator_3.py
[2024-07-01T20:10:23.664+0000] {processor.py:840} INFO - DAG(s) 'example_branch_dop_operator_v3' retrieved from /home/airflow/.local/lib/python3.8/site-packages/airflow/example_dags/example_branch_python_dop_operator_3.py
[2024-07-01T20:10:23.704+0000] {logging_mixin.py:188} INFO - [2024-07-01T20:10:23.703+0000] {dag.py:3036} INFO - Sync 1 DAGs
[2024-07-01T20:10:23.764+0000] {logging_mixin.py:188} INFO - [2024-07-01T20:10:23.763+0000] {dag.py:3823} INFO - Setting next_dagrun for example_branch_dop_operator_v3 to 2024-07-01 20:09:00+00:00, run_after=2024-07-01 20:10:00+00:00
[2024-07-01T20:10:23.826+0000] {processor.py:183} INFO - Processing /home/airflow/.local/lib/python3.8/site-packages/airflow/example_dags/example_branch_python_dop_operator_3.py took 0.193 seconds
[2024-07-01T20:10:54.784+0000] {processor.py:161} INFO - Started process (PID=295) to work on /home/airflow/.local/lib/python3.8/site-packages/airflow/example_dags/example_branch_python_dop_operator_3.py
[2024-07-01T20:10:54.786+0000] {processor.py:830} INFO - Processing file /home/airflow/.local/lib/python3.8/site-packages/airflow/example_dags/example_branch_python_dop_operator_3.py for tasks to queue
[2024-07-01T20:10:54.790+0000] {logging_mixin.py:188} INFO - [2024-07-01T20:10:54.789+0000] {dagbag.py:538} INFO - Filling up the DagBag from /home/airflow/.local/lib/python3.8/site-packages/airflow/example_dags/example_branch_python_dop_operator_3.py
[2024-07-01T20:10:54.808+0000] {processor.py:840} INFO - DAG(s) 'example_branch_dop_operator_v3' retrieved from /home/airflow/.local/lib/python3.8/site-packages/airflow/example_dags/example_branch_python_dop_operator_3.py
[2024-07-01T20:10:54.846+0000] {logging_mixin.py:188} INFO - [2024-07-01T20:10:54.845+0000] {dag.py:3036} INFO - Sync 1 DAGs
[2024-07-01T20:10:54.900+0000] {logging_mixin.py:188} INFO - [2024-07-01T20:10:54.900+0000] {dag.py:3823} INFO - Setting next_dagrun for example_branch_dop_operator_v3 to 2024-07-01 20:09:00+00:00, run_after=2024-07-01 20:10:00+00:00
[2024-07-01T20:10:54.948+0000] {processor.py:183} INFO - Processing /home/airflow/.local/lib/python3.8/site-packages/airflow/example_dags/example_branch_python_dop_operator_3.py took 0.171 seconds
[2024-07-01T20:11:26.056+0000] {processor.py:161} INFO - Started process (PID=349) to work on /home/airflow/.local/lib/python3.8/site-packages/airflow/example_dags/example_branch_python_dop_operator_3.py
[2024-07-01T20:11:26.058+0000] {processor.py:830} INFO - Processing file /home/airflow/.local/lib/python3.8/site-packages/airflow/example_dags/example_branch_python_dop_operator_3.py for tasks to queue
[2024-07-01T20:11:26.062+0000] {logging_mixin.py:188} INFO - [2024-07-01T20:11:26.061+0000] {dagbag.py:538} INFO - Filling up the DagBag from /home/airflow/.local/lib/python3.8/site-packages/airflow/example_dags/example_branch_python_dop_operator_3.py
[2024-07-01T20:11:26.080+0000] {processor.py:840} INFO - DAG(s) 'example_branch_dop_operator_v3' retrieved from /home/airflow/.local/lib/python3.8/site-packages/airflow/example_dags/example_branch_python_dop_operator_3.py
[2024-07-01T20:11:26.120+0000] {logging_mixin.py:188} INFO - [2024-07-01T20:11:26.119+0000] {dag.py:3036} INFO - Sync 1 DAGs
[2024-07-01T20:11:26.177+0000] {logging_mixin.py:188} INFO - [2024-07-01T20:11:26.177+0000] {dag.py:3823} INFO - Setting next_dagrun for example_branch_dop_operator_v3 to 2024-07-01 20:10:00+00:00, run_after=2024-07-01 20:11:00+00:00
[2024-07-01T20:11:26.223+0000] {processor.py:183} INFO - Processing /home/airflow/.local/lib/python3.8/site-packages/airflow/example_dags/example_branch_python_dop_operator_3.py took 0.173 seconds
[2024-07-01T20:11:56.394+0000] {processor.py:161} INFO - Started process (PID=404) to work on /home/airflow/.local/lib/python3.8/site-packages/airflow/example_dags/example_branch_python_dop_operator_3.py
[2024-07-01T20:11:56.396+0000] {processor.py:830} INFO - Processing file /home/airflow/.local/lib/python3.8/site-packages/airflow/example_dags/example_branch_python_dop_operator_3.py for tasks to queue
[2024-07-01T20:11:56.399+0000] {logging_mixin.py:188} INFO - [2024-07-01T20:11:56.399+0000] {dagbag.py:538} INFO - Filling up the DagBag from /home/airflow/.local/lib/python3.8/site-packages/airflow/example_dags/example_branch_python_dop_operator_3.py
[2024-07-01T20:11:56.417+0000] {processor.py:840} INFO - DAG(s) 'example_branch_dop_operator_v3' retrieved from /home/airflow/.local/lib/python3.8/site-packages/airflow/example_dags/example_branch_python_dop_operator_3.py
[2024-07-01T20:11:56.455+0000] {logging_mixin.py:188} INFO - [2024-07-01T20:11:56.455+0000] {dag.py:3036} INFO - Sync 1 DAGs
[2024-07-01T20:11:56.513+0000] {logging_mixin.py:188} INFO - [2024-07-01T20:11:56.512+0000] {dag.py:3823} INFO - Setting next_dagrun for example_branch_dop_operator_v3 to 2024-07-01 20:10:00+00:00, run_after=2024-07-01 20:11:00+00:00
[2024-07-01T20:11:56.548+0000] {processor.py:183} INFO - Processing /home/airflow/.local/lib/python3.8/site-packages/airflow/example_dags/example_branch_python_dop_operator_3.py took 0.160 seconds
[2024-07-01T20:12:26.692+0000] {processor.py:161} INFO - Started process (PID=459) to work on /home/airflow/.local/lib/python3.8/site-packages/airflow/example_dags/example_branch_python_dop_operator_3.py
[2024-07-01T20:12:26.694+0000] {processor.py:830} INFO - Processing file /home/airflow/.local/lib/python3.8/site-packages/airflow/example_dags/example_branch_python_dop_operator_3.py for tasks to queue
[2024-07-01T20:12:26.698+0000] {logging_mixin.py:188} INFO - [2024-07-01T20:12:26.697+0000] {dagbag.py:538} INFO - Filling up the DagBag from /home/airflow/.local/lib/python3.8/site-packages/airflow/example_dags/example_branch_python_dop_operator_3.py
[2024-07-01T20:12:26.716+0000] {processor.py:840} INFO - DAG(s) 'example_branch_dop_operator_v3' retrieved from /home/airflow/.local/lib/python3.8/site-packages/airflow/example_dags/example_branch_python_dop_operator_3.py
[2024-07-01T20:12:26.755+0000] {logging_mixin.py:188} INFO - [2024-07-01T20:12:26.754+0000] {dag.py:3036} INFO - Sync 1 DAGs
[2024-07-01T20:12:26.810+0000] {logging_mixin.py:188} INFO - [2024-07-01T20:12:26.810+0000] {dag.py:3823} INFO - Setting next_dagrun for example_branch_dop_operator_v3 to 2024-07-01 20:11:00+00:00, run_after=2024-07-01 20:12:00+00:00
[2024-07-01T20:12:26.854+0000] {processor.py:183} INFO - Processing /home/airflow/.local/lib/python3.8/site-packages/airflow/example_dags/example_branch_python_dop_operator_3.py took 0.168 seconds
[2024-07-01T20:12:57.150+0000] {processor.py:161} INFO - Started process (PID=514) to work on /home/airflow/.local/lib/python3.8/site-packages/airflow/example_dags/example_branch_python_dop_operator_3.py
[2024-07-01T20:12:57.152+0000] {processor.py:830} INFO - Processing file /home/airflow/.local/lib/python3.8/site-packages/airflow/example_dags/example_branch_python_dop_operator_3.py for tasks to queue
[2024-07-01T20:12:57.156+0000] {logging_mixin.py:188} INFO - [2024-07-01T20:12:57.156+0000] {dagbag.py:538} INFO - Filling up the DagBag from /home/airflow/.local/lib/python3.8/site-packages/airflow/example_dags/example_branch_python_dop_operator_3.py
[2024-07-01T20:12:57.176+0000] {processor.py:840} INFO - DAG(s) 'example_branch_dop_operator_v3' retrieved from /home/airflow/.local/lib/python3.8/site-packages/airflow/example_dags/example_branch_python_dop_operator_3.py
[2024-07-01T20:12:57.214+0000] {logging_mixin.py:188} INFO - [2024-07-01T20:12:57.214+0000] {dag.py:3036} INFO - Sync 1 DAGs
[2024-07-01T20:12:57.268+0000] {logging_mixin.py:188} INFO - [2024-07-01T20:12:57.268+0000] {dag.py:3823} INFO - Setting next_dagrun for example_branch_dop_operator_v3 to 2024-07-01 20:11:00+00:00, run_after=2024-07-01 20:12:00+00:00
[2024-07-01T20:12:57.313+0000] {processor.py:183} INFO - Processing /home/airflow/.local/lib/python3.8/site-packages/airflow/example_dags/example_branch_python_dop_operator_3.py took 0.171 seconds
[2024-07-01T20:13:27.979+0000] {processor.py:161} INFO - Started process (PID=569) to work on /home/airflow/.local/lib/python3.8/site-packages/airflow/example_dags/example_branch_python_dop_operator_3.py
[2024-07-01T20:13:27.981+0000] {processor.py:830} INFO - Processing file /home/airflow/.local/lib/python3.8/site-packages/airflow/example_dags/example_branch_python_dop_operator_3.py for tasks to queue
[2024-07-01T20:13:27.986+0000] {logging_mixin.py:188} INFO - [2024-07-01T20:13:27.985+0000] {dagbag.py:538} INFO - Filling up the DagBag from /home/airflow/.local/lib/python3.8/site-packages/airflow/example_dags/example_branch_python_dop_operator_3.py
[2024-07-01T20:13:28.007+0000] {processor.py:840} INFO - DAG(s) 'example_branch_dop_operator_v3' retrieved from /home/airflow/.local/lib/python3.8/site-packages/airflow/example_dags/example_branch_python_dop_operator_3.py
[2024-07-01T20:13:28.054+0000] {logging_mixin.py:188} INFO - [2024-07-01T20:13:28.054+0000] {dag.py:3036} INFO - Sync 1 DAGs
[2024-07-01T20:13:28.116+0000] {logging_mixin.py:188} INFO - [2024-07-01T20:13:28.115+0000] {dag.py:3823} INFO - Setting next_dagrun for example_branch_dop_operator_v3 to 2024-07-01 20:12:00+00:00, run_after=2024-07-01 20:13:00+00:00
[2024-07-01T20:13:28.154+0000] {processor.py:183} INFO - Processing /home/airflow/.local/lib/python3.8/site-packages/airflow/example_dags/example_branch_python_dop_operator_3.py took 0.183 seconds
[2024-07-01T20:13:58.560+0000] {processor.py:161} INFO - Started process (PID=625) to work on /home/airflow/.local/lib/python3.8/site-packages/airflow/example_dags/example_branch_python_dop_operator_3.py
[2024-07-01T20:13:58.562+0000] {processor.py:830} INFO - Processing file /home/airflow/.local/lib/python3.8/site-packages/airflow/example_dags/example_branch_python_dop_operator_3.py for tasks to queue
[2024-07-01T20:13:58.566+0000] {logging_mixin.py:188} INFO - [2024-07-01T20:13:58.565+0000] {dagbag.py:538} INFO - Filling up the DagBag from /home/airflow/.local/lib/python3.8/site-packages/airflow/example_dags/example_branch_python_dop_operator_3.py
[2024-07-01T20:13:58.590+0000] {processor.py:840} INFO - DAG(s) 'example_branch_dop_operator_v3' retrieved from /home/airflow/.local/lib/python3.8/site-packages/airflow/example_dags/example_branch_python_dop_operator_3.py
[2024-07-01T20:13:58.644+0000] {logging_mixin.py:188} INFO - [2024-07-01T20:13:58.644+0000] {dag.py:3036} INFO - Sync 1 DAGs
[2024-07-01T20:13:58.722+0000] {logging_mixin.py:188} INFO - [2024-07-01T20:13:58.721+0000] {dag.py:3823} INFO - Setting next_dagrun for example_branch_dop_operator_v3 to 2024-07-01 20:12:00+00:00, run_after=2024-07-01 20:13:00+00:00
[2024-07-01T20:13:58.777+0000] {processor.py:183} INFO - Processing /home/airflow/.local/lib/python3.8/site-packages/airflow/example_dags/example_branch_python_dop_operator_3.py took 0.225 seconds
[2024-07-01T20:14:29.439+0000] {processor.py:161} INFO - Started process (PID=680) to work on /home/airflow/.local/lib/python3.8/site-packages/airflow/example_dags/example_branch_python_dop_operator_3.py
[2024-07-01T20:14:29.441+0000] {processor.py:830} INFO - Processing file /home/airflow/.local/lib/python3.8/site-packages/airflow/example_dags/example_branch_python_dop_operator_3.py for tasks to queue
[2024-07-01T20:14:29.445+0000] {logging_mixin.py:188} INFO - [2024-07-01T20:14:29.444+0000] {dagbag.py:538} INFO - Filling up the DagBag from /home/airflow/.local/lib/python3.8/site-packages/airflow/example_dags/example_branch_python_dop_operator_3.py
[2024-07-01T20:14:29.462+0000] {processor.py:840} INFO - DAG(s) 'example_branch_dop_operator_v3' retrieved from /home/airflow/.local/lib/python3.8/site-packages/airflow/example_dags/example_branch_python_dop_operator_3.py
[2024-07-01T20:14:29.500+0000] {logging_mixin.py:188} INFO - [2024-07-01T20:14:29.500+0000] {dag.py:3036} INFO - Sync 1 DAGs
[2024-07-01T20:14:29.552+0000] {logging_mixin.py:188} INFO - [2024-07-01T20:14:29.552+0000] {dag.py:3823} INFO - Setting next_dagrun for example_branch_dop_operator_v3 to 2024-07-01 20:13:00+00:00, run_after=2024-07-01 20:14:00+00:00
[2024-07-01T20:14:29.600+0000] {processor.py:183} INFO - Processing /home/airflow/.local/lib/python3.8/site-packages/airflow/example_dags/example_branch_python_dop_operator_3.py took 0.167 seconds
[2024-07-01T20:14:59.872+0000] {processor.py:161} INFO - Started process (PID=735) to work on /home/airflow/.local/lib/python3.8/site-packages/airflow/example_dags/example_branch_python_dop_operator_3.py
[2024-07-01T20:14:59.874+0000] {processor.py:830} INFO - Processing file /home/airflow/.local/lib/python3.8/site-packages/airflow/example_dags/example_branch_python_dop_operator_3.py for tasks to queue
[2024-07-01T20:14:59.877+0000] {logging_mixin.py:188} INFO - [2024-07-01T20:14:59.877+0000] {dagbag.py:538} INFO - Filling up the DagBag from /home/airflow/.local/lib/python3.8/site-packages/airflow/example_dags/example_branch_python_dop_operator_3.py
[2024-07-01T20:14:59.896+0000] {processor.py:840} INFO - DAG(s) 'example_branch_dop_operator_v3' retrieved from /home/airflow/.local/lib/python3.8/site-packages/airflow/example_dags/example_branch_python_dop_operator_3.py
[2024-07-01T20:14:59.936+0000] {logging_mixin.py:188} INFO - [2024-07-01T20:14:59.936+0000] {dag.py:3036} INFO - Sync 1 DAGs
[2024-07-01T20:15:00.001+0000] {logging_mixin.py:188} INFO - [2024-07-01T20:15:00.001+0000] {dag.py:3823} INFO - Setting next_dagrun for example_branch_dop_operator_v3 to 2024-07-01 20:13:00+00:00, run_after=2024-07-01 20:14:00+00:00
[2024-07-01T20:15:00.050+0000] {processor.py:183} INFO - Processing /home/airflow/.local/lib/python3.8/site-packages/airflow/example_dags/example_branch_python_dop_operator_3.py took 0.186 seconds
[2024-07-01T20:15:30.459+0000] {processor.py:161} INFO - Started process (PID=790) to work on /home/airflow/.local/lib/python3.8/site-packages/airflow/example_dags/example_branch_python_dop_operator_3.py
[2024-07-01T20:15:30.464+0000] {processor.py:830} INFO - Processing file /home/airflow/.local/lib/python3.8/site-packages/airflow/example_dags/example_branch_python_dop_operator_3.py for tasks to queue
[2024-07-01T20:15:30.468+0000] {logging_mixin.py:188} INFO - [2024-07-01T20:15:30.468+0000] {dagbag.py:538} INFO - Filling up the DagBag from /home/airflow/.local/lib/python3.8/site-packages/airflow/example_dags/example_branch_python_dop_operator_3.py
[2024-07-01T20:15:30.499+0000] {processor.py:840} INFO - DAG(s) 'example_branch_dop_operator_v3' retrieved from /home/airflow/.local/lib/python3.8/site-packages/airflow/example_dags/example_branch_python_dop_operator_3.py
[2024-07-01T20:15:30.574+0000] {logging_mixin.py:188} INFO - [2024-07-01T20:15:30.574+0000] {dag.py:3036} INFO - Sync 1 DAGs
[2024-07-01T20:15:30.671+0000] {logging_mixin.py:188} INFO - [2024-07-01T20:15:30.671+0000] {dag.py:3823} INFO - Setting next_dagrun for example_branch_dop_operator_v3 to 2024-07-01 20:14:00+00:00, run_after=2024-07-01 20:15:00+00:00
[2024-07-01T20:15:30.709+0000] {processor.py:183} INFO - Processing /home/airflow/.local/lib/python3.8/site-packages/airflow/example_dags/example_branch_python_dop_operator_3.py took 0.258 seconds
[2024-07-01T20:16:01.170+0000] {processor.py:161} INFO - Started process (PID=845) to work on /home/airflow/.local/lib/python3.8/site-packages/airflow/example_dags/example_branch_python_dop_operator_3.py
[2024-07-01T20:16:01.172+0000] {processor.py:830} INFO - Processing file /home/airflow/.local/lib/python3.8/site-packages/airflow/example_dags/example_branch_python_dop_operator_3.py for tasks to queue
[2024-07-01T20:16:01.177+0000] {logging_mixin.py:188} INFO - [2024-07-01T20:16:01.176+0000] {dagbag.py:538} INFO - Filling up the DagBag from /home/airflow/.local/lib/python3.8/site-packages/airflow/example_dags/example_branch_python_dop_operator_3.py
[2024-07-01T20:16:01.200+0000] {processor.py:840} INFO - DAG(s) 'example_branch_dop_operator_v3' retrieved from /home/airflow/.local/lib/python3.8/site-packages/airflow/example_dags/example_branch_python_dop_operator_3.py
[2024-07-01T20:16:01.251+0000] {logging_mixin.py:188} INFO - [2024-07-01T20:16:01.250+0000] {dag.py:3036} INFO - Sync 1 DAGs
[2024-07-01T20:16:01.318+0000] {logging_mixin.py:188} INFO - [2024-07-01T20:16:01.318+0000] {dag.py:3823} INFO - Setting next_dagrun for example_branch_dop_operator_v3 to 2024-07-01 20:15:00+00:00, run_after=2024-07-01 20:16:00+00:00
[2024-07-01T20:16:01.362+0000] {processor.py:183} INFO - Processing /home/airflow/.local/lib/python3.8/site-packages/airflow/example_dags/example_branch_python_dop_operator_3.py took 0.202 seconds
[2024-07-01T20:16:31.875+0000] {processor.py:161} INFO - Started process (PID=900) to work on /home/airflow/.local/lib/python3.8/site-packages/airflow/example_dags/example_branch_python_dop_operator_3.py
[2024-07-01T20:16:31.877+0000] {processor.py:830} INFO - Processing file /home/airflow/.local/lib/python3.8/site-packages/airflow/example_dags/example_branch_python_dop_operator_3.py for tasks to queue
[2024-07-01T20:16:31.881+0000] {logging_mixin.py:188} INFO - [2024-07-01T20:16:31.880+0000] {dagbag.py:538} INFO - Filling up the DagBag from /home/airflow/.local/lib/python3.8/site-packages/airflow/example_dags/example_branch_python_dop_operator_3.py
[2024-07-01T20:16:31.907+0000] {processor.py:840} INFO - DAG(s) 'example_branch_dop_operator_v3' retrieved from /home/airflow/.local/lib/python3.8/site-packages/airflow/example_dags/example_branch_python_dop_operator_3.py
[2024-07-01T20:16:31.946+0000] {logging_mixin.py:188} INFO - [2024-07-01T20:16:31.945+0000] {dag.py:3036} INFO - Sync 1 DAGs
[2024-07-01T20:16:32.003+0000] {logging_mixin.py:188} INFO - [2024-07-01T20:16:32.003+0000] {dag.py:3823} INFO - Setting next_dagrun for example_branch_dop_operator_v3 to 2024-07-01 20:15:00+00:00, run_after=2024-07-01 20:16:00+00:00
[2024-07-01T20:16:32.048+0000] {processor.py:183} INFO - Processing /home/airflow/.local/lib/python3.8/site-packages/airflow/example_dags/example_branch_python_dop_operator_3.py took 0.179 seconds
[2024-07-01T20:17:02.156+0000] {processor.py:161} INFO - Started process (PID=955) to work on /home/airflow/.local/lib/python3.8/site-packages/airflow/example_dags/example_branch_python_dop_operator_3.py
[2024-07-01T20:17:02.157+0000] {processor.py:830} INFO - Processing file /home/airflow/.local/lib/python3.8/site-packages/airflow/example_dags/example_branch_python_dop_operator_3.py for tasks to queue
[2024-07-01T20:17:02.161+0000] {logging_mixin.py:188} INFO - [2024-07-01T20:17:02.160+0000] {dagbag.py:538} INFO - Filling up the DagBag from /home/airflow/.local/lib/python3.8/site-packages/airflow/example_dags/example_branch_python_dop_operator_3.py
[2024-07-01T20:17:02.178+0000] {processor.py:840} INFO - DAG(s) 'example_branch_dop_operator_v3' retrieved from /home/airflow/.local/lib/python3.8/site-packages/airflow/example_dags/example_branch_python_dop_operator_3.py
[2024-07-01T20:17:02.219+0000] {logging_mixin.py:188} INFO - [2024-07-01T20:17:02.219+0000] {dag.py:3036} INFO - Sync 1 DAGs
[2024-07-01T20:17:02.278+0000] {logging_mixin.py:188} INFO - [2024-07-01T20:17:02.277+0000] {dag.py:3823} INFO - Setting next_dagrun for example_branch_dop_operator_v3 to 2024-07-01 20:16:00+00:00, run_after=2024-07-01 20:17:00+00:00
[2024-07-01T20:17:02.324+0000] {processor.py:183} INFO - Processing /home/airflow/.local/lib/python3.8/site-packages/airflow/example_dags/example_branch_python_dop_operator_3.py took 0.175 seconds
[2024-07-01T20:17:33.283+0000] {processor.py:161} INFO - Started process (PID=1010) to work on /home/airflow/.local/lib/python3.8/site-packages/airflow/example_dags/example_branch_python_dop_operator_3.py
[2024-07-01T20:17:33.286+0000] {processor.py:830} INFO - Processing file /home/airflow/.local/lib/python3.8/site-packages/airflow/example_dags/example_branch_python_dop_operator_3.py for tasks to queue
[2024-07-01T20:17:33.289+0000] {logging_mixin.py:188} INFO - [2024-07-01T20:17:33.289+0000] {dagbag.py:538} INFO - Filling up the DagBag from /home/airflow/.local/lib/python3.8/site-packages/airflow/example_dags/example_branch_python_dop_operator_3.py
[2024-07-01T20:17:33.314+0000] {processor.py:840} INFO - DAG(s) 'example_branch_dop_operator_v3' retrieved from /home/airflow/.local/lib/python3.8/site-packages/airflow/example_dags/example_branch_python_dop_operator_3.py
[2024-07-01T20:17:33.365+0000] {logging_mixin.py:188} INFO - [2024-07-01T20:17:33.364+0000] {dag.py:3036} INFO - Sync 1 DAGs
[2024-07-01T20:17:33.451+0000] {logging_mixin.py:188} INFO - [2024-07-01T20:17:33.450+0000] {dag.py:3823} INFO - Setting next_dagrun for example_branch_dop_operator_v3 to 2024-07-01 20:16:00+00:00, run_after=2024-07-01 20:17:00+00:00
[2024-07-01T20:17:33.525+0000] {processor.py:183} INFO - Processing /home/airflow/.local/lib/python3.8/site-packages/airflow/example_dags/example_branch_python_dop_operator_3.py took 0.251 seconds
[2024-07-01T20:18:03.659+0000] {processor.py:161} INFO - Started process (PID=1064) to work on /home/airflow/.local/lib/python3.8/site-packages/airflow/example_dags/example_branch_python_dop_operator_3.py
[2024-07-01T20:18:03.661+0000] {processor.py:830} INFO - Processing file /home/airflow/.local/lib/python3.8/site-packages/airflow/example_dags/example_branch_python_dop_operator_3.py for tasks to queue
[2024-07-01T20:18:03.665+0000] {logging_mixin.py:188} INFO - [2024-07-01T20:18:03.665+0000] {dagbag.py:538} INFO - Filling up the DagBag from /home/airflow/.local/lib/python3.8/site-packages/airflow/example_dags/example_branch_python_dop_operator_3.py
[2024-07-01T20:18:03.688+0000] {processor.py:840} INFO - DAG(s) 'example_branch_dop_operator_v3' retrieved from /home/airflow/.local/lib/python3.8/site-packages/airflow/example_dags/example_branch_python_dop_operator_3.py
[2024-07-01T20:18:03.741+0000] {logging_mixin.py:188} INFO - [2024-07-01T20:18:03.741+0000] {dag.py:3036} INFO - Sync 1 DAGs
[2024-07-01T20:18:03.804+0000] {logging_mixin.py:188} INFO - [2024-07-01T20:18:03.803+0000] {dag.py:3823} INFO - Setting next_dagrun for example_branch_dop_operator_v3 to 2024-07-01 20:17:00+00:00, run_after=2024-07-01 20:18:00+00:00
[2024-07-01T20:18:03.852+0000] {processor.py:183} INFO - Processing /home/airflow/.local/lib/python3.8/site-packages/airflow/example_dags/example_branch_python_dop_operator_3.py took 0.201 seconds
[2024-07-01T20:18:34.004+0000] {processor.py:161} INFO - Started process (PID=1119) to work on /home/airflow/.local/lib/python3.8/site-packages/airflow/example_dags/example_branch_python_dop_operator_3.py
[2024-07-01T20:18:34.006+0000] {processor.py:830} INFO - Processing file /home/airflow/.local/lib/python3.8/site-packages/airflow/example_dags/example_branch_python_dop_operator_3.py for tasks to queue
[2024-07-01T20:18:34.011+0000] {logging_mixin.py:188} INFO - [2024-07-01T20:18:34.010+0000] {dagbag.py:538} INFO - Filling up the DagBag from /home/airflow/.local/lib/python3.8/site-packages/airflow/example_dags/example_branch_python_dop_operator_3.py
[2024-07-01T20:18:34.036+0000] {processor.py:840} INFO - DAG(s) 'example_branch_dop_operator_v3' retrieved from /home/airflow/.local/lib/python3.8/site-packages/airflow/example_dags/example_branch_python_dop_operator_3.py
[2024-07-01T20:18:34.075+0000] {logging_mixin.py:188} INFO - [2024-07-01T20:18:34.075+0000] {dag.py:3036} INFO - Sync 1 DAGs
[2024-07-01T20:18:34.130+0000] {logging_mixin.py:188} INFO - [2024-07-01T20:18:34.130+0000] {dag.py:3823} INFO - Setting next_dagrun for example_branch_dop_operator_v3 to 2024-07-01 20:17:00+00:00, run_after=2024-07-01 20:18:00+00:00
[2024-07-01T20:18:34.176+0000] {processor.py:183} INFO - Processing /home/airflow/.local/lib/python3.8/site-packages/airflow/example_dags/example_branch_python_dop_operator_3.py took 0.180 seconds
[2024-07-01T20:19:04.522+0000] {processor.py:161} INFO - Started process (PID=1174) to work on /home/airflow/.local/lib/python3.8/site-packages/airflow/example_dags/example_branch_python_dop_operator_3.py
[2024-07-01T20:19:04.524+0000] {processor.py:830} INFO - Processing file /home/airflow/.local/lib/python3.8/site-packages/airflow/example_dags/example_branch_python_dop_operator_3.py for tasks to queue
[2024-07-01T20:19:04.528+0000] {logging_mixin.py:188} INFO - [2024-07-01T20:19:04.527+0000] {dagbag.py:538} INFO - Filling up the DagBag from /home/airflow/.local/lib/python3.8/site-packages/airflow/example_dags/example_branch_python_dop_operator_3.py
[2024-07-01T20:19:04.548+0000] {processor.py:840} INFO - DAG(s) 'example_branch_dop_operator_v3' retrieved from /home/airflow/.local/lib/python3.8/site-packages/airflow/example_dags/example_branch_python_dop_operator_3.py
[2024-07-01T20:19:04.586+0000] {logging_mixin.py:188} INFO - [2024-07-01T20:19:04.585+0000] {dag.py:3036} INFO - Sync 1 DAGs
[2024-07-01T20:19:04.639+0000] {logging_mixin.py:188} INFO - [2024-07-01T20:19:04.639+0000] {dag.py:3823} INFO - Setting next_dagrun for example_branch_dop_operator_v3 to 2024-07-01 20:18:00+00:00, run_after=2024-07-01 20:19:00+00:00
[2024-07-01T20:19:04.687+0000] {processor.py:183} INFO - Processing /home/airflow/.local/lib/python3.8/site-packages/airflow/example_dags/example_branch_python_dop_operator_3.py took 0.171 seconds
[2024-07-01T20:19:34.869+0000] {processor.py:161} INFO - Started process (PID=1229) to work on /home/airflow/.local/lib/python3.8/site-packages/airflow/example_dags/example_branch_python_dop_operator_3.py
[2024-07-01T20:19:34.872+0000] {processor.py:830} INFO - Processing file /home/airflow/.local/lib/python3.8/site-packages/airflow/example_dags/example_branch_python_dop_operator_3.py for tasks to queue
[2024-07-01T20:19:34.876+0000] {logging_mixin.py:188} INFO - [2024-07-01T20:19:34.875+0000] {dagbag.py:538} INFO - Filling up the DagBag from /home/airflow/.local/lib/python3.8/site-packages/airflow/example_dags/example_branch_python_dop_operator_3.py
[2024-07-01T20:19:34.894+0000] {processor.py:840} INFO - DAG(s) 'example_branch_dop_operator_v3' retrieved from /home/airflow/.local/lib/python3.8/site-packages/airflow/example_dags/example_branch_python_dop_operator_3.py
[2024-07-01T20:19:34.933+0000] {logging_mixin.py:188} INFO - [2024-07-01T20:19:34.932+0000] {dag.py:3036} INFO - Sync 1 DAGs
[2024-07-01T20:19:34.986+0000] {logging_mixin.py:188} INFO - [2024-07-01T20:19:34.986+0000] {dag.py:3823} INFO - Setting next_dagrun for example_branch_dop_operator_v3 to 2024-07-01 20:18:00+00:00, run_after=2024-07-01 20:19:00+00:00
[2024-07-01T20:19:35.029+0000] {processor.py:183} INFO - Processing /home/airflow/.local/lib/python3.8/site-packages/airflow/example_dags/example_branch_python_dop_operator_3.py took 0.168 seconds
[2024-07-01T20:20:05.267+0000] {processor.py:161} INFO - Started process (PID=1284) to work on /home/airflow/.local/lib/python3.8/site-packages/airflow/example_dags/example_branch_python_dop_operator_3.py
[2024-07-01T20:20:05.269+0000] {processor.py:830} INFO - Processing file /home/airflow/.local/lib/python3.8/site-packages/airflow/example_dags/example_branch_python_dop_operator_3.py for tasks to queue
[2024-07-01T20:20:05.273+0000] {logging_mixin.py:188} INFO - [2024-07-01T20:20:05.272+0000] {dagbag.py:538} INFO - Filling up the DagBag from /home/airflow/.local/lib/python3.8/site-packages/airflow/example_dags/example_branch_python_dop_operator_3.py
[2024-07-01T20:20:05.290+0000] {processor.py:840} INFO - DAG(s) 'example_branch_dop_operator_v3' retrieved from /home/airflow/.local/lib/python3.8/site-packages/airflow/example_dags/example_branch_python_dop_operator_3.py
[2024-07-01T20:20:05.330+0000] {logging_mixin.py:188} INFO - [2024-07-01T20:20:05.329+0000] {dag.py:3036} INFO - Sync 1 DAGs
[2024-07-01T20:20:05.383+0000] {logging_mixin.py:188} INFO - [2024-07-01T20:20:05.383+0000] {dag.py:3823} INFO - Setting next_dagrun for example_branch_dop_operator_v3 to 2024-07-01 20:19:00+00:00, run_after=2024-07-01 20:20:00+00:00
[2024-07-01T20:20:05.420+0000] {processor.py:183} INFO - Processing /home/airflow/.local/lib/python3.8/site-packages/airflow/example_dags/example_branch_python_dop_operator_3.py took 0.159 seconds
[2024-07-01T20:20:35.592+0000] {processor.py:161} INFO - Started process (PID=1339) to work on /home/airflow/.local/lib/python3.8/site-packages/airflow/example_dags/example_branch_python_dop_operator_3.py
[2024-07-01T20:20:35.593+0000] {processor.py:830} INFO - Processing file /home/airflow/.local/lib/python3.8/site-packages/airflow/example_dags/example_branch_python_dop_operator_3.py for tasks to queue
[2024-07-01T20:20:35.597+0000] {logging_mixin.py:188} INFO - [2024-07-01T20:20:35.596+0000] {dagbag.py:538} INFO - Filling up the DagBag from /home/airflow/.local/lib/python3.8/site-packages/airflow/example_dags/example_branch_python_dop_operator_3.py
[2024-07-01T20:20:35.615+0000] {processor.py:840} INFO - DAG(s) 'example_branch_dop_operator_v3' retrieved from /home/airflow/.local/lib/python3.8/site-packages/airflow/example_dags/example_branch_python_dop_operator_3.py
[2024-07-01T20:20:35.658+0000] {logging_mixin.py:188} INFO - [2024-07-01T20:20:35.657+0000] {dag.py:3036} INFO - Sync 1 DAGs
[2024-07-01T20:20:35.732+0000] {logging_mixin.py:188} INFO - [2024-07-01T20:20:35.731+0000] {dag.py:3823} INFO - Setting next_dagrun for example_branch_dop_operator_v3 to 2024-07-01 20:19:00+00:00, run_after=2024-07-01 20:20:00+00:00
[2024-07-01T20:20:35.792+0000] {processor.py:183} INFO - Processing /home/airflow/.local/lib/python3.8/site-packages/airflow/example_dags/example_branch_python_dop_operator_3.py took 0.206 seconds
[2024-07-01T20:21:06.609+0000] {processor.py:161} INFO - Started process (PID=1394) to work on /home/airflow/.local/lib/python3.8/site-packages/airflow/example_dags/example_branch_python_dop_operator_3.py
[2024-07-01T20:21:06.611+0000] {processor.py:830} INFO - Processing file /home/airflow/.local/lib/python3.8/site-packages/airflow/example_dags/example_branch_python_dop_operator_3.py for tasks to queue
[2024-07-01T20:21:06.615+0000] {logging_mixin.py:188} INFO - [2024-07-01T20:21:06.614+0000] {dagbag.py:538} INFO - Filling up the DagBag from /home/airflow/.local/lib/python3.8/site-packages/airflow/example_dags/example_branch_python_dop_operator_3.py
[2024-07-01T20:21:06.633+0000] {processor.py:840} INFO - DAG(s) 'example_branch_dop_operator_v3' retrieved from /home/airflow/.local/lib/python3.8/site-packages/airflow/example_dags/example_branch_python_dop_operator_3.py
[2024-07-01T20:21:06.680+0000] {logging_mixin.py:188} INFO - [2024-07-01T20:21:06.680+0000] {dag.py:3036} INFO - Sync 1 DAGs
[2024-07-01T20:21:06.733+0000] {logging_mixin.py:188} INFO - [2024-07-01T20:21:06.733+0000] {dag.py:3823} INFO - Setting next_dagrun for example_branch_dop_operator_v3 to 2024-07-01 20:20:00+00:00, run_after=2024-07-01 20:21:00+00:00
[2024-07-01T20:21:06.778+0000] {processor.py:183} INFO - Processing /home/airflow/.local/lib/python3.8/site-packages/airflow/example_dags/example_branch_python_dop_operator_3.py took 0.174 seconds
[2024-07-01T20:21:37.200+0000] {processor.py:161} INFO - Started process (PID=1449) to work on /home/airflow/.local/lib/python3.8/site-packages/airflow/example_dags/example_branch_python_dop_operator_3.py
[2024-07-01T20:21:37.203+0000] {processor.py:830} INFO - Processing file /home/airflow/.local/lib/python3.8/site-packages/airflow/example_dags/example_branch_python_dop_operator_3.py for tasks to queue
[2024-07-01T20:21:37.214+0000] {logging_mixin.py:188} INFO - [2024-07-01T20:21:37.213+0000] {dagbag.py:538} INFO - Filling up the DagBag from /home/airflow/.local/lib/python3.8/site-packages/airflow/example_dags/example_branch_python_dop_operator_3.py
[2024-07-01T20:21:37.251+0000] {processor.py:840} INFO - DAG(s) 'example_branch_dop_operator_v3' retrieved from /home/airflow/.local/lib/python3.8/site-packages/airflow/example_dags/example_branch_python_dop_operator_3.py
[2024-07-01T20:21:37.320+0000] {logging_mixin.py:188} INFO - [2024-07-01T20:21:37.319+0000] {dag.py:3036} INFO - Sync 1 DAGs
[2024-07-01T20:21:37.444+0000] {logging_mixin.py:188} INFO - [2024-07-01T20:21:37.443+0000] {dag.py:3823} INFO - Setting next_dagrun for example_branch_dop_operator_v3 to 2024-07-01 20:20:00+00:00, run_after=2024-07-01 20:21:00+00:00
[2024-07-01T20:21:37.519+0000] {processor.py:183} INFO - Processing /home/airflow/.local/lib/python3.8/site-packages/airflow/example_dags/example_branch_python_dop_operator_3.py took 0.327 seconds
[2024-07-01T20:22:07.903+0000] {processor.py:161} INFO - Started process (PID=1510) to work on /home/airflow/.local/lib/python3.8/site-packages/airflow/example_dags/example_branch_python_dop_operator_3.py
[2024-07-01T20:22:07.905+0000] {processor.py:830} INFO - Processing file /home/airflow/.local/lib/python3.8/site-packages/airflow/example_dags/example_branch_python_dop_operator_3.py for tasks to queue
[2024-07-01T20:22:07.908+0000] {logging_mixin.py:188} INFO - [2024-07-01T20:22:07.908+0000] {dagbag.py:538} INFO - Filling up the DagBag from /home/airflow/.local/lib/python3.8/site-packages/airflow/example_dags/example_branch_python_dop_operator_3.py
[2024-07-01T20:22:07.926+0000] {processor.py:840} INFO - DAG(s) 'example_branch_dop_operator_v3' retrieved from /home/airflow/.local/lib/python3.8/site-packages/airflow/example_dags/example_branch_python_dop_operator_3.py
[2024-07-01T20:22:07.966+0000] {logging_mixin.py:188} INFO - [2024-07-01T20:22:07.965+0000] {dag.py:3036} INFO - Sync 1 DAGs
[2024-07-01T20:22:08.024+0000] {logging_mixin.py:188} INFO - [2024-07-01T20:22:08.023+0000] {dag.py:3823} INFO - Setting next_dagrun for example_branch_dop_operator_v3 to 2024-07-01 20:21:00+00:00, run_after=2024-07-01 20:22:00+00:00
[2024-07-01T20:22:08.061+0000] {processor.py:183} INFO - Processing /home/airflow/.local/lib/python3.8/site-packages/airflow/example_dags/example_branch_python_dop_operator_3.py took 0.164 seconds
[2024-07-01T20:22:38.532+0000] {processor.py:161} INFO - Started process (PID=1565) to work on /home/airflow/.local/lib/python3.8/site-packages/airflow/example_dags/example_branch_python_dop_operator_3.py
[2024-07-01T20:22:38.534+0000] {processor.py:830} INFO - Processing file /home/airflow/.local/lib/python3.8/site-packages/airflow/example_dags/example_branch_python_dop_operator_3.py for tasks to queue
[2024-07-01T20:22:38.538+0000] {logging_mixin.py:188} INFO - [2024-07-01T20:22:38.538+0000] {dagbag.py:538} INFO - Filling up the DagBag from /home/airflow/.local/lib/python3.8/site-packages/airflow/example_dags/example_branch_python_dop_operator_3.py
[2024-07-01T20:22:38.558+0000] {processor.py:840} INFO - DAG(s) 'example_branch_dop_operator_v3' retrieved from /home/airflow/.local/lib/python3.8/site-packages/airflow/example_dags/example_branch_python_dop_operator_3.py
[2024-07-01T20:22:38.597+0000] {logging_mixin.py:188} INFO - [2024-07-01T20:22:38.597+0000] {dag.py:3036} INFO - Sync 1 DAGs
[2024-07-01T20:22:38.659+0000] {logging_mixin.py:188} INFO - [2024-07-01T20:22:38.658+0000] {dag.py:3823} INFO - Setting next_dagrun for example_branch_dop_operator_v3 to 2024-07-01 20:21:00+00:00, run_after=2024-07-01 20:22:00+00:00
[2024-07-01T20:22:38.712+0000] {processor.py:183} INFO - Processing /home/airflow/.local/lib/python3.8/site-packages/airflow/example_dags/example_branch_python_dop_operator_3.py took 0.186 seconds
[2024-07-01T20:23:08.925+0000] {processor.py:161} INFO - Started process (PID=1618) to work on /home/airflow/.local/lib/python3.8/site-packages/airflow/example_dags/example_branch_python_dop_operator_3.py
[2024-07-01T20:23:08.927+0000] {processor.py:830} INFO - Processing file /home/airflow/.local/lib/python3.8/site-packages/airflow/example_dags/example_branch_python_dop_operator_3.py for tasks to queue
[2024-07-01T20:23:08.933+0000] {logging_mixin.py:188} INFO - [2024-07-01T20:23:08.932+0000] {dagbag.py:538} INFO - Filling up the DagBag from /home/airflow/.local/lib/python3.8/site-packages/airflow/example_dags/example_branch_python_dop_operator_3.py
[2024-07-01T20:23:08.958+0000] {processor.py:840} INFO - DAG(s) 'example_branch_dop_operator_v3' retrieved from /home/airflow/.local/lib/python3.8/site-packages/airflow/example_dags/example_branch_python_dop_operator_3.py
[2024-07-01T20:23:09.008+0000] {logging_mixin.py:188} INFO - [2024-07-01T20:23:09.006+0000] {dag.py:3036} INFO - Sync 1 DAGs
[2024-07-01T20:23:09.075+0000] {logging_mixin.py:188} INFO - [2024-07-01T20:23:09.075+0000] {dag.py:3823} INFO - Setting next_dagrun for example_branch_dop_operator_v3 to 2024-07-01 20:22:00+00:00, run_after=2024-07-01 20:23:00+00:00
[2024-07-01T20:23:09.115+0000] {processor.py:183} INFO - Processing /home/airflow/.local/lib/python3.8/site-packages/airflow/example_dags/example_branch_python_dop_operator_3.py took 0.200 seconds
[2024-07-01T20:23:39.365+0000] {processor.py:161} INFO - Started process (PID=1673) to work on /home/airflow/.local/lib/python3.8/site-packages/airflow/example_dags/example_branch_python_dop_operator_3.py
[2024-07-01T20:23:39.368+0000] {processor.py:830} INFO - Processing file /home/airflow/.local/lib/python3.8/site-packages/airflow/example_dags/example_branch_python_dop_operator_3.py for tasks to queue
[2024-07-01T20:23:39.372+0000] {logging_mixin.py:188} INFO - [2024-07-01T20:23:39.371+0000] {dagbag.py:538} INFO - Filling up the DagBag from /home/airflow/.local/lib/python3.8/site-packages/airflow/example_dags/example_branch_python_dop_operator_3.py
[2024-07-01T20:23:39.398+0000] {processor.py:840} INFO - DAG(s) 'example_branch_dop_operator_v3' retrieved from /home/airflow/.local/lib/python3.8/site-packages/airflow/example_dags/example_branch_python_dop_operator_3.py
[2024-07-01T20:23:39.447+0000] {logging_mixin.py:188} INFO - [2024-07-01T20:23:39.446+0000] {dag.py:3036} INFO - Sync 1 DAGs
[2024-07-01T20:23:39.512+0000] {logging_mixin.py:188} INFO - [2024-07-01T20:23:39.512+0000] {dag.py:3823} INFO - Setting next_dagrun for example_branch_dop_operator_v3 to 2024-07-01 20:22:00+00:00, run_after=2024-07-01 20:23:00+00:00
[2024-07-01T20:23:39.553+0000] {processor.py:183} INFO - Processing /home/airflow/.local/lib/python3.8/site-packages/airflow/example_dags/example_branch_python_dop_operator_3.py took 0.195 seconds
[2024-07-01T20:24:11.172+0000] {processor.py:161} INFO - Started process (PID=1728) to work on /home/airflow/.local/lib/python3.8/site-packages/airflow/example_dags/example_branch_python_dop_operator_3.py
[2024-07-01T20:24:11.183+0000] {processor.py:830} INFO - Processing file /home/airflow/.local/lib/python3.8/site-packages/airflow/example_dags/example_branch_python_dop_operator_3.py for tasks to queue
[2024-07-01T20:24:11.198+0000] {logging_mixin.py:188} INFO - [2024-07-01T20:24:11.191+0000] {dagbag.py:538} INFO - Filling up the DagBag from /home/airflow/.local/lib/python3.8/site-packages/airflow/example_dags/example_branch_python_dop_operator_3.py
[2024-07-01T20:24:11.273+0000] {processor.py:840} INFO - DAG(s) 'example_branch_dop_operator_v3' retrieved from /home/airflow/.local/lib/python3.8/site-packages/airflow/example_dags/example_branch_python_dop_operator_3.py
[2024-07-01T20:24:11.415+0000] {logging_mixin.py:188} INFO - [2024-07-01T20:24:11.414+0000] {dag.py:3036} INFO - Sync 1 DAGs
[2024-07-01T20:24:11.544+0000] {logging_mixin.py:188} INFO - [2024-07-01T20:24:11.543+0000] {dag.py:3823} INFO - Setting next_dagrun for example_branch_dop_operator_v3 to 2024-07-01 20:23:00+00:00, run_after=2024-07-01 20:24:00+00:00
[2024-07-01T20:24:11.619+0000] {processor.py:183} INFO - Processing /home/airflow/.local/lib/python3.8/site-packages/airflow/example_dags/example_branch_python_dop_operator_3.py took 0.474 seconds
[2024-07-01T20:24:42.107+0000] {processor.py:161} INFO - Started process (PID=1783) to work on /home/airflow/.local/lib/python3.8/site-packages/airflow/example_dags/example_branch_python_dop_operator_3.py
[2024-07-01T20:24:42.108+0000] {processor.py:830} INFO - Processing file /home/airflow/.local/lib/python3.8/site-packages/airflow/example_dags/example_branch_python_dop_operator_3.py for tasks to queue
[2024-07-01T20:24:42.112+0000] {logging_mixin.py:188} INFO - [2024-07-01T20:24:42.111+0000] {dagbag.py:538} INFO - Filling up the DagBag from /home/airflow/.local/lib/python3.8/site-packages/airflow/example_dags/example_branch_python_dop_operator_3.py
[2024-07-01T20:24:42.137+0000] {processor.py:840} INFO - DAG(s) 'example_branch_dop_operator_v3' retrieved from /home/airflow/.local/lib/python3.8/site-packages/airflow/example_dags/example_branch_python_dop_operator_3.py
[2024-07-01T20:24:42.186+0000] {logging_mixin.py:188} INFO - [2024-07-01T20:24:42.186+0000] {dag.py:3036} INFO - Sync 1 DAGs
[2024-07-01T20:24:42.250+0000] {logging_mixin.py:188} INFO - [2024-07-01T20:24:42.249+0000] {dag.py:3823} INFO - Setting next_dagrun for example_branch_dop_operator_v3 to 2024-07-01 20:23:00+00:00, run_after=2024-07-01 20:24:00+00:00
[2024-07-01T20:24:42.291+0000] {processor.py:183} INFO - Processing /home/airflow/.local/lib/python3.8/site-packages/airflow/example_dags/example_branch_python_dop_operator_3.py took 0.190 seconds
[2024-07-01T20:25:13.329+0000] {processor.py:161} INFO - Started process (PID=1838) to work on /home/airflow/.local/lib/python3.8/site-packages/airflow/example_dags/example_branch_python_dop_operator_3.py
[2024-07-01T20:25:13.332+0000] {processor.py:830} INFO - Processing file /home/airflow/.local/lib/python3.8/site-packages/airflow/example_dags/example_branch_python_dop_operator_3.py for tasks to queue
[2024-07-01T20:25:13.337+0000] {logging_mixin.py:188} INFO - [2024-07-01T20:25:13.336+0000] {dagbag.py:538} INFO - Filling up the DagBag from /home/airflow/.local/lib/python3.8/site-packages/airflow/example_dags/example_branch_python_dop_operator_3.py
[2024-07-01T20:25:13.365+0000] {processor.py:840} INFO - DAG(s) 'example_branch_dop_operator_v3' retrieved from /home/airflow/.local/lib/python3.8/site-packages/airflow/example_dags/example_branch_python_dop_operator_3.py
[2024-07-01T20:25:13.427+0000] {logging_mixin.py:188} INFO - [2024-07-01T20:25:13.427+0000] {dag.py:3036} INFO - Sync 1 DAGs
[2024-07-01T20:25:13.490+0000] {logging_mixin.py:188} INFO - [2024-07-01T20:25:13.490+0000] {dag.py:3823} INFO - Setting next_dagrun for example_branch_dop_operator_v3 to 2024-07-01 20:24:00+00:00, run_after=2024-07-01 20:25:00+00:00
[2024-07-01T20:25:13.538+0000] {processor.py:183} INFO - Processing /home/airflow/.local/lib/python3.8/site-packages/airflow/example_dags/example_branch_python_dop_operator_3.py took 0.220 seconds
