[2024-07-01T20:08:51.096+0000] {processor.py:161} INFO - Started process (PID=73) to work on /home/airflow/.local/lib/python3.8/site-packages/airflow/example_dags/example_task_group_decorator.py
[2024-07-01T20:08:51.098+0000] {processor.py:830} INFO - Processing file /home/airflow/.local/lib/python3.8/site-packages/airflow/example_dags/example_task_group_decorator.py for tasks to queue
[2024-07-01T20:08:51.101+0000] {logging_mixin.py:188} INFO - [2024-07-01T20:08:51.101+0000] {dagbag.py:538} INFO - Filling up the DagBag from /home/airflow/.local/lib/python3.8/site-packages/airflow/example_dags/example_task_group_decorator.py
[2024-07-01T20:08:51.134+0000] {processor.py:840} INFO - DAG(s) 'example_task_group_decorator' retrieved from /home/airflow/.local/lib/python3.8/site-packages/airflow/example_dags/example_task_group_decorator.py
[2024-07-01T20:08:51.372+0000] {logging_mixin.py:188} INFO - [2024-07-01T20:08:51.372+0000] {dag.py:3036} INFO - Sync 1 DAGs
[2024-07-01T20:08:51.410+0000] {logging_mixin.py:188} INFO - [2024-07-01T20:08:51.410+0000] {dag.py:3823} INFO - Setting next_dagrun for example_task_group_decorator to 2024-06-30 00:00:00+00:00, run_after=2024-07-01 00:00:00+00:00
[2024-07-01T20:08:51.456+0000] {processor.py:183} INFO - Processing /home/airflow/.local/lib/python3.8/site-packages/airflow/example_dags/example_task_group_decorator.py took 0.366 seconds
[2024-07-01T20:09:22.267+0000] {processor.py:161} INFO - Started process (PID=128) to work on /home/airflow/.local/lib/python3.8/site-packages/airflow/example_dags/example_task_group_decorator.py
[2024-07-01T20:09:22.269+0000] {processor.py:830} INFO - Processing file /home/airflow/.local/lib/python3.8/site-packages/airflow/example_dags/example_task_group_decorator.py for tasks to queue
[2024-07-01T20:09:22.273+0000] {logging_mixin.py:188} INFO - [2024-07-01T20:09:22.272+0000] {dagbag.py:538} INFO - Filling up the DagBag from /home/airflow/.local/lib/python3.8/site-packages/airflow/example_dags/example_task_group_decorator.py
[2024-07-01T20:09:22.317+0000] {processor.py:840} INFO - DAG(s) 'example_task_group_decorator' retrieved from /home/airflow/.local/lib/python3.8/site-packages/airflow/example_dags/example_task_group_decorator.py
[2024-07-01T20:09:22.373+0000] {logging_mixin.py:188} INFO - [2024-07-01T20:09:22.372+0000] {dag.py:3036} INFO - Sync 1 DAGs
[2024-07-01T20:09:22.424+0000] {logging_mixin.py:188} INFO - [2024-07-01T20:09:22.424+0000] {dag.py:3823} INFO - Setting next_dagrun for example_task_group_decorator to 2024-06-30 00:00:00+00:00, run_after=2024-07-01 00:00:00+00:00
[2024-07-01T20:09:22.473+0000] {processor.py:183} INFO - Processing /home/airflow/.local/lib/python3.8/site-packages/airflow/example_dags/example_task_group_decorator.py took 0.212 seconds
[2024-07-01T20:09:52.829+0000] {processor.py:161} INFO - Started process (PID=183) to work on /home/airflow/.local/lib/python3.8/site-packages/airflow/example_dags/example_task_group_decorator.py
[2024-07-01T20:09:52.834+0000] {processor.py:830} INFO - Processing file /home/airflow/.local/lib/python3.8/site-packages/airflow/example_dags/example_task_group_decorator.py for tasks to queue
[2024-07-01T20:09:52.843+0000] {logging_mixin.py:188} INFO - [2024-07-01T20:09:52.842+0000] {dagbag.py:538} INFO - Filling up the DagBag from /home/airflow/.local/lib/python3.8/site-packages/airflow/example_dags/example_task_group_decorator.py
[2024-07-01T20:09:52.884+0000] {processor.py:840} INFO - DAG(s) 'example_task_group_decorator' retrieved from /home/airflow/.local/lib/python3.8/site-packages/airflow/example_dags/example_task_group_decorator.py
[2024-07-01T20:09:52.940+0000] {logging_mixin.py:188} INFO - [2024-07-01T20:09:52.940+0000] {dag.py:3036} INFO - Sync 1 DAGs
[2024-07-01T20:09:52.999+0000] {logging_mixin.py:188} INFO - [2024-07-01T20:09:52.998+0000] {dag.py:3823} INFO - Setting next_dagrun for example_task_group_decorator to 2024-06-30 00:00:00+00:00, run_after=2024-07-01 00:00:00+00:00
[2024-07-01T20:09:53.074+0000] {processor.py:183} INFO - Processing /home/airflow/.local/lib/python3.8/site-packages/airflow/example_dags/example_task_group_decorator.py took 0.257 seconds
[2024-07-01T20:10:23.383+0000] {processor.py:161} INFO - Started process (PID=238) to work on /home/airflow/.local/lib/python3.8/site-packages/airflow/example_dags/example_task_group_decorator.py
[2024-07-01T20:10:23.386+0000] {processor.py:830} INFO - Processing file /home/airflow/.local/lib/python3.8/site-packages/airflow/example_dags/example_task_group_decorator.py for tasks to queue
[2024-07-01T20:10:23.389+0000] {logging_mixin.py:188} INFO - [2024-07-01T20:10:23.388+0000] {dagbag.py:538} INFO - Filling up the DagBag from /home/airflow/.local/lib/python3.8/site-packages/airflow/example_dags/example_task_group_decorator.py
[2024-07-01T20:10:23.419+0000] {processor.py:840} INFO - DAG(s) 'example_task_group_decorator' retrieved from /home/airflow/.local/lib/python3.8/site-packages/airflow/example_dags/example_task_group_decorator.py
[2024-07-01T20:10:23.472+0000] {logging_mixin.py:188} INFO - [2024-07-01T20:10:23.471+0000] {dag.py:3036} INFO - Sync 1 DAGs
[2024-07-01T20:10:23.519+0000] {logging_mixin.py:188} INFO - [2024-07-01T20:10:23.518+0000] {dag.py:3823} INFO - Setting next_dagrun for example_task_group_decorator to 2024-06-30 00:00:00+00:00, run_after=2024-07-01 00:00:00+00:00
[2024-07-01T20:10:23.572+0000] {processor.py:183} INFO - Processing /home/airflow/.local/lib/python3.8/site-packages/airflow/example_dags/example_task_group_decorator.py took 0.194 seconds
[2024-07-01T20:10:54.522+0000] {processor.py:161} INFO - Started process (PID=294) to work on /home/airflow/.local/lib/python3.8/site-packages/airflow/example_dags/example_task_group_decorator.py
[2024-07-01T20:10:54.524+0000] {processor.py:830} INFO - Processing file /home/airflow/.local/lib/python3.8/site-packages/airflow/example_dags/example_task_group_decorator.py for tasks to queue
[2024-07-01T20:10:54.527+0000] {logging_mixin.py:188} INFO - [2024-07-01T20:10:54.527+0000] {dagbag.py:538} INFO - Filling up the DagBag from /home/airflow/.local/lib/python3.8/site-packages/airflow/example_dags/example_task_group_decorator.py
[2024-07-01T20:10:54.561+0000] {processor.py:840} INFO - DAG(s) 'example_task_group_decorator' retrieved from /home/airflow/.local/lib/python3.8/site-packages/airflow/example_dags/example_task_group_decorator.py
[2024-07-01T20:10:54.622+0000] {logging_mixin.py:188} INFO - [2024-07-01T20:10:54.622+0000] {dag.py:3036} INFO - Sync 1 DAGs
[2024-07-01T20:10:54.688+0000] {logging_mixin.py:188} INFO - [2024-07-01T20:10:54.688+0000] {dag.py:3823} INFO - Setting next_dagrun for example_task_group_decorator to 2024-06-30 00:00:00+00:00, run_after=2024-07-01 00:00:00+00:00
[2024-07-01T20:10:54.725+0000] {processor.py:183} INFO - Processing /home/airflow/.local/lib/python3.8/site-packages/airflow/example_dags/example_task_group_decorator.py took 0.211 seconds
[2024-07-01T20:11:25.915+0000] {processor.py:161} INFO - Started process (PID=348) to work on /home/airflow/.local/lib/python3.8/site-packages/airflow/example_dags/example_task_group_decorator.py
[2024-07-01T20:11:25.917+0000] {processor.py:830} INFO - Processing file /home/airflow/.local/lib/python3.8/site-packages/airflow/example_dags/example_task_group_decorator.py for tasks to queue
[2024-07-01T20:11:25.921+0000] {logging_mixin.py:188} INFO - [2024-07-01T20:11:25.921+0000] {dagbag.py:538} INFO - Filling up the DagBag from /home/airflow/.local/lib/python3.8/site-packages/airflow/example_dags/example_task_group_decorator.py
[2024-07-01T20:11:25.955+0000] {processor.py:840} INFO - DAG(s) 'example_task_group_decorator' retrieved from /home/airflow/.local/lib/python3.8/site-packages/airflow/example_dags/example_task_group_decorator.py
[2024-07-01T20:11:26.008+0000] {logging_mixin.py:188} INFO - [2024-07-01T20:11:26.007+0000] {dag.py:3036} INFO - Sync 1 DAGs
[2024-07-01T20:11:26.051+0000] {logging_mixin.py:188} INFO - [2024-07-01T20:11:26.051+0000] {dag.py:3823} INFO - Setting next_dagrun for example_task_group_decorator to 2024-06-30 00:00:00+00:00, run_after=2024-07-01 00:00:00+00:00
[2024-07-01T20:11:26.092+0000] {processor.py:183} INFO - Processing /home/airflow/.local/lib/python3.8/site-packages/airflow/example_dags/example_task_group_decorator.py took 0.188 seconds
[2024-07-01T20:11:56.232+0000] {processor.py:161} INFO - Started process (PID=403) to work on /home/airflow/.local/lib/python3.8/site-packages/airflow/example_dags/example_task_group_decorator.py
[2024-07-01T20:11:56.234+0000] {processor.py:830} INFO - Processing file /home/airflow/.local/lib/python3.8/site-packages/airflow/example_dags/example_task_group_decorator.py for tasks to queue
[2024-07-01T20:11:56.238+0000] {logging_mixin.py:188} INFO - [2024-07-01T20:11:56.238+0000] {dagbag.py:538} INFO - Filling up the DagBag from /home/airflow/.local/lib/python3.8/site-packages/airflow/example_dags/example_task_group_decorator.py
[2024-07-01T20:11:56.271+0000] {processor.py:840} INFO - DAG(s) 'example_task_group_decorator' retrieved from /home/airflow/.local/lib/python3.8/site-packages/airflow/example_dags/example_task_group_decorator.py
[2024-07-01T20:11:56.323+0000] {logging_mixin.py:188} INFO - [2024-07-01T20:11:56.323+0000] {dag.py:3036} INFO - Sync 1 DAGs
[2024-07-01T20:11:56.365+0000] {logging_mixin.py:188} INFO - [2024-07-01T20:11:56.365+0000] {dag.py:3823} INFO - Setting next_dagrun for example_task_group_decorator to 2024-06-30 00:00:00+00:00, run_after=2024-07-01 00:00:00+00:00
[2024-07-01T20:11:56.411+0000] {processor.py:183} INFO - Processing /home/airflow/.local/lib/python3.8/site-packages/airflow/example_dags/example_task_group_decorator.py took 0.186 seconds
[2024-07-01T20:12:26.545+0000] {processor.py:161} INFO - Started process (PID=458) to work on /home/airflow/.local/lib/python3.8/site-packages/airflow/example_dags/example_task_group_decorator.py
[2024-07-01T20:12:26.547+0000] {processor.py:830} INFO - Processing file /home/airflow/.local/lib/python3.8/site-packages/airflow/example_dags/example_task_group_decorator.py for tasks to queue
[2024-07-01T20:12:26.551+0000] {logging_mixin.py:188} INFO - [2024-07-01T20:12:26.551+0000] {dagbag.py:538} INFO - Filling up the DagBag from /home/airflow/.local/lib/python3.8/site-packages/airflow/example_dags/example_task_group_decorator.py
[2024-07-01T20:12:26.586+0000] {processor.py:840} INFO - DAG(s) 'example_task_group_decorator' retrieved from /home/airflow/.local/lib/python3.8/site-packages/airflow/example_dags/example_task_group_decorator.py
[2024-07-01T20:12:26.637+0000] {logging_mixin.py:188} INFO - [2024-07-01T20:12:26.636+0000] {dag.py:3036} INFO - Sync 1 DAGs
[2024-07-01T20:12:26.679+0000] {logging_mixin.py:188} INFO - [2024-07-01T20:12:26.678+0000] {dag.py:3823} INFO - Setting next_dagrun for example_task_group_decorator to 2024-06-30 00:00:00+00:00, run_after=2024-07-01 00:00:00+00:00
[2024-07-01T20:12:26.724+0000] {processor.py:183} INFO - Processing /home/airflow/.local/lib/python3.8/site-packages/airflow/example_dags/example_task_group_decorator.py took 0.187 seconds
[2024-07-01T20:12:57.150+0000] {processor.py:161} INFO - Started process (PID=513) to work on /home/airflow/.local/lib/python3.8/site-packages/airflow/example_dags/example_task_group_decorator.py
[2024-07-01T20:12:57.152+0000] {processor.py:830} INFO - Processing file /home/airflow/.local/lib/python3.8/site-packages/airflow/example_dags/example_task_group_decorator.py for tasks to queue
[2024-07-01T20:12:57.156+0000] {logging_mixin.py:188} INFO - [2024-07-01T20:12:57.156+0000] {dagbag.py:538} INFO - Filling up the DagBag from /home/airflow/.local/lib/python3.8/site-packages/airflow/example_dags/example_task_group_decorator.py
[2024-07-01T20:12:57.187+0000] {processor.py:840} INFO - DAG(s) 'example_task_group_decorator' retrieved from /home/airflow/.local/lib/python3.8/site-packages/airflow/example_dags/example_task_group_decorator.py
[2024-07-01T20:12:57.237+0000] {logging_mixin.py:188} INFO - [2024-07-01T20:12:57.237+0000] {dag.py:3036} INFO - Sync 1 DAGs
[2024-07-01T20:12:57.279+0000] {logging_mixin.py:188} INFO - [2024-07-01T20:12:57.278+0000] {dag.py:3823} INFO - Setting next_dagrun for example_task_group_decorator to 2024-06-30 00:00:00+00:00, run_after=2024-07-01 00:00:00+00:00
[2024-07-01T20:12:57.315+0000] {processor.py:183} INFO - Processing /home/airflow/.local/lib/python3.8/site-packages/airflow/example_dags/example_task_group_decorator.py took 0.173 seconds
[2024-07-01T20:13:27.979+0000] {processor.py:161} INFO - Started process (PID=568) to work on /home/airflow/.local/lib/python3.8/site-packages/airflow/example_dags/example_task_group_decorator.py
[2024-07-01T20:13:27.981+0000] {processor.py:830} INFO - Processing file /home/airflow/.local/lib/python3.8/site-packages/airflow/example_dags/example_task_group_decorator.py for tasks to queue
[2024-07-01T20:13:27.986+0000] {logging_mixin.py:188} INFO - [2024-07-01T20:13:27.985+0000] {dagbag.py:538} INFO - Filling up the DagBag from /home/airflow/.local/lib/python3.8/site-packages/airflow/example_dags/example_task_group_decorator.py
[2024-07-01T20:13:28.020+0000] {processor.py:840} INFO - DAG(s) 'example_task_group_decorator' retrieved from /home/airflow/.local/lib/python3.8/site-packages/airflow/example_dags/example_task_group_decorator.py
[2024-07-01T20:13:28.084+0000] {logging_mixin.py:188} INFO - [2024-07-01T20:13:28.084+0000] {dag.py:3036} INFO - Sync 1 DAGs
[2024-07-01T20:13:28.129+0000] {logging_mixin.py:188} INFO - [2024-07-01T20:13:28.128+0000] {dag.py:3823} INFO - Setting next_dagrun for example_task_group_decorator to 2024-06-30 00:00:00+00:00, run_after=2024-07-01 00:00:00+00:00
[2024-07-01T20:13:28.167+0000] {processor.py:183} INFO - Processing /home/airflow/.local/lib/python3.8/site-packages/airflow/example_dags/example_task_group_decorator.py took 0.197 seconds
[2024-07-01T20:13:58.558+0000] {processor.py:161} INFO - Started process (PID=624) to work on /home/airflow/.local/lib/python3.8/site-packages/airflow/example_dags/example_task_group_decorator.py
[2024-07-01T20:13:58.560+0000] {processor.py:830} INFO - Processing file /home/airflow/.local/lib/python3.8/site-packages/airflow/example_dags/example_task_group_decorator.py for tasks to queue
[2024-07-01T20:13:58.565+0000] {logging_mixin.py:188} INFO - [2024-07-01T20:13:58.564+0000] {dagbag.py:538} INFO - Filling up the DagBag from /home/airflow/.local/lib/python3.8/site-packages/airflow/example_dags/example_task_group_decorator.py
[2024-07-01T20:13:58.604+0000] {processor.py:840} INFO - DAG(s) 'example_task_group_decorator' retrieved from /home/airflow/.local/lib/python3.8/site-packages/airflow/example_dags/example_task_group_decorator.py
[2024-07-01T20:13:58.678+0000] {logging_mixin.py:188} INFO - [2024-07-01T20:13:58.677+0000] {dag.py:3036} INFO - Sync 1 DAGs
[2024-07-01T20:13:58.732+0000] {logging_mixin.py:188} INFO - [2024-07-01T20:13:58.731+0000] {dag.py:3823} INFO - Setting next_dagrun for example_task_group_decorator to 2024-06-30 00:00:00+00:00, run_after=2024-07-01 00:00:00+00:00
[2024-07-01T20:13:58.779+0000] {processor.py:183} INFO - Processing /home/airflow/.local/lib/python3.8/site-packages/airflow/example_dags/example_task_group_decorator.py took 0.228 seconds
[2024-07-01T20:14:29.439+0000] {processor.py:161} INFO - Started process (PID=679) to work on /home/airflow/.local/lib/python3.8/site-packages/airflow/example_dags/example_task_group_decorator.py
[2024-07-01T20:14:29.441+0000] {processor.py:830} INFO - Processing file /home/airflow/.local/lib/python3.8/site-packages/airflow/example_dags/example_task_group_decorator.py for tasks to queue
[2024-07-01T20:14:29.445+0000] {logging_mixin.py:188} INFO - [2024-07-01T20:14:29.444+0000] {dagbag.py:538} INFO - Filling up the DagBag from /home/airflow/.local/lib/python3.8/site-packages/airflow/example_dags/example_task_group_decorator.py
[2024-07-01T20:14:29.474+0000] {processor.py:840} INFO - DAG(s) 'example_task_group_decorator' retrieved from /home/airflow/.local/lib/python3.8/site-packages/airflow/example_dags/example_task_group_decorator.py
[2024-07-01T20:14:29.525+0000] {logging_mixin.py:188} INFO - [2024-07-01T20:14:29.525+0000] {dag.py:3036} INFO - Sync 1 DAGs
[2024-07-01T20:14:29.567+0000] {logging_mixin.py:188} INFO - [2024-07-01T20:14:29.566+0000] {dag.py:3823} INFO - Setting next_dagrun for example_task_group_decorator to 2024-06-30 00:00:00+00:00, run_after=2024-07-01 00:00:00+00:00
[2024-07-01T20:14:29.605+0000] {processor.py:183} INFO - Processing /home/airflow/.local/lib/python3.8/site-packages/airflow/example_dags/example_task_group_decorator.py took 0.172 seconds
[2024-07-01T20:14:59.871+0000] {processor.py:161} INFO - Started process (PID=734) to work on /home/airflow/.local/lib/python3.8/site-packages/airflow/example_dags/example_task_group_decorator.py
[2024-07-01T20:14:59.873+0000] {processor.py:830} INFO - Processing file /home/airflow/.local/lib/python3.8/site-packages/airflow/example_dags/example_task_group_decorator.py for tasks to queue
[2024-07-01T20:14:59.878+0000] {logging_mixin.py:188} INFO - [2024-07-01T20:14:59.877+0000] {dagbag.py:538} INFO - Filling up the DagBag from /home/airflow/.local/lib/python3.8/site-packages/airflow/example_dags/example_task_group_decorator.py
[2024-07-01T20:14:59.908+0000] {processor.py:840} INFO - DAG(s) 'example_task_group_decorator' retrieved from /home/airflow/.local/lib/python3.8/site-packages/airflow/example_dags/example_task_group_decorator.py
[2024-07-01T20:14:59.972+0000] {logging_mixin.py:188} INFO - [2024-07-01T20:14:59.971+0000] {dag.py:3036} INFO - Sync 1 DAGs
[2024-07-01T20:15:00.028+0000] {logging_mixin.py:188} INFO - [2024-07-01T20:15:00.027+0000] {dag.py:3823} INFO - Setting next_dagrun for example_task_group_decorator to 2024-06-30 00:00:00+00:00, run_after=2024-07-01 00:00:00+00:00
[2024-07-01T20:15:00.071+0000] {processor.py:183} INFO - Processing /home/airflow/.local/lib/python3.8/site-packages/airflow/example_dags/example_task_group_decorator.py took 0.206 seconds
[2024-07-01T20:15:30.456+0000] {processor.py:161} INFO - Started process (PID=789) to work on /home/airflow/.local/lib/python3.8/site-packages/airflow/example_dags/example_task_group_decorator.py
[2024-07-01T20:15:30.458+0000] {processor.py:830} INFO - Processing file /home/airflow/.local/lib/python3.8/site-packages/airflow/example_dags/example_task_group_decorator.py for tasks to queue
[2024-07-01T20:15:30.465+0000] {logging_mixin.py:188} INFO - [2024-07-01T20:15:30.464+0000] {dagbag.py:538} INFO - Filling up the DagBag from /home/airflow/.local/lib/python3.8/site-packages/airflow/example_dags/example_task_group_decorator.py
[2024-07-01T20:15:30.517+0000] {processor.py:840} INFO - DAG(s) 'example_task_group_decorator' retrieved from /home/airflow/.local/lib/python3.8/site-packages/airflow/example_dags/example_task_group_decorator.py
[2024-07-01T20:15:30.632+0000] {logging_mixin.py:188} INFO - [2024-07-01T20:15:30.632+0000] {dag.py:3036} INFO - Sync 1 DAGs
[2024-07-01T20:15:30.683+0000] {logging_mixin.py:188} INFO - [2024-07-01T20:15:30.683+0000] {dag.py:3823} INFO - Setting next_dagrun for example_task_group_decorator to 2024-06-30 00:00:00+00:00, run_after=2024-07-01 00:00:00+00:00
[2024-07-01T20:15:30.726+0000] {processor.py:183} INFO - Processing /home/airflow/.local/lib/python3.8/site-packages/airflow/example_dags/example_task_group_decorator.py took 0.276 seconds
[2024-07-01T20:16:01.166+0000] {processor.py:161} INFO - Started process (PID=844) to work on /home/airflow/.local/lib/python3.8/site-packages/airflow/example_dags/example_task_group_decorator.py
[2024-07-01T20:16:01.169+0000] {processor.py:830} INFO - Processing file /home/airflow/.local/lib/python3.8/site-packages/airflow/example_dags/example_task_group_decorator.py for tasks to queue
[2024-07-01T20:16:01.173+0000] {logging_mixin.py:188} INFO - [2024-07-01T20:16:01.172+0000] {dagbag.py:538} INFO - Filling up the DagBag from /home/airflow/.local/lib/python3.8/site-packages/airflow/example_dags/example_task_group_decorator.py
[2024-07-01T20:16:01.210+0000] {processor.py:840} INFO - DAG(s) 'example_task_group_decorator' retrieved from /home/airflow/.local/lib/python3.8/site-packages/airflow/example_dags/example_task_group_decorator.py
[2024-07-01T20:16:01.279+0000] {logging_mixin.py:188} INFO - [2024-07-01T20:16:01.278+0000] {dag.py:3036} INFO - Sync 1 DAGs
[2024-07-01T20:16:01.330+0000] {logging_mixin.py:188} INFO - [2024-07-01T20:16:01.330+0000] {dag.py:3823} INFO - Setting next_dagrun for example_task_group_decorator to 2024-06-30 00:00:00+00:00, run_after=2024-07-01 00:00:00+00:00
[2024-07-01T20:16:01.369+0000] {processor.py:183} INFO - Processing /home/airflow/.local/lib/python3.8/site-packages/airflow/example_dags/example_task_group_decorator.py took 0.212 seconds
[2024-07-01T20:16:31.875+0000] {processor.py:161} INFO - Started process (PID=899) to work on /home/airflow/.local/lib/python3.8/site-packages/airflow/example_dags/example_task_group_decorator.py
[2024-07-01T20:16:31.877+0000] {processor.py:830} INFO - Processing file /home/airflow/.local/lib/python3.8/site-packages/airflow/example_dags/example_task_group_decorator.py for tasks to queue
[2024-07-01T20:16:31.881+0000] {logging_mixin.py:188} INFO - [2024-07-01T20:16:31.880+0000] {dagbag.py:538} INFO - Filling up the DagBag from /home/airflow/.local/lib/python3.8/site-packages/airflow/example_dags/example_task_group_decorator.py
[2024-07-01T20:16:31.916+0000] {processor.py:840} INFO - DAG(s) 'example_task_group_decorator' retrieved from /home/airflow/.local/lib/python3.8/site-packages/airflow/example_dags/example_task_group_decorator.py
[2024-07-01T20:16:31.969+0000] {logging_mixin.py:188} INFO - [2024-07-01T20:16:31.969+0000] {dag.py:3036} INFO - Sync 1 DAGs
[2024-07-01T20:16:32.012+0000] {logging_mixin.py:188} INFO - [2024-07-01T20:16:32.012+0000] {dag.py:3823} INFO - Setting next_dagrun for example_task_group_decorator to 2024-06-30 00:00:00+00:00, run_after=2024-07-01 00:00:00+00:00
[2024-07-01T20:16:32.049+0000] {processor.py:183} INFO - Processing /home/airflow/.local/lib/python3.8/site-packages/airflow/example_dags/example_task_group_decorator.py took 0.180 seconds
[2024-07-01T20:17:02.155+0000] {processor.py:161} INFO - Started process (PID=954) to work on /home/airflow/.local/lib/python3.8/site-packages/airflow/example_dags/example_task_group_decorator.py
[2024-07-01T20:17:02.157+0000] {processor.py:830} INFO - Processing file /home/airflow/.local/lib/python3.8/site-packages/airflow/example_dags/example_task_group_decorator.py for tasks to queue
[2024-07-01T20:17:02.160+0000] {logging_mixin.py:188} INFO - [2024-07-01T20:17:02.160+0000] {dagbag.py:538} INFO - Filling up the DagBag from /home/airflow/.local/lib/python3.8/site-packages/airflow/example_dags/example_task_group_decorator.py
[2024-07-01T20:17:02.191+0000] {processor.py:840} INFO - DAG(s) 'example_task_group_decorator' retrieved from /home/airflow/.local/lib/python3.8/site-packages/airflow/example_dags/example_task_group_decorator.py
[2024-07-01T20:17:02.247+0000] {logging_mixin.py:188} INFO - [2024-07-01T20:17:02.247+0000] {dag.py:3036} INFO - Sync 1 DAGs
[2024-07-01T20:17:02.292+0000] {logging_mixin.py:188} INFO - [2024-07-01T20:17:02.292+0000] {dag.py:3823} INFO - Setting next_dagrun for example_task_group_decorator to 2024-06-30 00:00:00+00:00, run_after=2024-07-01 00:00:00+00:00
[2024-07-01T20:17:02.329+0000] {processor.py:183} INFO - Processing /home/airflow/.local/lib/python3.8/site-packages/airflow/example_dags/example_task_group_decorator.py took 0.180 seconds
[2024-07-01T20:17:33.028+0000] {processor.py:161} INFO - Started process (PID=1009) to work on /home/airflow/.local/lib/python3.8/site-packages/airflow/example_dags/example_task_group_decorator.py
[2024-07-01T20:17:33.030+0000] {processor.py:830} INFO - Processing file /home/airflow/.local/lib/python3.8/site-packages/airflow/example_dags/example_task_group_decorator.py for tasks to queue
[2024-07-01T20:17:33.035+0000] {logging_mixin.py:188} INFO - [2024-07-01T20:17:33.034+0000] {dagbag.py:538} INFO - Filling up the DagBag from /home/airflow/.local/lib/python3.8/site-packages/airflow/example_dags/example_task_group_decorator.py
[2024-07-01T20:17:33.070+0000] {processor.py:840} INFO - DAG(s) 'example_task_group_decorator' retrieved from /home/airflow/.local/lib/python3.8/site-packages/airflow/example_dags/example_task_group_decorator.py
[2024-07-01T20:17:33.133+0000] {logging_mixin.py:188} INFO - [2024-07-01T20:17:33.133+0000] {dag.py:3036} INFO - Sync 1 DAGs
[2024-07-01T20:17:33.189+0000] {logging_mixin.py:188} INFO - [2024-07-01T20:17:33.188+0000] {dag.py:3823} INFO - Setting next_dagrun for example_task_group_decorator to 2024-06-30 00:00:00+00:00, run_after=2024-07-01 00:00:00+00:00
[2024-07-01T20:17:33.234+0000] {processor.py:183} INFO - Processing /home/airflow/.local/lib/python3.8/site-packages/airflow/example_dags/example_task_group_decorator.py took 0.213 seconds
[2024-07-01T20:18:03.372+0000] {processor.py:161} INFO - Started process (PID=1063) to work on /home/airflow/.local/lib/python3.8/site-packages/airflow/example_dags/example_task_group_decorator.py
[2024-07-01T20:18:03.375+0000] {processor.py:830} INFO - Processing file /home/airflow/.local/lib/python3.8/site-packages/airflow/example_dags/example_task_group_decorator.py for tasks to queue
[2024-07-01T20:18:03.379+0000] {logging_mixin.py:188} INFO - [2024-07-01T20:18:03.378+0000] {dagbag.py:538} INFO - Filling up the DagBag from /home/airflow/.local/lib/python3.8/site-packages/airflow/example_dags/example_task_group_decorator.py
[2024-07-01T20:18:03.409+0000] {processor.py:840} INFO - DAG(s) 'example_task_group_decorator' retrieved from /home/airflow/.local/lib/python3.8/site-packages/airflow/example_dags/example_task_group_decorator.py
[2024-07-01T20:18:03.471+0000] {logging_mixin.py:188} INFO - [2024-07-01T20:18:03.470+0000] {dag.py:3036} INFO - Sync 1 DAGs
[2024-07-01T20:18:03.531+0000] {logging_mixin.py:188} INFO - [2024-07-01T20:18:03.530+0000] {dag.py:3823} INFO - Setting next_dagrun for example_task_group_decorator to 2024-06-30 00:00:00+00:00, run_after=2024-07-01 00:00:00+00:00
[2024-07-01T20:18:03.591+0000] {processor.py:183} INFO - Processing /home/airflow/.local/lib/python3.8/site-packages/airflow/example_dags/example_task_group_decorator.py took 0.225 seconds
[2024-07-01T20:18:33.734+0000] {processor.py:161} INFO - Started process (PID=1118) to work on /home/airflow/.local/lib/python3.8/site-packages/airflow/example_dags/example_task_group_decorator.py
[2024-07-01T20:18:33.737+0000] {processor.py:830} INFO - Processing file /home/airflow/.local/lib/python3.8/site-packages/airflow/example_dags/example_task_group_decorator.py for tasks to queue
[2024-07-01T20:18:33.743+0000] {logging_mixin.py:188} INFO - [2024-07-01T20:18:33.742+0000] {dagbag.py:538} INFO - Filling up the DagBag from /home/airflow/.local/lib/python3.8/site-packages/airflow/example_dags/example_task_group_decorator.py
[2024-07-01T20:18:33.786+0000] {processor.py:840} INFO - DAG(s) 'example_task_group_decorator' retrieved from /home/airflow/.local/lib/python3.8/site-packages/airflow/example_dags/example_task_group_decorator.py
[2024-07-01T20:18:33.836+0000] {logging_mixin.py:188} INFO - [2024-07-01T20:18:33.836+0000] {dag.py:3036} INFO - Sync 1 DAGs
[2024-07-01T20:18:33.878+0000] {logging_mixin.py:188} INFO - [2024-07-01T20:18:33.878+0000] {dag.py:3823} INFO - Setting next_dagrun for example_task_group_decorator to 2024-06-30 00:00:00+00:00, run_after=2024-07-01 00:00:00+00:00
[2024-07-01T20:18:33.927+0000] {processor.py:183} INFO - Processing /home/airflow/.local/lib/python3.8/site-packages/airflow/example_dags/example_task_group_decorator.py took 0.203 seconds
[2024-07-01T20:19:04.521+0000] {processor.py:161} INFO - Started process (PID=1173) to work on /home/airflow/.local/lib/python3.8/site-packages/airflow/example_dags/example_task_group_decorator.py
[2024-07-01T20:19:04.523+0000] {processor.py:830} INFO - Processing file /home/airflow/.local/lib/python3.8/site-packages/airflow/example_dags/example_task_group_decorator.py for tasks to queue
[2024-07-01T20:19:04.528+0000] {logging_mixin.py:188} INFO - [2024-07-01T20:19:04.527+0000] {dagbag.py:538} INFO - Filling up the DagBag from /home/airflow/.local/lib/python3.8/site-packages/airflow/example_dags/example_task_group_decorator.py
[2024-07-01T20:19:04.557+0000] {processor.py:840} INFO - DAG(s) 'example_task_group_decorator' retrieved from /home/airflow/.local/lib/python3.8/site-packages/airflow/example_dags/example_task_group_decorator.py
[2024-07-01T20:19:04.607+0000] {logging_mixin.py:188} INFO - [2024-07-01T20:19:04.607+0000] {dag.py:3036} INFO - Sync 1 DAGs
[2024-07-01T20:19:04.648+0000] {logging_mixin.py:188} INFO - [2024-07-01T20:19:04.648+0000] {dag.py:3823} INFO - Setting next_dagrun for example_task_group_decorator to 2024-06-30 00:00:00+00:00, run_after=2024-07-01 00:00:00+00:00
[2024-07-01T20:19:04.687+0000] {processor.py:183} INFO - Processing /home/airflow/.local/lib/python3.8/site-packages/airflow/example_dags/example_task_group_decorator.py took 0.171 seconds
[2024-07-01T20:19:34.870+0000] {processor.py:161} INFO - Started process (PID=1228) to work on /home/airflow/.local/lib/python3.8/site-packages/airflow/example_dags/example_task_group_decorator.py
[2024-07-01T20:19:34.872+0000] {processor.py:830} INFO - Processing file /home/airflow/.local/lib/python3.8/site-packages/airflow/example_dags/example_task_group_decorator.py for tasks to queue
[2024-07-01T20:19:34.876+0000] {logging_mixin.py:188} INFO - [2024-07-01T20:19:34.875+0000] {dagbag.py:538} INFO - Filling up the DagBag from /home/airflow/.local/lib/python3.8/site-packages/airflow/example_dags/example_task_group_decorator.py
[2024-07-01T20:19:34.906+0000] {processor.py:840} INFO - DAG(s) 'example_task_group_decorator' retrieved from /home/airflow/.local/lib/python3.8/site-packages/airflow/example_dags/example_task_group_decorator.py
[2024-07-01T20:19:34.960+0000] {logging_mixin.py:188} INFO - [2024-07-01T20:19:34.960+0000] {dag.py:3036} INFO - Sync 1 DAGs
[2024-07-01T20:19:35.001+0000] {logging_mixin.py:188} INFO - [2024-07-01T20:19:35.001+0000] {dag.py:3823} INFO - Setting next_dagrun for example_task_group_decorator to 2024-06-30 00:00:00+00:00, run_after=2024-07-01 00:00:00+00:00
[2024-07-01T20:19:35.036+0000] {processor.py:183} INFO - Processing /home/airflow/.local/lib/python3.8/site-packages/airflow/example_dags/example_task_group_decorator.py took 0.175 seconds
[2024-07-01T20:20:05.266+0000] {processor.py:161} INFO - Started process (PID=1283) to work on /home/airflow/.local/lib/python3.8/site-packages/airflow/example_dags/example_task_group_decorator.py
[2024-07-01T20:20:05.268+0000] {processor.py:830} INFO - Processing file /home/airflow/.local/lib/python3.8/site-packages/airflow/example_dags/example_task_group_decorator.py for tasks to queue
[2024-07-01T20:20:05.271+0000] {logging_mixin.py:188} INFO - [2024-07-01T20:20:05.270+0000] {dagbag.py:538} INFO - Filling up the DagBag from /home/airflow/.local/lib/python3.8/site-packages/airflow/example_dags/example_task_group_decorator.py
[2024-07-01T20:20:05.300+0000] {processor.py:840} INFO - DAG(s) 'example_task_group_decorator' retrieved from /home/airflow/.local/lib/python3.8/site-packages/airflow/example_dags/example_task_group_decorator.py
[2024-07-01T20:20:05.352+0000] {logging_mixin.py:188} INFO - [2024-07-01T20:20:05.351+0000] {dag.py:3036} INFO - Sync 1 DAGs
[2024-07-01T20:20:05.394+0000] {logging_mixin.py:188} INFO - [2024-07-01T20:20:05.393+0000] {dag.py:3823} INFO - Setting next_dagrun for example_task_group_decorator to 2024-06-30 00:00:00+00:00, run_after=2024-07-01 00:00:00+00:00
[2024-07-01T20:20:05.430+0000] {processor.py:183} INFO - Processing /home/airflow/.local/lib/python3.8/site-packages/airflow/example_dags/example_task_group_decorator.py took 0.170 seconds
[2024-07-01T20:20:35.591+0000] {processor.py:161} INFO - Started process (PID=1338) to work on /home/airflow/.local/lib/python3.8/site-packages/airflow/example_dags/example_task_group_decorator.py
[2024-07-01T20:20:35.593+0000] {processor.py:830} INFO - Processing file /home/airflow/.local/lib/python3.8/site-packages/airflow/example_dags/example_task_group_decorator.py for tasks to queue
[2024-07-01T20:20:35.596+0000] {logging_mixin.py:188} INFO - [2024-07-01T20:20:35.596+0000] {dagbag.py:538} INFO - Filling up the DagBag from /home/airflow/.local/lib/python3.8/site-packages/airflow/example_dags/example_task_group_decorator.py
[2024-07-01T20:20:35.627+0000] {processor.py:840} INFO - DAG(s) 'example_task_group_decorator' retrieved from /home/airflow/.local/lib/python3.8/site-packages/airflow/example_dags/example_task_group_decorator.py
[2024-07-01T20:20:35.693+0000] {logging_mixin.py:188} INFO - [2024-07-01T20:20:35.693+0000] {dag.py:3036} INFO - Sync 1 DAGs
[2024-07-01T20:20:35.755+0000] {logging_mixin.py:188} INFO - [2024-07-01T20:20:35.753+0000] {dag.py:3823} INFO - Setting next_dagrun for example_task_group_decorator to 2024-06-30 00:00:00+00:00, run_after=2024-07-01 00:00:00+00:00
[2024-07-01T20:20:35.798+0000] {processor.py:183} INFO - Processing /home/airflow/.local/lib/python3.8/site-packages/airflow/example_dags/example_task_group_decorator.py took 0.213 seconds
[2024-07-01T20:21:06.609+0000] {processor.py:161} INFO - Started process (PID=1393) to work on /home/airflow/.local/lib/python3.8/site-packages/airflow/example_dags/example_task_group_decorator.py
[2024-07-01T20:21:06.611+0000] {processor.py:830} INFO - Processing file /home/airflow/.local/lib/python3.8/site-packages/airflow/example_dags/example_task_group_decorator.py for tasks to queue
[2024-07-01T20:21:06.615+0000] {logging_mixin.py:188} INFO - [2024-07-01T20:21:06.614+0000] {dagbag.py:538} INFO - Filling up the DagBag from /home/airflow/.local/lib/python3.8/site-packages/airflow/example_dags/example_task_group_decorator.py
[2024-07-01T20:21:06.651+0000] {processor.py:840} INFO - DAG(s) 'example_task_group_decorator' retrieved from /home/airflow/.local/lib/python3.8/site-packages/airflow/example_dags/example_task_group_decorator.py
[2024-07-01T20:21:06.702+0000] {logging_mixin.py:188} INFO - [2024-07-01T20:21:06.702+0000] {dag.py:3036} INFO - Sync 1 DAGs
[2024-07-01T20:21:06.747+0000] {logging_mixin.py:188} INFO - [2024-07-01T20:21:06.747+0000] {dag.py:3823} INFO - Setting next_dagrun for example_task_group_decorator to 2024-06-30 00:00:00+00:00, run_after=2024-07-01 00:00:00+00:00
[2024-07-01T20:21:06.795+0000] {processor.py:183} INFO - Processing /home/airflow/.local/lib/python3.8/site-packages/airflow/example_dags/example_task_group_decorator.py took 0.192 seconds
[2024-07-01T20:21:37.197+0000] {processor.py:161} INFO - Started process (PID=1448) to work on /home/airflow/.local/lib/python3.8/site-packages/airflow/example_dags/example_task_group_decorator.py
[2024-07-01T20:21:37.208+0000] {processor.py:830} INFO - Processing file /home/airflow/.local/lib/python3.8/site-packages/airflow/example_dags/example_task_group_decorator.py for tasks to queue
[2024-07-01T20:21:37.214+0000] {logging_mixin.py:188} INFO - [2024-07-01T20:21:37.213+0000] {dagbag.py:538} INFO - Filling up the DagBag from /home/airflow/.local/lib/python3.8/site-packages/airflow/example_dags/example_task_group_decorator.py
[2024-07-01T20:21:37.265+0000] {processor.py:840} INFO - DAG(s) 'example_task_group_decorator' retrieved from /home/airflow/.local/lib/python3.8/site-packages/airflow/example_dags/example_task_group_decorator.py
[2024-07-01T20:21:37.363+0000] {logging_mixin.py:188} INFO - [2024-07-01T20:21:37.362+0000] {dag.py:3036} INFO - Sync 1 DAGs
[2024-07-01T20:21:37.459+0000] {logging_mixin.py:188} INFO - [2024-07-01T20:21:37.458+0000] {dag.py:3823} INFO - Setting next_dagrun for example_task_group_decorator to 2024-06-30 00:00:00+00:00, run_after=2024-07-01 00:00:00+00:00
[2024-07-01T20:21:37.527+0000] {processor.py:183} INFO - Processing /home/airflow/.local/lib/python3.8/site-packages/airflow/example_dags/example_task_group_decorator.py took 0.337 seconds
[2024-07-01T20:22:07.779+0000] {processor.py:161} INFO - Started process (PID=1509) to work on /home/airflow/.local/lib/python3.8/site-packages/airflow/example_dags/example_task_group_decorator.py
[2024-07-01T20:22:07.781+0000] {processor.py:830} INFO - Processing file /home/airflow/.local/lib/python3.8/site-packages/airflow/example_dags/example_task_group_decorator.py for tasks to queue
[2024-07-01T20:22:07.784+0000] {logging_mixin.py:188} INFO - [2024-07-01T20:22:07.784+0000] {dagbag.py:538} INFO - Filling up the DagBag from /home/airflow/.local/lib/python3.8/site-packages/airflow/example_dags/example_task_group_decorator.py
[2024-07-01T20:22:07.814+0000] {processor.py:840} INFO - DAG(s) 'example_task_group_decorator' retrieved from /home/airflow/.local/lib/python3.8/site-packages/airflow/example_dags/example_task_group_decorator.py
[2024-07-01T20:22:07.865+0000] {logging_mixin.py:188} INFO - [2024-07-01T20:22:07.865+0000] {dag.py:3036} INFO - Sync 1 DAGs
[2024-07-01T20:22:07.909+0000] {logging_mixin.py:188} INFO - [2024-07-01T20:22:07.908+0000] {dag.py:3823} INFO - Setting next_dagrun for example_task_group_decorator to 2024-06-30 00:00:00+00:00, run_after=2024-07-01 00:00:00+00:00
[2024-07-01T20:22:07.946+0000] {processor.py:183} INFO - Processing /home/airflow/.local/lib/python3.8/site-packages/airflow/example_dags/example_task_group_decorator.py took 0.173 seconds
[2024-07-01T20:22:38.297+0000] {processor.py:161} INFO - Started process (PID=1564) to work on /home/airflow/.local/lib/python3.8/site-packages/airflow/example_dags/example_task_group_decorator.py
[2024-07-01T20:22:38.299+0000] {processor.py:830} INFO - Processing file /home/airflow/.local/lib/python3.8/site-packages/airflow/example_dags/example_task_group_decorator.py for tasks to queue
[2024-07-01T20:22:38.303+0000] {logging_mixin.py:188} INFO - [2024-07-01T20:22:38.302+0000] {dagbag.py:538} INFO - Filling up the DagBag from /home/airflow/.local/lib/python3.8/site-packages/airflow/example_dags/example_task_group_decorator.py
[2024-07-01T20:22:38.335+0000] {processor.py:840} INFO - DAG(s) 'example_task_group_decorator' retrieved from /home/airflow/.local/lib/python3.8/site-packages/airflow/example_dags/example_task_group_decorator.py
[2024-07-01T20:22:38.389+0000] {logging_mixin.py:188} INFO - [2024-07-01T20:22:38.388+0000] {dag.py:3036} INFO - Sync 1 DAGs
[2024-07-01T20:22:38.434+0000] {logging_mixin.py:188} INFO - [2024-07-01T20:22:38.434+0000] {dag.py:3823} INFO - Setting next_dagrun for example_task_group_decorator to 2024-06-30 00:00:00+00:00, run_after=2024-07-01 00:00:00+00:00
[2024-07-01T20:22:38.482+0000] {processor.py:183} INFO - Processing /home/airflow/.local/lib/python3.8/site-packages/airflow/example_dags/example_task_group_decorator.py took 0.191 seconds
[2024-07-01T20:23:08.654+0000] {processor.py:161} INFO - Started process (PID=1617) to work on /home/airflow/.local/lib/python3.8/site-packages/airflow/example_dags/example_task_group_decorator.py
[2024-07-01T20:23:08.656+0000] {processor.py:830} INFO - Processing file /home/airflow/.local/lib/python3.8/site-packages/airflow/example_dags/example_task_group_decorator.py for tasks to queue
[2024-07-01T20:23:08.660+0000] {logging_mixin.py:188} INFO - [2024-07-01T20:23:08.659+0000] {dagbag.py:538} INFO - Filling up the DagBag from /home/airflow/.local/lib/python3.8/site-packages/airflow/example_dags/example_task_group_decorator.py
[2024-07-01T20:23:08.694+0000] {processor.py:840} INFO - DAG(s) 'example_task_group_decorator' retrieved from /home/airflow/.local/lib/python3.8/site-packages/airflow/example_dags/example_task_group_decorator.py
[2024-07-01T20:23:08.751+0000] {logging_mixin.py:188} INFO - [2024-07-01T20:23:08.750+0000] {dag.py:3036} INFO - Sync 1 DAGs
[2024-07-01T20:23:08.796+0000] {logging_mixin.py:188} INFO - [2024-07-01T20:23:08.795+0000] {dag.py:3823} INFO - Setting next_dagrun for example_task_group_decorator to 2024-06-30 00:00:00+00:00, run_after=2024-07-01 00:00:00+00:00
[2024-07-01T20:23:08.848+0000] {processor.py:183} INFO - Processing /home/airflow/.local/lib/python3.8/site-packages/airflow/example_dags/example_task_group_decorator.py took 0.200 seconds
[2024-07-01T20:23:39.248+0000] {processor.py:161} INFO - Started process (PID=1672) to work on /home/airflow/.local/lib/python3.8/site-packages/airflow/example_dags/example_task_group_decorator.py
[2024-07-01T20:23:39.250+0000] {processor.py:830} INFO - Processing file /home/airflow/.local/lib/python3.8/site-packages/airflow/example_dags/example_task_group_decorator.py for tasks to queue
[2024-07-01T20:23:39.254+0000] {logging_mixin.py:188} INFO - [2024-07-01T20:23:39.254+0000] {dagbag.py:538} INFO - Filling up the DagBag from /home/airflow/.local/lib/python3.8/site-packages/airflow/example_dags/example_task_group_decorator.py
[2024-07-01T20:23:39.295+0000] {processor.py:840} INFO - DAG(s) 'example_task_group_decorator' retrieved from /home/airflow/.local/lib/python3.8/site-packages/airflow/example_dags/example_task_group_decorator.py
[2024-07-01T20:23:39.375+0000] {logging_mixin.py:188} INFO - [2024-07-01T20:23:39.375+0000] {dag.py:3036} INFO - Sync 1 DAGs
[2024-07-01T20:23:39.435+0000] {logging_mixin.py:188} INFO - [2024-07-01T20:23:39.434+0000] {dag.py:3823} INFO - Setting next_dagrun for example_task_group_decorator to 2024-06-30 00:00:00+00:00, run_after=2024-07-01 00:00:00+00:00
[2024-07-01T20:23:39.479+0000] {processor.py:183} INFO - Processing /home/airflow/.local/lib/python3.8/site-packages/airflow/example_dags/example_task_group_decorator.py took 0.237 seconds
[2024-07-01T20:24:10.421+0000] {processor.py:161} INFO - Started process (PID=1727) to work on /home/airflow/.local/lib/python3.8/site-packages/airflow/example_dags/example_task_group_decorator.py
[2024-07-01T20:24:10.428+0000] {processor.py:830} INFO - Processing file /home/airflow/.local/lib/python3.8/site-packages/airflow/example_dags/example_task_group_decorator.py for tasks to queue
[2024-07-01T20:24:10.436+0000] {logging_mixin.py:188} INFO - [2024-07-01T20:24:10.435+0000] {dagbag.py:538} INFO - Filling up the DagBag from /home/airflow/.local/lib/python3.8/site-packages/airflow/example_dags/example_task_group_decorator.py
[2024-07-01T20:24:10.633+0000] {processor.py:840} INFO - DAG(s) 'example_task_group_decorator' retrieved from /home/airflow/.local/lib/python3.8/site-packages/airflow/example_dags/example_task_group_decorator.py
[2024-07-01T20:24:10.993+0000] {logging_mixin.py:188} INFO - [2024-07-01T20:24:10.992+0000] {dag.py:3036} INFO - Sync 1 DAGs
[2024-07-01T20:24:11.241+0000] {logging_mixin.py:188} INFO - [2024-07-01T20:24:11.240+0000] {dag.py:3823} INFO - Setting next_dagrun for example_task_group_decorator to 2024-06-30 00:00:00+00:00, run_after=2024-07-01 00:00:00+00:00
[2024-07-01T20:24:11.364+0000] {processor.py:183} INFO - Processing /home/airflow/.local/lib/python3.8/site-packages/airflow/example_dags/example_task_group_decorator.py took 0.964 seconds
[2024-07-01T20:24:42.107+0000] {processor.py:161} INFO - Started process (PID=1782) to work on /home/airflow/.local/lib/python3.8/site-packages/airflow/example_dags/example_task_group_decorator.py
[2024-07-01T20:24:42.109+0000] {processor.py:830} INFO - Processing file /home/airflow/.local/lib/python3.8/site-packages/airflow/example_dags/example_task_group_decorator.py for tasks to queue
[2024-07-01T20:24:42.112+0000] {logging_mixin.py:188} INFO - [2024-07-01T20:24:42.111+0000] {dagbag.py:538} INFO - Filling up the DagBag from /home/airflow/.local/lib/python3.8/site-packages/airflow/example_dags/example_task_group_decorator.py
[2024-07-01T20:24:42.151+0000] {processor.py:840} INFO - DAG(s) 'example_task_group_decorator' retrieved from /home/airflow/.local/lib/python3.8/site-packages/airflow/example_dags/example_task_group_decorator.py
[2024-07-01T20:24:42.216+0000] {logging_mixin.py:188} INFO - [2024-07-01T20:24:42.215+0000] {dag.py:3036} INFO - Sync 1 DAGs
[2024-07-01T20:24:42.262+0000] {logging_mixin.py:188} INFO - [2024-07-01T20:24:42.262+0000] {dag.py:3823} INFO - Setting next_dagrun for example_task_group_decorator to 2024-06-30 00:00:00+00:00, run_after=2024-07-01 00:00:00+00:00
[2024-07-01T20:24:42.301+0000] {processor.py:183} INFO - Processing /home/airflow/.local/lib/python3.8/site-packages/airflow/example_dags/example_task_group_decorator.py took 0.200 seconds
[2024-07-01T20:25:13.329+0000] {processor.py:161} INFO - Started process (PID=1837) to work on /home/airflow/.local/lib/python3.8/site-packages/airflow/example_dags/example_task_group_decorator.py
[2024-07-01T20:25:13.332+0000] {processor.py:830} INFO - Processing file /home/airflow/.local/lib/python3.8/site-packages/airflow/example_dags/example_task_group_decorator.py for tasks to queue
[2024-07-01T20:25:13.337+0000] {logging_mixin.py:188} INFO - [2024-07-01T20:25:13.336+0000] {dagbag.py:538} INFO - Filling up the DagBag from /home/airflow/.local/lib/python3.8/site-packages/airflow/example_dags/example_task_group_decorator.py
[2024-07-01T20:25:13.404+0000] {processor.py:840} INFO - DAG(s) 'example_task_group_decorator' retrieved from /home/airflow/.local/lib/python3.8/site-packages/airflow/example_dags/example_task_group_decorator.py
[2024-07-01T20:25:13.464+0000] {logging_mixin.py:188} INFO - [2024-07-01T20:25:13.464+0000] {dag.py:3036} INFO - Sync 1 DAGs
[2024-07-01T20:25:13.512+0000] {logging_mixin.py:188} INFO - [2024-07-01T20:25:13.511+0000] {dag.py:3823} INFO - Setting next_dagrun for example_task_group_decorator to 2024-06-30 00:00:00+00:00, run_after=2024-07-01 00:00:00+00:00
[2024-07-01T20:25:13.577+0000] {processor.py:183} INFO - Processing /home/airflow/.local/lib/python3.8/site-packages/airflow/example_dags/example_task_group_decorator.py took 0.259 seconds
