[2024-07-01T20:08:46.356+0000] {processor.py:161} INFO - Started process (PID=54) to work on /home/airflow/.local/lib/python3.8/site-packages/airflow/example_dags/example_dag_decorator.py
[2024-07-01T20:08:46.359+0000] {processor.py:830} INFO - Processing file /home/airflow/.local/lib/python3.8/site-packages/airflow/example_dags/example_dag_decorator.py for tasks to queue
[2024-07-01T20:08:46.363+0000] {logging_mixin.py:188} INFO - [2024-07-01T20:08:46.363+0000] {dagbag.py:538} INFO - Filling up the DagBag from /home/airflow/.local/lib/python3.8/site-packages/airflow/example_dags/example_dag_decorator.py
[2024-07-01T20:08:46.826+0000] {processor.py:840} INFO - DAG(s) 'example_dag_decorator' retrieved from /home/airflow/.local/lib/python3.8/site-packages/airflow/example_dags/example_dag_decorator.py
[2024-07-01T20:08:47.086+0000] {logging_mixin.py:188} INFO - [2024-07-01T20:08:47.086+0000] {dag.py:3036} INFO - Sync 1 DAGs
[2024-07-01T20:08:47.107+0000] {logging_mixin.py:188} INFO - [2024-07-01T20:08:47.107+0000] {dag.py:3823} INFO - Setting next_dagrun for example_dag_decorator to None, run_after=None
[2024-07-01T20:08:47.154+0000] {processor.py:183} INFO - Processing /home/airflow/.local/lib/python3.8/site-packages/airflow/example_dags/example_dag_decorator.py took 0.805 seconds
[2024-07-01T20:09:17.695+0000] {processor.py:161} INFO - Started process (PID=109) to work on /home/airflow/.local/lib/python3.8/site-packages/airflow/example_dags/example_dag_decorator.py
[2024-07-01T20:09:17.697+0000] {processor.py:830} INFO - Processing file /home/airflow/.local/lib/python3.8/site-packages/airflow/example_dags/example_dag_decorator.py for tasks to queue
[2024-07-01T20:09:17.701+0000] {logging_mixin.py:188} INFO - [2024-07-01T20:09:17.700+0000] {dagbag.py:538} INFO - Filling up the DagBag from /home/airflow/.local/lib/python3.8/site-packages/airflow/example_dags/example_dag_decorator.py
[2024-07-01T20:09:17.965+0000] {processor.py:840} INFO - DAG(s) 'example_dag_decorator' retrieved from /home/airflow/.local/lib/python3.8/site-packages/airflow/example_dags/example_dag_decorator.py
[2024-07-01T20:09:18.237+0000] {logging_mixin.py:188} INFO - [2024-07-01T20:09:18.237+0000] {dag.py:3036} INFO - Sync 1 DAGs
[2024-07-01T20:09:18.270+0000] {logging_mixin.py:188} INFO - [2024-07-01T20:09:18.269+0000] {dag.py:3823} INFO - Setting next_dagrun for example_dag_decorator to None, run_after=None
[2024-07-01T20:09:18.319+0000] {processor.py:183} INFO - Processing /home/airflow/.local/lib/python3.8/site-packages/airflow/example_dags/example_dag_decorator.py took 0.630 seconds
[2024-07-01T20:09:48.518+0000] {processor.py:161} INFO - Started process (PID=165) to work on /home/airflow/.local/lib/python3.8/site-packages/airflow/example_dags/example_dag_decorator.py
[2024-07-01T20:09:48.520+0000] {processor.py:830} INFO - Processing file /home/airflow/.local/lib/python3.8/site-packages/airflow/example_dags/example_dag_decorator.py for tasks to queue
[2024-07-01T20:09:48.524+0000] {logging_mixin.py:188} INFO - [2024-07-01T20:09:48.524+0000] {dagbag.py:538} INFO - Filling up the DagBag from /home/airflow/.local/lib/python3.8/site-packages/airflow/example_dags/example_dag_decorator.py
[2024-07-01T20:09:48.781+0000] {processor.py:840} INFO - DAG(s) 'example_dag_decorator' retrieved from /home/airflow/.local/lib/python3.8/site-packages/airflow/example_dags/example_dag_decorator.py
[2024-07-01T20:09:49.003+0000] {logging_mixin.py:188} INFO - [2024-07-01T20:09:49.002+0000] {dag.py:3036} INFO - Sync 1 DAGs
[2024-07-01T20:09:49.024+0000] {logging_mixin.py:188} INFO - [2024-07-01T20:09:49.024+0000] {dag.py:3823} INFO - Setting next_dagrun for example_dag_decorator to None, run_after=None
[2024-07-01T20:09:49.064+0000] {processor.py:183} INFO - Processing /home/airflow/.local/lib/python3.8/site-packages/airflow/example_dags/example_dag_decorator.py took 0.552 seconds
[2024-07-01T20:10:19.273+0000] {processor.py:161} INFO - Started process (PID=223) to work on /home/airflow/.local/lib/python3.8/site-packages/airflow/example_dags/example_dag_decorator.py
[2024-07-01T20:10:19.275+0000] {processor.py:830} INFO - Processing file /home/airflow/.local/lib/python3.8/site-packages/airflow/example_dags/example_dag_decorator.py for tasks to queue
[2024-07-01T20:10:19.279+0000] {logging_mixin.py:188} INFO - [2024-07-01T20:10:19.278+0000] {dagbag.py:538} INFO - Filling up the DagBag from /home/airflow/.local/lib/python3.8/site-packages/airflow/example_dags/example_dag_decorator.py
[2024-07-01T20:10:19.495+0000] {processor.py:840} INFO - DAG(s) 'example_dag_decorator' retrieved from /home/airflow/.local/lib/python3.8/site-packages/airflow/example_dags/example_dag_decorator.py
[2024-07-01T20:10:19.719+0000] {logging_mixin.py:188} INFO - [2024-07-01T20:10:19.718+0000] {dag.py:3036} INFO - Sync 1 DAGs
[2024-07-01T20:10:19.746+0000] {logging_mixin.py:188} INFO - [2024-07-01T20:10:19.745+0000] {dag.py:3823} INFO - Setting next_dagrun for example_dag_decorator to None, run_after=None
[2024-07-01T20:10:19.797+0000] {processor.py:183} INFO - Processing /home/airflow/.local/lib/python3.8/site-packages/airflow/example_dags/example_dag_decorator.py took 0.529 seconds
[2024-07-01T20:10:50.541+0000] {processor.py:161} INFO - Started process (PID=279) to work on /home/airflow/.local/lib/python3.8/site-packages/airflow/example_dags/example_dag_decorator.py
[2024-07-01T20:10:50.544+0000] {processor.py:830} INFO - Processing file /home/airflow/.local/lib/python3.8/site-packages/airflow/example_dags/example_dag_decorator.py for tasks to queue
[2024-07-01T20:10:50.550+0000] {logging_mixin.py:188} INFO - [2024-07-01T20:10:50.550+0000] {dagbag.py:538} INFO - Filling up the DagBag from /home/airflow/.local/lib/python3.8/site-packages/airflow/example_dags/example_dag_decorator.py
[2024-07-01T20:10:50.828+0000] {processor.py:840} INFO - DAG(s) 'example_dag_decorator' retrieved from /home/airflow/.local/lib/python3.8/site-packages/airflow/example_dags/example_dag_decorator.py
[2024-07-01T20:10:51.042+0000] {logging_mixin.py:188} INFO - [2024-07-01T20:10:51.042+0000] {dag.py:3036} INFO - Sync 1 DAGs
[2024-07-01T20:10:51.064+0000] {logging_mixin.py:188} INFO - [2024-07-01T20:10:51.063+0000] {dag.py:3823} INFO - Setting next_dagrun for example_dag_decorator to None, run_after=None
[2024-07-01T20:10:51.104+0000] {processor.py:183} INFO - Processing /home/airflow/.local/lib/python3.8/site-packages/airflow/example_dags/example_dag_decorator.py took 0.573 seconds
[2024-07-01T20:11:21.281+0000] {processor.py:161} INFO - Started process (PID=335) to work on /home/airflow/.local/lib/python3.8/site-packages/airflow/example_dags/example_dag_decorator.py
[2024-07-01T20:11:21.282+0000] {processor.py:830} INFO - Processing file /home/airflow/.local/lib/python3.8/site-packages/airflow/example_dags/example_dag_decorator.py for tasks to queue
[2024-07-01T20:11:21.286+0000] {logging_mixin.py:188} INFO - [2024-07-01T20:11:21.285+0000] {dagbag.py:538} INFO - Filling up the DagBag from /home/airflow/.local/lib/python3.8/site-packages/airflow/example_dags/example_dag_decorator.py
[2024-07-01T20:11:21.504+0000] {processor.py:840} INFO - DAG(s) 'example_dag_decorator' retrieved from /home/airflow/.local/lib/python3.8/site-packages/airflow/example_dags/example_dag_decorator.py
[2024-07-01T20:11:21.730+0000] {logging_mixin.py:188} INFO - [2024-07-01T20:11:21.729+0000] {dag.py:3036} INFO - Sync 1 DAGs
[2024-07-01T20:11:21.753+0000] {logging_mixin.py:188} INFO - [2024-07-01T20:11:21.753+0000] {dag.py:3823} INFO - Setting next_dagrun for example_dag_decorator to None, run_after=None
[2024-07-01T20:11:21.804+0000] {processor.py:183} INFO - Processing /home/airflow/.local/lib/python3.8/site-packages/airflow/example_dags/example_dag_decorator.py took 0.530 seconds
[2024-07-01T20:11:52.763+0000] {processor.py:161} INFO - Started process (PID=390) to work on /home/airflow/.local/lib/python3.8/site-packages/airflow/example_dags/example_dag_decorator.py
[2024-07-01T20:11:52.765+0000] {processor.py:830} INFO - Processing file /home/airflow/.local/lib/python3.8/site-packages/airflow/example_dags/example_dag_decorator.py for tasks to queue
[2024-07-01T20:11:52.768+0000] {logging_mixin.py:188} INFO - [2024-07-01T20:11:52.768+0000] {dagbag.py:538} INFO - Filling up the DagBag from /home/airflow/.local/lib/python3.8/site-packages/airflow/example_dags/example_dag_decorator.py
[2024-07-01T20:11:52.995+0000] {processor.py:840} INFO - DAG(s) 'example_dag_decorator' retrieved from /home/airflow/.local/lib/python3.8/site-packages/airflow/example_dags/example_dag_decorator.py
[2024-07-01T20:11:53.286+0000] {logging_mixin.py:188} INFO - [2024-07-01T20:11:53.285+0000] {dag.py:3036} INFO - Sync 1 DAGs
[2024-07-01T20:11:53.306+0000] {logging_mixin.py:188} INFO - [2024-07-01T20:11:53.306+0000] {dag.py:3823} INFO - Setting next_dagrun for example_dag_decorator to None, run_after=None
[2024-07-01T20:11:53.343+0000] {processor.py:183} INFO - Processing /home/airflow/.local/lib/python3.8/site-packages/airflow/example_dags/example_dag_decorator.py took 0.586 seconds
[2024-07-01T20:12:24.100+0000] {processor.py:161} INFO - Started process (PID=446) to work on /home/airflow/.local/lib/python3.8/site-packages/airflow/example_dags/example_dag_decorator.py
[2024-07-01T20:12:24.104+0000] {processor.py:830} INFO - Processing file /home/airflow/.local/lib/python3.8/site-packages/airflow/example_dags/example_dag_decorator.py for tasks to queue
[2024-07-01T20:12:24.111+0000] {logging_mixin.py:188} INFO - [2024-07-01T20:12:24.110+0000] {dagbag.py:538} INFO - Filling up the DagBag from /home/airflow/.local/lib/python3.8/site-packages/airflow/example_dags/example_dag_decorator.py
[2024-07-01T20:12:24.366+0000] {processor.py:840} INFO - DAG(s) 'example_dag_decorator' retrieved from /home/airflow/.local/lib/python3.8/site-packages/airflow/example_dags/example_dag_decorator.py
[2024-07-01T20:12:24.588+0000] {logging_mixin.py:188} INFO - [2024-07-01T20:12:24.588+0000] {dag.py:3036} INFO - Sync 1 DAGs
[2024-07-01T20:12:24.611+0000] {logging_mixin.py:188} INFO - [2024-07-01T20:12:24.610+0000] {dag.py:3823} INFO - Setting next_dagrun for example_dag_decorator to None, run_after=None
[2024-07-01T20:12:24.649+0000] {processor.py:183} INFO - Processing /home/airflow/.local/lib/python3.8/site-packages/airflow/example_dags/example_dag_decorator.py took 0.562 seconds
[2024-07-01T20:12:54.723+0000] {processor.py:161} INFO - Started process (PID=503) to work on /home/airflow/.local/lib/python3.8/site-packages/airflow/example_dags/example_dag_decorator.py
[2024-07-01T20:12:54.724+0000] {processor.py:830} INFO - Processing file /home/airflow/.local/lib/python3.8/site-packages/airflow/example_dags/example_dag_decorator.py for tasks to queue
[2024-07-01T20:12:54.728+0000] {logging_mixin.py:188} INFO - [2024-07-01T20:12:54.727+0000] {dagbag.py:538} INFO - Filling up the DagBag from /home/airflow/.local/lib/python3.8/site-packages/airflow/example_dags/example_dag_decorator.py
[2024-07-01T20:12:54.934+0000] {processor.py:840} INFO - DAG(s) 'example_dag_decorator' retrieved from /home/airflow/.local/lib/python3.8/site-packages/airflow/example_dags/example_dag_decorator.py
[2024-07-01T20:12:55.165+0000] {logging_mixin.py:188} INFO - [2024-07-01T20:12:55.165+0000] {dag.py:3036} INFO - Sync 1 DAGs
[2024-07-01T20:12:55.189+0000] {logging_mixin.py:188} INFO - [2024-07-01T20:12:55.189+0000] {dag.py:3823} INFO - Setting next_dagrun for example_dag_decorator to None, run_after=None
[2024-07-01T20:12:55.242+0000] {processor.py:183} INFO - Processing /home/airflow/.local/lib/python3.8/site-packages/airflow/example_dags/example_dag_decorator.py took 0.525 seconds
[2024-07-01T20:13:25.401+0000] {processor.py:161} INFO - Started process (PID=559) to work on /home/airflow/.local/lib/python3.8/site-packages/airflow/example_dags/example_dag_decorator.py
[2024-07-01T20:13:25.403+0000] {processor.py:830} INFO - Processing file /home/airflow/.local/lib/python3.8/site-packages/airflow/example_dags/example_dag_decorator.py for tasks to queue
[2024-07-01T20:13:25.408+0000] {logging_mixin.py:188} INFO - [2024-07-01T20:13:25.407+0000] {dagbag.py:538} INFO - Filling up the DagBag from /home/airflow/.local/lib/python3.8/site-packages/airflow/example_dags/example_dag_decorator.py
[2024-07-01T20:13:25.720+0000] {processor.py:840} INFO - DAG(s) 'example_dag_decorator' retrieved from /home/airflow/.local/lib/python3.8/site-packages/airflow/example_dags/example_dag_decorator.py
[2024-07-01T20:13:26.079+0000] {logging_mixin.py:188} INFO - [2024-07-01T20:13:26.079+0000] {dag.py:3036} INFO - Sync 1 DAGs
[2024-07-01T20:13:26.105+0000] {logging_mixin.py:188} INFO - [2024-07-01T20:13:26.105+0000] {dag.py:3823} INFO - Setting next_dagrun for example_dag_decorator to None, run_after=None
[2024-07-01T20:13:26.155+0000] {processor.py:183} INFO - Processing /home/airflow/.local/lib/python3.8/site-packages/airflow/example_dags/example_dag_decorator.py took 0.762 seconds
[2024-07-01T20:13:56.495+0000] {processor.py:161} INFO - Started process (PID=616) to work on /home/airflow/.local/lib/python3.8/site-packages/airflow/example_dags/example_dag_decorator.py
[2024-07-01T20:13:56.497+0000] {processor.py:830} INFO - Processing file /home/airflow/.local/lib/python3.8/site-packages/airflow/example_dags/example_dag_decorator.py for tasks to queue
[2024-07-01T20:13:56.501+0000] {logging_mixin.py:188} INFO - [2024-07-01T20:13:56.500+0000] {dagbag.py:538} INFO - Filling up the DagBag from /home/airflow/.local/lib/python3.8/site-packages/airflow/example_dags/example_dag_decorator.py
[2024-07-01T20:13:56.711+0000] {processor.py:840} INFO - DAG(s) 'example_dag_decorator' retrieved from /home/airflow/.local/lib/python3.8/site-packages/airflow/example_dags/example_dag_decorator.py
[2024-07-01T20:13:56.928+0000] {logging_mixin.py:188} INFO - [2024-07-01T20:13:56.927+0000] {dag.py:3036} INFO - Sync 1 DAGs
[2024-07-01T20:13:56.949+0000] {logging_mixin.py:188} INFO - [2024-07-01T20:13:56.949+0000] {dag.py:3823} INFO - Setting next_dagrun for example_dag_decorator to None, run_after=None
[2024-07-01T20:13:56.993+0000] {processor.py:183} INFO - Processing /home/airflow/.local/lib/python3.8/site-packages/airflow/example_dags/example_dag_decorator.py took 0.504 seconds
[2024-07-01T20:14:27.555+0000] {processor.py:161} INFO - Started process (PID=673) to work on /home/airflow/.local/lib/python3.8/site-packages/airflow/example_dags/example_dag_decorator.py
[2024-07-01T20:14:27.557+0000] {processor.py:830} INFO - Processing file /home/airflow/.local/lib/python3.8/site-packages/airflow/example_dags/example_dag_decorator.py for tasks to queue
[2024-07-01T20:14:27.561+0000] {logging_mixin.py:188} INFO - [2024-07-01T20:14:27.560+0000] {dagbag.py:538} INFO - Filling up the DagBag from /home/airflow/.local/lib/python3.8/site-packages/airflow/example_dags/example_dag_decorator.py
[2024-07-01T20:14:27.798+0000] {processor.py:840} INFO - DAG(s) 'example_dag_decorator' retrieved from /home/airflow/.local/lib/python3.8/site-packages/airflow/example_dags/example_dag_decorator.py
[2024-07-01T20:14:28.087+0000] {logging_mixin.py:188} INFO - [2024-07-01T20:14:28.087+0000] {dag.py:3036} INFO - Sync 1 DAGs
[2024-07-01T20:14:28.113+0000] {logging_mixin.py:188} INFO - [2024-07-01T20:14:28.113+0000] {dag.py:3823} INFO - Setting next_dagrun for example_dag_decorator to None, run_after=None
[2024-07-01T20:14:28.166+0000] {processor.py:183} INFO - Processing /home/airflow/.local/lib/python3.8/site-packages/airflow/example_dags/example_dag_decorator.py took 0.617 seconds
[2024-07-01T20:14:58.453+0000] {processor.py:161} INFO - Started process (PID=730) to work on /home/airflow/.local/lib/python3.8/site-packages/airflow/example_dags/example_dag_decorator.py
[2024-07-01T20:14:58.456+0000] {processor.py:830} INFO - Processing file /home/airflow/.local/lib/python3.8/site-packages/airflow/example_dags/example_dag_decorator.py for tasks to queue
[2024-07-01T20:14:58.459+0000] {logging_mixin.py:188} INFO - [2024-07-01T20:14:58.459+0000] {dagbag.py:538} INFO - Filling up the DagBag from /home/airflow/.local/lib/python3.8/site-packages/airflow/example_dags/example_dag_decorator.py
[2024-07-01T20:14:58.668+0000] {processor.py:840} INFO - DAG(s) 'example_dag_decorator' retrieved from /home/airflow/.local/lib/python3.8/site-packages/airflow/example_dags/example_dag_decorator.py
[2024-07-01T20:14:58.904+0000] {logging_mixin.py:188} INFO - [2024-07-01T20:14:58.903+0000] {dag.py:3036} INFO - Sync 1 DAGs
[2024-07-01T20:14:58.927+0000] {logging_mixin.py:188} INFO - [2024-07-01T20:14:58.926+0000] {dag.py:3823} INFO - Setting next_dagrun for example_dag_decorator to None, run_after=None
[2024-07-01T20:14:58.974+0000] {processor.py:183} INFO - Processing /home/airflow/.local/lib/python3.8/site-packages/airflow/example_dags/example_dag_decorator.py took 0.528 seconds
[2024-07-01T20:15:29.238+0000] {processor.py:161} INFO - Started process (PID=787) to work on /home/airflow/.local/lib/python3.8/site-packages/airflow/example_dags/example_dag_decorator.py
[2024-07-01T20:15:29.240+0000] {processor.py:830} INFO - Processing file /home/airflow/.local/lib/python3.8/site-packages/airflow/example_dags/example_dag_decorator.py for tasks to queue
[2024-07-01T20:15:29.243+0000] {logging_mixin.py:188} INFO - [2024-07-01T20:15:29.242+0000] {dagbag.py:538} INFO - Filling up the DagBag from /home/airflow/.local/lib/python3.8/site-packages/airflow/example_dags/example_dag_decorator.py
[2024-07-01T20:15:29.450+0000] {processor.py:840} INFO - DAG(s) 'example_dag_decorator' retrieved from /home/airflow/.local/lib/python3.8/site-packages/airflow/example_dags/example_dag_decorator.py
[2024-07-01T20:15:29.664+0000] {logging_mixin.py:188} INFO - [2024-07-01T20:15:29.664+0000] {dag.py:3036} INFO - Sync 1 DAGs
[2024-07-01T20:15:29.691+0000] {logging_mixin.py:188} INFO - [2024-07-01T20:15:29.690+0000] {dag.py:3823} INFO - Setting next_dagrun for example_dag_decorator to None, run_after=None
[2024-07-01T20:15:29.731+0000] {processor.py:183} INFO - Processing /home/airflow/.local/lib/python3.8/site-packages/airflow/example_dags/example_dag_decorator.py took 0.499 seconds
[2024-07-01T20:15:59.954+0000] {processor.py:161} INFO - Started process (PID=843) to work on /home/airflow/.local/lib/python3.8/site-packages/airflow/example_dags/example_dag_decorator.py
[2024-07-01T20:15:59.956+0000] {processor.py:830} INFO - Processing file /home/airflow/.local/lib/python3.8/site-packages/airflow/example_dags/example_dag_decorator.py for tasks to queue
[2024-07-01T20:15:59.960+0000] {logging_mixin.py:188} INFO - [2024-07-01T20:15:59.959+0000] {dagbag.py:538} INFO - Filling up the DagBag from /home/airflow/.local/lib/python3.8/site-packages/airflow/example_dags/example_dag_decorator.py
[2024-07-01T20:16:00.207+0000] {processor.py:840} INFO - DAG(s) 'example_dag_decorator' retrieved from /home/airflow/.local/lib/python3.8/site-packages/airflow/example_dags/example_dag_decorator.py
[2024-07-01T20:16:00.510+0000] {logging_mixin.py:188} INFO - [2024-07-01T20:16:00.509+0000] {dag.py:3036} INFO - Sync 1 DAGs
[2024-07-01T20:16:00.556+0000] {logging_mixin.py:188} INFO - [2024-07-01T20:16:00.555+0000] {dag.py:3823} INFO - Setting next_dagrun for example_dag_decorator to None, run_after=None
[2024-07-01T20:16:00.654+0000] {processor.py:183} INFO - Processing /home/airflow/.local/lib/python3.8/site-packages/airflow/example_dags/example_dag_decorator.py took 0.707 seconds
[2024-07-01T20:16:30.761+0000] {processor.py:161} INFO - Started process (PID=898) to work on /home/airflow/.local/lib/python3.8/site-packages/airflow/example_dags/example_dag_decorator.py
[2024-07-01T20:16:30.764+0000] {processor.py:830} INFO - Processing file /home/airflow/.local/lib/python3.8/site-packages/airflow/example_dags/example_dag_decorator.py for tasks to queue
[2024-07-01T20:16:30.769+0000] {logging_mixin.py:188} INFO - [2024-07-01T20:16:30.768+0000] {dagbag.py:538} INFO - Filling up the DagBag from /home/airflow/.local/lib/python3.8/site-packages/airflow/example_dags/example_dag_decorator.py
[2024-07-01T20:16:31.008+0000] {processor.py:840} INFO - DAG(s) 'example_dag_decorator' retrieved from /home/airflow/.local/lib/python3.8/site-packages/airflow/example_dags/example_dag_decorator.py
[2024-07-01T20:16:31.241+0000] {logging_mixin.py:188} INFO - [2024-07-01T20:16:31.241+0000] {dag.py:3036} INFO - Sync 1 DAGs
[2024-07-01T20:16:31.263+0000] {logging_mixin.py:188} INFO - [2024-07-01T20:16:31.263+0000] {dag.py:3823} INFO - Setting next_dagrun for example_dag_decorator to None, run_after=None
[2024-07-01T20:16:31.322+0000] {processor.py:183} INFO - Processing /home/airflow/.local/lib/python3.8/site-packages/airflow/example_dags/example_dag_decorator.py took 0.574 seconds
[2024-07-01T20:17:01.465+0000] {processor.py:161} INFO - Started process (PID=953) to work on /home/airflow/.local/lib/python3.8/site-packages/airflow/example_dags/example_dag_decorator.py
[2024-07-01T20:17:01.468+0000] {processor.py:830} INFO - Processing file /home/airflow/.local/lib/python3.8/site-packages/airflow/example_dags/example_dag_decorator.py for tasks to queue
[2024-07-01T20:17:01.473+0000] {logging_mixin.py:188} INFO - [2024-07-01T20:17:01.472+0000] {dagbag.py:538} INFO - Filling up the DagBag from /home/airflow/.local/lib/python3.8/site-packages/airflow/example_dags/example_dag_decorator.py
[2024-07-01T20:17:01.737+0000] {processor.py:840} INFO - DAG(s) 'example_dag_decorator' retrieved from /home/airflow/.local/lib/python3.8/site-packages/airflow/example_dags/example_dag_decorator.py
[2024-07-01T20:17:02.020+0000] {logging_mixin.py:188} INFO - [2024-07-01T20:17:02.020+0000] {dag.py:3036} INFO - Sync 1 DAGs
[2024-07-01T20:17:02.043+0000] {logging_mixin.py:188} INFO - [2024-07-01T20:17:02.042+0000] {dag.py:3823} INFO - Setting next_dagrun for example_dag_decorator to None, run_after=None
[2024-07-01T20:17:02.090+0000] {processor.py:183} INFO - Processing /home/airflow/.local/lib/python3.8/site-packages/airflow/example_dags/example_dag_decorator.py took 0.634 seconds
[2024-07-01T20:17:33.028+0000] {processor.py:161} INFO - Started process (PID=1008) to work on /home/airflow/.local/lib/python3.8/site-packages/airflow/example_dags/example_dag_decorator.py
[2024-07-01T20:17:33.030+0000] {processor.py:830} INFO - Processing file /home/airflow/.local/lib/python3.8/site-packages/airflow/example_dags/example_dag_decorator.py for tasks to queue
[2024-07-01T20:17:33.033+0000] {logging_mixin.py:188} INFO - [2024-07-01T20:17:33.033+0000] {dagbag.py:538} INFO - Filling up the DagBag from /home/airflow/.local/lib/python3.8/site-packages/airflow/example_dags/example_dag_decorator.py
[2024-07-01T20:17:33.287+0000] {processor.py:840} INFO - DAG(s) 'example_dag_decorator' retrieved from /home/airflow/.local/lib/python3.8/site-packages/airflow/example_dags/example_dag_decorator.py
[2024-07-01T20:17:33.583+0000] {logging_mixin.py:188} INFO - [2024-07-01T20:17:33.582+0000] {dag.py:3036} INFO - Sync 1 DAGs
[2024-07-01T20:17:33.608+0000] {logging_mixin.py:188} INFO - [2024-07-01T20:17:33.607+0000] {dag.py:3823} INFO - Setting next_dagrun for example_dag_decorator to None, run_after=None
[2024-07-01T20:17:33.655+0000] {processor.py:183} INFO - Processing /home/airflow/.local/lib/python3.8/site-packages/airflow/example_dags/example_dag_decorator.py took 0.633 seconds
[2024-07-01T20:18:03.913+0000] {processor.py:161} INFO - Started process (PID=1065) to work on /home/airflow/.local/lib/python3.8/site-packages/airflow/example_dags/example_dag_decorator.py
[2024-07-01T20:18:03.915+0000] {processor.py:830} INFO - Processing file /home/airflow/.local/lib/python3.8/site-packages/airflow/example_dags/example_dag_decorator.py for tasks to queue
[2024-07-01T20:18:03.918+0000] {logging_mixin.py:188} INFO - [2024-07-01T20:18:03.918+0000] {dagbag.py:538} INFO - Filling up the DagBag from /home/airflow/.local/lib/python3.8/site-packages/airflow/example_dags/example_dag_decorator.py
[2024-07-01T20:18:04.132+0000] {processor.py:840} INFO - DAG(s) 'example_dag_decorator' retrieved from /home/airflow/.local/lib/python3.8/site-packages/airflow/example_dags/example_dag_decorator.py
[2024-07-01T20:18:04.345+0000] {logging_mixin.py:188} INFO - [2024-07-01T20:18:04.344+0000] {dag.py:3036} INFO - Sync 1 DAGs
[2024-07-01T20:18:04.365+0000] {logging_mixin.py:188} INFO - [2024-07-01T20:18:04.365+0000] {dag.py:3823} INFO - Setting next_dagrun for example_dag_decorator to None, run_after=None
[2024-07-01T20:18:04.410+0000] {processor.py:183} INFO - Processing /home/airflow/.local/lib/python3.8/site-packages/airflow/example_dags/example_dag_decorator.py took 0.503 seconds
[2024-07-01T20:18:34.480+0000] {processor.py:161} INFO - Started process (PID=1121) to work on /home/airflow/.local/lib/python3.8/site-packages/airflow/example_dags/example_dag_decorator.py
[2024-07-01T20:18:34.482+0000] {processor.py:830} INFO - Processing file /home/airflow/.local/lib/python3.8/site-packages/airflow/example_dags/example_dag_decorator.py for tasks to queue
[2024-07-01T20:18:34.485+0000] {logging_mixin.py:188} INFO - [2024-07-01T20:18:34.485+0000] {dagbag.py:538} INFO - Filling up the DagBag from /home/airflow/.local/lib/python3.8/site-packages/airflow/example_dags/example_dag_decorator.py
[2024-07-01T20:18:34.699+0000] {processor.py:840} INFO - DAG(s) 'example_dag_decorator' retrieved from /home/airflow/.local/lib/python3.8/site-packages/airflow/example_dags/example_dag_decorator.py
[2024-07-01T20:18:34.916+0000] {logging_mixin.py:188} INFO - [2024-07-01T20:18:34.915+0000] {dag.py:3036} INFO - Sync 1 DAGs
[2024-07-01T20:18:34.939+0000] {logging_mixin.py:188} INFO - [2024-07-01T20:18:34.938+0000] {dag.py:3823} INFO - Setting next_dagrun for example_dag_decorator to None, run_after=None
[2024-07-01T20:18:34.991+0000] {processor.py:183} INFO - Processing /home/airflow/.local/lib/python3.8/site-packages/airflow/example_dags/example_dag_decorator.py took 0.517 seconds
[2024-07-01T20:19:05.187+0000] {processor.py:161} INFO - Started process (PID=1178) to work on /home/airflow/.local/lib/python3.8/site-packages/airflow/example_dags/example_dag_decorator.py
[2024-07-01T20:19:05.190+0000] {processor.py:830} INFO - Processing file /home/airflow/.local/lib/python3.8/site-packages/airflow/example_dags/example_dag_decorator.py for tasks to queue
[2024-07-01T20:19:05.203+0000] {logging_mixin.py:188} INFO - [2024-07-01T20:19:05.202+0000] {dagbag.py:538} INFO - Filling up the DagBag from /home/airflow/.local/lib/python3.8/site-packages/airflow/example_dags/example_dag_decorator.py
[2024-07-01T20:19:05.496+0000] {processor.py:840} INFO - DAG(s) 'example_dag_decorator' retrieved from /home/airflow/.local/lib/python3.8/site-packages/airflow/example_dags/example_dag_decorator.py
[2024-07-01T20:19:05.735+0000] {logging_mixin.py:188} INFO - [2024-07-01T20:19:05.734+0000] {dag.py:3036} INFO - Sync 1 DAGs
[2024-07-01T20:19:05.761+0000] {logging_mixin.py:188} INFO - [2024-07-01T20:19:05.760+0000] {dag.py:3823} INFO - Setting next_dagrun for example_dag_decorator to None, run_after=None
[2024-07-01T20:19:05.809+0000] {processor.py:183} INFO - Processing /home/airflow/.local/lib/python3.8/site-packages/airflow/example_dags/example_dag_decorator.py took 0.631 seconds
[2024-07-01T20:19:35.945+0000] {processor.py:161} INFO - Started process (PID=1235) to work on /home/airflow/.local/lib/python3.8/site-packages/airflow/example_dags/example_dag_decorator.py
[2024-07-01T20:19:35.947+0000] {processor.py:830} INFO - Processing file /home/airflow/.local/lib/python3.8/site-packages/airflow/example_dags/example_dag_decorator.py for tasks to queue
[2024-07-01T20:19:35.951+0000] {logging_mixin.py:188} INFO - [2024-07-01T20:19:35.950+0000] {dagbag.py:538} INFO - Filling up the DagBag from /home/airflow/.local/lib/python3.8/site-packages/airflow/example_dags/example_dag_decorator.py
[2024-07-01T20:19:36.156+0000] {processor.py:840} INFO - DAG(s) 'example_dag_decorator' retrieved from /home/airflow/.local/lib/python3.8/site-packages/airflow/example_dags/example_dag_decorator.py
[2024-07-01T20:19:36.368+0000] {logging_mixin.py:188} INFO - [2024-07-01T20:19:36.367+0000] {dag.py:3036} INFO - Sync 1 DAGs
[2024-07-01T20:19:36.577+0000] {logging_mixin.py:188} INFO - [2024-07-01T20:19:36.576+0000] {dag.py:3823} INFO - Setting next_dagrun for example_dag_decorator to None, run_after=None
[2024-07-01T20:19:36.631+0000] {processor.py:183} INFO - Processing /home/airflow/.local/lib/python3.8/site-packages/airflow/example_dags/example_dag_decorator.py took 0.692 seconds
[2024-07-01T20:20:07.016+0000] {processor.py:161} INFO - Started process (PID=1290) to work on /home/airflow/.local/lib/python3.8/site-packages/airflow/example_dags/example_dag_decorator.py
[2024-07-01T20:20:07.022+0000] {processor.py:830} INFO - Processing file /home/airflow/.local/lib/python3.8/site-packages/airflow/example_dags/example_dag_decorator.py for tasks to queue
[2024-07-01T20:20:07.035+0000] {logging_mixin.py:188} INFO - [2024-07-01T20:20:07.034+0000] {dagbag.py:538} INFO - Filling up the DagBag from /home/airflow/.local/lib/python3.8/site-packages/airflow/example_dags/example_dag_decorator.py
[2024-07-01T20:20:07.314+0000] {processor.py:840} INFO - DAG(s) 'example_dag_decorator' retrieved from /home/airflow/.local/lib/python3.8/site-packages/airflow/example_dags/example_dag_decorator.py
[2024-07-01T20:20:07.526+0000] {logging_mixin.py:188} INFO - [2024-07-01T20:20:07.525+0000] {dag.py:3036} INFO - Sync 1 DAGs
[2024-07-01T20:20:07.549+0000] {logging_mixin.py:188} INFO - [2024-07-01T20:20:07.549+0000] {dag.py:3823} INFO - Setting next_dagrun for example_dag_decorator to None, run_after=None
[2024-07-01T20:20:07.778+0000] {processor.py:183} INFO - Processing /home/airflow/.local/lib/python3.8/site-packages/airflow/example_dags/example_dag_decorator.py took 0.782 seconds
[2024-07-01T20:20:38.561+0000] {processor.py:161} INFO - Started process (PID=1351) to work on /home/airflow/.local/lib/python3.8/site-packages/airflow/example_dags/example_dag_decorator.py
[2024-07-01T20:20:38.563+0000] {processor.py:830} INFO - Processing file /home/airflow/.local/lib/python3.8/site-packages/airflow/example_dags/example_dag_decorator.py for tasks to queue
[2024-07-01T20:20:38.566+0000] {logging_mixin.py:188} INFO - [2024-07-01T20:20:38.566+0000] {dagbag.py:538} INFO - Filling up the DagBag from /home/airflow/.local/lib/python3.8/site-packages/airflow/example_dags/example_dag_decorator.py
[2024-07-01T20:20:38.914+0000] {processor.py:840} INFO - DAG(s) 'example_dag_decorator' retrieved from /home/airflow/.local/lib/python3.8/site-packages/airflow/example_dags/example_dag_decorator.py
[2024-07-01T20:20:39.249+0000] {logging_mixin.py:188} INFO - [2024-07-01T20:20:39.249+0000] {dag.py:3036} INFO - Sync 1 DAGs
[2024-07-01T20:20:39.276+0000] {logging_mixin.py:188} INFO - [2024-07-01T20:20:39.275+0000] {dag.py:3823} INFO - Setting next_dagrun for example_dag_decorator to None, run_after=None
[2024-07-01T20:20:39.548+0000] {processor.py:183} INFO - Processing /home/airflow/.local/lib/python3.8/site-packages/airflow/example_dags/example_dag_decorator.py took 0.996 seconds
[2024-07-01T20:21:09.683+0000] {processor.py:161} INFO - Started process (PID=1406) to work on /home/airflow/.local/lib/python3.8/site-packages/airflow/example_dags/example_dag_decorator.py
[2024-07-01T20:21:09.686+0000] {processor.py:830} INFO - Processing file /home/airflow/.local/lib/python3.8/site-packages/airflow/example_dags/example_dag_decorator.py for tasks to queue
[2024-07-01T20:21:09.692+0000] {logging_mixin.py:188} INFO - [2024-07-01T20:21:09.691+0000] {dagbag.py:538} INFO - Filling up the DagBag from /home/airflow/.local/lib/python3.8/site-packages/airflow/example_dags/example_dag_decorator.py
[2024-07-01T20:21:09.996+0000] {processor.py:840} INFO - DAG(s) 'example_dag_decorator' retrieved from /home/airflow/.local/lib/python3.8/site-packages/airflow/example_dags/example_dag_decorator.py
[2024-07-01T20:21:10.053+0000] {logging_mixin.py:188} INFO - [2024-07-01T20:21:10.053+0000] {dag.py:3036} INFO - Sync 1 DAGs
[2024-07-01T20:21:10.083+0000] {logging_mixin.py:188} INFO - [2024-07-01T20:21:10.083+0000] {dag.py:3823} INFO - Setting next_dagrun for example_dag_decorator to None, run_after=None
[2024-07-01T20:21:10.128+0000] {processor.py:183} INFO - Processing /home/airflow/.local/lib/python3.8/site-packages/airflow/example_dags/example_dag_decorator.py took 0.459 seconds
[2024-07-01T20:21:40.352+0000] {processor.py:161} INFO - Started process (PID=1461) to work on /home/airflow/.local/lib/python3.8/site-packages/airflow/example_dags/example_dag_decorator.py
[2024-07-01T20:21:40.355+0000] {processor.py:830} INFO - Processing file /home/airflow/.local/lib/python3.8/site-packages/airflow/example_dags/example_dag_decorator.py for tasks to queue
[2024-07-01T20:21:40.360+0000] {logging_mixin.py:188} INFO - [2024-07-01T20:21:40.359+0000] {dagbag.py:538} INFO - Filling up the DagBag from /home/airflow/.local/lib/python3.8/site-packages/airflow/example_dags/example_dag_decorator.py
[2024-07-01T20:21:40.592+0000] {processor.py:840} INFO - DAG(s) 'example_dag_decorator' retrieved from /home/airflow/.local/lib/python3.8/site-packages/airflow/example_dags/example_dag_decorator.py
[2024-07-01T20:21:40.950+0000] {logging_mixin.py:188} INFO - [2024-07-01T20:21:40.950+0000] {dag.py:3036} INFO - Sync 1 DAGs
[2024-07-01T20:21:40.976+0000] {logging_mixin.py:188} INFO - [2024-07-01T20:21:40.976+0000] {dag.py:3823} INFO - Setting next_dagrun for example_dag_decorator to None, run_after=None
[2024-07-01T20:21:41.026+0000] {processor.py:183} INFO - Processing /home/airflow/.local/lib/python3.8/site-packages/airflow/example_dags/example_dag_decorator.py took 0.681 seconds
[2024-07-01T20:22:11.148+0000] {processor.py:161} INFO - Started process (PID=1518) to work on /home/airflow/.local/lib/python3.8/site-packages/airflow/example_dags/example_dag_decorator.py
[2024-07-01T20:22:11.150+0000] {processor.py:830} INFO - Processing file /home/airflow/.local/lib/python3.8/site-packages/airflow/example_dags/example_dag_decorator.py for tasks to queue
[2024-07-01T20:22:11.155+0000] {logging_mixin.py:188} INFO - [2024-07-01T20:22:11.154+0000] {dagbag.py:538} INFO - Filling up the DagBag from /home/airflow/.local/lib/python3.8/site-packages/airflow/example_dags/example_dag_decorator.py
[2024-07-01T20:22:11.385+0000] {processor.py:840} INFO - DAG(s) 'example_dag_decorator' retrieved from /home/airflow/.local/lib/python3.8/site-packages/airflow/example_dags/example_dag_decorator.py
[2024-07-01T20:22:11.612+0000] {logging_mixin.py:188} INFO - [2024-07-01T20:22:11.611+0000] {dag.py:3036} INFO - Sync 1 DAGs
[2024-07-01T20:22:11.645+0000] {logging_mixin.py:188} INFO - [2024-07-01T20:22:11.644+0000] {dag.py:3823} INFO - Setting next_dagrun for example_dag_decorator to None, run_after=None
[2024-07-01T20:22:11.703+0000] {processor.py:183} INFO - Processing /home/airflow/.local/lib/python3.8/site-packages/airflow/example_dags/example_dag_decorator.py took 0.561 seconds
[2024-07-01T20:22:42.000+0000] {processor.py:161} INFO - Started process (PID=1574) to work on /home/airflow/.local/lib/python3.8/site-packages/airflow/example_dags/example_dag_decorator.py
[2024-07-01T20:22:42.002+0000] {processor.py:830} INFO - Processing file /home/airflow/.local/lib/python3.8/site-packages/airflow/example_dags/example_dag_decorator.py for tasks to queue
[2024-07-01T20:22:42.006+0000] {logging_mixin.py:188} INFO - [2024-07-01T20:22:42.006+0000] {dagbag.py:538} INFO - Filling up the DagBag from /home/airflow/.local/lib/python3.8/site-packages/airflow/example_dags/example_dag_decorator.py
[2024-07-01T20:22:42.234+0000] {processor.py:840} INFO - DAG(s) 'example_dag_decorator' retrieved from /home/airflow/.local/lib/python3.8/site-packages/airflow/example_dags/example_dag_decorator.py
[2024-07-01T20:22:42.456+0000] {logging_mixin.py:188} INFO - [2024-07-01T20:22:42.455+0000] {dag.py:3036} INFO - Sync 1 DAGs
[2024-07-01T20:22:42.476+0000] {logging_mixin.py:188} INFO - [2024-07-01T20:22:42.476+0000] {dag.py:3823} INFO - Setting next_dagrun for example_dag_decorator to None, run_after=None
[2024-07-01T20:22:42.515+0000] {processor.py:183} INFO - Processing /home/airflow/.local/lib/python3.8/site-packages/airflow/example_dags/example_dag_decorator.py took 0.522 seconds
[2024-07-01T20:23:12.589+0000] {processor.py:161} INFO - Started process (PID=1633) to work on /home/airflow/.local/lib/python3.8/site-packages/airflow/example_dags/example_dag_decorator.py
[2024-07-01T20:23:12.591+0000] {processor.py:830} INFO - Processing file /home/airflow/.local/lib/python3.8/site-packages/airflow/example_dags/example_dag_decorator.py for tasks to queue
[2024-07-01T20:23:12.595+0000] {logging_mixin.py:188} INFO - [2024-07-01T20:23:12.594+0000] {dagbag.py:538} INFO - Filling up the DagBag from /home/airflow/.local/lib/python3.8/site-packages/airflow/example_dags/example_dag_decorator.py
[2024-07-01T20:23:12.873+0000] {processor.py:840} INFO - DAG(s) 'example_dag_decorator' retrieved from /home/airflow/.local/lib/python3.8/site-packages/airflow/example_dags/example_dag_decorator.py
[2024-07-01T20:23:13.352+0000] {logging_mixin.py:188} INFO - [2024-07-01T20:23:13.352+0000] {dag.py:3036} INFO - Sync 1 DAGs
[2024-07-01T20:23:13.374+0000] {logging_mixin.py:188} INFO - [2024-07-01T20:23:13.373+0000] {dag.py:3823} INFO - Setting next_dagrun for example_dag_decorator to None, run_after=None
[2024-07-01T20:23:13.420+0000] {processor.py:183} INFO - Processing /home/airflow/.local/lib/python3.8/site-packages/airflow/example_dags/example_dag_decorator.py took 0.839 seconds
[2024-07-01T20:23:43.589+0000] {processor.py:161} INFO - Started process (PID=1688) to work on /home/airflow/.local/lib/python3.8/site-packages/airflow/example_dags/example_dag_decorator.py
[2024-07-01T20:23:43.591+0000] {processor.py:830} INFO - Processing file /home/airflow/.local/lib/python3.8/site-packages/airflow/example_dags/example_dag_decorator.py for tasks to queue
[2024-07-01T20:23:43.596+0000] {logging_mixin.py:188} INFO - [2024-07-01T20:23:43.595+0000] {dagbag.py:538} INFO - Filling up the DagBag from /home/airflow/.local/lib/python3.8/site-packages/airflow/example_dags/example_dag_decorator.py
[2024-07-01T20:23:43.895+0000] {processor.py:840} INFO - DAG(s) 'example_dag_decorator' retrieved from /home/airflow/.local/lib/python3.8/site-packages/airflow/example_dags/example_dag_decorator.py
[2024-07-01T20:23:43.954+0000] {logging_mixin.py:188} INFO - [2024-07-01T20:23:43.953+0000] {dag.py:3036} INFO - Sync 1 DAGs
[2024-07-01T20:23:43.979+0000] {logging_mixin.py:188} INFO - [2024-07-01T20:23:43.979+0000] {dag.py:3823} INFO - Setting next_dagrun for example_dag_decorator to None, run_after=None
[2024-07-01T20:23:44.027+0000] {processor.py:183} INFO - Processing /home/airflow/.local/lib/python3.8/site-packages/airflow/example_dags/example_dag_decorator.py took 0.448 seconds
[2024-07-01T20:24:14.885+0000] {processor.py:161} INFO - Started process (PID=1743) to work on /home/airflow/.local/lib/python3.8/site-packages/airflow/example_dags/example_dag_decorator.py
[2024-07-01T20:24:14.887+0000] {processor.py:830} INFO - Processing file /home/airflow/.local/lib/python3.8/site-packages/airflow/example_dags/example_dag_decorator.py for tasks to queue
[2024-07-01T20:24:14.892+0000] {logging_mixin.py:188} INFO - [2024-07-01T20:24:14.891+0000] {dagbag.py:538} INFO - Filling up the DagBag from /home/airflow/.local/lib/python3.8/site-packages/airflow/example_dags/example_dag_decorator.py
[2024-07-01T20:24:15.150+0000] {processor.py:840} INFO - DAG(s) 'example_dag_decorator' retrieved from /home/airflow/.local/lib/python3.8/site-packages/airflow/example_dags/example_dag_decorator.py
[2024-07-01T20:24:15.629+0000] {logging_mixin.py:188} INFO - [2024-07-01T20:24:15.629+0000] {dag.py:3036} INFO - Sync 1 DAGs
[2024-07-01T20:24:15.651+0000] {logging_mixin.py:188} INFO - [2024-07-01T20:24:15.650+0000] {dag.py:3823} INFO - Setting next_dagrun for example_dag_decorator to None, run_after=None
[2024-07-01T20:24:15.701+0000] {processor.py:183} INFO - Processing /home/airflow/.local/lib/python3.8/site-packages/airflow/example_dags/example_dag_decorator.py took 0.825 seconds
[2024-07-01T20:24:46.517+0000] {processor.py:161} INFO - Started process (PID=1798) to work on /home/airflow/.local/lib/python3.8/site-packages/airflow/example_dags/example_dag_decorator.py
[2024-07-01T20:24:46.520+0000] {processor.py:830} INFO - Processing file /home/airflow/.local/lib/python3.8/site-packages/airflow/example_dags/example_dag_decorator.py for tasks to queue
[2024-07-01T20:24:46.525+0000] {logging_mixin.py:188} INFO - [2024-07-01T20:24:46.524+0000] {dagbag.py:538} INFO - Filling up the DagBag from /home/airflow/.local/lib/python3.8/site-packages/airflow/example_dags/example_dag_decorator.py
[2024-07-01T20:24:46.875+0000] {processor.py:840} INFO - DAG(s) 'example_dag_decorator' retrieved from /home/airflow/.local/lib/python3.8/site-packages/airflow/example_dags/example_dag_decorator.py
[2024-07-01T20:24:47.345+0000] {logging_mixin.py:188} INFO - [2024-07-01T20:24:47.344+0000] {dag.py:3036} INFO - Sync 1 DAGs
[2024-07-01T20:24:47.372+0000] {logging_mixin.py:188} INFO - [2024-07-01T20:24:47.371+0000] {dag.py:3823} INFO - Setting next_dagrun for example_dag_decorator to None, run_after=None
[2024-07-01T20:24:47.422+0000] {processor.py:183} INFO - Processing /home/airflow/.local/lib/python3.8/site-packages/airflow/example_dags/example_dag_decorator.py took 0.914 seconds
