[2024-07-01T20:08:48.055+0000] {processor.py:161} INFO - Started process (PID=60) to work on /home/airflow/.local/lib/python3.8/site-packages/airflow/example_dags/example_short_circuit_decorator.py
[2024-07-01T20:08:48.057+0000] {processor.py:830} INFO - Processing file /home/airflow/.local/lib/python3.8/site-packages/airflow/example_dags/example_short_circuit_decorator.py for tasks to queue
[2024-07-01T20:08:48.060+0000] {logging_mixin.py:188} INFO - [2024-07-01T20:08:48.059+0000] {dagbag.py:538} INFO - Filling up the DagBag from /home/airflow/.local/lib/python3.8/site-packages/airflow/example_dags/example_short_circuit_decorator.py
[2024-07-01T20:08:48.084+0000] {processor.py:840} INFO - DAG(s) 'example_short_circuit_decorator' retrieved from /home/airflow/.local/lib/python3.8/site-packages/airflow/example_dags/example_short_circuit_decorator.py
[2024-07-01T20:08:48.307+0000] {logging_mixin.py:188} INFO - [2024-07-01T20:08:48.306+0000] {dag.py:3036} INFO - Sync 1 DAGs
[2024-07-01T20:08:48.347+0000] {logging_mixin.py:188} INFO - [2024-07-01T20:08:48.346+0000] {dag.py:3823} INFO - Setting next_dagrun for example_short_circuit_decorator to 2024-06-30 00:00:00+00:00, run_after=2024-07-01 00:00:00+00:00
[2024-07-01T20:08:48.394+0000] {processor.py:183} INFO - Processing /home/airflow/.local/lib/python3.8/site-packages/airflow/example_dags/example_short_circuit_decorator.py took 0.346 seconds
[2024-07-01T20:09:18.559+0000] {processor.py:161} INFO - Started process (PID=115) to work on /home/airflow/.local/lib/python3.8/site-packages/airflow/example_dags/example_short_circuit_decorator.py
[2024-07-01T20:09:18.561+0000] {processor.py:830} INFO - Processing file /home/airflow/.local/lib/python3.8/site-packages/airflow/example_dags/example_short_circuit_decorator.py for tasks to queue
[2024-07-01T20:09:18.565+0000] {logging_mixin.py:188} INFO - [2024-07-01T20:09:18.564+0000] {dagbag.py:538} INFO - Filling up the DagBag from /home/airflow/.local/lib/python3.8/site-packages/airflow/example_dags/example_short_circuit_decorator.py
[2024-07-01T20:09:18.593+0000] {processor.py:840} INFO - DAG(s) 'example_short_circuit_decorator' retrieved from /home/airflow/.local/lib/python3.8/site-packages/airflow/example_dags/example_short_circuit_decorator.py
[2024-07-01T20:09:18.643+0000] {logging_mixin.py:188} INFO - [2024-07-01T20:09:18.642+0000] {dag.py:3036} INFO - Sync 1 DAGs
[2024-07-01T20:09:18.708+0000] {logging_mixin.py:188} INFO - [2024-07-01T20:09:18.708+0000] {dag.py:3823} INFO - Setting next_dagrun for example_short_circuit_decorator to 2024-06-30 00:00:00+00:00, run_after=2024-07-01 00:00:00+00:00
[2024-07-01T20:09:18.759+0000] {processor.py:183} INFO - Processing /home/airflow/.local/lib/python3.8/site-packages/airflow/example_dags/example_short_circuit_decorator.py took 0.206 seconds
[2024-07-01T20:09:49.116+0000] {processor.py:161} INFO - Started process (PID=170) to work on /home/airflow/.local/lib/python3.8/site-packages/airflow/example_dags/example_short_circuit_decorator.py
[2024-07-01T20:09:49.118+0000] {processor.py:830} INFO - Processing file /home/airflow/.local/lib/python3.8/site-packages/airflow/example_dags/example_short_circuit_decorator.py for tasks to queue
[2024-07-01T20:09:49.122+0000] {logging_mixin.py:188} INFO - [2024-07-01T20:09:49.121+0000] {dagbag.py:538} INFO - Filling up the DagBag from /home/airflow/.local/lib/python3.8/site-packages/airflow/example_dags/example_short_circuit_decorator.py
[2024-07-01T20:09:49.140+0000] {processor.py:840} INFO - DAG(s) 'example_short_circuit_decorator' retrieved from /home/airflow/.local/lib/python3.8/site-packages/airflow/example_dags/example_short_circuit_decorator.py
[2024-07-01T20:09:49.190+0000] {logging_mixin.py:188} INFO - [2024-07-01T20:09:49.190+0000] {dag.py:3036} INFO - Sync 1 DAGs
[2024-07-01T20:09:49.245+0000] {logging_mixin.py:188} INFO - [2024-07-01T20:09:49.244+0000] {dag.py:3823} INFO - Setting next_dagrun for example_short_circuit_decorator to 2024-06-30 00:00:00+00:00, run_after=2024-07-01 00:00:00+00:00
[2024-07-01T20:09:49.291+0000] {processor.py:183} INFO - Processing /home/airflow/.local/lib/python3.8/site-packages/airflow/example_dags/example_short_circuit_decorator.py took 0.182 seconds
[2024-07-01T20:10:19.855+0000] {processor.py:161} INFO - Started process (PID=225) to work on /home/airflow/.local/lib/python3.8/site-packages/airflow/example_dags/example_short_circuit_decorator.py
[2024-07-01T20:10:19.857+0000] {processor.py:830} INFO - Processing file /home/airflow/.local/lib/python3.8/site-packages/airflow/example_dags/example_short_circuit_decorator.py for tasks to queue
[2024-07-01T20:10:19.860+0000] {logging_mixin.py:188} INFO - [2024-07-01T20:10:19.860+0000] {dagbag.py:538} INFO - Filling up the DagBag from /home/airflow/.local/lib/python3.8/site-packages/airflow/example_dags/example_short_circuit_decorator.py
[2024-07-01T20:10:19.878+0000] {processor.py:840} INFO - DAG(s) 'example_short_circuit_decorator' retrieved from /home/airflow/.local/lib/python3.8/site-packages/airflow/example_dags/example_short_circuit_decorator.py
[2024-07-01T20:10:19.925+0000] {logging_mixin.py:188} INFO - [2024-07-01T20:10:19.925+0000] {dag.py:3036} INFO - Sync 1 DAGs
[2024-07-01T20:10:19.969+0000] {logging_mixin.py:188} INFO - [2024-07-01T20:10:19.968+0000] {dag.py:3823} INFO - Setting next_dagrun for example_short_circuit_decorator to 2024-06-30 00:00:00+00:00, run_after=2024-07-01 00:00:00+00:00
[2024-07-01T20:10:20.013+0000] {processor.py:183} INFO - Processing /home/airflow/.local/lib/python3.8/site-packages/airflow/example_dags/example_short_circuit_decorator.py took 0.165 seconds
[2024-07-01T20:10:50.842+0000] {processor.py:161} INFO - Started process (PID=281) to work on /home/airflow/.local/lib/python3.8/site-packages/airflow/example_dags/example_short_circuit_decorator.py
[2024-07-01T20:10:50.844+0000] {processor.py:830} INFO - Processing file /home/airflow/.local/lib/python3.8/site-packages/airflow/example_dags/example_short_circuit_decorator.py for tasks to queue
[2024-07-01T20:10:50.848+0000] {logging_mixin.py:188} INFO - [2024-07-01T20:10:50.848+0000] {dagbag.py:538} INFO - Filling up the DagBag from /home/airflow/.local/lib/python3.8/site-packages/airflow/example_dags/example_short_circuit_decorator.py
[2024-07-01T20:10:50.867+0000] {processor.py:840} INFO - DAG(s) 'example_short_circuit_decorator' retrieved from /home/airflow/.local/lib/python3.8/site-packages/airflow/example_dags/example_short_circuit_decorator.py
[2024-07-01T20:10:50.913+0000] {logging_mixin.py:188} INFO - [2024-07-01T20:10:50.913+0000] {dag.py:3036} INFO - Sync 1 DAGs
[2024-07-01T20:10:50.954+0000] {logging_mixin.py:188} INFO - [2024-07-01T20:10:50.954+0000] {dag.py:3823} INFO - Setting next_dagrun for example_short_circuit_decorator to 2024-06-30 00:00:00+00:00, run_after=2024-07-01 00:00:00+00:00
[2024-07-01T20:10:50.997+0000] {processor.py:183} INFO - Processing /home/airflow/.local/lib/python3.8/site-packages/airflow/example_dags/example_short_circuit_decorator.py took 0.161 seconds
[2024-07-01T20:11:21.084+0000] {processor.py:161} INFO - Started process (PID=334) to work on /home/airflow/.local/lib/python3.8/site-packages/airflow/example_dags/example_short_circuit_decorator.py
[2024-07-01T20:11:21.087+0000] {processor.py:830} INFO - Processing file /home/airflow/.local/lib/python3.8/site-packages/airflow/example_dags/example_short_circuit_decorator.py for tasks to queue
[2024-07-01T20:11:21.090+0000] {logging_mixin.py:188} INFO - [2024-07-01T20:11:21.090+0000] {dagbag.py:538} INFO - Filling up the DagBag from /home/airflow/.local/lib/python3.8/site-packages/airflow/example_dags/example_short_circuit_decorator.py
[2024-07-01T20:11:21.110+0000] {processor.py:840} INFO - DAG(s) 'example_short_circuit_decorator' retrieved from /home/airflow/.local/lib/python3.8/site-packages/airflow/example_dags/example_short_circuit_decorator.py
[2024-07-01T20:11:21.157+0000] {logging_mixin.py:188} INFO - [2024-07-01T20:11:21.157+0000] {dag.py:3036} INFO - Sync 1 DAGs
[2024-07-01T20:11:21.199+0000] {logging_mixin.py:188} INFO - [2024-07-01T20:11:21.198+0000] {dag.py:3823} INFO - Setting next_dagrun for example_short_circuit_decorator to 2024-06-30 00:00:00+00:00, run_after=2024-07-01 00:00:00+00:00
[2024-07-01T20:11:21.234+0000] {processor.py:183} INFO - Processing /home/airflow/.local/lib/python3.8/site-packages/airflow/example_dags/example_short_circuit_decorator.py took 0.158 seconds
[2024-07-01T20:11:51.517+0000] {processor.py:161} INFO - Started process (PID=389) to work on /home/airflow/.local/lib/python3.8/site-packages/airflow/example_dags/example_short_circuit_decorator.py
[2024-07-01T20:11:51.520+0000] {processor.py:830} INFO - Processing file /home/airflow/.local/lib/python3.8/site-packages/airflow/example_dags/example_short_circuit_decorator.py for tasks to queue
[2024-07-01T20:11:51.527+0000] {logging_mixin.py:188} INFO - [2024-07-01T20:11:51.526+0000] {dagbag.py:538} INFO - Filling up the DagBag from /home/airflow/.local/lib/python3.8/site-packages/airflow/example_dags/example_short_circuit_decorator.py
[2024-07-01T20:11:51.561+0000] {processor.py:840} INFO - DAG(s) 'example_short_circuit_decorator' retrieved from /home/airflow/.local/lib/python3.8/site-packages/airflow/example_dags/example_short_circuit_decorator.py
[2024-07-01T20:11:51.618+0000] {logging_mixin.py:188} INFO - [2024-07-01T20:11:51.617+0000] {dag.py:3036} INFO - Sync 1 DAGs
[2024-07-01T20:11:51.660+0000] {logging_mixin.py:188} INFO - [2024-07-01T20:11:51.659+0000] {dag.py:3823} INFO - Setting next_dagrun for example_short_circuit_decorator to 2024-06-30 00:00:00+00:00, run_after=2024-07-01 00:00:00+00:00
[2024-07-01T20:11:51.695+0000] {processor.py:183} INFO - Processing /home/airflow/.local/lib/python3.8/site-packages/airflow/example_dags/example_short_circuit_decorator.py took 0.190 seconds
[2024-07-01T20:12:21.804+0000] {processor.py:161} INFO - Started process (PID=444) to work on /home/airflow/.local/lib/python3.8/site-packages/airflow/example_dags/example_short_circuit_decorator.py
[2024-07-01T20:12:21.806+0000] {processor.py:830} INFO - Processing file /home/airflow/.local/lib/python3.8/site-packages/airflow/example_dags/example_short_circuit_decorator.py for tasks to queue
[2024-07-01T20:12:21.809+0000] {logging_mixin.py:188} INFO - [2024-07-01T20:12:21.809+0000] {dagbag.py:538} INFO - Filling up the DagBag from /home/airflow/.local/lib/python3.8/site-packages/airflow/example_dags/example_short_circuit_decorator.py
[2024-07-01T20:12:21.827+0000] {processor.py:840} INFO - DAG(s) 'example_short_circuit_decorator' retrieved from /home/airflow/.local/lib/python3.8/site-packages/airflow/example_dags/example_short_circuit_decorator.py
[2024-07-01T20:12:21.874+0000] {logging_mixin.py:188} INFO - [2024-07-01T20:12:21.874+0000] {dag.py:3036} INFO - Sync 1 DAGs
[2024-07-01T20:12:21.915+0000] {logging_mixin.py:188} INFO - [2024-07-01T20:12:21.915+0000] {dag.py:3823} INFO - Setting next_dagrun for example_short_circuit_decorator to 2024-06-30 00:00:00+00:00, run_after=2024-07-01 00:00:00+00:00
[2024-07-01T20:12:21.951+0000] {processor.py:183} INFO - Processing /home/airflow/.local/lib/python3.8/site-packages/airflow/example_dags/example_short_circuit_decorator.py took 0.153 seconds
[2024-07-01T20:12:52.185+0000] {processor.py:161} INFO - Started process (PID=499) to work on /home/airflow/.local/lib/python3.8/site-packages/airflow/example_dags/example_short_circuit_decorator.py
[2024-07-01T20:12:52.187+0000] {processor.py:830} INFO - Processing file /home/airflow/.local/lib/python3.8/site-packages/airflow/example_dags/example_short_circuit_decorator.py for tasks to queue
[2024-07-01T20:12:52.191+0000] {logging_mixin.py:188} INFO - [2024-07-01T20:12:52.190+0000] {dagbag.py:538} INFO - Filling up the DagBag from /home/airflow/.local/lib/python3.8/site-packages/airflow/example_dags/example_short_circuit_decorator.py
[2024-07-01T20:12:52.209+0000] {processor.py:840} INFO - DAG(s) 'example_short_circuit_decorator' retrieved from /home/airflow/.local/lib/python3.8/site-packages/airflow/example_dags/example_short_circuit_decorator.py
[2024-07-01T20:12:52.266+0000] {logging_mixin.py:188} INFO - [2024-07-01T20:12:52.265+0000] {dag.py:3036} INFO - Sync 1 DAGs
[2024-07-01T20:12:52.312+0000] {logging_mixin.py:188} INFO - [2024-07-01T20:12:52.311+0000] {dag.py:3823} INFO - Setting next_dagrun for example_short_circuit_decorator to 2024-06-30 00:00:00+00:00, run_after=2024-07-01 00:00:00+00:00
[2024-07-01T20:12:52.358+0000] {processor.py:183} INFO - Processing /home/airflow/.local/lib/python3.8/site-packages/airflow/example_dags/example_short_circuit_decorator.py took 0.178 seconds
[2024-07-01T20:13:22.742+0000] {processor.py:161} INFO - Started process (PID=554) to work on /home/airflow/.local/lib/python3.8/site-packages/airflow/example_dags/example_short_circuit_decorator.py
[2024-07-01T20:13:22.744+0000] {processor.py:830} INFO - Processing file /home/airflow/.local/lib/python3.8/site-packages/airflow/example_dags/example_short_circuit_decorator.py for tasks to queue
[2024-07-01T20:13:22.748+0000] {logging_mixin.py:188} INFO - [2024-07-01T20:13:22.747+0000] {dagbag.py:538} INFO - Filling up the DagBag from /home/airflow/.local/lib/python3.8/site-packages/airflow/example_dags/example_short_circuit_decorator.py
[2024-07-01T20:13:22.774+0000] {processor.py:840} INFO - DAG(s) 'example_short_circuit_decorator' retrieved from /home/airflow/.local/lib/python3.8/site-packages/airflow/example_dags/example_short_circuit_decorator.py
[2024-07-01T20:13:22.824+0000] {logging_mixin.py:188} INFO - [2024-07-01T20:13:22.824+0000] {dag.py:3036} INFO - Sync 1 DAGs
[2024-07-01T20:13:22.877+0000] {logging_mixin.py:188} INFO - [2024-07-01T20:13:22.876+0000] {dag.py:3823} INFO - Setting next_dagrun for example_short_circuit_decorator to 2024-06-30 00:00:00+00:00, run_after=2024-07-01 00:00:00+00:00
[2024-07-01T20:13:22.928+0000] {processor.py:183} INFO - Processing /home/airflow/.local/lib/python3.8/site-packages/airflow/example_dags/example_short_circuit_decorator.py took 0.192 seconds
[2024-07-01T20:13:53.785+0000] {processor.py:161} INFO - Started process (PID=610) to work on /home/airflow/.local/lib/python3.8/site-packages/airflow/example_dags/example_short_circuit_decorator.py
[2024-07-01T20:13:53.788+0000] {processor.py:830} INFO - Processing file /home/airflow/.local/lib/python3.8/site-packages/airflow/example_dags/example_short_circuit_decorator.py for tasks to queue
[2024-07-01T20:13:53.793+0000] {logging_mixin.py:188} INFO - [2024-07-01T20:13:53.793+0000] {dagbag.py:538} INFO - Filling up the DagBag from /home/airflow/.local/lib/python3.8/site-packages/airflow/example_dags/example_short_circuit_decorator.py
[2024-07-01T20:13:53.828+0000] {processor.py:840} INFO - DAG(s) 'example_short_circuit_decorator' retrieved from /home/airflow/.local/lib/python3.8/site-packages/airflow/example_dags/example_short_circuit_decorator.py
[2024-07-01T20:13:53.881+0000] {logging_mixin.py:188} INFO - [2024-07-01T20:13:53.880+0000] {dag.py:3036} INFO - Sync 1 DAGs
[2024-07-01T20:13:53.926+0000] {logging_mixin.py:188} INFO - [2024-07-01T20:13:53.926+0000] {dag.py:3823} INFO - Setting next_dagrun for example_short_circuit_decorator to 2024-06-30 00:00:00+00:00, run_after=2024-07-01 00:00:00+00:00
[2024-07-01T20:13:53.963+0000] {processor.py:183} INFO - Processing /home/airflow/.local/lib/python3.8/site-packages/airflow/example_dags/example_short_circuit_decorator.py took 0.186 seconds
[2024-07-01T20:14:24.180+0000] {processor.py:161} INFO - Started process (PID=665) to work on /home/airflow/.local/lib/python3.8/site-packages/airflow/example_dags/example_short_circuit_decorator.py
[2024-07-01T20:14:24.185+0000] {processor.py:830} INFO - Processing file /home/airflow/.local/lib/python3.8/site-packages/airflow/example_dags/example_short_circuit_decorator.py for tasks to queue
[2024-07-01T20:14:24.196+0000] {logging_mixin.py:188} INFO - [2024-07-01T20:14:24.195+0000] {dagbag.py:538} INFO - Filling up the DagBag from /home/airflow/.local/lib/python3.8/site-packages/airflow/example_dags/example_short_circuit_decorator.py
[2024-07-01T20:14:24.230+0000] {processor.py:840} INFO - DAG(s) 'example_short_circuit_decorator' retrieved from /home/airflow/.local/lib/python3.8/site-packages/airflow/example_dags/example_short_circuit_decorator.py
[2024-07-01T20:14:24.288+0000] {logging_mixin.py:188} INFO - [2024-07-01T20:14:24.287+0000] {dag.py:3036} INFO - Sync 1 DAGs
[2024-07-01T20:14:24.333+0000] {logging_mixin.py:188} INFO - [2024-07-01T20:14:24.332+0000] {dag.py:3823} INFO - Setting next_dagrun for example_short_circuit_decorator to 2024-06-30 00:00:00+00:00, run_after=2024-07-01 00:00:00+00:00
[2024-07-01T20:14:24.379+0000] {processor.py:183} INFO - Processing /home/airflow/.local/lib/python3.8/site-packages/airflow/example_dags/example_short_circuit_decorator.py took 0.214 seconds
[2024-07-01T20:14:54.671+0000] {processor.py:161} INFO - Started process (PID=720) to work on /home/airflow/.local/lib/python3.8/site-packages/airflow/example_dags/example_short_circuit_decorator.py
[2024-07-01T20:14:54.674+0000] {processor.py:830} INFO - Processing file /home/airflow/.local/lib/python3.8/site-packages/airflow/example_dags/example_short_circuit_decorator.py for tasks to queue
[2024-07-01T20:14:54.680+0000] {logging_mixin.py:188} INFO - [2024-07-01T20:14:54.679+0000] {dagbag.py:538} INFO - Filling up the DagBag from /home/airflow/.local/lib/python3.8/site-packages/airflow/example_dags/example_short_circuit_decorator.py
[2024-07-01T20:14:54.705+0000] {processor.py:840} INFO - DAG(s) 'example_short_circuit_decorator' retrieved from /home/airflow/.local/lib/python3.8/site-packages/airflow/example_dags/example_short_circuit_decorator.py
[2024-07-01T20:14:54.767+0000] {logging_mixin.py:188} INFO - [2024-07-01T20:14:54.767+0000] {dag.py:3036} INFO - Sync 1 DAGs
[2024-07-01T20:14:54.818+0000] {logging_mixin.py:188} INFO - [2024-07-01T20:14:54.818+0000] {dag.py:3823} INFO - Setting next_dagrun for example_short_circuit_decorator to 2024-06-30 00:00:00+00:00, run_after=2024-07-01 00:00:00+00:00
[2024-07-01T20:14:54.867+0000] {processor.py:183} INFO - Processing /home/airflow/.local/lib/python3.8/site-packages/airflow/example_dags/example_short_circuit_decorator.py took 0.206 seconds
[2024-07-01T20:15:25.384+0000] {processor.py:161} INFO - Started process (PID=775) to work on /home/airflow/.local/lib/python3.8/site-packages/airflow/example_dags/example_short_circuit_decorator.py
[2024-07-01T20:15:25.387+0000] {processor.py:830} INFO - Processing file /home/airflow/.local/lib/python3.8/site-packages/airflow/example_dags/example_short_circuit_decorator.py for tasks to queue
[2024-07-01T20:15:25.391+0000] {logging_mixin.py:188} INFO - [2024-07-01T20:15:25.390+0000] {dagbag.py:538} INFO - Filling up the DagBag from /home/airflow/.local/lib/python3.8/site-packages/airflow/example_dags/example_short_circuit_decorator.py
[2024-07-01T20:15:25.409+0000] {processor.py:840} INFO - DAG(s) 'example_short_circuit_decorator' retrieved from /home/airflow/.local/lib/python3.8/site-packages/airflow/example_dags/example_short_circuit_decorator.py
[2024-07-01T20:15:25.456+0000] {logging_mixin.py:188} INFO - [2024-07-01T20:15:25.455+0000] {dag.py:3036} INFO - Sync 1 DAGs
[2024-07-01T20:15:25.500+0000] {logging_mixin.py:188} INFO - [2024-07-01T20:15:25.499+0000] {dag.py:3823} INFO - Setting next_dagrun for example_short_circuit_decorator to 2024-06-30 00:00:00+00:00, run_after=2024-07-01 00:00:00+00:00
[2024-07-01T20:15:25.543+0000] {processor.py:183} INFO - Processing /home/airflow/.local/lib/python3.8/site-packages/airflow/example_dags/example_short_circuit_decorator.py took 0.167 seconds
[2024-07-01T20:15:56.345+0000] {processor.py:161} INFO - Started process (PID=830) to work on /home/airflow/.local/lib/python3.8/site-packages/airflow/example_dags/example_short_circuit_decorator.py
[2024-07-01T20:15:56.348+0000] {processor.py:830} INFO - Processing file /home/airflow/.local/lib/python3.8/site-packages/airflow/example_dags/example_short_circuit_decorator.py for tasks to queue
[2024-07-01T20:15:56.352+0000] {logging_mixin.py:188} INFO - [2024-07-01T20:15:56.351+0000] {dagbag.py:538} INFO - Filling up the DagBag from /home/airflow/.local/lib/python3.8/site-packages/airflow/example_dags/example_short_circuit_decorator.py
[2024-07-01T20:15:56.372+0000] {processor.py:840} INFO - DAG(s) 'example_short_circuit_decorator' retrieved from /home/airflow/.local/lib/python3.8/site-packages/airflow/example_dags/example_short_circuit_decorator.py
[2024-07-01T20:15:56.437+0000] {logging_mixin.py:188} INFO - [2024-07-01T20:15:56.436+0000] {dag.py:3036} INFO - Sync 1 DAGs
[2024-07-01T20:15:56.507+0000] {logging_mixin.py:188} INFO - [2024-07-01T20:15:56.506+0000] {dag.py:3823} INFO - Setting next_dagrun for example_short_circuit_decorator to 2024-06-30 00:00:00+00:00, run_after=2024-07-01 00:00:00+00:00
[2024-07-01T20:15:56.590+0000] {processor.py:183} INFO - Processing /home/airflow/.local/lib/python3.8/site-packages/airflow/example_dags/example_short_circuit_decorator.py took 0.252 seconds
[2024-07-01T20:16:26.961+0000] {processor.py:161} INFO - Started process (PID=885) to work on /home/airflow/.local/lib/python3.8/site-packages/airflow/example_dags/example_short_circuit_decorator.py
[2024-07-01T20:16:26.963+0000] {processor.py:830} INFO - Processing file /home/airflow/.local/lib/python3.8/site-packages/airflow/example_dags/example_short_circuit_decorator.py for tasks to queue
[2024-07-01T20:16:26.967+0000] {logging_mixin.py:188} INFO - [2024-07-01T20:16:26.967+0000] {dagbag.py:538} INFO - Filling up the DagBag from /home/airflow/.local/lib/python3.8/site-packages/airflow/example_dags/example_short_circuit_decorator.py
[2024-07-01T20:16:26.991+0000] {processor.py:840} INFO - DAG(s) 'example_short_circuit_decorator' retrieved from /home/airflow/.local/lib/python3.8/site-packages/airflow/example_dags/example_short_circuit_decorator.py
[2024-07-01T20:16:27.053+0000] {logging_mixin.py:188} INFO - [2024-07-01T20:16:27.052+0000] {dag.py:3036} INFO - Sync 1 DAGs
[2024-07-01T20:16:27.109+0000] {logging_mixin.py:188} INFO - [2024-07-01T20:16:27.109+0000] {dag.py:3823} INFO - Setting next_dagrun for example_short_circuit_decorator to 2024-06-30 00:00:00+00:00, run_after=2024-07-01 00:00:00+00:00
[2024-07-01T20:16:27.167+0000] {processor.py:183} INFO - Processing /home/airflow/.local/lib/python3.8/site-packages/airflow/example_dags/example_short_circuit_decorator.py took 0.213 seconds
[2024-07-01T20:16:57.443+0000] {processor.py:161} INFO - Started process (PID=940) to work on /home/airflow/.local/lib/python3.8/site-packages/airflow/example_dags/example_short_circuit_decorator.py
[2024-07-01T20:16:57.445+0000] {processor.py:830} INFO - Processing file /home/airflow/.local/lib/python3.8/site-packages/airflow/example_dags/example_short_circuit_decorator.py for tasks to queue
[2024-07-01T20:16:57.451+0000] {logging_mixin.py:188} INFO - [2024-07-01T20:16:57.451+0000] {dagbag.py:538} INFO - Filling up the DagBag from /home/airflow/.local/lib/python3.8/site-packages/airflow/example_dags/example_short_circuit_decorator.py
[2024-07-01T20:16:57.478+0000] {processor.py:840} INFO - DAG(s) 'example_short_circuit_decorator' retrieved from /home/airflow/.local/lib/python3.8/site-packages/airflow/example_dags/example_short_circuit_decorator.py
[2024-07-01T20:16:57.534+0000] {logging_mixin.py:188} INFO - [2024-07-01T20:16:57.534+0000] {dag.py:3036} INFO - Sync 1 DAGs
[2024-07-01T20:16:57.589+0000] {logging_mixin.py:188} INFO - [2024-07-01T20:16:57.588+0000] {dag.py:3823} INFO - Setting next_dagrun for example_short_circuit_decorator to 2024-06-30 00:00:00+00:00, run_after=2024-07-01 00:00:00+00:00
[2024-07-01T20:16:57.631+0000] {processor.py:183} INFO - Processing /home/airflow/.local/lib/python3.8/site-packages/airflow/example_dags/example_short_circuit_decorator.py took 0.196 seconds
[2024-07-01T20:17:28.215+0000] {processor.py:161} INFO - Started process (PID=995) to work on /home/airflow/.local/lib/python3.8/site-packages/airflow/example_dags/example_short_circuit_decorator.py
[2024-07-01T20:17:28.218+0000] {processor.py:830} INFO - Processing file /home/airflow/.local/lib/python3.8/site-packages/airflow/example_dags/example_short_circuit_decorator.py for tasks to queue
[2024-07-01T20:17:28.223+0000] {logging_mixin.py:188} INFO - [2024-07-01T20:17:28.222+0000] {dagbag.py:538} INFO - Filling up the DagBag from /home/airflow/.local/lib/python3.8/site-packages/airflow/example_dags/example_short_circuit_decorator.py
[2024-07-01T20:17:28.243+0000] {processor.py:840} INFO - DAG(s) 'example_short_circuit_decorator' retrieved from /home/airflow/.local/lib/python3.8/site-packages/airflow/example_dags/example_short_circuit_decorator.py
[2024-07-01T20:17:28.295+0000] {logging_mixin.py:188} INFO - [2024-07-01T20:17:28.294+0000] {dag.py:3036} INFO - Sync 1 DAGs
[2024-07-01T20:17:28.342+0000] {logging_mixin.py:188} INFO - [2024-07-01T20:17:28.342+0000] {dag.py:3823} INFO - Setting next_dagrun for example_short_circuit_decorator to 2024-06-30 00:00:00+00:00, run_after=2024-07-01 00:00:00+00:00
[2024-07-01T20:17:28.381+0000] {processor.py:183} INFO - Processing /home/airflow/.local/lib/python3.8/site-packages/airflow/example_dags/example_short_circuit_decorator.py took 0.173 seconds
[2024-07-01T20:17:58.678+0000] {processor.py:161} INFO - Started process (PID=1050) to work on /home/airflow/.local/lib/python3.8/site-packages/airflow/example_dags/example_short_circuit_decorator.py
[2024-07-01T20:17:58.681+0000] {processor.py:830} INFO - Processing file /home/airflow/.local/lib/python3.8/site-packages/airflow/example_dags/example_short_circuit_decorator.py for tasks to queue
[2024-07-01T20:17:58.686+0000] {logging_mixin.py:188} INFO - [2024-07-01T20:17:58.685+0000] {dagbag.py:538} INFO - Filling up the DagBag from /home/airflow/.local/lib/python3.8/site-packages/airflow/example_dags/example_short_circuit_decorator.py
[2024-07-01T20:17:58.707+0000] {processor.py:840} INFO - DAG(s) 'example_short_circuit_decorator' retrieved from /home/airflow/.local/lib/python3.8/site-packages/airflow/example_dags/example_short_circuit_decorator.py
[2024-07-01T20:17:58.754+0000] {logging_mixin.py:188} INFO - [2024-07-01T20:17:58.754+0000] {dag.py:3036} INFO - Sync 1 DAGs
[2024-07-01T20:17:58.797+0000] {logging_mixin.py:188} INFO - [2024-07-01T20:17:58.797+0000] {dag.py:3823} INFO - Setting next_dagrun for example_short_circuit_decorator to 2024-06-30 00:00:00+00:00, run_after=2024-07-01 00:00:00+00:00
[2024-07-01T20:17:58.844+0000] {processor.py:183} INFO - Processing /home/airflow/.local/lib/python3.8/site-packages/airflow/example_dags/example_short_circuit_decorator.py took 0.173 seconds
[2024-07-01T20:18:29.044+0000] {processor.py:161} INFO - Started process (PID=1105) to work on /home/airflow/.local/lib/python3.8/site-packages/airflow/example_dags/example_short_circuit_decorator.py
[2024-07-01T20:18:29.046+0000] {processor.py:830} INFO - Processing file /home/airflow/.local/lib/python3.8/site-packages/airflow/example_dags/example_short_circuit_decorator.py for tasks to queue
[2024-07-01T20:18:29.050+0000] {logging_mixin.py:188} INFO - [2024-07-01T20:18:29.049+0000] {dagbag.py:538} INFO - Filling up the DagBag from /home/airflow/.local/lib/python3.8/site-packages/airflow/example_dags/example_short_circuit_decorator.py
[2024-07-01T20:18:29.068+0000] {processor.py:840} INFO - DAG(s) 'example_short_circuit_decorator' retrieved from /home/airflow/.local/lib/python3.8/site-packages/airflow/example_dags/example_short_circuit_decorator.py
[2024-07-01T20:18:29.116+0000] {logging_mixin.py:188} INFO - [2024-07-01T20:18:29.115+0000] {dag.py:3036} INFO - Sync 1 DAGs
[2024-07-01T20:18:29.160+0000] {logging_mixin.py:188} INFO - [2024-07-01T20:18:29.160+0000] {dag.py:3823} INFO - Setting next_dagrun for example_short_circuit_decorator to 2024-06-30 00:00:00+00:00, run_after=2024-07-01 00:00:00+00:00
[2024-07-01T20:18:29.204+0000] {processor.py:183} INFO - Processing /home/airflow/.local/lib/python3.8/site-packages/airflow/example_dags/example_short_circuit_decorator.py took 0.166 seconds
[2024-07-01T20:18:59.783+0000] {processor.py:161} INFO - Started process (PID=1160) to work on /home/airflow/.local/lib/python3.8/site-packages/airflow/example_dags/example_short_circuit_decorator.py
[2024-07-01T20:18:59.785+0000] {processor.py:830} INFO - Processing file /home/airflow/.local/lib/python3.8/site-packages/airflow/example_dags/example_short_circuit_decorator.py for tasks to queue
[2024-07-01T20:18:59.789+0000] {logging_mixin.py:188} INFO - [2024-07-01T20:18:59.788+0000] {dagbag.py:538} INFO - Filling up the DagBag from /home/airflow/.local/lib/python3.8/site-packages/airflow/example_dags/example_short_circuit_decorator.py
[2024-07-01T20:18:59.807+0000] {processor.py:840} INFO - DAG(s) 'example_short_circuit_decorator' retrieved from /home/airflow/.local/lib/python3.8/site-packages/airflow/example_dags/example_short_circuit_decorator.py
[2024-07-01T20:18:59.854+0000] {logging_mixin.py:188} INFO - [2024-07-01T20:18:59.854+0000] {dag.py:3036} INFO - Sync 1 DAGs
[2024-07-01T20:18:59.896+0000] {logging_mixin.py:188} INFO - [2024-07-01T20:18:59.896+0000] {dag.py:3823} INFO - Setting next_dagrun for example_short_circuit_decorator to 2024-06-30 00:00:00+00:00, run_after=2024-07-01 00:00:00+00:00
[2024-07-01T20:18:59.932+0000] {processor.py:183} INFO - Processing /home/airflow/.local/lib/python3.8/site-packages/airflow/example_dags/example_short_circuit_decorator.py took 0.154 seconds
[2024-07-01T20:19:30.851+0000] {processor.py:161} INFO - Started process (PID=1215) to work on /home/airflow/.local/lib/python3.8/site-packages/airflow/example_dags/example_short_circuit_decorator.py
[2024-07-01T20:19:30.854+0000] {processor.py:830} INFO - Processing file /home/airflow/.local/lib/python3.8/site-packages/airflow/example_dags/example_short_circuit_decorator.py for tasks to queue
[2024-07-01T20:19:30.859+0000] {logging_mixin.py:188} INFO - [2024-07-01T20:19:30.859+0000] {dagbag.py:538} INFO - Filling up the DagBag from /home/airflow/.local/lib/python3.8/site-packages/airflow/example_dags/example_short_circuit_decorator.py
[2024-07-01T20:19:30.880+0000] {processor.py:840} INFO - DAG(s) 'example_short_circuit_decorator' retrieved from /home/airflow/.local/lib/python3.8/site-packages/airflow/example_dags/example_short_circuit_decorator.py
[2024-07-01T20:19:30.926+0000] {logging_mixin.py:188} INFO - [2024-07-01T20:19:30.925+0000] {dag.py:3036} INFO - Sync 1 DAGs
[2024-07-01T20:19:30.968+0000] {logging_mixin.py:188} INFO - [2024-07-01T20:19:30.968+0000] {dag.py:3823} INFO - Setting next_dagrun for example_short_circuit_decorator to 2024-06-30 00:00:00+00:00, run_after=2024-07-01 00:00:00+00:00
[2024-07-01T20:19:31.013+0000] {processor.py:183} INFO - Processing /home/airflow/.local/lib/python3.8/site-packages/airflow/example_dags/example_short_circuit_decorator.py took 0.170 seconds
[2024-07-01T20:20:01.330+0000] {processor.py:161} INFO - Started process (PID=1270) to work on /home/airflow/.local/lib/python3.8/site-packages/airflow/example_dags/example_short_circuit_decorator.py
[2024-07-01T20:20:01.332+0000] {processor.py:830} INFO - Processing file /home/airflow/.local/lib/python3.8/site-packages/airflow/example_dags/example_short_circuit_decorator.py for tasks to queue
[2024-07-01T20:20:01.337+0000] {logging_mixin.py:188} INFO - [2024-07-01T20:20:01.336+0000] {dagbag.py:538} INFO - Filling up the DagBag from /home/airflow/.local/lib/python3.8/site-packages/airflow/example_dags/example_short_circuit_decorator.py
[2024-07-01T20:20:01.358+0000] {processor.py:840} INFO - DAG(s) 'example_short_circuit_decorator' retrieved from /home/airflow/.local/lib/python3.8/site-packages/airflow/example_dags/example_short_circuit_decorator.py
[2024-07-01T20:20:01.414+0000] {logging_mixin.py:188} INFO - [2024-07-01T20:20:01.413+0000] {dag.py:3036} INFO - Sync 1 DAGs
[2024-07-01T20:20:01.457+0000] {logging_mixin.py:188} INFO - [2024-07-01T20:20:01.457+0000] {dag.py:3823} INFO - Setting next_dagrun for example_short_circuit_decorator to 2024-06-30 00:00:00+00:00, run_after=2024-07-01 00:00:00+00:00
[2024-07-01T20:20:01.498+0000] {processor.py:183} INFO - Processing /home/airflow/.local/lib/python3.8/site-packages/airflow/example_dags/example_short_circuit_decorator.py took 0.176 seconds
[2024-07-01T20:20:32.008+0000] {processor.py:161} INFO - Started process (PID=1325) to work on /home/airflow/.local/lib/python3.8/site-packages/airflow/example_dags/example_short_circuit_decorator.py
[2024-07-01T20:20:32.010+0000] {processor.py:830} INFO - Processing file /home/airflow/.local/lib/python3.8/site-packages/airflow/example_dags/example_short_circuit_decorator.py for tasks to queue
[2024-07-01T20:20:32.013+0000] {logging_mixin.py:188} INFO - [2024-07-01T20:20:32.013+0000] {dagbag.py:538} INFO - Filling up the DagBag from /home/airflow/.local/lib/python3.8/site-packages/airflow/example_dags/example_short_circuit_decorator.py
[2024-07-01T20:20:32.031+0000] {processor.py:840} INFO - DAG(s) 'example_short_circuit_decorator' retrieved from /home/airflow/.local/lib/python3.8/site-packages/airflow/example_dags/example_short_circuit_decorator.py
[2024-07-01T20:20:32.079+0000] {logging_mixin.py:188} INFO - [2024-07-01T20:20:32.078+0000] {dag.py:3036} INFO - Sync 1 DAGs
[2024-07-01T20:20:32.127+0000] {logging_mixin.py:188} INFO - [2024-07-01T20:20:32.126+0000] {dag.py:3823} INFO - Setting next_dagrun for example_short_circuit_decorator to 2024-06-30 00:00:00+00:00, run_after=2024-07-01 00:00:00+00:00
[2024-07-01T20:20:32.175+0000] {processor.py:183} INFO - Processing /home/airflow/.local/lib/python3.8/site-packages/airflow/example_dags/example_short_circuit_decorator.py took 0.173 seconds
[2024-07-01T20:21:02.906+0000] {processor.py:161} INFO - Started process (PID=1378) to work on /home/airflow/.local/lib/python3.8/site-packages/airflow/example_dags/example_short_circuit_decorator.py
[2024-07-01T20:21:02.909+0000] {processor.py:830} INFO - Processing file /home/airflow/.local/lib/python3.8/site-packages/airflow/example_dags/example_short_circuit_decorator.py for tasks to queue
[2024-07-01T20:21:02.912+0000] {logging_mixin.py:188} INFO - [2024-07-01T20:21:02.911+0000] {dagbag.py:538} INFO - Filling up the DagBag from /home/airflow/.local/lib/python3.8/site-packages/airflow/example_dags/example_short_circuit_decorator.py
[2024-07-01T20:21:02.930+0000] {processor.py:840} INFO - DAG(s) 'example_short_circuit_decorator' retrieved from /home/airflow/.local/lib/python3.8/site-packages/airflow/example_dags/example_short_circuit_decorator.py
[2024-07-01T20:21:02.988+0000] {logging_mixin.py:188} INFO - [2024-07-01T20:21:02.988+0000] {dag.py:3036} INFO - Sync 1 DAGs
[2024-07-01T20:21:03.036+0000] {logging_mixin.py:188} INFO - [2024-07-01T20:21:03.036+0000] {dag.py:3823} INFO - Setting next_dagrun for example_short_circuit_decorator to 2024-06-30 00:00:00+00:00, run_after=2024-07-01 00:00:00+00:00
[2024-07-01T20:21:03.083+0000] {processor.py:183} INFO - Processing /home/airflow/.local/lib/python3.8/site-packages/airflow/example_dags/example_short_circuit_decorator.py took 0.186 seconds
[2024-07-01T20:21:33.480+0000] {processor.py:161} INFO - Started process (PID=1433) to work on /home/airflow/.local/lib/python3.8/site-packages/airflow/example_dags/example_short_circuit_decorator.py
[2024-07-01T20:21:33.483+0000] {processor.py:830} INFO - Processing file /home/airflow/.local/lib/python3.8/site-packages/airflow/example_dags/example_short_circuit_decorator.py for tasks to queue
[2024-07-01T20:21:33.488+0000] {logging_mixin.py:188} INFO - [2024-07-01T20:21:33.487+0000] {dagbag.py:538} INFO - Filling up the DagBag from /home/airflow/.local/lib/python3.8/site-packages/airflow/example_dags/example_short_circuit_decorator.py
[2024-07-01T20:21:33.516+0000] {processor.py:840} INFO - DAG(s) 'example_short_circuit_decorator' retrieved from /home/airflow/.local/lib/python3.8/site-packages/airflow/example_dags/example_short_circuit_decorator.py
[2024-07-01T20:21:33.591+0000] {logging_mixin.py:188} INFO - [2024-07-01T20:21:33.590+0000] {dag.py:3036} INFO - Sync 1 DAGs
[2024-07-01T20:21:33.646+0000] {logging_mixin.py:188} INFO - [2024-07-01T20:21:33.646+0000] {dag.py:3823} INFO - Setting next_dagrun for example_short_circuit_decorator to 2024-06-30 00:00:00+00:00, run_after=2024-07-01 00:00:00+00:00
[2024-07-01T20:21:33.695+0000] {processor.py:183} INFO - Processing /home/airflow/.local/lib/python3.8/site-packages/airflow/example_dags/example_short_circuit_decorator.py took 0.223 seconds
[2024-07-01T20:22:03.838+0000] {processor.py:161} INFO - Started process (PID=1488) to work on /home/airflow/.local/lib/python3.8/site-packages/airflow/example_dags/example_short_circuit_decorator.py
[2024-07-01T20:22:03.840+0000] {processor.py:830} INFO - Processing file /home/airflow/.local/lib/python3.8/site-packages/airflow/example_dags/example_short_circuit_decorator.py for tasks to queue
[2024-07-01T20:22:03.844+0000] {logging_mixin.py:188} INFO - [2024-07-01T20:22:03.844+0000] {dagbag.py:538} INFO - Filling up the DagBag from /home/airflow/.local/lib/python3.8/site-packages/airflow/example_dags/example_short_circuit_decorator.py
[2024-07-01T20:22:03.867+0000] {processor.py:840} INFO - DAG(s) 'example_short_circuit_decorator' retrieved from /home/airflow/.local/lib/python3.8/site-packages/airflow/example_dags/example_short_circuit_decorator.py
[2024-07-01T20:22:03.930+0000] {logging_mixin.py:188} INFO - [2024-07-01T20:22:03.929+0000] {dag.py:3036} INFO - Sync 1 DAGs
[2024-07-01T20:22:03.981+0000] {logging_mixin.py:188} INFO - [2024-07-01T20:22:03.981+0000] {dag.py:3823} INFO - Setting next_dagrun for example_short_circuit_decorator to 2024-06-30 00:00:00+00:00, run_after=2024-07-01 00:00:00+00:00
[2024-07-01T20:22:04.026+0000] {processor.py:183} INFO - Processing /home/airflow/.local/lib/python3.8/site-packages/airflow/example_dags/example_short_circuit_decorator.py took 0.194 seconds
[2024-07-01T20:22:34.258+0000] {processor.py:161} INFO - Started process (PID=1543) to work on /home/airflow/.local/lib/python3.8/site-packages/airflow/example_dags/example_short_circuit_decorator.py
[2024-07-01T20:22:34.260+0000] {processor.py:830} INFO - Processing file /home/airflow/.local/lib/python3.8/site-packages/airflow/example_dags/example_short_circuit_decorator.py for tasks to queue
[2024-07-01T20:22:34.266+0000] {logging_mixin.py:188} INFO - [2024-07-01T20:22:34.265+0000] {dagbag.py:538} INFO - Filling up the DagBag from /home/airflow/.local/lib/python3.8/site-packages/airflow/example_dags/example_short_circuit_decorator.py
[2024-07-01T20:22:34.299+0000] {processor.py:840} INFO - DAG(s) 'example_short_circuit_decorator' retrieved from /home/airflow/.local/lib/python3.8/site-packages/airflow/example_dags/example_short_circuit_decorator.py
[2024-07-01T20:22:34.366+0000] {logging_mixin.py:188} INFO - [2024-07-01T20:22:34.366+0000] {dag.py:3036} INFO - Sync 1 DAGs
[2024-07-01T20:22:34.419+0000] {logging_mixin.py:188} INFO - [2024-07-01T20:22:34.418+0000] {dag.py:3823} INFO - Setting next_dagrun for example_short_circuit_decorator to 2024-06-30 00:00:00+00:00, run_after=2024-07-01 00:00:00+00:00
[2024-07-01T20:22:34.467+0000] {processor.py:183} INFO - Processing /home/airflow/.local/lib/python3.8/site-packages/airflow/example_dags/example_short_circuit_decorator.py took 0.219 seconds
[2024-07-01T20:23:04.995+0000] {processor.py:161} INFO - Started process (PID=1598) to work on /home/airflow/.local/lib/python3.8/site-packages/airflow/example_dags/example_short_circuit_decorator.py
[2024-07-01T20:23:04.997+0000] {processor.py:830} INFO - Processing file /home/airflow/.local/lib/python3.8/site-packages/airflow/example_dags/example_short_circuit_decorator.py for tasks to queue
[2024-07-01T20:23:05.001+0000] {logging_mixin.py:188} INFO - [2024-07-01T20:23:05.000+0000] {dagbag.py:538} INFO - Filling up the DagBag from /home/airflow/.local/lib/python3.8/site-packages/airflow/example_dags/example_short_circuit_decorator.py
[2024-07-01T20:23:05.020+0000] {processor.py:840} INFO - DAG(s) 'example_short_circuit_decorator' retrieved from /home/airflow/.local/lib/python3.8/site-packages/airflow/example_dags/example_short_circuit_decorator.py
[2024-07-01T20:23:05.073+0000] {logging_mixin.py:188} INFO - [2024-07-01T20:23:05.073+0000] {dag.py:3036} INFO - Sync 1 DAGs
[2024-07-01T20:23:05.118+0000] {logging_mixin.py:188} INFO - [2024-07-01T20:23:05.117+0000] {dag.py:3823} INFO - Setting next_dagrun for example_short_circuit_decorator to 2024-06-30 00:00:00+00:00, run_after=2024-07-01 00:00:00+00:00
[2024-07-01T20:23:05.161+0000] {processor.py:183} INFO - Processing /home/airflow/.local/lib/python3.8/site-packages/airflow/example_dags/example_short_circuit_decorator.py took 0.173 seconds
[2024-07-01T20:23:35.306+0000] {processor.py:161} INFO - Started process (PID=1653) to work on /home/airflow/.local/lib/python3.8/site-packages/airflow/example_dags/example_short_circuit_decorator.py
[2024-07-01T20:23:35.308+0000] {processor.py:830} INFO - Processing file /home/airflow/.local/lib/python3.8/site-packages/airflow/example_dags/example_short_circuit_decorator.py for tasks to queue
[2024-07-01T20:23:35.313+0000] {logging_mixin.py:188} INFO - [2024-07-01T20:23:35.312+0000] {dagbag.py:538} INFO - Filling up the DagBag from /home/airflow/.local/lib/python3.8/site-packages/airflow/example_dags/example_short_circuit_decorator.py
[2024-07-01T20:23:35.336+0000] {processor.py:840} INFO - DAG(s) 'example_short_circuit_decorator' retrieved from /home/airflow/.local/lib/python3.8/site-packages/airflow/example_dags/example_short_circuit_decorator.py
[2024-07-01T20:23:35.440+0000] {logging_mixin.py:188} INFO - [2024-07-01T20:23:35.439+0000] {dag.py:3036} INFO - Sync 1 DAGs
[2024-07-01T20:23:35.492+0000] {logging_mixin.py:188} INFO - [2024-07-01T20:23:35.492+0000] {dag.py:3823} INFO - Setting next_dagrun for example_short_circuit_decorator to 2024-06-30 00:00:00+00:00, run_after=2024-07-01 00:00:00+00:00
[2024-07-01T20:23:35.537+0000] {processor.py:183} INFO - Processing /home/airflow/.local/lib/python3.8/site-packages/airflow/example_dags/example_short_circuit_decorator.py took 0.256 seconds
[2024-07-01T20:24:05.745+0000] {processor.py:161} INFO - Started process (PID=1708) to work on /home/airflow/.local/lib/python3.8/site-packages/airflow/example_dags/example_short_circuit_decorator.py
[2024-07-01T20:24:05.748+0000] {processor.py:830} INFO - Processing file /home/airflow/.local/lib/python3.8/site-packages/airflow/example_dags/example_short_circuit_decorator.py for tasks to queue
[2024-07-01T20:24:05.753+0000] {logging_mixin.py:188} INFO - [2024-07-01T20:24:05.753+0000] {dagbag.py:538} INFO - Filling up the DagBag from /home/airflow/.local/lib/python3.8/site-packages/airflow/example_dags/example_short_circuit_decorator.py
[2024-07-01T20:24:05.776+0000] {processor.py:840} INFO - DAG(s) 'example_short_circuit_decorator' retrieved from /home/airflow/.local/lib/python3.8/site-packages/airflow/example_dags/example_short_circuit_decorator.py
[2024-07-01T20:24:05.823+0000] {logging_mixin.py:188} INFO - [2024-07-01T20:24:05.822+0000] {dag.py:3036} INFO - Sync 1 DAGs
[2024-07-01T20:24:05.864+0000] {logging_mixin.py:188} INFO - [2024-07-01T20:24:05.864+0000] {dag.py:3823} INFO - Setting next_dagrun for example_short_circuit_decorator to 2024-06-30 00:00:00+00:00, run_after=2024-07-01 00:00:00+00:00
[2024-07-01T20:24:05.909+0000] {processor.py:183} INFO - Processing /home/airflow/.local/lib/python3.8/site-packages/airflow/example_dags/example_short_circuit_decorator.py took 0.173 seconds
[2024-07-01T20:24:36.291+0000] {processor.py:161} INFO - Started process (PID=1763) to work on /home/airflow/.local/lib/python3.8/site-packages/airflow/example_dags/example_short_circuit_decorator.py
[2024-07-01T20:24:36.293+0000] {processor.py:830} INFO - Processing file /home/airflow/.local/lib/python3.8/site-packages/airflow/example_dags/example_short_circuit_decorator.py for tasks to queue
[2024-07-01T20:24:36.299+0000] {logging_mixin.py:188} INFO - [2024-07-01T20:24:36.298+0000] {dagbag.py:538} INFO - Filling up the DagBag from /home/airflow/.local/lib/python3.8/site-packages/airflow/example_dags/example_short_circuit_decorator.py
[2024-07-01T20:24:36.328+0000] {processor.py:840} INFO - DAG(s) 'example_short_circuit_decorator' retrieved from /home/airflow/.local/lib/python3.8/site-packages/airflow/example_dags/example_short_circuit_decorator.py
[2024-07-01T20:24:36.390+0000] {logging_mixin.py:188} INFO - [2024-07-01T20:24:36.389+0000] {dag.py:3036} INFO - Sync 1 DAGs
[2024-07-01T20:24:36.449+0000] {logging_mixin.py:188} INFO - [2024-07-01T20:24:36.448+0000] {dag.py:3823} INFO - Setting next_dagrun for example_short_circuit_decorator to 2024-06-30 00:00:00+00:00, run_after=2024-07-01 00:00:00+00:00
[2024-07-01T20:24:36.499+0000] {processor.py:183} INFO - Processing /home/airflow/.local/lib/python3.8/site-packages/airflow/example_dags/example_short_circuit_decorator.py took 0.215 seconds
[2024-07-01T20:25:06.730+0000] {processor.py:161} INFO - Started process (PID=1818) to work on /home/airflow/.local/lib/python3.8/site-packages/airflow/example_dags/example_short_circuit_decorator.py
[2024-07-01T20:25:06.732+0000] {processor.py:830} INFO - Processing file /home/airflow/.local/lib/python3.8/site-packages/airflow/example_dags/example_short_circuit_decorator.py for tasks to queue
[2024-07-01T20:25:06.737+0000] {logging_mixin.py:188} INFO - [2024-07-01T20:25:06.736+0000] {dagbag.py:538} INFO - Filling up the DagBag from /home/airflow/.local/lib/python3.8/site-packages/airflow/example_dags/example_short_circuit_decorator.py
[2024-07-01T20:25:06.774+0000] {processor.py:840} INFO - DAG(s) 'example_short_circuit_decorator' retrieved from /home/airflow/.local/lib/python3.8/site-packages/airflow/example_dags/example_short_circuit_decorator.py
[2024-07-01T20:25:06.834+0000] {logging_mixin.py:188} INFO - [2024-07-01T20:25:06.834+0000] {dag.py:3036} INFO - Sync 1 DAGs
[2024-07-01T20:25:06.915+0000] {logging_mixin.py:188} INFO - [2024-07-01T20:25:06.915+0000] {dag.py:3823} INFO - Setting next_dagrun for example_short_circuit_decorator to 2024-06-30 00:00:00+00:00, run_after=2024-07-01 00:00:00+00:00
[2024-07-01T20:25:06.967+0000] {processor.py:183} INFO - Processing /home/airflow/.local/lib/python3.8/site-packages/airflow/example_dags/example_short_circuit_decorator.py took 0.255 seconds
