[2024-07-01T20:08:44.112+0000] {processor.py:161} INFO - Started process (PID=46) to work on /home/airflow/.local/lib/python3.8/site-packages/airflow/example_dags/example_nested_branch_dag.py
[2024-07-01T20:08:44.115+0000] {processor.py:830} INFO - Processing file /home/airflow/.local/lib/python3.8/site-packages/airflow/example_dags/example_nested_branch_dag.py for tasks to queue
[2024-07-01T20:08:44.119+0000] {logging_mixin.py:188} INFO - [2024-07-01T20:08:44.119+0000] {dagbag.py:538} INFO - Filling up the DagBag from /home/airflow/.local/lib/python3.8/site-packages/airflow/example_dags/example_nested_branch_dag.py
[2024-07-01T20:08:44.144+0000] {processor.py:840} INFO - DAG(s) 'example_nested_branch_dag' retrieved from /home/airflow/.local/lib/python3.8/site-packages/airflow/example_dags/example_nested_branch_dag.py
[2024-07-01T20:08:44.434+0000] {logging_mixin.py:188} INFO - [2024-07-01T20:08:44.433+0000] {dag.py:3036} INFO - Sync 1 DAGs
[2024-07-01T20:08:44.480+0000] {logging_mixin.py:188} INFO - [2024-07-01T20:08:44.480+0000] {dag.py:3823} INFO - Setting next_dagrun for example_nested_branch_dag to 2024-06-30 00:00:00+00:00, run_after=2024-07-01 00:00:00+00:00
[2024-07-01T20:08:44.533+0000] {processor.py:183} INFO - Processing /home/airflow/.local/lib/python3.8/site-packages/airflow/example_dags/example_nested_branch_dag.py took 0.429 seconds
[2024-07-01T20:09:14.838+0000] {processor.py:161} INFO - Started process (PID=101) to work on /home/airflow/.local/lib/python3.8/site-packages/airflow/example_dags/example_nested_branch_dag.py
[2024-07-01T20:09:14.840+0000] {processor.py:830} INFO - Processing file /home/airflow/.local/lib/python3.8/site-packages/airflow/example_dags/example_nested_branch_dag.py for tasks to queue
[2024-07-01T20:09:14.845+0000] {logging_mixin.py:188} INFO - [2024-07-01T20:09:14.844+0000] {dagbag.py:538} INFO - Filling up the DagBag from /home/airflow/.local/lib/python3.8/site-packages/airflow/example_dags/example_nested_branch_dag.py
[2024-07-01T20:09:14.868+0000] {processor.py:840} INFO - DAG(s) 'example_nested_branch_dag' retrieved from /home/airflow/.local/lib/python3.8/site-packages/airflow/example_dags/example_nested_branch_dag.py
[2024-07-01T20:09:14.911+0000] {logging_mixin.py:188} INFO - [2024-07-01T20:09:14.910+0000] {dag.py:3036} INFO - Sync 1 DAGs
[2024-07-01T20:09:14.971+0000] {logging_mixin.py:188} INFO - [2024-07-01T20:09:14.970+0000] {dag.py:3823} INFO - Setting next_dagrun for example_nested_branch_dag to 2024-06-30 00:00:00+00:00, run_after=2024-07-01 00:00:00+00:00
[2024-07-01T20:09:15.011+0000] {processor.py:183} INFO - Processing /home/airflow/.local/lib/python3.8/site-packages/airflow/example_dags/example_nested_branch_dag.py took 0.181 seconds
[2024-07-01T20:09:45.143+0000] {processor.py:161} INFO - Started process (PID=156) to work on /home/airflow/.local/lib/python3.8/site-packages/airflow/example_dags/example_nested_branch_dag.py
[2024-07-01T20:09:45.146+0000] {processor.py:830} INFO - Processing file /home/airflow/.local/lib/python3.8/site-packages/airflow/example_dags/example_nested_branch_dag.py for tasks to queue
[2024-07-01T20:09:45.150+0000] {logging_mixin.py:188} INFO - [2024-07-01T20:09:45.149+0000] {dagbag.py:538} INFO - Filling up the DagBag from /home/airflow/.local/lib/python3.8/site-packages/airflow/example_dags/example_nested_branch_dag.py
[2024-07-01T20:09:45.173+0000] {processor.py:840} INFO - DAG(s) 'example_nested_branch_dag' retrieved from /home/airflow/.local/lib/python3.8/site-packages/airflow/example_dags/example_nested_branch_dag.py
[2024-07-01T20:09:45.224+0000] {logging_mixin.py:188} INFO - [2024-07-01T20:09:45.224+0000] {dag.py:3036} INFO - Sync 1 DAGs
[2024-07-01T20:09:45.272+0000] {logging_mixin.py:188} INFO - [2024-07-01T20:09:45.272+0000] {dag.py:3823} INFO - Setting next_dagrun for example_nested_branch_dag to 2024-06-30 00:00:00+00:00, run_after=2024-07-01 00:00:00+00:00
[2024-07-01T20:09:45.315+0000] {processor.py:183} INFO - Processing /home/airflow/.local/lib/python3.8/site-packages/airflow/example_dags/example_nested_branch_dag.py took 0.179 seconds
[2024-07-01T20:10:15.483+0000] {processor.py:161} INFO - Started process (PID=211) to work on /home/airflow/.local/lib/python3.8/site-packages/airflow/example_dags/example_nested_branch_dag.py
[2024-07-01T20:10:15.485+0000] {processor.py:830} INFO - Processing file /home/airflow/.local/lib/python3.8/site-packages/airflow/example_dags/example_nested_branch_dag.py for tasks to queue
[2024-07-01T20:10:15.489+0000] {logging_mixin.py:188} INFO - [2024-07-01T20:10:15.488+0000] {dagbag.py:538} INFO - Filling up the DagBag from /home/airflow/.local/lib/python3.8/site-packages/airflow/example_dags/example_nested_branch_dag.py
[2024-07-01T20:10:15.509+0000] {processor.py:840} INFO - DAG(s) 'example_nested_branch_dag' retrieved from /home/airflow/.local/lib/python3.8/site-packages/airflow/example_dags/example_nested_branch_dag.py
[2024-07-01T20:10:15.551+0000] {logging_mixin.py:188} INFO - [2024-07-01T20:10:15.551+0000] {dag.py:3036} INFO - Sync 1 DAGs
[2024-07-01T20:10:15.595+0000] {logging_mixin.py:188} INFO - [2024-07-01T20:10:15.595+0000] {dag.py:3823} INFO - Setting next_dagrun for example_nested_branch_dag to 2024-06-30 00:00:00+00:00, run_after=2024-07-01 00:00:00+00:00
[2024-07-01T20:10:15.638+0000] {processor.py:183} INFO - Processing /home/airflow/.local/lib/python3.8/site-packages/airflow/example_dags/example_nested_branch_dag.py took 0.161 seconds
[2024-07-01T20:10:46.195+0000] {processor.py:161} INFO - Started process (PID=267) to work on /home/airflow/.local/lib/python3.8/site-packages/airflow/example_dags/example_nested_branch_dag.py
[2024-07-01T20:10:46.198+0000] {processor.py:830} INFO - Processing file /home/airflow/.local/lib/python3.8/site-packages/airflow/example_dags/example_nested_branch_dag.py for tasks to queue
[2024-07-01T20:10:46.201+0000] {logging_mixin.py:188} INFO - [2024-07-01T20:10:46.201+0000] {dagbag.py:538} INFO - Filling up the DagBag from /home/airflow/.local/lib/python3.8/site-packages/airflow/example_dags/example_nested_branch_dag.py
[2024-07-01T20:10:46.225+0000] {processor.py:840} INFO - DAG(s) 'example_nested_branch_dag' retrieved from /home/airflow/.local/lib/python3.8/site-packages/airflow/example_dags/example_nested_branch_dag.py
[2024-07-01T20:10:46.270+0000] {logging_mixin.py:188} INFO - [2024-07-01T20:10:46.270+0000] {dag.py:3036} INFO - Sync 1 DAGs
[2024-07-01T20:10:46.315+0000] {logging_mixin.py:188} INFO - [2024-07-01T20:10:46.315+0000] {dag.py:3823} INFO - Setting next_dagrun for example_nested_branch_dag to 2024-06-30 00:00:00+00:00, run_after=2024-07-01 00:00:00+00:00
[2024-07-01T20:10:46.352+0000] {processor.py:183} INFO - Processing /home/airflow/.local/lib/python3.8/site-packages/airflow/example_dags/example_nested_branch_dag.py took 0.164 seconds
[2024-07-01T20:11:16.890+0000] {processor.py:161} INFO - Started process (PID=321) to work on /home/airflow/.local/lib/python3.8/site-packages/airflow/example_dags/example_nested_branch_dag.py
[2024-07-01T20:11:16.892+0000] {processor.py:830} INFO - Processing file /home/airflow/.local/lib/python3.8/site-packages/airflow/example_dags/example_nested_branch_dag.py for tasks to queue
[2024-07-01T20:11:16.896+0000] {logging_mixin.py:188} INFO - [2024-07-01T20:11:16.895+0000] {dagbag.py:538} INFO - Filling up the DagBag from /home/airflow/.local/lib/python3.8/site-packages/airflow/example_dags/example_nested_branch_dag.py
[2024-07-01T20:11:16.916+0000] {processor.py:840} INFO - DAG(s) 'example_nested_branch_dag' retrieved from /home/airflow/.local/lib/python3.8/site-packages/airflow/example_dags/example_nested_branch_dag.py
[2024-07-01T20:11:16.958+0000] {logging_mixin.py:188} INFO - [2024-07-01T20:11:16.958+0000] {dag.py:3036} INFO - Sync 1 DAGs
[2024-07-01T20:11:17.004+0000] {logging_mixin.py:188} INFO - [2024-07-01T20:11:17.004+0000] {dag.py:3823} INFO - Setting next_dagrun for example_nested_branch_dag to 2024-06-30 00:00:00+00:00, run_after=2024-07-01 00:00:00+00:00
[2024-07-01T20:11:17.042+0000] {processor.py:183} INFO - Processing /home/airflow/.local/lib/python3.8/site-packages/airflow/example_dags/example_nested_branch_dag.py took 0.157 seconds
[2024-07-01T20:11:47.200+0000] {processor.py:161} INFO - Started process (PID=376) to work on /home/airflow/.local/lib/python3.8/site-packages/airflow/example_dags/example_nested_branch_dag.py
[2024-07-01T20:11:47.201+0000] {processor.py:830} INFO - Processing file /home/airflow/.local/lib/python3.8/site-packages/airflow/example_dags/example_nested_branch_dag.py for tasks to queue
[2024-07-01T20:11:47.205+0000] {logging_mixin.py:188} INFO - [2024-07-01T20:11:47.204+0000] {dagbag.py:538} INFO - Filling up the DagBag from /home/airflow/.local/lib/python3.8/site-packages/airflow/example_dags/example_nested_branch_dag.py
[2024-07-01T20:11:47.224+0000] {processor.py:840} INFO - DAG(s) 'example_nested_branch_dag' retrieved from /home/airflow/.local/lib/python3.8/site-packages/airflow/example_dags/example_nested_branch_dag.py
[2024-07-01T20:11:47.267+0000] {logging_mixin.py:188} INFO - [2024-07-01T20:11:47.267+0000] {dag.py:3036} INFO - Sync 1 DAGs
[2024-07-01T20:11:47.314+0000] {logging_mixin.py:188} INFO - [2024-07-01T20:11:47.314+0000] {dag.py:3823} INFO - Setting next_dagrun for example_nested_branch_dag to 2024-06-30 00:00:00+00:00, run_after=2024-07-01 00:00:00+00:00
[2024-07-01T20:11:47.351+0000] {processor.py:183} INFO - Processing /home/airflow/.local/lib/python3.8/site-packages/airflow/example_dags/example_nested_branch_dag.py took 0.157 seconds
[2024-07-01T20:12:17.485+0000] {processor.py:161} INFO - Started process (PID=431) to work on /home/airflow/.local/lib/python3.8/site-packages/airflow/example_dags/example_nested_branch_dag.py
[2024-07-01T20:12:17.486+0000] {processor.py:830} INFO - Processing file /home/airflow/.local/lib/python3.8/site-packages/airflow/example_dags/example_nested_branch_dag.py for tasks to queue
[2024-07-01T20:12:17.490+0000] {logging_mixin.py:188} INFO - [2024-07-01T20:12:17.489+0000] {dagbag.py:538} INFO - Filling up the DagBag from /home/airflow/.local/lib/python3.8/site-packages/airflow/example_dags/example_nested_branch_dag.py
[2024-07-01T20:12:17.510+0000] {processor.py:840} INFO - DAG(s) 'example_nested_branch_dag' retrieved from /home/airflow/.local/lib/python3.8/site-packages/airflow/example_dags/example_nested_branch_dag.py
[2024-07-01T20:12:17.553+0000] {logging_mixin.py:188} INFO - [2024-07-01T20:12:17.552+0000] {dag.py:3036} INFO - Sync 1 DAGs
[2024-07-01T20:12:17.598+0000] {logging_mixin.py:188} INFO - [2024-07-01T20:12:17.597+0000] {dag.py:3823} INFO - Setting next_dagrun for example_nested_branch_dag to 2024-06-30 00:00:00+00:00, run_after=2024-07-01 00:00:00+00:00
[2024-07-01T20:12:17.635+0000] {processor.py:183} INFO - Processing /home/airflow/.local/lib/python3.8/site-packages/airflow/example_dags/example_nested_branch_dag.py took 0.156 seconds
[2024-07-01T20:12:47.830+0000] {processor.py:161} INFO - Started process (PID=486) to work on /home/airflow/.local/lib/python3.8/site-packages/airflow/example_dags/example_nested_branch_dag.py
[2024-07-01T20:12:47.832+0000] {processor.py:830} INFO - Processing file /home/airflow/.local/lib/python3.8/site-packages/airflow/example_dags/example_nested_branch_dag.py for tasks to queue
[2024-07-01T20:12:47.835+0000] {logging_mixin.py:188} INFO - [2024-07-01T20:12:47.835+0000] {dagbag.py:538} INFO - Filling up the DagBag from /home/airflow/.local/lib/python3.8/site-packages/airflow/example_dags/example_nested_branch_dag.py
[2024-07-01T20:12:47.855+0000] {processor.py:840} INFO - DAG(s) 'example_nested_branch_dag' retrieved from /home/airflow/.local/lib/python3.8/site-packages/airflow/example_dags/example_nested_branch_dag.py
[2024-07-01T20:12:47.902+0000] {logging_mixin.py:188} INFO - [2024-07-01T20:12:47.902+0000] {dag.py:3036} INFO - Sync 1 DAGs
[2024-07-01T20:12:47.961+0000] {logging_mixin.py:188} INFO - [2024-07-01T20:12:47.961+0000] {dag.py:3823} INFO - Setting next_dagrun for example_nested_branch_dag to 2024-06-30 00:00:00+00:00, run_after=2024-07-01 00:00:00+00:00
[2024-07-01T20:12:48.003+0000] {processor.py:183} INFO - Processing /home/airflow/.local/lib/python3.8/site-packages/airflow/example_dags/example_nested_branch_dag.py took 0.179 seconds
[2024-07-01T20:13:18.346+0000] {processor.py:161} INFO - Started process (PID=541) to work on /home/airflow/.local/lib/python3.8/site-packages/airflow/example_dags/example_nested_branch_dag.py
[2024-07-01T20:13:18.348+0000] {processor.py:830} INFO - Processing file /home/airflow/.local/lib/python3.8/site-packages/airflow/example_dags/example_nested_branch_dag.py for tasks to queue
[2024-07-01T20:13:18.352+0000] {logging_mixin.py:188} INFO - [2024-07-01T20:13:18.351+0000] {dagbag.py:538} INFO - Filling up the DagBag from /home/airflow/.local/lib/python3.8/site-packages/airflow/example_dags/example_nested_branch_dag.py
[2024-07-01T20:13:18.378+0000] {processor.py:840} INFO - DAG(s) 'example_nested_branch_dag' retrieved from /home/airflow/.local/lib/python3.8/site-packages/airflow/example_dags/example_nested_branch_dag.py
[2024-07-01T20:13:18.424+0000] {logging_mixin.py:188} INFO - [2024-07-01T20:13:18.424+0000] {dag.py:3036} INFO - Sync 1 DAGs
[2024-07-01T20:13:18.475+0000] {logging_mixin.py:188} INFO - [2024-07-01T20:13:18.475+0000] {dag.py:3823} INFO - Setting next_dagrun for example_nested_branch_dag to 2024-06-30 00:00:00+00:00, run_after=2024-07-01 00:00:00+00:00
[2024-07-01T20:13:18.515+0000] {processor.py:183} INFO - Processing /home/airflow/.local/lib/python3.8/site-packages/airflow/example_dags/example_nested_branch_dag.py took 0.176 seconds
[2024-07-01T20:13:49.988+0000] {processor.py:161} INFO - Started process (PID=597) to work on /home/airflow/.local/lib/python3.8/site-packages/airflow/example_dags/example_nested_branch_dag.py
[2024-07-01T20:13:49.991+0000] {processor.py:830} INFO - Processing file /home/airflow/.local/lib/python3.8/site-packages/airflow/example_dags/example_nested_branch_dag.py for tasks to queue
[2024-07-01T20:13:49.995+0000] {logging_mixin.py:188} INFO - [2024-07-01T20:13:49.995+0000] {dagbag.py:538} INFO - Filling up the DagBag from /home/airflow/.local/lib/python3.8/site-packages/airflow/example_dags/example_nested_branch_dag.py
[2024-07-01T20:13:50.028+0000] {processor.py:840} INFO - DAG(s) 'example_nested_branch_dag' retrieved from /home/airflow/.local/lib/python3.8/site-packages/airflow/example_dags/example_nested_branch_dag.py
[2024-07-01T20:13:50.104+0000] {logging_mixin.py:188} INFO - [2024-07-01T20:13:50.103+0000] {dag.py:3036} INFO - Sync 1 DAGs
[2024-07-01T20:13:50.216+0000] {logging_mixin.py:188} INFO - [2024-07-01T20:13:50.214+0000] {dag.py:3823} INFO - Setting next_dagrun for example_nested_branch_dag to 2024-06-30 00:00:00+00:00, run_after=2024-07-01 00:00:00+00:00
[2024-07-01T20:13:50.331+0000] {processor.py:183} INFO - Processing /home/airflow/.local/lib/python3.8/site-packages/airflow/example_dags/example_nested_branch_dag.py took 0.351 seconds
[2024-07-01T20:14:20.705+0000] {processor.py:161} INFO - Started process (PID=652) to work on /home/airflow/.local/lib/python3.8/site-packages/airflow/example_dags/example_nested_branch_dag.py
[2024-07-01T20:14:20.707+0000] {processor.py:830} INFO - Processing file /home/airflow/.local/lib/python3.8/site-packages/airflow/example_dags/example_nested_branch_dag.py for tasks to queue
[2024-07-01T20:14:20.711+0000] {logging_mixin.py:188} INFO - [2024-07-01T20:14:20.711+0000] {dagbag.py:538} INFO - Filling up the DagBag from /home/airflow/.local/lib/python3.8/site-packages/airflow/example_dags/example_nested_branch_dag.py
[2024-07-01T20:14:20.731+0000] {processor.py:840} INFO - DAG(s) 'example_nested_branch_dag' retrieved from /home/airflow/.local/lib/python3.8/site-packages/airflow/example_dags/example_nested_branch_dag.py
[2024-07-01T20:14:20.779+0000] {logging_mixin.py:188} INFO - [2024-07-01T20:14:20.779+0000] {dag.py:3036} INFO - Sync 1 DAGs
[2024-07-01T20:14:20.838+0000] {logging_mixin.py:188} INFO - [2024-07-01T20:14:20.838+0000] {dag.py:3823} INFO - Setting next_dagrun for example_nested_branch_dag to 2024-06-30 00:00:00+00:00, run_after=2024-07-01 00:00:00+00:00
[2024-07-01T20:14:20.879+0000] {processor.py:183} INFO - Processing /home/airflow/.local/lib/python3.8/site-packages/airflow/example_dags/example_nested_branch_dag.py took 0.182 seconds
[2024-07-01T20:14:51.322+0000] {processor.py:161} INFO - Started process (PID=707) to work on /home/airflow/.local/lib/python3.8/site-packages/airflow/example_dags/example_nested_branch_dag.py
[2024-07-01T20:14:51.324+0000] {processor.py:830} INFO - Processing file /home/airflow/.local/lib/python3.8/site-packages/airflow/example_dags/example_nested_branch_dag.py for tasks to queue
[2024-07-01T20:14:51.327+0000] {logging_mixin.py:188} INFO - [2024-07-01T20:14:51.327+0000] {dagbag.py:538} INFO - Filling up the DagBag from /home/airflow/.local/lib/python3.8/site-packages/airflow/example_dags/example_nested_branch_dag.py
[2024-07-01T20:14:51.346+0000] {processor.py:840} INFO - DAG(s) 'example_nested_branch_dag' retrieved from /home/airflow/.local/lib/python3.8/site-packages/airflow/example_dags/example_nested_branch_dag.py
[2024-07-01T20:14:51.389+0000] {logging_mixin.py:188} INFO - [2024-07-01T20:14:51.389+0000] {dag.py:3036} INFO - Sync 1 DAGs
[2024-07-01T20:14:51.439+0000] {logging_mixin.py:188} INFO - [2024-07-01T20:14:51.438+0000] {dag.py:3823} INFO - Setting next_dagrun for example_nested_branch_dag to 2024-06-30 00:00:00+00:00, run_after=2024-07-01 00:00:00+00:00
[2024-07-01T20:14:51.478+0000] {processor.py:183} INFO - Processing /home/airflow/.local/lib/python3.8/site-packages/airflow/example_dags/example_nested_branch_dag.py took 0.162 seconds
[2024-07-01T20:15:22.095+0000] {processor.py:161} INFO - Started process (PID=762) to work on /home/airflow/.local/lib/python3.8/site-packages/airflow/example_dags/example_nested_branch_dag.py
[2024-07-01T20:15:22.097+0000] {processor.py:830} INFO - Processing file /home/airflow/.local/lib/python3.8/site-packages/airflow/example_dags/example_nested_branch_dag.py for tasks to queue
[2024-07-01T20:15:22.101+0000] {logging_mixin.py:188} INFO - [2024-07-01T20:15:22.100+0000] {dagbag.py:538} INFO - Filling up the DagBag from /home/airflow/.local/lib/python3.8/site-packages/airflow/example_dags/example_nested_branch_dag.py
[2024-07-01T20:15:22.128+0000] {processor.py:840} INFO - DAG(s) 'example_nested_branch_dag' retrieved from /home/airflow/.local/lib/python3.8/site-packages/airflow/example_dags/example_nested_branch_dag.py
[2024-07-01T20:15:22.179+0000] {logging_mixin.py:188} INFO - [2024-07-01T20:15:22.178+0000] {dag.py:3036} INFO - Sync 1 DAGs
[2024-07-01T20:15:22.240+0000] {logging_mixin.py:188} INFO - [2024-07-01T20:15:22.239+0000] {dag.py:3823} INFO - Setting next_dagrun for example_nested_branch_dag to 2024-06-30 00:00:00+00:00, run_after=2024-07-01 00:00:00+00:00
[2024-07-01T20:15:22.287+0000] {processor.py:183} INFO - Processing /home/airflow/.local/lib/python3.8/site-packages/airflow/example_dags/example_nested_branch_dag.py took 0.198 seconds
[2024-07-01T20:15:52.821+0000] {processor.py:161} INFO - Started process (PID=817) to work on /home/airflow/.local/lib/python3.8/site-packages/airflow/example_dags/example_nested_branch_dag.py
[2024-07-01T20:15:52.823+0000] {processor.py:830} INFO - Processing file /home/airflow/.local/lib/python3.8/site-packages/airflow/example_dags/example_nested_branch_dag.py for tasks to queue
[2024-07-01T20:15:52.827+0000] {logging_mixin.py:188} INFO - [2024-07-01T20:15:52.826+0000] {dagbag.py:538} INFO - Filling up the DagBag from /home/airflow/.local/lib/python3.8/site-packages/airflow/example_dags/example_nested_branch_dag.py
[2024-07-01T20:15:52.855+0000] {processor.py:840} INFO - DAG(s) 'example_nested_branch_dag' retrieved from /home/airflow/.local/lib/python3.8/site-packages/airflow/example_dags/example_nested_branch_dag.py
[2024-07-01T20:15:52.902+0000] {logging_mixin.py:188} INFO - [2024-07-01T20:15:52.902+0000] {dag.py:3036} INFO - Sync 1 DAGs
[2024-07-01T20:15:52.952+0000] {logging_mixin.py:188} INFO - [2024-07-01T20:15:52.952+0000] {dag.py:3823} INFO - Setting next_dagrun for example_nested_branch_dag to 2024-06-30 00:00:00+00:00, run_after=2024-07-01 00:00:00+00:00
[2024-07-01T20:15:52.993+0000] {processor.py:183} INFO - Processing /home/airflow/.local/lib/python3.8/site-packages/airflow/example_dags/example_nested_branch_dag.py took 0.178 seconds
[2024-07-01T20:16:23.620+0000] {processor.py:161} INFO - Started process (PID=872) to work on /home/airflow/.local/lib/python3.8/site-packages/airflow/example_dags/example_nested_branch_dag.py
[2024-07-01T20:16:23.622+0000] {processor.py:830} INFO - Processing file /home/airflow/.local/lib/python3.8/site-packages/airflow/example_dags/example_nested_branch_dag.py for tasks to queue
[2024-07-01T20:16:23.626+0000] {logging_mixin.py:188} INFO - [2024-07-01T20:16:23.625+0000] {dagbag.py:538} INFO - Filling up the DagBag from /home/airflow/.local/lib/python3.8/site-packages/airflow/example_dags/example_nested_branch_dag.py
[2024-07-01T20:16:23.645+0000] {processor.py:840} INFO - DAG(s) 'example_nested_branch_dag' retrieved from /home/airflow/.local/lib/python3.8/site-packages/airflow/example_dags/example_nested_branch_dag.py
[2024-07-01T20:16:23.688+0000] {logging_mixin.py:188} INFO - [2024-07-01T20:16:23.688+0000] {dag.py:3036} INFO - Sync 1 DAGs
[2024-07-01T20:16:23.735+0000] {logging_mixin.py:188} INFO - [2024-07-01T20:16:23.734+0000] {dag.py:3823} INFO - Setting next_dagrun for example_nested_branch_dag to 2024-06-30 00:00:00+00:00, run_after=2024-07-01 00:00:00+00:00
[2024-07-01T20:16:23.801+0000] {processor.py:183} INFO - Processing /home/airflow/.local/lib/python3.8/site-packages/airflow/example_dags/example_nested_branch_dag.py took 0.187 seconds
[2024-07-01T20:16:54.019+0000] {processor.py:161} INFO - Started process (PID=927) to work on /home/airflow/.local/lib/python3.8/site-packages/airflow/example_dags/example_nested_branch_dag.py
[2024-07-01T20:16:54.021+0000] {processor.py:830} INFO - Processing file /home/airflow/.local/lib/python3.8/site-packages/airflow/example_dags/example_nested_branch_dag.py for tasks to queue
[2024-07-01T20:16:54.024+0000] {logging_mixin.py:188} INFO - [2024-07-01T20:16:54.024+0000] {dagbag.py:538} INFO - Filling up the DagBag from /home/airflow/.local/lib/python3.8/site-packages/airflow/example_dags/example_nested_branch_dag.py
[2024-07-01T20:16:54.045+0000] {processor.py:840} INFO - DAG(s) 'example_nested_branch_dag' retrieved from /home/airflow/.local/lib/python3.8/site-packages/airflow/example_dags/example_nested_branch_dag.py
[2024-07-01T20:16:54.092+0000] {logging_mixin.py:188} INFO - [2024-07-01T20:16:54.092+0000] {dag.py:3036} INFO - Sync 1 DAGs
[2024-07-01T20:16:54.152+0000] {logging_mixin.py:188} INFO - [2024-07-01T20:16:54.151+0000] {dag.py:3823} INFO - Setting next_dagrun for example_nested_branch_dag to 2024-06-30 00:00:00+00:00, run_after=2024-07-01 00:00:00+00:00
[2024-07-01T20:16:54.201+0000] {processor.py:183} INFO - Processing /home/airflow/.local/lib/python3.8/site-packages/airflow/example_dags/example_nested_branch_dag.py took 0.190 seconds
[2024-07-01T20:17:24.554+0000] {processor.py:161} INFO - Started process (PID=982) to work on /home/airflow/.local/lib/python3.8/site-packages/airflow/example_dags/example_nested_branch_dag.py
[2024-07-01T20:17:24.556+0000] {processor.py:830} INFO - Processing file /home/airflow/.local/lib/python3.8/site-packages/airflow/example_dags/example_nested_branch_dag.py for tasks to queue
[2024-07-01T20:17:24.559+0000] {logging_mixin.py:188} INFO - [2024-07-01T20:17:24.558+0000] {dagbag.py:538} INFO - Filling up the DagBag from /home/airflow/.local/lib/python3.8/site-packages/airflow/example_dags/example_nested_branch_dag.py
[2024-07-01T20:17:24.578+0000] {processor.py:840} INFO - DAG(s) 'example_nested_branch_dag' retrieved from /home/airflow/.local/lib/python3.8/site-packages/airflow/example_dags/example_nested_branch_dag.py
[2024-07-01T20:17:24.623+0000] {logging_mixin.py:188} INFO - [2024-07-01T20:17:24.623+0000] {dag.py:3036} INFO - Sync 1 DAGs
[2024-07-01T20:17:24.675+0000] {logging_mixin.py:188} INFO - [2024-07-01T20:17:24.675+0000] {dag.py:3823} INFO - Setting next_dagrun for example_nested_branch_dag to 2024-06-30 00:00:00+00:00, run_after=2024-07-01 00:00:00+00:00
[2024-07-01T20:17:24.726+0000] {processor.py:183} INFO - Processing /home/airflow/.local/lib/python3.8/site-packages/airflow/example_dags/example_nested_branch_dag.py took 0.181 seconds
[2024-07-01T20:17:55.367+0000] {processor.py:161} INFO - Started process (PID=1037) to work on /home/airflow/.local/lib/python3.8/site-packages/airflow/example_dags/example_nested_branch_dag.py
[2024-07-01T20:17:55.369+0000] {processor.py:830} INFO - Processing file /home/airflow/.local/lib/python3.8/site-packages/airflow/example_dags/example_nested_branch_dag.py for tasks to queue
[2024-07-01T20:17:55.372+0000] {logging_mixin.py:188} INFO - [2024-07-01T20:17:55.372+0000] {dagbag.py:538} INFO - Filling up the DagBag from /home/airflow/.local/lib/python3.8/site-packages/airflow/example_dags/example_nested_branch_dag.py
[2024-07-01T20:17:55.392+0000] {processor.py:840} INFO - DAG(s) 'example_nested_branch_dag' retrieved from /home/airflow/.local/lib/python3.8/site-packages/airflow/example_dags/example_nested_branch_dag.py
[2024-07-01T20:17:55.443+0000] {logging_mixin.py:188} INFO - [2024-07-01T20:17:55.443+0000] {dag.py:3036} INFO - Sync 1 DAGs
[2024-07-01T20:17:55.488+0000] {logging_mixin.py:188} INFO - [2024-07-01T20:17:55.488+0000] {dag.py:3823} INFO - Setting next_dagrun for example_nested_branch_dag to 2024-06-30 00:00:00+00:00, run_after=2024-07-01 00:00:00+00:00
[2024-07-01T20:17:55.536+0000] {processor.py:183} INFO - Processing /home/airflow/.local/lib/python3.8/site-packages/airflow/example_dags/example_nested_branch_dag.py took 0.175 seconds
[2024-07-01T20:18:25.770+0000] {processor.py:161} INFO - Started process (PID=1092) to work on /home/airflow/.local/lib/python3.8/site-packages/airflow/example_dags/example_nested_branch_dag.py
[2024-07-01T20:18:25.772+0000] {processor.py:830} INFO - Processing file /home/airflow/.local/lib/python3.8/site-packages/airflow/example_dags/example_nested_branch_dag.py for tasks to queue
[2024-07-01T20:18:25.775+0000] {logging_mixin.py:188} INFO - [2024-07-01T20:18:25.775+0000] {dagbag.py:538} INFO - Filling up the DagBag from /home/airflow/.local/lib/python3.8/site-packages/airflow/example_dags/example_nested_branch_dag.py
[2024-07-01T20:18:25.795+0000] {processor.py:840} INFO - DAG(s) 'example_nested_branch_dag' retrieved from /home/airflow/.local/lib/python3.8/site-packages/airflow/example_dags/example_nested_branch_dag.py
[2024-07-01T20:18:25.848+0000] {logging_mixin.py:188} INFO - [2024-07-01T20:18:25.847+0000] {dag.py:3036} INFO - Sync 1 DAGs
[2024-07-01T20:18:25.893+0000] {logging_mixin.py:188} INFO - [2024-07-01T20:18:25.892+0000] {dag.py:3823} INFO - Setting next_dagrun for example_nested_branch_dag to 2024-06-30 00:00:00+00:00, run_after=2024-07-01 00:00:00+00:00
[2024-07-01T20:18:25.928+0000] {processor.py:183} INFO - Processing /home/airflow/.local/lib/python3.8/site-packages/airflow/example_dags/example_nested_branch_dag.py took 0.165 seconds
[2024-07-01T20:18:56.455+0000] {processor.py:161} INFO - Started process (PID=1147) to work on /home/airflow/.local/lib/python3.8/site-packages/airflow/example_dags/example_nested_branch_dag.py
[2024-07-01T20:18:56.457+0000] {processor.py:830} INFO - Processing file /home/airflow/.local/lib/python3.8/site-packages/airflow/example_dags/example_nested_branch_dag.py for tasks to queue
[2024-07-01T20:18:56.460+0000] {logging_mixin.py:188} INFO - [2024-07-01T20:18:56.460+0000] {dagbag.py:538} INFO - Filling up the DagBag from /home/airflow/.local/lib/python3.8/site-packages/airflow/example_dags/example_nested_branch_dag.py
[2024-07-01T20:18:56.480+0000] {processor.py:840} INFO - DAG(s) 'example_nested_branch_dag' retrieved from /home/airflow/.local/lib/python3.8/site-packages/airflow/example_dags/example_nested_branch_dag.py
[2024-07-01T20:18:56.525+0000] {logging_mixin.py:188} INFO - [2024-07-01T20:18:56.525+0000] {dag.py:3036} INFO - Sync 1 DAGs
[2024-07-01T20:18:56.569+0000] {logging_mixin.py:188} INFO - [2024-07-01T20:18:56.569+0000] {dag.py:3823} INFO - Setting next_dagrun for example_nested_branch_dag to 2024-06-30 00:00:00+00:00, run_after=2024-07-01 00:00:00+00:00
[2024-07-01T20:18:56.606+0000] {processor.py:183} INFO - Processing /home/airflow/.local/lib/python3.8/site-packages/airflow/example_dags/example_nested_branch_dag.py took 0.157 seconds
[2024-07-01T20:19:26.982+0000] {processor.py:161} INFO - Started process (PID=1200) to work on /home/airflow/.local/lib/python3.8/site-packages/airflow/example_dags/example_nested_branch_dag.py
[2024-07-01T20:19:26.984+0000] {processor.py:830} INFO - Processing file /home/airflow/.local/lib/python3.8/site-packages/airflow/example_dags/example_nested_branch_dag.py for tasks to queue
[2024-07-01T20:19:26.988+0000] {logging_mixin.py:188} INFO - [2024-07-01T20:19:26.987+0000] {dagbag.py:538} INFO - Filling up the DagBag from /home/airflow/.local/lib/python3.8/site-packages/airflow/example_dags/example_nested_branch_dag.py
[2024-07-01T20:19:27.013+0000] {processor.py:840} INFO - DAG(s) 'example_nested_branch_dag' retrieved from /home/airflow/.local/lib/python3.8/site-packages/airflow/example_dags/example_nested_branch_dag.py
[2024-07-01T20:19:27.066+0000] {logging_mixin.py:188} INFO - [2024-07-01T20:19:27.066+0000] {dag.py:3036} INFO - Sync 1 DAGs
[2024-07-01T20:19:27.118+0000] {logging_mixin.py:188} INFO - [2024-07-01T20:19:27.118+0000] {dag.py:3823} INFO - Setting next_dagrun for example_nested_branch_dag to 2024-06-30 00:00:00+00:00, run_after=2024-07-01 00:00:00+00:00
[2024-07-01T20:19:27.159+0000] {processor.py:183} INFO - Processing /home/airflow/.local/lib/python3.8/site-packages/airflow/example_dags/example_nested_branch_dag.py took 0.187 seconds
[2024-07-01T20:19:58.019+0000] {processor.py:161} INFO - Started process (PID=1255) to work on /home/airflow/.local/lib/python3.8/site-packages/airflow/example_dags/example_nested_branch_dag.py
[2024-07-01T20:19:58.022+0000] {processor.py:830} INFO - Processing file /home/airflow/.local/lib/python3.8/site-packages/airflow/example_dags/example_nested_branch_dag.py for tasks to queue
[2024-07-01T20:19:58.025+0000] {logging_mixin.py:188} INFO - [2024-07-01T20:19:58.025+0000] {dagbag.py:538} INFO - Filling up the DagBag from /home/airflow/.local/lib/python3.8/site-packages/airflow/example_dags/example_nested_branch_dag.py
[2024-07-01T20:19:58.048+0000] {processor.py:840} INFO - DAG(s) 'example_nested_branch_dag' retrieved from /home/airflow/.local/lib/python3.8/site-packages/airflow/example_dags/example_nested_branch_dag.py
[2024-07-01T20:19:58.101+0000] {logging_mixin.py:188} INFO - [2024-07-01T20:19:58.100+0000] {dag.py:3036} INFO - Sync 1 DAGs
[2024-07-01T20:19:58.153+0000] {logging_mixin.py:188} INFO - [2024-07-01T20:19:58.153+0000] {dag.py:3823} INFO - Setting next_dagrun for example_nested_branch_dag to 2024-06-30 00:00:00+00:00, run_after=2024-07-01 00:00:00+00:00
[2024-07-01T20:19:58.217+0000] {processor.py:183} INFO - Processing /home/airflow/.local/lib/python3.8/site-packages/airflow/example_dags/example_nested_branch_dag.py took 0.206 seconds
[2024-07-01T20:20:28.693+0000] {processor.py:161} INFO - Started process (PID=1310) to work on /home/airflow/.local/lib/python3.8/site-packages/airflow/example_dags/example_nested_branch_dag.py
[2024-07-01T20:20:28.695+0000] {processor.py:830} INFO - Processing file /home/airflow/.local/lib/python3.8/site-packages/airflow/example_dags/example_nested_branch_dag.py for tasks to queue
[2024-07-01T20:20:28.698+0000] {logging_mixin.py:188} INFO - [2024-07-01T20:20:28.698+0000] {dagbag.py:538} INFO - Filling up the DagBag from /home/airflow/.local/lib/python3.8/site-packages/airflow/example_dags/example_nested_branch_dag.py
[2024-07-01T20:20:28.720+0000] {processor.py:840} INFO - DAG(s) 'example_nested_branch_dag' retrieved from /home/airflow/.local/lib/python3.8/site-packages/airflow/example_dags/example_nested_branch_dag.py
[2024-07-01T20:20:28.768+0000] {logging_mixin.py:188} INFO - [2024-07-01T20:20:28.767+0000] {dag.py:3036} INFO - Sync 1 DAGs
[2024-07-01T20:20:28.815+0000] {logging_mixin.py:188} INFO - [2024-07-01T20:20:28.814+0000] {dag.py:3823} INFO - Setting next_dagrun for example_nested_branch_dag to 2024-06-30 00:00:00+00:00, run_after=2024-07-01 00:00:00+00:00
[2024-07-01T20:20:28.861+0000] {processor.py:183} INFO - Processing /home/airflow/.local/lib/python3.8/site-packages/airflow/example_dags/example_nested_branch_dag.py took 0.175 seconds
[2024-07-01T20:20:59.406+0000] {processor.py:161} INFO - Started process (PID=1365) to work on /home/airflow/.local/lib/python3.8/site-packages/airflow/example_dags/example_nested_branch_dag.py
[2024-07-01T20:20:59.408+0000] {processor.py:830} INFO - Processing file /home/airflow/.local/lib/python3.8/site-packages/airflow/example_dags/example_nested_branch_dag.py for tasks to queue
[2024-07-01T20:20:59.411+0000] {logging_mixin.py:188} INFO - [2024-07-01T20:20:59.411+0000] {dagbag.py:538} INFO - Filling up the DagBag from /home/airflow/.local/lib/python3.8/site-packages/airflow/example_dags/example_nested_branch_dag.py
[2024-07-01T20:20:59.431+0000] {processor.py:840} INFO - DAG(s) 'example_nested_branch_dag' retrieved from /home/airflow/.local/lib/python3.8/site-packages/airflow/example_dags/example_nested_branch_dag.py
[2024-07-01T20:20:59.474+0000] {logging_mixin.py:188} INFO - [2024-07-01T20:20:59.474+0000] {dag.py:3036} INFO - Sync 1 DAGs
[2024-07-01T20:20:59.521+0000] {logging_mixin.py:188} INFO - [2024-07-01T20:20:59.520+0000] {dag.py:3823} INFO - Setting next_dagrun for example_nested_branch_dag to 2024-06-30 00:00:00+00:00, run_after=2024-07-01 00:00:00+00:00
[2024-07-01T20:20:59.566+0000] {processor.py:183} INFO - Processing /home/airflow/.local/lib/python3.8/site-packages/airflow/example_dags/example_nested_branch_dag.py took 0.166 seconds
[2024-07-01T20:21:30.382+0000] {processor.py:161} INFO - Started process (PID=1420) to work on /home/airflow/.local/lib/python3.8/site-packages/airflow/example_dags/example_nested_branch_dag.py
[2024-07-01T20:21:30.386+0000] {processor.py:830} INFO - Processing file /home/airflow/.local/lib/python3.8/site-packages/airflow/example_dags/example_nested_branch_dag.py for tasks to queue
[2024-07-01T20:21:30.392+0000] {logging_mixin.py:188} INFO - [2024-07-01T20:21:30.391+0000] {dagbag.py:538} INFO - Filling up the DagBag from /home/airflow/.local/lib/python3.8/site-packages/airflow/example_dags/example_nested_branch_dag.py
[2024-07-01T20:21:30.423+0000] {processor.py:840} INFO - DAG(s) 'example_nested_branch_dag' retrieved from /home/airflow/.local/lib/python3.8/site-packages/airflow/example_dags/example_nested_branch_dag.py
[2024-07-01T20:21:30.473+0000] {logging_mixin.py:188} INFO - [2024-07-01T20:21:30.472+0000] {dag.py:3036} INFO - Sync 1 DAGs
[2024-07-01T20:21:30.527+0000] {logging_mixin.py:188} INFO - [2024-07-01T20:21:30.526+0000] {dag.py:3823} INFO - Setting next_dagrun for example_nested_branch_dag to 2024-06-30 00:00:00+00:00, run_after=2024-07-01 00:00:00+00:00
[2024-07-01T20:21:30.581+0000] {processor.py:183} INFO - Processing /home/airflow/.local/lib/python3.8/site-packages/airflow/example_dags/example_nested_branch_dag.py took 0.209 seconds
[2024-07-01T20:22:01.007+0000] {processor.py:161} INFO - Started process (PID=1475) to work on /home/airflow/.local/lib/python3.8/site-packages/airflow/example_dags/example_nested_branch_dag.py
[2024-07-01T20:22:01.009+0000] {processor.py:830} INFO - Processing file /home/airflow/.local/lib/python3.8/site-packages/airflow/example_dags/example_nested_branch_dag.py for tasks to queue
[2024-07-01T20:22:01.014+0000] {logging_mixin.py:188} INFO - [2024-07-01T20:22:01.013+0000] {dagbag.py:538} INFO - Filling up the DagBag from /home/airflow/.local/lib/python3.8/site-packages/airflow/example_dags/example_nested_branch_dag.py
[2024-07-01T20:22:01.039+0000] {processor.py:840} INFO - DAG(s) 'example_nested_branch_dag' retrieved from /home/airflow/.local/lib/python3.8/site-packages/airflow/example_dags/example_nested_branch_dag.py
[2024-07-01T20:22:01.095+0000] {logging_mixin.py:188} INFO - [2024-07-01T20:22:01.095+0000] {dag.py:3036} INFO - Sync 1 DAGs
[2024-07-01T20:22:01.153+0000] {logging_mixin.py:188} INFO - [2024-07-01T20:22:01.152+0000] {dag.py:3823} INFO - Setting next_dagrun for example_nested_branch_dag to 2024-06-30 00:00:00+00:00, run_after=2024-07-01 00:00:00+00:00
[2024-07-01T20:22:01.189+0000] {processor.py:183} INFO - Processing /home/airflow/.local/lib/python3.8/site-packages/airflow/example_dags/example_nested_branch_dag.py took 0.190 seconds
[2024-07-01T20:22:31.553+0000] {processor.py:161} INFO - Started process (PID=1530) to work on /home/airflow/.local/lib/python3.8/site-packages/airflow/example_dags/example_nested_branch_dag.py
[2024-07-01T20:22:31.554+0000] {processor.py:830} INFO - Processing file /home/airflow/.local/lib/python3.8/site-packages/airflow/example_dags/example_nested_branch_dag.py for tasks to queue
[2024-07-01T20:22:31.558+0000] {logging_mixin.py:188} INFO - [2024-07-01T20:22:31.558+0000] {dagbag.py:538} INFO - Filling up the DagBag from /home/airflow/.local/lib/python3.8/site-packages/airflow/example_dags/example_nested_branch_dag.py
[2024-07-01T20:22:31.579+0000] {processor.py:840} INFO - DAG(s) 'example_nested_branch_dag' retrieved from /home/airflow/.local/lib/python3.8/site-packages/airflow/example_dags/example_nested_branch_dag.py
[2024-07-01T20:22:31.623+0000] {logging_mixin.py:188} INFO - [2024-07-01T20:22:31.623+0000] {dag.py:3036} INFO - Sync 1 DAGs
[2024-07-01T20:22:31.668+0000] {logging_mixin.py:188} INFO - [2024-07-01T20:22:31.667+0000] {dag.py:3823} INFO - Setting next_dagrun for example_nested_branch_dag to 2024-06-30 00:00:00+00:00, run_after=2024-07-01 00:00:00+00:00
[2024-07-01T20:22:31.713+0000] {processor.py:183} INFO - Processing /home/airflow/.local/lib/python3.8/site-packages/airflow/example_dags/example_nested_branch_dag.py took 0.167 seconds
[2024-07-01T20:23:02.229+0000] {processor.py:161} INFO - Started process (PID=1585) to work on /home/airflow/.local/lib/python3.8/site-packages/airflow/example_dags/example_nested_branch_dag.py
[2024-07-01T20:23:02.232+0000] {processor.py:830} INFO - Processing file /home/airflow/.local/lib/python3.8/site-packages/airflow/example_dags/example_nested_branch_dag.py for tasks to queue
[2024-07-01T20:23:02.235+0000] {logging_mixin.py:188} INFO - [2024-07-01T20:23:02.235+0000] {dagbag.py:538} INFO - Filling up the DagBag from /home/airflow/.local/lib/python3.8/site-packages/airflow/example_dags/example_nested_branch_dag.py
[2024-07-01T20:23:02.263+0000] {processor.py:840} INFO - DAG(s) 'example_nested_branch_dag' retrieved from /home/airflow/.local/lib/python3.8/site-packages/airflow/example_dags/example_nested_branch_dag.py
[2024-07-01T20:23:02.321+0000] {logging_mixin.py:188} INFO - [2024-07-01T20:23:02.321+0000] {dag.py:3036} INFO - Sync 1 DAGs
[2024-07-01T20:23:02.414+0000] {logging_mixin.py:188} INFO - [2024-07-01T20:23:02.414+0000] {dag.py:3823} INFO - Setting next_dagrun for example_nested_branch_dag to 2024-06-30 00:00:00+00:00, run_after=2024-07-01 00:00:00+00:00
[2024-07-01T20:23:02.479+0000] {processor.py:183} INFO - Processing /home/airflow/.local/lib/python3.8/site-packages/airflow/example_dags/example_nested_branch_dag.py took 0.255 seconds
[2024-07-01T20:23:32.585+0000] {processor.py:161} INFO - Started process (PID=1639) to work on /home/airflow/.local/lib/python3.8/site-packages/airflow/example_dags/example_nested_branch_dag.py
[2024-07-01T20:23:32.587+0000] {processor.py:830} INFO - Processing file /home/airflow/.local/lib/python3.8/site-packages/airflow/example_dags/example_nested_branch_dag.py for tasks to queue
[2024-07-01T20:23:32.592+0000] {logging_mixin.py:188} INFO - [2024-07-01T20:23:32.591+0000] {dagbag.py:538} INFO - Filling up the DagBag from /home/airflow/.local/lib/python3.8/site-packages/airflow/example_dags/example_nested_branch_dag.py
[2024-07-01T20:23:32.614+0000] {processor.py:840} INFO - DAG(s) 'example_nested_branch_dag' retrieved from /home/airflow/.local/lib/python3.8/site-packages/airflow/example_dags/example_nested_branch_dag.py
[2024-07-01T20:23:32.662+0000] {logging_mixin.py:188} INFO - [2024-07-01T20:23:32.662+0000] {dag.py:3036} INFO - Sync 1 DAGs
[2024-07-01T20:23:32.716+0000] {logging_mixin.py:188} INFO - [2024-07-01T20:23:32.715+0000] {dag.py:3823} INFO - Setting next_dagrun for example_nested_branch_dag to 2024-06-30 00:00:00+00:00, run_after=2024-07-01 00:00:00+00:00
[2024-07-01T20:23:32.767+0000] {processor.py:183} INFO - Processing /home/airflow/.local/lib/python3.8/site-packages/airflow/example_dags/example_nested_branch_dag.py took 0.189 seconds
[2024-07-01T20:24:02.893+0000] {processor.py:161} INFO - Started process (PID=1694) to work on /home/airflow/.local/lib/python3.8/site-packages/airflow/example_dags/example_nested_branch_dag.py
[2024-07-01T20:24:02.895+0000] {processor.py:830} INFO - Processing file /home/airflow/.local/lib/python3.8/site-packages/airflow/example_dags/example_nested_branch_dag.py for tasks to queue
[2024-07-01T20:24:02.898+0000] {logging_mixin.py:188} INFO - [2024-07-01T20:24:02.898+0000] {dagbag.py:538} INFO - Filling up the DagBag from /home/airflow/.local/lib/python3.8/site-packages/airflow/example_dags/example_nested_branch_dag.py
[2024-07-01T20:24:02.919+0000] {processor.py:840} INFO - DAG(s) 'example_nested_branch_dag' retrieved from /home/airflow/.local/lib/python3.8/site-packages/airflow/example_dags/example_nested_branch_dag.py
[2024-07-01T20:24:02.992+0000] {logging_mixin.py:188} INFO - [2024-07-01T20:24:02.991+0000] {dag.py:3036} INFO - Sync 1 DAGs
[2024-07-01T20:24:03.044+0000] {logging_mixin.py:188} INFO - [2024-07-01T20:24:03.043+0000] {dag.py:3823} INFO - Setting next_dagrun for example_nested_branch_dag to 2024-06-30 00:00:00+00:00, run_after=2024-07-01 00:00:00+00:00
[2024-07-01T20:24:03.080+0000] {processor.py:183} INFO - Processing /home/airflow/.local/lib/python3.8/site-packages/airflow/example_dags/example_nested_branch_dag.py took 0.193 seconds
[2024-07-01T20:24:33.564+0000] {processor.py:161} INFO - Started process (PID=1749) to work on /home/airflow/.local/lib/python3.8/site-packages/airflow/example_dags/example_nested_branch_dag.py
[2024-07-01T20:24:33.567+0000] {processor.py:830} INFO - Processing file /home/airflow/.local/lib/python3.8/site-packages/airflow/example_dags/example_nested_branch_dag.py for tasks to queue
[2024-07-01T20:24:33.571+0000] {logging_mixin.py:188} INFO - [2024-07-01T20:24:33.570+0000] {dagbag.py:538} INFO - Filling up the DagBag from /home/airflow/.local/lib/python3.8/site-packages/airflow/example_dags/example_nested_branch_dag.py
[2024-07-01T20:24:33.614+0000] {processor.py:840} INFO - DAG(s) 'example_nested_branch_dag' retrieved from /home/airflow/.local/lib/python3.8/site-packages/airflow/example_dags/example_nested_branch_dag.py
[2024-07-01T20:24:33.667+0000] {logging_mixin.py:188} INFO - [2024-07-01T20:24:33.666+0000] {dag.py:3036} INFO - Sync 1 DAGs
[2024-07-01T20:24:33.718+0000] {logging_mixin.py:188} INFO - [2024-07-01T20:24:33.718+0000] {dag.py:3823} INFO - Setting next_dagrun for example_nested_branch_dag to 2024-06-30 00:00:00+00:00, run_after=2024-07-01 00:00:00+00:00
[2024-07-01T20:24:33.768+0000] {processor.py:183} INFO - Processing /home/airflow/.local/lib/python3.8/site-packages/airflow/example_dags/example_nested_branch_dag.py took 0.210 seconds
[2024-07-01T20:25:04.743+0000] {processor.py:161} INFO - Started process (PID=1805) to work on /home/airflow/.local/lib/python3.8/site-packages/airflow/example_dags/example_nested_branch_dag.py
[2024-07-01T20:25:04.752+0000] {processor.py:830} INFO - Processing file /home/airflow/.local/lib/python3.8/site-packages/airflow/example_dags/example_nested_branch_dag.py for tasks to queue
[2024-07-01T20:25:04.757+0000] {logging_mixin.py:188} INFO - [2024-07-01T20:25:04.756+0000] {dagbag.py:538} INFO - Filling up the DagBag from /home/airflow/.local/lib/python3.8/site-packages/airflow/example_dags/example_nested_branch_dag.py
[2024-07-01T20:25:04.795+0000] {processor.py:840} INFO - DAG(s) 'example_nested_branch_dag' retrieved from /home/airflow/.local/lib/python3.8/site-packages/airflow/example_dags/example_nested_branch_dag.py
[2024-07-01T20:25:04.853+0000] {logging_mixin.py:188} INFO - [2024-07-01T20:25:04.853+0000] {dag.py:3036} INFO - Sync 1 DAGs
[2024-07-01T20:25:04.920+0000] {logging_mixin.py:188} INFO - [2024-07-01T20:25:04.920+0000] {dag.py:3823} INFO - Setting next_dagrun for example_nested_branch_dag to 2024-06-30 00:00:00+00:00, run_after=2024-07-01 00:00:00+00:00
[2024-07-01T20:25:05.008+0000] {processor.py:183} INFO - Processing /home/airflow/.local/lib/python3.8/site-packages/airflow/example_dags/example_nested_branch_dag.py took 0.274 seconds
