[2024-07-01T20:08:45.503+0000] {processor.py:161} INFO - Started process (PID=51) to work on /home/airflow/.local/lib/python3.8/site-packages/airflow/example_dags/example_branch_labels.py
[2024-07-01T20:08:45.505+0000] {processor.py:830} INFO - Processing file /home/airflow/.local/lib/python3.8/site-packages/airflow/example_dags/example_branch_labels.py for tasks to queue
[2024-07-01T20:08:45.508+0000] {logging_mixin.py:188} INFO - [2024-07-01T20:08:45.508+0000] {dagbag.py:538} INFO - Filling up the DagBag from /home/airflow/.local/lib/python3.8/site-packages/airflow/example_dags/example_branch_labels.py
[2024-07-01T20:08:45.526+0000] {processor.py:840} INFO - DAG(s) 'example_branch_labels' retrieved from /home/airflow/.local/lib/python3.8/site-packages/airflow/example_dags/example_branch_labels.py
[2024-07-01T20:08:45.969+0000] {logging_mixin.py:188} INFO - [2024-07-01T20:08:45.968+0000] {dag.py:3036} INFO - Sync 1 DAGs
[2024-07-01T20:08:46.109+0000] {logging_mixin.py:188} INFO - [2024-07-01T20:08:46.102+0000] {dag.py:3823} INFO - Setting next_dagrun for example_branch_labels to 2024-06-30 00:00:00+00:00, run_after=2024-07-01 00:00:00+00:00
[2024-07-01T20:08:46.158+0000] {processor.py:183} INFO - Processing /home/airflow/.local/lib/python3.8/site-packages/airflow/example_dags/example_branch_labels.py took 0.662 seconds
[2024-07-01T20:09:16.422+0000] {processor.py:161} INFO - Started process (PID=106) to work on /home/airflow/.local/lib/python3.8/site-packages/airflow/example_dags/example_branch_labels.py
[2024-07-01T20:09:16.424+0000] {processor.py:830} INFO - Processing file /home/airflow/.local/lib/python3.8/site-packages/airflow/example_dags/example_branch_labels.py for tasks to queue
[2024-07-01T20:09:16.428+0000] {logging_mixin.py:188} INFO - [2024-07-01T20:09:16.427+0000] {dagbag.py:538} INFO - Filling up the DagBag from /home/airflow/.local/lib/python3.8/site-packages/airflow/example_dags/example_branch_labels.py
[2024-07-01T20:09:16.444+0000] {processor.py:840} INFO - DAG(s) 'example_branch_labels' retrieved from /home/airflow/.local/lib/python3.8/site-packages/airflow/example_dags/example_branch_labels.py
[2024-07-01T20:09:16.497+0000] {logging_mixin.py:188} INFO - [2024-07-01T20:09:16.496+0000] {dag.py:3036} INFO - Sync 1 DAGs
[2024-07-01T20:09:16.545+0000] {logging_mixin.py:188} INFO - [2024-07-01T20:09:16.545+0000] {dag.py:3823} INFO - Setting next_dagrun for example_branch_labels to 2024-06-30 00:00:00+00:00, run_after=2024-07-01 00:00:00+00:00
[2024-07-01T20:09:16.586+0000] {processor.py:183} INFO - Processing /home/airflow/.local/lib/python3.8/site-packages/airflow/example_dags/example_branch_labels.py took 0.171 seconds
[2024-07-01T20:09:46.734+0000] {processor.py:161} INFO - Started process (PID=161) to work on /home/airflow/.local/lib/python3.8/site-packages/airflow/example_dags/example_branch_labels.py
[2024-07-01T20:09:46.736+0000] {processor.py:830} INFO - Processing file /home/airflow/.local/lib/python3.8/site-packages/airflow/example_dags/example_branch_labels.py for tasks to queue
[2024-07-01T20:09:46.739+0000] {logging_mixin.py:188} INFO - [2024-07-01T20:09:46.739+0000] {dagbag.py:538} INFO - Filling up the DagBag from /home/airflow/.local/lib/python3.8/site-packages/airflow/example_dags/example_branch_labels.py
[2024-07-01T20:09:46.756+0000] {processor.py:840} INFO - DAG(s) 'example_branch_labels' retrieved from /home/airflow/.local/lib/python3.8/site-packages/airflow/example_dags/example_branch_labels.py
[2024-07-01T20:09:46.801+0000] {logging_mixin.py:188} INFO - [2024-07-01T20:09:46.801+0000] {dag.py:3036} INFO - Sync 1 DAGs
[2024-07-01T20:09:46.845+0000] {logging_mixin.py:188} INFO - [2024-07-01T20:09:46.845+0000] {dag.py:3823} INFO - Setting next_dagrun for example_branch_labels to 2024-06-30 00:00:00+00:00, run_after=2024-07-01 00:00:00+00:00
[2024-07-01T20:09:46.891+0000] {processor.py:183} INFO - Processing /home/airflow/.local/lib/python3.8/site-packages/airflow/example_dags/example_branch_labels.py took 0.165 seconds
[2024-07-01T20:10:17.129+0000] {processor.py:161} INFO - Started process (PID=216) to work on /home/airflow/.local/lib/python3.8/site-packages/airflow/example_dags/example_branch_labels.py
[2024-07-01T20:10:17.131+0000] {processor.py:830} INFO - Processing file /home/airflow/.local/lib/python3.8/site-packages/airflow/example_dags/example_branch_labels.py for tasks to queue
[2024-07-01T20:10:17.136+0000] {logging_mixin.py:188} INFO - [2024-07-01T20:10:17.135+0000] {dagbag.py:538} INFO - Filling up the DagBag from /home/airflow/.local/lib/python3.8/site-packages/airflow/example_dags/example_branch_labels.py
[2024-07-01T20:10:17.156+0000] {processor.py:840} INFO - DAG(s) 'example_branch_labels' retrieved from /home/airflow/.local/lib/python3.8/site-packages/airflow/example_dags/example_branch_labels.py
[2024-07-01T20:10:17.198+0000] {logging_mixin.py:188} INFO - [2024-07-01T20:10:17.198+0000] {dag.py:3036} INFO - Sync 1 DAGs
[2024-07-01T20:10:17.243+0000] {logging_mixin.py:188} INFO - [2024-07-01T20:10:17.242+0000] {dag.py:3823} INFO - Setting next_dagrun for example_branch_labels to 2024-06-30 00:00:00+00:00, run_after=2024-07-01 00:00:00+00:00
[2024-07-01T20:10:17.278+0000] {processor.py:183} INFO - Processing /home/airflow/.local/lib/python3.8/site-packages/airflow/example_dags/example_branch_labels.py took 0.155 seconds
[2024-07-01T20:10:47.699+0000] {processor.py:161} INFO - Started process (PID=272) to work on /home/airflow/.local/lib/python3.8/site-packages/airflow/example_dags/example_branch_labels.py
[2024-07-01T20:10:47.700+0000] {processor.py:830} INFO - Processing file /home/airflow/.local/lib/python3.8/site-packages/airflow/example_dags/example_branch_labels.py for tasks to queue
[2024-07-01T20:10:47.704+0000] {logging_mixin.py:188} INFO - [2024-07-01T20:10:47.703+0000] {dagbag.py:538} INFO - Filling up the DagBag from /home/airflow/.local/lib/python3.8/site-packages/airflow/example_dags/example_branch_labels.py
[2024-07-01T20:10:47.720+0000] {processor.py:840} INFO - DAG(s) 'example_branch_labels' retrieved from /home/airflow/.local/lib/python3.8/site-packages/airflow/example_dags/example_branch_labels.py
[2024-07-01T20:10:47.762+0000] {logging_mixin.py:188} INFO - [2024-07-01T20:10:47.761+0000] {dag.py:3036} INFO - Sync 1 DAGs
[2024-07-01T20:10:47.809+0000] {logging_mixin.py:188} INFO - [2024-07-01T20:10:47.808+0000] {dag.py:3823} INFO - Setting next_dagrun for example_branch_labels to 2024-06-30 00:00:00+00:00, run_after=2024-07-01 00:00:00+00:00
[2024-07-01T20:10:47.845+0000] {processor.py:183} INFO - Processing /home/airflow/.local/lib/python3.8/site-packages/airflow/example_dags/example_branch_labels.py took 0.154 seconds
[2024-07-01T20:11:18.413+0000] {processor.py:161} INFO - Started process (PID=326) to work on /home/airflow/.local/lib/python3.8/site-packages/airflow/example_dags/example_branch_labels.py
[2024-07-01T20:11:18.415+0000] {processor.py:830} INFO - Processing file /home/airflow/.local/lib/python3.8/site-packages/airflow/example_dags/example_branch_labels.py for tasks to queue
[2024-07-01T20:11:18.419+0000] {logging_mixin.py:188} INFO - [2024-07-01T20:11:18.418+0000] {dagbag.py:538} INFO - Filling up the DagBag from /home/airflow/.local/lib/python3.8/site-packages/airflow/example_dags/example_branch_labels.py
[2024-07-01T20:11:18.435+0000] {processor.py:840} INFO - DAG(s) 'example_branch_labels' retrieved from /home/airflow/.local/lib/python3.8/site-packages/airflow/example_dags/example_branch_labels.py
[2024-07-01T20:11:18.475+0000] {logging_mixin.py:188} INFO - [2024-07-01T20:11:18.475+0000] {dag.py:3036} INFO - Sync 1 DAGs
[2024-07-01T20:11:18.521+0000] {logging_mixin.py:188} INFO - [2024-07-01T20:11:18.521+0000] {dag.py:3823} INFO - Setting next_dagrun for example_branch_labels to 2024-06-30 00:00:00+00:00, run_after=2024-07-01 00:00:00+00:00
[2024-07-01T20:11:18.564+0000] {processor.py:183} INFO - Processing /home/airflow/.local/lib/python3.8/site-packages/airflow/example_dags/example_branch_labels.py took 0.157 seconds
[2024-07-01T20:11:48.719+0000] {processor.py:161} INFO - Started process (PID=381) to work on /home/airflow/.local/lib/python3.8/site-packages/airflow/example_dags/example_branch_labels.py
[2024-07-01T20:11:48.721+0000] {processor.py:830} INFO - Processing file /home/airflow/.local/lib/python3.8/site-packages/airflow/example_dags/example_branch_labels.py for tasks to queue
[2024-07-01T20:11:48.725+0000] {logging_mixin.py:188} INFO - [2024-07-01T20:11:48.724+0000] {dagbag.py:538} INFO - Filling up the DagBag from /home/airflow/.local/lib/python3.8/site-packages/airflow/example_dags/example_branch_labels.py
[2024-07-01T20:11:48.744+0000] {processor.py:840} INFO - DAG(s) 'example_branch_labels' retrieved from /home/airflow/.local/lib/python3.8/site-packages/airflow/example_dags/example_branch_labels.py
[2024-07-01T20:11:48.790+0000] {logging_mixin.py:188} INFO - [2024-07-01T20:11:48.790+0000] {dag.py:3036} INFO - Sync 1 DAGs
[2024-07-01T20:11:48.836+0000] {logging_mixin.py:188} INFO - [2024-07-01T20:11:48.835+0000] {dag.py:3823} INFO - Setting next_dagrun for example_branch_labels to 2024-06-30 00:00:00+00:00, run_after=2024-07-01 00:00:00+00:00
[2024-07-01T20:11:48.873+0000] {processor.py:183} INFO - Processing /home/airflow/.local/lib/python3.8/site-packages/airflow/example_dags/example_branch_labels.py took 0.161 seconds
[2024-07-01T20:12:19.007+0000] {processor.py:161} INFO - Started process (PID=436) to work on /home/airflow/.local/lib/python3.8/site-packages/airflow/example_dags/example_branch_labels.py
[2024-07-01T20:12:19.009+0000] {processor.py:830} INFO - Processing file /home/airflow/.local/lib/python3.8/site-packages/airflow/example_dags/example_branch_labels.py for tasks to queue
[2024-07-01T20:12:19.014+0000] {logging_mixin.py:188} INFO - [2024-07-01T20:12:19.013+0000] {dagbag.py:538} INFO - Filling up the DagBag from /home/airflow/.local/lib/python3.8/site-packages/airflow/example_dags/example_branch_labels.py
[2024-07-01T20:12:19.033+0000] {processor.py:840} INFO - DAG(s) 'example_branch_labels' retrieved from /home/airflow/.local/lib/python3.8/site-packages/airflow/example_dags/example_branch_labels.py
[2024-07-01T20:12:19.081+0000] {logging_mixin.py:188} INFO - [2024-07-01T20:12:19.081+0000] {dag.py:3036} INFO - Sync 1 DAGs
[2024-07-01T20:12:19.132+0000] {logging_mixin.py:188} INFO - [2024-07-01T20:12:19.132+0000] {dag.py:3823} INFO - Setting next_dagrun for example_branch_labels to 2024-06-30 00:00:00+00:00, run_after=2024-07-01 00:00:00+00:00
[2024-07-01T20:12:19.166+0000] {processor.py:183} INFO - Processing /home/airflow/.local/lib/python3.8/site-packages/airflow/example_dags/example_branch_labels.py took 0.166 seconds
[2024-07-01T20:12:49.378+0000] {processor.py:161} INFO - Started process (PID=491) to work on /home/airflow/.local/lib/python3.8/site-packages/airflow/example_dags/example_branch_labels.py
[2024-07-01T20:12:49.380+0000] {processor.py:830} INFO - Processing file /home/airflow/.local/lib/python3.8/site-packages/airflow/example_dags/example_branch_labels.py for tasks to queue
[2024-07-01T20:12:49.384+0000] {logging_mixin.py:188} INFO - [2024-07-01T20:12:49.383+0000] {dagbag.py:538} INFO - Filling up the DagBag from /home/airflow/.local/lib/python3.8/site-packages/airflow/example_dags/example_branch_labels.py
[2024-07-01T20:12:49.402+0000] {processor.py:840} INFO - DAG(s) 'example_branch_labels' retrieved from /home/airflow/.local/lib/python3.8/site-packages/airflow/example_dags/example_branch_labels.py
[2024-07-01T20:12:49.447+0000] {logging_mixin.py:188} INFO - [2024-07-01T20:12:49.446+0000] {dag.py:3036} INFO - Sync 1 DAGs
[2024-07-01T20:12:49.497+0000] {logging_mixin.py:188} INFO - [2024-07-01T20:12:49.496+0000] {dag.py:3823} INFO - Setting next_dagrun for example_branch_labels to 2024-06-30 00:00:00+00:00, run_after=2024-07-01 00:00:00+00:00
[2024-07-01T20:12:49.551+0000] {processor.py:183} INFO - Processing /home/airflow/.local/lib/python3.8/site-packages/airflow/example_dags/example_branch_labels.py took 0.182 seconds
[2024-07-01T20:13:19.941+0000] {processor.py:161} INFO - Started process (PID=546) to work on /home/airflow/.local/lib/python3.8/site-packages/airflow/example_dags/example_branch_labels.py
[2024-07-01T20:13:19.943+0000] {processor.py:830} INFO - Processing file /home/airflow/.local/lib/python3.8/site-packages/airflow/example_dags/example_branch_labels.py for tasks to queue
[2024-07-01T20:13:19.947+0000] {logging_mixin.py:188} INFO - [2024-07-01T20:13:19.947+0000] {dagbag.py:538} INFO - Filling up the DagBag from /home/airflow/.local/lib/python3.8/site-packages/airflow/example_dags/example_branch_labels.py
[2024-07-01T20:13:19.967+0000] {processor.py:840} INFO - DAG(s) 'example_branch_labels' retrieved from /home/airflow/.local/lib/python3.8/site-packages/airflow/example_dags/example_branch_labels.py
[2024-07-01T20:13:20.013+0000] {logging_mixin.py:188} INFO - [2024-07-01T20:13:20.013+0000] {dag.py:3036} INFO - Sync 1 DAGs
[2024-07-01T20:13:20.063+0000] {logging_mixin.py:188} INFO - [2024-07-01T20:13:20.062+0000] {dag.py:3823} INFO - Setting next_dagrun for example_branch_labels to 2024-06-30 00:00:00+00:00, run_after=2024-07-01 00:00:00+00:00
[2024-07-01T20:13:20.109+0000] {processor.py:183} INFO - Processing /home/airflow/.local/lib/python3.8/site-packages/airflow/example_dags/example_branch_labels.py took 0.173 seconds
[2024-07-01T20:13:51.095+0000] {processor.py:161} INFO - Started process (PID=602) to work on /home/airflow/.local/lib/python3.8/site-packages/airflow/example_dags/example_branch_labels.py
[2024-07-01T20:13:51.097+0000] {processor.py:830} INFO - Processing file /home/airflow/.local/lib/python3.8/site-packages/airflow/example_dags/example_branch_labels.py for tasks to queue
[2024-07-01T20:13:51.101+0000] {logging_mixin.py:188} INFO - [2024-07-01T20:13:51.100+0000] {dagbag.py:538} INFO - Filling up the DagBag from /home/airflow/.local/lib/python3.8/site-packages/airflow/example_dags/example_branch_labels.py
[2024-07-01T20:13:51.116+0000] {processor.py:840} INFO - DAG(s) 'example_branch_labels' retrieved from /home/airflow/.local/lib/python3.8/site-packages/airflow/example_dags/example_branch_labels.py
[2024-07-01T20:13:51.157+0000] {logging_mixin.py:188} INFO - [2024-07-01T20:13:51.157+0000] {dag.py:3036} INFO - Sync 1 DAGs
[2024-07-01T20:13:51.204+0000] {logging_mixin.py:188} INFO - [2024-07-01T20:13:51.203+0000] {dag.py:3823} INFO - Setting next_dagrun for example_branch_labels to 2024-06-30 00:00:00+00:00, run_after=2024-07-01 00:00:00+00:00
[2024-07-01T20:13:51.247+0000] {processor.py:183} INFO - Processing /home/airflow/.local/lib/python3.8/site-packages/airflow/example_dags/example_branch_labels.py took 0.158 seconds
[2024-07-01T20:14:21.326+0000] {processor.py:161} INFO - Started process (PID=657) to work on /home/airflow/.local/lib/python3.8/site-packages/airflow/example_dags/example_branch_labels.py
[2024-07-01T20:14:21.329+0000] {processor.py:830} INFO - Processing file /home/airflow/.local/lib/python3.8/site-packages/airflow/example_dags/example_branch_labels.py for tasks to queue
[2024-07-01T20:14:21.336+0000] {logging_mixin.py:188} INFO - [2024-07-01T20:14:21.335+0000] {dagbag.py:538} INFO - Filling up the DagBag from /home/airflow/.local/lib/python3.8/site-packages/airflow/example_dags/example_branch_labels.py
[2024-07-01T20:14:21.356+0000] {processor.py:840} INFO - DAG(s) 'example_branch_labels' retrieved from /home/airflow/.local/lib/python3.8/site-packages/airflow/example_dags/example_branch_labels.py
[2024-07-01T20:14:21.411+0000] {logging_mixin.py:188} INFO - [2024-07-01T20:14:21.411+0000] {dag.py:3036} INFO - Sync 1 DAGs
[2024-07-01T20:14:21.460+0000] {logging_mixin.py:188} INFO - [2024-07-01T20:14:21.459+0000] {dag.py:3823} INFO - Setting next_dagrun for example_branch_labels to 2024-06-30 00:00:00+00:00, run_after=2024-07-01 00:00:00+00:00
[2024-07-01T20:14:21.505+0000] {processor.py:183} INFO - Processing /home/airflow/.local/lib/python3.8/site-packages/airflow/example_dags/example_branch_labels.py took 0.190 seconds
[2024-07-01T20:14:51.915+0000] {processor.py:161} INFO - Started process (PID=712) to work on /home/airflow/.local/lib/python3.8/site-packages/airflow/example_dags/example_branch_labels.py
[2024-07-01T20:14:51.918+0000] {processor.py:830} INFO - Processing file /home/airflow/.local/lib/python3.8/site-packages/airflow/example_dags/example_branch_labels.py for tasks to queue
[2024-07-01T20:14:51.921+0000] {logging_mixin.py:188} INFO - [2024-07-01T20:14:51.921+0000] {dagbag.py:538} INFO - Filling up the DagBag from /home/airflow/.local/lib/python3.8/site-packages/airflow/example_dags/example_branch_labels.py
[2024-07-01T20:14:51.938+0000] {processor.py:840} INFO - DAG(s) 'example_branch_labels' retrieved from /home/airflow/.local/lib/python3.8/site-packages/airflow/example_dags/example_branch_labels.py
[2024-07-01T20:14:51.979+0000] {logging_mixin.py:188} INFO - [2024-07-01T20:14:51.978+0000] {dag.py:3036} INFO - Sync 1 DAGs
[2024-07-01T20:14:52.024+0000] {logging_mixin.py:188} INFO - [2024-07-01T20:14:52.023+0000] {dag.py:3823} INFO - Setting next_dagrun for example_branch_labels to 2024-06-30 00:00:00+00:00, run_after=2024-07-01 00:00:00+00:00
[2024-07-01T20:14:52.066+0000] {processor.py:183} INFO - Processing /home/airflow/.local/lib/python3.8/site-packages/airflow/example_dags/example_branch_labels.py took 0.160 seconds
[2024-07-01T20:15:22.693+0000] {processor.py:161} INFO - Started process (PID=767) to work on /home/airflow/.local/lib/python3.8/site-packages/airflow/example_dags/example_branch_labels.py
[2024-07-01T20:15:22.695+0000] {processor.py:830} INFO - Processing file /home/airflow/.local/lib/python3.8/site-packages/airflow/example_dags/example_branch_labels.py for tasks to queue
[2024-07-01T20:15:22.700+0000] {logging_mixin.py:188} INFO - [2024-07-01T20:15:22.699+0000] {dagbag.py:538} INFO - Filling up the DagBag from /home/airflow/.local/lib/python3.8/site-packages/airflow/example_dags/example_branch_labels.py
[2024-07-01T20:15:22.722+0000] {processor.py:840} INFO - DAG(s) 'example_branch_labels' retrieved from /home/airflow/.local/lib/python3.8/site-packages/airflow/example_dags/example_branch_labels.py
[2024-07-01T20:15:22.765+0000] {logging_mixin.py:188} INFO - [2024-07-01T20:15:22.765+0000] {dag.py:3036} INFO - Sync 1 DAGs
[2024-07-01T20:15:22.809+0000] {logging_mixin.py:188} INFO - [2024-07-01T20:15:22.809+0000] {dag.py:3823} INFO - Setting next_dagrun for example_branch_labels to 2024-06-30 00:00:00+00:00, run_after=2024-07-01 00:00:00+00:00
[2024-07-01T20:15:22.852+0000] {processor.py:183} INFO - Processing /home/airflow/.local/lib/python3.8/site-packages/airflow/example_dags/example_branch_labels.py took 0.165 seconds
[2024-07-01T20:15:53.474+0000] {processor.py:161} INFO - Started process (PID=822) to work on /home/airflow/.local/lib/python3.8/site-packages/airflow/example_dags/example_branch_labels.py
[2024-07-01T20:15:53.476+0000] {processor.py:830} INFO - Processing file /home/airflow/.local/lib/python3.8/site-packages/airflow/example_dags/example_branch_labels.py for tasks to queue
[2024-07-01T20:15:53.481+0000] {logging_mixin.py:188} INFO - [2024-07-01T20:15:53.480+0000] {dagbag.py:538} INFO - Filling up the DagBag from /home/airflow/.local/lib/python3.8/site-packages/airflow/example_dags/example_branch_labels.py
[2024-07-01T20:15:53.502+0000] {processor.py:840} INFO - DAG(s) 'example_branch_labels' retrieved from /home/airflow/.local/lib/python3.8/site-packages/airflow/example_dags/example_branch_labels.py
[2024-07-01T20:15:53.621+0000] {logging_mixin.py:188} INFO - [2024-07-01T20:15:53.620+0000] {dag.py:3036} INFO - Sync 1 DAGs
[2024-07-01T20:15:53.692+0000] {logging_mixin.py:188} INFO - [2024-07-01T20:15:53.691+0000] {dag.py:3823} INFO - Setting next_dagrun for example_branch_labels to 2024-06-30 00:00:00+00:00, run_after=2024-07-01 00:00:00+00:00
[2024-07-01T20:15:53.752+0000] {processor.py:183} INFO - Processing /home/airflow/.local/lib/python3.8/site-packages/airflow/example_dags/example_branch_labels.py took 0.287 seconds
[2024-07-01T20:16:24.242+0000] {processor.py:161} INFO - Started process (PID=877) to work on /home/airflow/.local/lib/python3.8/site-packages/airflow/example_dags/example_branch_labels.py
[2024-07-01T20:16:24.244+0000] {processor.py:830} INFO - Processing file /home/airflow/.local/lib/python3.8/site-packages/airflow/example_dags/example_branch_labels.py for tasks to queue
[2024-07-01T20:16:24.248+0000] {logging_mixin.py:188} INFO - [2024-07-01T20:16:24.247+0000] {dagbag.py:538} INFO - Filling up the DagBag from /home/airflow/.local/lib/python3.8/site-packages/airflow/example_dags/example_branch_labels.py
[2024-07-01T20:16:24.263+0000] {processor.py:840} INFO - DAG(s) 'example_branch_labels' retrieved from /home/airflow/.local/lib/python3.8/site-packages/airflow/example_dags/example_branch_labels.py
[2024-07-01T20:16:24.304+0000] {logging_mixin.py:188} INFO - [2024-07-01T20:16:24.304+0000] {dag.py:3036} INFO - Sync 1 DAGs
[2024-07-01T20:16:24.350+0000] {logging_mixin.py:188} INFO - [2024-07-01T20:16:24.350+0000] {dag.py:3823} INFO - Setting next_dagrun for example_branch_labels to 2024-06-30 00:00:00+00:00, run_after=2024-07-01 00:00:00+00:00
[2024-07-01T20:16:24.396+0000] {processor.py:183} INFO - Processing /home/airflow/.local/lib/python3.8/site-packages/airflow/example_dags/example_branch_labels.py took 0.159 seconds
[2024-07-01T20:16:54.680+0000] {processor.py:161} INFO - Started process (PID=932) to work on /home/airflow/.local/lib/python3.8/site-packages/airflow/example_dags/example_branch_labels.py
[2024-07-01T20:16:54.682+0000] {processor.py:830} INFO - Processing file /home/airflow/.local/lib/python3.8/site-packages/airflow/example_dags/example_branch_labels.py for tasks to queue
[2024-07-01T20:16:54.686+0000] {logging_mixin.py:188} INFO - [2024-07-01T20:16:54.685+0000] {dagbag.py:538} INFO - Filling up the DagBag from /home/airflow/.local/lib/python3.8/site-packages/airflow/example_dags/example_branch_labels.py
[2024-07-01T20:16:54.701+0000] {processor.py:840} INFO - DAG(s) 'example_branch_labels' retrieved from /home/airflow/.local/lib/python3.8/site-packages/airflow/example_dags/example_branch_labels.py
[2024-07-01T20:16:54.749+0000] {logging_mixin.py:188} INFO - [2024-07-01T20:16:54.748+0000] {dag.py:3036} INFO - Sync 1 DAGs
[2024-07-01T20:16:54.808+0000] {logging_mixin.py:188} INFO - [2024-07-01T20:16:54.808+0000] {dag.py:3823} INFO - Setting next_dagrun for example_branch_labels to 2024-06-30 00:00:00+00:00, run_after=2024-07-01 00:00:00+00:00
[2024-07-01T20:16:54.849+0000] {processor.py:183} INFO - Processing /home/airflow/.local/lib/python3.8/site-packages/airflow/example_dags/example_branch_labels.py took 0.175 seconds
[2024-07-01T20:17:25.306+0000] {processor.py:161} INFO - Started process (PID=987) to work on /home/airflow/.local/lib/python3.8/site-packages/airflow/example_dags/example_branch_labels.py
[2024-07-01T20:17:25.308+0000] {processor.py:830} INFO - Processing file /home/airflow/.local/lib/python3.8/site-packages/airflow/example_dags/example_branch_labels.py for tasks to queue
[2024-07-01T20:17:25.312+0000] {logging_mixin.py:188} INFO - [2024-07-01T20:17:25.312+0000] {dagbag.py:538} INFO - Filling up the DagBag from /home/airflow/.local/lib/python3.8/site-packages/airflow/example_dags/example_branch_labels.py
[2024-07-01T20:17:25.333+0000] {processor.py:840} INFO - DAG(s) 'example_branch_labels' retrieved from /home/airflow/.local/lib/python3.8/site-packages/airflow/example_dags/example_branch_labels.py
[2024-07-01T20:17:25.384+0000] {logging_mixin.py:188} INFO - [2024-07-01T20:17:25.384+0000] {dag.py:3036} INFO - Sync 1 DAGs
[2024-07-01T20:17:25.437+0000] {logging_mixin.py:188} INFO - [2024-07-01T20:17:25.436+0000] {dag.py:3823} INFO - Setting next_dagrun for example_branch_labels to 2024-06-30 00:00:00+00:00, run_after=2024-07-01 00:00:00+00:00
[2024-07-01T20:17:25.487+0000] {processor.py:183} INFO - Processing /home/airflow/.local/lib/python3.8/site-packages/airflow/example_dags/example_branch_labels.py took 0.189 seconds
[2024-07-01T20:17:55.972+0000] {processor.py:161} INFO - Started process (PID=1042) to work on /home/airflow/.local/lib/python3.8/site-packages/airflow/example_dags/example_branch_labels.py
[2024-07-01T20:17:55.974+0000] {processor.py:830} INFO - Processing file /home/airflow/.local/lib/python3.8/site-packages/airflow/example_dags/example_branch_labels.py for tasks to queue
[2024-07-01T20:17:55.977+0000] {logging_mixin.py:188} INFO - [2024-07-01T20:17:55.977+0000] {dagbag.py:538} INFO - Filling up the DagBag from /home/airflow/.local/lib/python3.8/site-packages/airflow/example_dags/example_branch_labels.py
[2024-07-01T20:17:55.994+0000] {processor.py:840} INFO - DAG(s) 'example_branch_labels' retrieved from /home/airflow/.local/lib/python3.8/site-packages/airflow/example_dags/example_branch_labels.py
[2024-07-01T20:17:56.035+0000] {logging_mixin.py:188} INFO - [2024-07-01T20:17:56.035+0000] {dag.py:3036} INFO - Sync 1 DAGs
[2024-07-01T20:17:56.080+0000] {logging_mixin.py:188} INFO - [2024-07-01T20:17:56.080+0000] {dag.py:3823} INFO - Setting next_dagrun for example_branch_labels to 2024-06-30 00:00:00+00:00, run_after=2024-07-01 00:00:00+00:00
[2024-07-01T20:17:56.124+0000] {processor.py:183} INFO - Processing /home/airflow/.local/lib/python3.8/site-packages/airflow/example_dags/example_branch_labels.py took 0.159 seconds
[2024-07-01T20:18:26.344+0000] {processor.py:161} INFO - Started process (PID=1097) to work on /home/airflow/.local/lib/python3.8/site-packages/airflow/example_dags/example_branch_labels.py
[2024-07-01T20:18:26.346+0000] {processor.py:830} INFO - Processing file /home/airflow/.local/lib/python3.8/site-packages/airflow/example_dags/example_branch_labels.py for tasks to queue
[2024-07-01T20:18:26.350+0000] {logging_mixin.py:188} INFO - [2024-07-01T20:18:26.350+0000] {dagbag.py:538} INFO - Filling up the DagBag from /home/airflow/.local/lib/python3.8/site-packages/airflow/example_dags/example_branch_labels.py
[2024-07-01T20:18:26.366+0000] {processor.py:840} INFO - DAG(s) 'example_branch_labels' retrieved from /home/airflow/.local/lib/python3.8/site-packages/airflow/example_dags/example_branch_labels.py
[2024-07-01T20:18:26.409+0000] {logging_mixin.py:188} INFO - [2024-07-01T20:18:26.409+0000] {dag.py:3036} INFO - Sync 1 DAGs
[2024-07-01T20:18:26.456+0000] {logging_mixin.py:188} INFO - [2024-07-01T20:18:26.456+0000] {dag.py:3823} INFO - Setting next_dagrun for example_branch_labels to 2024-06-30 00:00:00+00:00, run_after=2024-07-01 00:00:00+00:00
[2024-07-01T20:18:26.507+0000] {processor.py:183} INFO - Processing /home/airflow/.local/lib/python3.8/site-packages/airflow/example_dags/example_branch_labels.py took 0.168 seconds
[2024-07-01T20:18:57.052+0000] {processor.py:161} INFO - Started process (PID=1152) to work on /home/airflow/.local/lib/python3.8/site-packages/airflow/example_dags/example_branch_labels.py
[2024-07-01T20:18:57.054+0000] {processor.py:830} INFO - Processing file /home/airflow/.local/lib/python3.8/site-packages/airflow/example_dags/example_branch_labels.py for tasks to queue
[2024-07-01T20:18:57.059+0000] {logging_mixin.py:188} INFO - [2024-07-01T20:18:57.058+0000] {dagbag.py:538} INFO - Filling up the DagBag from /home/airflow/.local/lib/python3.8/site-packages/airflow/example_dags/example_branch_labels.py
[2024-07-01T20:18:57.078+0000] {processor.py:840} INFO - DAG(s) 'example_branch_labels' retrieved from /home/airflow/.local/lib/python3.8/site-packages/airflow/example_dags/example_branch_labels.py
[2024-07-01T20:18:57.126+0000] {logging_mixin.py:188} INFO - [2024-07-01T20:18:57.126+0000] {dag.py:3036} INFO - Sync 1 DAGs
[2024-07-01T20:18:57.180+0000] {logging_mixin.py:188} INFO - [2024-07-01T20:18:57.180+0000] {dag.py:3823} INFO - Setting next_dagrun for example_branch_labels to 2024-06-30 00:00:00+00:00, run_after=2024-07-01 00:00:00+00:00
[2024-07-01T20:18:57.222+0000] {processor.py:183} INFO - Processing /home/airflow/.local/lib/python3.8/site-packages/airflow/example_dags/example_branch_labels.py took 0.177 seconds
[2024-07-01T20:19:27.876+0000] {processor.py:161} INFO - Started process (PID=1207) to work on /home/airflow/.local/lib/python3.8/site-packages/airflow/example_dags/example_branch_labels.py
[2024-07-01T20:19:27.878+0000] {processor.py:830} INFO - Processing file /home/airflow/.local/lib/python3.8/site-packages/airflow/example_dags/example_branch_labels.py for tasks to queue
[2024-07-01T20:19:27.881+0000] {logging_mixin.py:188} INFO - [2024-07-01T20:19:27.881+0000] {dagbag.py:538} INFO - Filling up the DagBag from /home/airflow/.local/lib/python3.8/site-packages/airflow/example_dags/example_branch_labels.py
[2024-07-01T20:19:27.899+0000] {processor.py:840} INFO - DAG(s) 'example_branch_labels' retrieved from /home/airflow/.local/lib/python3.8/site-packages/airflow/example_dags/example_branch_labels.py
[2024-07-01T20:19:27.947+0000] {logging_mixin.py:188} INFO - [2024-07-01T20:19:27.947+0000] {dag.py:3036} INFO - Sync 1 DAGs
[2024-07-01T20:19:28.012+0000] {logging_mixin.py:188} INFO - [2024-07-01T20:19:28.012+0000] {dag.py:3823} INFO - Setting next_dagrun for example_branch_labels to 2024-06-30 00:00:00+00:00, run_after=2024-07-01 00:00:00+00:00
[2024-07-01T20:19:28.070+0000] {processor.py:183} INFO - Processing /home/airflow/.local/lib/python3.8/site-packages/airflow/example_dags/example_branch_labels.py took 0.201 seconds
[2024-07-01T20:19:58.709+0000] {processor.py:161} INFO - Started process (PID=1260) to work on /home/airflow/.local/lib/python3.8/site-packages/airflow/example_dags/example_branch_labels.py
[2024-07-01T20:19:58.711+0000] {processor.py:830} INFO - Processing file /home/airflow/.local/lib/python3.8/site-packages/airflow/example_dags/example_branch_labels.py for tasks to queue
[2024-07-01T20:19:58.715+0000] {logging_mixin.py:188} INFO - [2024-07-01T20:19:58.715+0000] {dagbag.py:538} INFO - Filling up the DagBag from /home/airflow/.local/lib/python3.8/site-packages/airflow/example_dags/example_branch_labels.py
[2024-07-01T20:19:58.735+0000] {processor.py:840} INFO - DAG(s) 'example_branch_labels' retrieved from /home/airflow/.local/lib/python3.8/site-packages/airflow/example_dags/example_branch_labels.py
[2024-07-01T20:19:58.788+0000] {logging_mixin.py:188} INFO - [2024-07-01T20:19:58.787+0000] {dag.py:3036} INFO - Sync 1 DAGs
[2024-07-01T20:19:58.840+0000] {logging_mixin.py:188} INFO - [2024-07-01T20:19:58.839+0000] {dag.py:3823} INFO - Setting next_dagrun for example_branch_labels to 2024-06-30 00:00:00+00:00, run_after=2024-07-01 00:00:00+00:00
[2024-07-01T20:19:58.887+0000] {processor.py:183} INFO - Processing /home/airflow/.local/lib/python3.8/site-packages/airflow/example_dags/example_branch_labels.py took 0.187 seconds
[2024-07-01T20:20:29.293+0000] {processor.py:161} INFO - Started process (PID=1315) to work on /home/airflow/.local/lib/python3.8/site-packages/airflow/example_dags/example_branch_labels.py
[2024-07-01T20:20:29.294+0000] {processor.py:830} INFO - Processing file /home/airflow/.local/lib/python3.8/site-packages/airflow/example_dags/example_branch_labels.py for tasks to queue
[2024-07-01T20:20:29.298+0000] {logging_mixin.py:188} INFO - [2024-07-01T20:20:29.298+0000] {dagbag.py:538} INFO - Filling up the DagBag from /home/airflow/.local/lib/python3.8/site-packages/airflow/example_dags/example_branch_labels.py
[2024-07-01T20:20:29.315+0000] {processor.py:840} INFO - DAG(s) 'example_branch_labels' retrieved from /home/airflow/.local/lib/python3.8/site-packages/airflow/example_dags/example_branch_labels.py
[2024-07-01T20:20:29.356+0000] {logging_mixin.py:188} INFO - [2024-07-01T20:20:29.356+0000] {dag.py:3036} INFO - Sync 1 DAGs
[2024-07-01T20:20:29.401+0000] {logging_mixin.py:188} INFO - [2024-07-01T20:20:29.401+0000] {dag.py:3823} INFO - Setting next_dagrun for example_branch_labels to 2024-06-30 00:00:00+00:00, run_after=2024-07-01 00:00:00+00:00
[2024-07-01T20:20:29.447+0000] {processor.py:183} INFO - Processing /home/airflow/.local/lib/python3.8/site-packages/airflow/example_dags/example_branch_labels.py took 0.160 seconds
[2024-07-01T20:21:00.027+0000] {processor.py:161} INFO - Started process (PID=1370) to work on /home/airflow/.local/lib/python3.8/site-packages/airflow/example_dags/example_branch_labels.py
[2024-07-01T20:21:00.029+0000] {processor.py:830} INFO - Processing file /home/airflow/.local/lib/python3.8/site-packages/airflow/example_dags/example_branch_labels.py for tasks to queue
[2024-07-01T20:21:00.033+0000] {logging_mixin.py:188} INFO - [2024-07-01T20:21:00.032+0000] {dagbag.py:538} INFO - Filling up the DagBag from /home/airflow/.local/lib/python3.8/site-packages/airflow/example_dags/example_branch_labels.py
[2024-07-01T20:21:00.053+0000] {processor.py:840} INFO - DAG(s) 'example_branch_labels' retrieved from /home/airflow/.local/lib/python3.8/site-packages/airflow/example_dags/example_branch_labels.py
[2024-07-01T20:21:00.098+0000] {logging_mixin.py:188} INFO - [2024-07-01T20:21:00.098+0000] {dag.py:3036} INFO - Sync 1 DAGs
[2024-07-01T20:21:00.150+0000] {logging_mixin.py:188} INFO - [2024-07-01T20:21:00.150+0000] {dag.py:3823} INFO - Setting next_dagrun for example_branch_labels to 2024-06-30 00:00:00+00:00, run_after=2024-07-01 00:00:00+00:00
[2024-07-01T20:21:00.195+0000] {processor.py:183} INFO - Processing /home/airflow/.local/lib/python3.8/site-packages/airflow/example_dags/example_branch_labels.py took 0.177 seconds
[2024-07-01T20:21:31.343+0000] {processor.py:161} INFO - Started process (PID=1425) to work on /home/airflow/.local/lib/python3.8/site-packages/airflow/example_dags/example_branch_labels.py
[2024-07-01T20:21:31.346+0000] {processor.py:830} INFO - Processing file /home/airflow/.local/lib/python3.8/site-packages/airflow/example_dags/example_branch_labels.py for tasks to queue
[2024-07-01T20:21:31.353+0000] {logging_mixin.py:188} INFO - [2024-07-01T20:21:31.352+0000] {dagbag.py:538} INFO - Filling up the DagBag from /home/airflow/.local/lib/python3.8/site-packages/airflow/example_dags/example_branch_labels.py
[2024-07-01T20:21:31.375+0000] {processor.py:840} INFO - DAG(s) 'example_branch_labels' retrieved from /home/airflow/.local/lib/python3.8/site-packages/airflow/example_dags/example_branch_labels.py
[2024-07-01T20:21:31.457+0000] {logging_mixin.py:188} INFO - [2024-07-01T20:21:31.456+0000] {dag.py:3036} INFO - Sync 1 DAGs
[2024-07-01T20:21:31.552+0000] {logging_mixin.py:188} INFO - [2024-07-01T20:21:31.551+0000] {dag.py:3823} INFO - Setting next_dagrun for example_branch_labels to 2024-06-30 00:00:00+00:00, run_after=2024-07-01 00:00:00+00:00
[2024-07-01T20:21:31.620+0000] {processor.py:183} INFO - Processing /home/airflow/.local/lib/python3.8/site-packages/airflow/example_dags/example_branch_labels.py took 0.287 seconds
[2024-07-01T20:22:01.902+0000] {processor.py:161} INFO - Started process (PID=1480) to work on /home/airflow/.local/lib/python3.8/site-packages/airflow/example_dags/example_branch_labels.py
[2024-07-01T20:22:01.905+0000] {processor.py:830} INFO - Processing file /home/airflow/.local/lib/python3.8/site-packages/airflow/example_dags/example_branch_labels.py for tasks to queue
[2024-07-01T20:22:01.909+0000] {logging_mixin.py:188} INFO - [2024-07-01T20:22:01.908+0000] {dagbag.py:538} INFO - Filling up the DagBag from /home/airflow/.local/lib/python3.8/site-packages/airflow/example_dags/example_branch_labels.py
[2024-07-01T20:22:01.926+0000] {processor.py:840} INFO - DAG(s) 'example_branch_labels' retrieved from /home/airflow/.local/lib/python3.8/site-packages/airflow/example_dags/example_branch_labels.py
[2024-07-01T20:22:01.968+0000] {logging_mixin.py:188} INFO - [2024-07-01T20:22:01.967+0000] {dag.py:3036} INFO - Sync 1 DAGs
[2024-07-01T20:22:02.013+0000] {logging_mixin.py:188} INFO - [2024-07-01T20:22:02.013+0000] {dag.py:3823} INFO - Setting next_dagrun for example_branch_labels to 2024-06-30 00:00:00+00:00, run_after=2024-07-01 00:00:00+00:00
[2024-07-01T20:22:02.053+0000] {processor.py:183} INFO - Processing /home/airflow/.local/lib/python3.8/site-packages/airflow/example_dags/example_branch_labels.py took 0.156 seconds
[2024-07-01T20:22:32.250+0000] {processor.py:161} INFO - Started process (PID=1535) to work on /home/airflow/.local/lib/python3.8/site-packages/airflow/example_dags/example_branch_labels.py
[2024-07-01T20:22:32.252+0000] {processor.py:830} INFO - Processing file /home/airflow/.local/lib/python3.8/site-packages/airflow/example_dags/example_branch_labels.py for tasks to queue
[2024-07-01T20:22:32.256+0000] {logging_mixin.py:188} INFO - [2024-07-01T20:22:32.255+0000] {dagbag.py:538} INFO - Filling up the DagBag from /home/airflow/.local/lib/python3.8/site-packages/airflow/example_dags/example_branch_labels.py
[2024-07-01T20:22:32.272+0000] {processor.py:840} INFO - DAG(s) 'example_branch_labels' retrieved from /home/airflow/.local/lib/python3.8/site-packages/airflow/example_dags/example_branch_labels.py
[2024-07-01T20:22:32.315+0000] {logging_mixin.py:188} INFO - [2024-07-01T20:22:32.315+0000] {dag.py:3036} INFO - Sync 1 DAGs
[2024-07-01T20:22:32.365+0000] {logging_mixin.py:188} INFO - [2024-07-01T20:22:32.364+0000] {dag.py:3823} INFO - Setting next_dagrun for example_branch_labels to 2024-06-30 00:00:00+00:00, run_after=2024-07-01 00:00:00+00:00
[2024-07-01T20:22:32.417+0000] {processor.py:183} INFO - Processing /home/airflow/.local/lib/python3.8/site-packages/airflow/example_dags/example_branch_labels.py took 0.175 seconds
[2024-07-01T20:23:03.000+0000] {processor.py:161} INFO - Started process (PID=1590) to work on /home/airflow/.local/lib/python3.8/site-packages/airflow/example_dags/example_branch_labels.py
[2024-07-01T20:23:03.002+0000] {processor.py:830} INFO - Processing file /home/airflow/.local/lib/python3.8/site-packages/airflow/example_dags/example_branch_labels.py for tasks to queue
[2024-07-01T20:23:03.006+0000] {logging_mixin.py:188} INFO - [2024-07-01T20:23:03.006+0000] {dagbag.py:538} INFO - Filling up the DagBag from /home/airflow/.local/lib/python3.8/site-packages/airflow/example_dags/example_branch_labels.py
[2024-07-01T20:23:03.026+0000] {processor.py:840} INFO - DAG(s) 'example_branch_labels' retrieved from /home/airflow/.local/lib/python3.8/site-packages/airflow/example_dags/example_branch_labels.py
[2024-07-01T20:23:03.082+0000] {logging_mixin.py:188} INFO - [2024-07-01T20:23:03.081+0000] {dag.py:3036} INFO - Sync 1 DAGs
[2024-07-01T20:23:03.144+0000] {logging_mixin.py:188} INFO - [2024-07-01T20:23:03.143+0000] {dag.py:3823} INFO - Setting next_dagrun for example_branch_labels to 2024-06-30 00:00:00+00:00, run_after=2024-07-01 00:00:00+00:00
[2024-07-01T20:23:03.191+0000] {processor.py:183} INFO - Processing /home/airflow/.local/lib/python3.8/site-packages/airflow/example_dags/example_branch_labels.py took 0.198 seconds
[2024-07-01T20:23:33.374+0000] {processor.py:161} INFO - Started process (PID=1645) to work on /home/airflow/.local/lib/python3.8/site-packages/airflow/example_dags/example_branch_labels.py
[2024-07-01T20:23:33.376+0000] {processor.py:830} INFO - Processing file /home/airflow/.local/lib/python3.8/site-packages/airflow/example_dags/example_branch_labels.py for tasks to queue
[2024-07-01T20:23:33.380+0000] {logging_mixin.py:188} INFO - [2024-07-01T20:23:33.379+0000] {dagbag.py:538} INFO - Filling up the DagBag from /home/airflow/.local/lib/python3.8/site-packages/airflow/example_dags/example_branch_labels.py
[2024-07-01T20:23:33.396+0000] {processor.py:840} INFO - DAG(s) 'example_branch_labels' retrieved from /home/airflow/.local/lib/python3.8/site-packages/airflow/example_dags/example_branch_labels.py
[2024-07-01T20:23:33.439+0000] {logging_mixin.py:188} INFO - [2024-07-01T20:23:33.438+0000] {dag.py:3036} INFO - Sync 1 DAGs
[2024-07-01T20:23:33.501+0000] {logging_mixin.py:188} INFO - [2024-07-01T20:23:33.499+0000] {dag.py:3823} INFO - Setting next_dagrun for example_branch_labels to 2024-06-30 00:00:00+00:00, run_after=2024-07-01 00:00:00+00:00
[2024-07-01T20:23:33.551+0000] {processor.py:183} INFO - Processing /home/airflow/.local/lib/python3.8/site-packages/airflow/example_dags/example_branch_labels.py took 0.183 seconds
[2024-07-01T20:24:03.820+0000] {processor.py:161} INFO - Started process (PID=1700) to work on /home/airflow/.local/lib/python3.8/site-packages/airflow/example_dags/example_branch_labels.py
[2024-07-01T20:24:03.823+0000] {processor.py:830} INFO - Processing file /home/airflow/.local/lib/python3.8/site-packages/airflow/example_dags/example_branch_labels.py for tasks to queue
[2024-07-01T20:24:03.828+0000] {logging_mixin.py:188} INFO - [2024-07-01T20:24:03.827+0000] {dagbag.py:538} INFO - Filling up the DagBag from /home/airflow/.local/lib/python3.8/site-packages/airflow/example_dags/example_branch_labels.py
[2024-07-01T20:24:03.851+0000] {processor.py:840} INFO - DAG(s) 'example_branch_labels' retrieved from /home/airflow/.local/lib/python3.8/site-packages/airflow/example_dags/example_branch_labels.py
[2024-07-01T20:24:03.903+0000] {logging_mixin.py:188} INFO - [2024-07-01T20:24:03.903+0000] {dag.py:3036} INFO - Sync 1 DAGs
[2024-07-01T20:24:03.964+0000] {logging_mixin.py:188} INFO - [2024-07-01T20:24:03.963+0000] {dag.py:3823} INFO - Setting next_dagrun for example_branch_labels to 2024-06-30 00:00:00+00:00, run_after=2024-07-01 00:00:00+00:00
[2024-07-01T20:24:04.018+0000] {processor.py:183} INFO - Processing /home/airflow/.local/lib/python3.8/site-packages/airflow/example_dags/example_branch_labels.py took 0.211 seconds
[2024-07-01T20:24:34.382+0000] {processor.py:161} INFO - Started process (PID=1755) to work on /home/airflow/.local/lib/python3.8/site-packages/airflow/example_dags/example_branch_labels.py
[2024-07-01T20:24:34.384+0000] {processor.py:830} INFO - Processing file /home/airflow/.local/lib/python3.8/site-packages/airflow/example_dags/example_branch_labels.py for tasks to queue
[2024-07-01T20:24:34.387+0000] {logging_mixin.py:188} INFO - [2024-07-01T20:24:34.387+0000] {dagbag.py:538} INFO - Filling up the DagBag from /home/airflow/.local/lib/python3.8/site-packages/airflow/example_dags/example_branch_labels.py
[2024-07-01T20:24:34.404+0000] {processor.py:840} INFO - DAG(s) 'example_branch_labels' retrieved from /home/airflow/.local/lib/python3.8/site-packages/airflow/example_dags/example_branch_labels.py
[2024-07-01T20:24:34.446+0000] {logging_mixin.py:188} INFO - [2024-07-01T20:24:34.446+0000] {dag.py:3036} INFO - Sync 1 DAGs
[2024-07-01T20:24:34.494+0000] {logging_mixin.py:188} INFO - [2024-07-01T20:24:34.494+0000] {dag.py:3823} INFO - Setting next_dagrun for example_branch_labels to 2024-06-30 00:00:00+00:00, run_after=2024-07-01 00:00:00+00:00
[2024-07-01T20:24:34.532+0000] {processor.py:183} INFO - Processing /home/airflow/.local/lib/python3.8/site-packages/airflow/example_dags/example_branch_labels.py took 0.158 seconds
[2024-07-01T20:25:05.620+0000] {processor.py:161} INFO - Started process (PID=1810) to work on /home/airflow/.local/lib/python3.8/site-packages/airflow/example_dags/example_branch_labels.py
[2024-07-01T20:25:05.622+0000] {processor.py:830} INFO - Processing file /home/airflow/.local/lib/python3.8/site-packages/airflow/example_dags/example_branch_labels.py for tasks to queue
[2024-07-01T20:25:05.628+0000] {logging_mixin.py:188} INFO - [2024-07-01T20:25:05.627+0000] {dagbag.py:538} INFO - Filling up the DagBag from /home/airflow/.local/lib/python3.8/site-packages/airflow/example_dags/example_branch_labels.py
[2024-07-01T20:25:05.657+0000] {processor.py:840} INFO - DAG(s) 'example_branch_labels' retrieved from /home/airflow/.local/lib/python3.8/site-packages/airflow/example_dags/example_branch_labels.py
[2024-07-01T20:25:05.718+0000] {logging_mixin.py:188} INFO - [2024-07-01T20:25:05.718+0000] {dag.py:3036} INFO - Sync 1 DAGs
[2024-07-01T20:25:05.796+0000] {logging_mixin.py:188} INFO - [2024-07-01T20:25:05.795+0000] {dag.py:3823} INFO - Setting next_dagrun for example_branch_labels to 2024-06-30 00:00:00+00:00, run_after=2024-07-01 00:00:00+00:00
[2024-07-01T20:25:05.866+0000] {processor.py:183} INFO - Processing /home/airflow/.local/lib/python3.8/site-packages/airflow/example_dags/example_branch_labels.py took 0.253 seconds
