[2024-07-01T20:08:44.602+0000] {processor.py:161} INFO - Started process (PID=47) to work on /home/airflow/.local/lib/python3.8/site-packages/airflow/example_dags/example_short_circuit_operator.py
[2024-07-01T20:08:44.603+0000] {processor.py:830} INFO - Processing file /home/airflow/.local/lib/python3.8/site-packages/airflow/example_dags/example_short_circuit_operator.py for tasks to queue
[2024-07-01T20:08:44.609+0000] {logging_mixin.py:188} INFO - [2024-07-01T20:08:44.608+0000] {dagbag.py:538} INFO - Filling up the DagBag from /home/airflow/.local/lib/python3.8/site-packages/airflow/example_dags/example_short_circuit_operator.py
[2024-07-01T20:08:44.630+0000] {processor.py:840} INFO - DAG(s) 'example_short_circuit_operator' retrieved from /home/airflow/.local/lib/python3.8/site-packages/airflow/example_dags/example_short_circuit_operator.py
[2024-07-01T20:08:44.972+0000] {logging_mixin.py:188} INFO - [2024-07-01T20:08:44.972+0000] {dag.py:3036} INFO - Sync 1 DAGs
[2024-07-01T20:08:45.030+0000] {logging_mixin.py:188} INFO - [2024-07-01T20:08:45.029+0000] {dag.py:3823} INFO - Setting next_dagrun for example_short_circuit_operator to 2024-06-30 00:00:00+00:00, run_after=2024-07-01 00:00:00+00:00
[2024-07-01T20:08:45.084+0000] {processor.py:183} INFO - Processing /home/airflow/.local/lib/python3.8/site-packages/airflow/example_dags/example_short_circuit_operator.py took 0.490 seconds
[2024-07-01T20:09:16.030+0000] {processor.py:161} INFO - Started process (PID=102) to work on /home/airflow/.local/lib/python3.8/site-packages/airflow/example_dags/example_short_circuit_operator.py
[2024-07-01T20:09:16.032+0000] {processor.py:830} INFO - Processing file /home/airflow/.local/lib/python3.8/site-packages/airflow/example_dags/example_short_circuit_operator.py for tasks to queue
[2024-07-01T20:09:16.036+0000] {logging_mixin.py:188} INFO - [2024-07-01T20:09:16.035+0000] {dagbag.py:538} INFO - Filling up the DagBag from /home/airflow/.local/lib/python3.8/site-packages/airflow/example_dags/example_short_circuit_operator.py
[2024-07-01T20:09:16.056+0000] {processor.py:840} INFO - DAG(s) 'example_short_circuit_operator' retrieved from /home/airflow/.local/lib/python3.8/site-packages/airflow/example_dags/example_short_circuit_operator.py
[2024-07-01T20:09:16.109+0000] {logging_mixin.py:188} INFO - [2024-07-01T20:09:16.108+0000] {dag.py:3036} INFO - Sync 1 DAGs
[2024-07-01T20:09:16.152+0000] {logging_mixin.py:188} INFO - [2024-07-01T20:09:16.152+0000] {dag.py:3823} INFO - Setting next_dagrun for example_short_circuit_operator to 2024-06-30 00:00:00+00:00, run_after=2024-07-01 00:00:00+00:00
[2024-07-01T20:09:16.201+0000] {processor.py:183} INFO - Processing /home/airflow/.local/lib/python3.8/site-packages/airflow/example_dags/example_short_circuit_operator.py took 0.177 seconds
[2024-07-01T20:09:46.389+0000] {processor.py:161} INFO - Started process (PID=157) to work on /home/airflow/.local/lib/python3.8/site-packages/airflow/example_dags/example_short_circuit_operator.py
[2024-07-01T20:09:46.391+0000] {processor.py:830} INFO - Processing file /home/airflow/.local/lib/python3.8/site-packages/airflow/example_dags/example_short_circuit_operator.py for tasks to queue
[2024-07-01T20:09:46.396+0000] {logging_mixin.py:188} INFO - [2024-07-01T20:09:46.395+0000] {dagbag.py:538} INFO - Filling up the DagBag from /home/airflow/.local/lib/python3.8/site-packages/airflow/example_dags/example_short_circuit_operator.py
[2024-07-01T20:09:46.413+0000] {processor.py:840} INFO - DAG(s) 'example_short_circuit_operator' retrieved from /home/airflow/.local/lib/python3.8/site-packages/airflow/example_dags/example_short_circuit_operator.py
[2024-07-01T20:09:46.460+0000] {logging_mixin.py:188} INFO - [2024-07-01T20:09:46.459+0000] {dag.py:3036} INFO - Sync 1 DAGs
[2024-07-01T20:09:46.502+0000] {logging_mixin.py:188} INFO - [2024-07-01T20:09:46.501+0000] {dag.py:3823} INFO - Setting next_dagrun for example_short_circuit_operator to 2024-06-30 00:00:00+00:00, run_after=2024-07-01 00:00:00+00:00
[2024-07-01T20:09:46.540+0000] {processor.py:183} INFO - Processing /home/airflow/.local/lib/python3.8/site-packages/airflow/example_dags/example_short_circuit_operator.py took 0.159 seconds
[2024-07-01T20:10:16.725+0000] {processor.py:161} INFO - Started process (PID=212) to work on /home/airflow/.local/lib/python3.8/site-packages/airflow/example_dags/example_short_circuit_operator.py
[2024-07-01T20:10:16.727+0000] {processor.py:830} INFO - Processing file /home/airflow/.local/lib/python3.8/site-packages/airflow/example_dags/example_short_circuit_operator.py for tasks to queue
[2024-07-01T20:10:16.731+0000] {logging_mixin.py:188} INFO - [2024-07-01T20:10:16.730+0000] {dagbag.py:538} INFO - Filling up the DagBag from /home/airflow/.local/lib/python3.8/site-packages/airflow/example_dags/example_short_circuit_operator.py
[2024-07-01T20:10:16.745+0000] {processor.py:840} INFO - DAG(s) 'example_short_circuit_operator' retrieved from /home/airflow/.local/lib/python3.8/site-packages/airflow/example_dags/example_short_circuit_operator.py
[2024-07-01T20:10:16.800+0000] {logging_mixin.py:188} INFO - [2024-07-01T20:10:16.799+0000] {dag.py:3036} INFO - Sync 1 DAGs
[2024-07-01T20:10:16.886+0000] {logging_mixin.py:188} INFO - [2024-07-01T20:10:16.886+0000] {dag.py:3823} INFO - Setting next_dagrun for example_short_circuit_operator to 2024-06-30 00:00:00+00:00, run_after=2024-07-01 00:00:00+00:00
[2024-07-01T20:10:16.944+0000] {processor.py:183} INFO - Processing /home/airflow/.local/lib/python3.8/site-packages/airflow/example_dags/example_short_circuit_operator.py took 0.225 seconds
[2024-07-01T20:10:47.353+0000] {processor.py:161} INFO - Started process (PID=268) to work on /home/airflow/.local/lib/python3.8/site-packages/airflow/example_dags/example_short_circuit_operator.py
[2024-07-01T20:10:47.355+0000] {processor.py:830} INFO - Processing file /home/airflow/.local/lib/python3.8/site-packages/airflow/example_dags/example_short_circuit_operator.py for tasks to queue
[2024-07-01T20:10:47.359+0000] {logging_mixin.py:188} INFO - [2024-07-01T20:10:47.358+0000] {dagbag.py:538} INFO - Filling up the DagBag from /home/airflow/.local/lib/python3.8/site-packages/airflow/example_dags/example_short_circuit_operator.py
[2024-07-01T20:10:47.373+0000] {processor.py:840} INFO - DAG(s) 'example_short_circuit_operator' retrieved from /home/airflow/.local/lib/python3.8/site-packages/airflow/example_dags/example_short_circuit_operator.py
[2024-07-01T20:10:47.420+0000] {logging_mixin.py:188} INFO - [2024-07-01T20:10:47.419+0000] {dag.py:3036} INFO - Sync 1 DAGs
[2024-07-01T20:10:47.462+0000] {logging_mixin.py:188} INFO - [2024-07-01T20:10:47.461+0000] {dag.py:3823} INFO - Setting next_dagrun for example_short_circuit_operator to 2024-06-30 00:00:00+00:00, run_after=2024-07-01 00:00:00+00:00
[2024-07-01T20:10:47.498+0000] {processor.py:183} INFO - Processing /home/airflow/.local/lib/python3.8/site-packages/airflow/example_dags/example_short_circuit_operator.py took 0.151 seconds
[2024-07-01T20:11:18.064+0000] {processor.py:161} INFO - Started process (PID=322) to work on /home/airflow/.local/lib/python3.8/site-packages/airflow/example_dags/example_short_circuit_operator.py
[2024-07-01T20:11:18.066+0000] {processor.py:830} INFO - Processing file /home/airflow/.local/lib/python3.8/site-packages/airflow/example_dags/example_short_circuit_operator.py for tasks to queue
[2024-07-01T20:11:18.070+0000] {logging_mixin.py:188} INFO - [2024-07-01T20:11:18.069+0000] {dagbag.py:538} INFO - Filling up the DagBag from /home/airflow/.local/lib/python3.8/site-packages/airflow/example_dags/example_short_circuit_operator.py
[2024-07-01T20:11:18.085+0000] {processor.py:840} INFO - DAG(s) 'example_short_circuit_operator' retrieved from /home/airflow/.local/lib/python3.8/site-packages/airflow/example_dags/example_short_circuit_operator.py
[2024-07-01T20:11:18.132+0000] {logging_mixin.py:188} INFO - [2024-07-01T20:11:18.131+0000] {dag.py:3036} INFO - Sync 1 DAGs
[2024-07-01T20:11:18.178+0000] {logging_mixin.py:188} INFO - [2024-07-01T20:11:18.178+0000] {dag.py:3823} INFO - Setting next_dagrun for example_short_circuit_operator to 2024-06-30 00:00:00+00:00, run_after=2024-07-01 00:00:00+00:00
[2024-07-01T20:11:18.221+0000] {processor.py:183} INFO - Processing /home/airflow/.local/lib/python3.8/site-packages/airflow/example_dags/example_short_circuit_operator.py took 0.167 seconds
[2024-07-01T20:11:48.357+0000] {processor.py:161} INFO - Started process (PID=377) to work on /home/airflow/.local/lib/python3.8/site-packages/airflow/example_dags/example_short_circuit_operator.py
[2024-07-01T20:11:48.359+0000] {processor.py:830} INFO - Processing file /home/airflow/.local/lib/python3.8/site-packages/airflow/example_dags/example_short_circuit_operator.py for tasks to queue
[2024-07-01T20:11:48.363+0000] {logging_mixin.py:188} INFO - [2024-07-01T20:11:48.362+0000] {dagbag.py:538} INFO - Filling up the DagBag from /home/airflow/.local/lib/python3.8/site-packages/airflow/example_dags/example_short_circuit_operator.py
[2024-07-01T20:11:48.379+0000] {processor.py:840} INFO - DAG(s) 'example_short_circuit_operator' retrieved from /home/airflow/.local/lib/python3.8/site-packages/airflow/example_dags/example_short_circuit_operator.py
[2024-07-01T20:11:48.425+0000] {logging_mixin.py:188} INFO - [2024-07-01T20:11:48.425+0000] {dag.py:3036} INFO - Sync 1 DAGs
[2024-07-01T20:11:48.468+0000] {logging_mixin.py:188} INFO - [2024-07-01T20:11:48.467+0000] {dag.py:3823} INFO - Setting next_dagrun for example_short_circuit_operator to 2024-06-30 00:00:00+00:00, run_after=2024-07-01 00:00:00+00:00
[2024-07-01T20:11:48.505+0000] {processor.py:183} INFO - Processing /home/airflow/.local/lib/python3.8/site-packages/airflow/example_dags/example_short_circuit_operator.py took 0.154 seconds
[2024-07-01T20:12:18.652+0000] {processor.py:161} INFO - Started process (PID=432) to work on /home/airflow/.local/lib/python3.8/site-packages/airflow/example_dags/example_short_circuit_operator.py
[2024-07-01T20:12:18.654+0000] {processor.py:830} INFO - Processing file /home/airflow/.local/lib/python3.8/site-packages/airflow/example_dags/example_short_circuit_operator.py for tasks to queue
[2024-07-01T20:12:18.658+0000] {logging_mixin.py:188} INFO - [2024-07-01T20:12:18.658+0000] {dagbag.py:538} INFO - Filling up the DagBag from /home/airflow/.local/lib/python3.8/site-packages/airflow/example_dags/example_short_circuit_operator.py
[2024-07-01T20:12:18.675+0000] {processor.py:840} INFO - DAG(s) 'example_short_circuit_operator' retrieved from /home/airflow/.local/lib/python3.8/site-packages/airflow/example_dags/example_short_circuit_operator.py
[2024-07-01T20:12:18.721+0000] {logging_mixin.py:188} INFO - [2024-07-01T20:12:18.720+0000] {dag.py:3036} INFO - Sync 1 DAGs
[2024-07-01T20:12:18.763+0000] {logging_mixin.py:188} INFO - [2024-07-01T20:12:18.763+0000] {dag.py:3823} INFO - Setting next_dagrun for example_short_circuit_operator to 2024-06-30 00:00:00+00:00, run_after=2024-07-01 00:00:00+00:00
[2024-07-01T20:12:18.805+0000] {processor.py:183} INFO - Processing /home/airflow/.local/lib/python3.8/site-packages/airflow/example_dags/example_short_circuit_operator.py took 0.160 seconds
[2024-07-01T20:12:49.013+0000] {processor.py:161} INFO - Started process (PID=487) to work on /home/airflow/.local/lib/python3.8/site-packages/airflow/example_dags/example_short_circuit_operator.py
[2024-07-01T20:12:49.016+0000] {processor.py:830} INFO - Processing file /home/airflow/.local/lib/python3.8/site-packages/airflow/example_dags/example_short_circuit_operator.py for tasks to queue
[2024-07-01T20:12:49.021+0000] {logging_mixin.py:188} INFO - [2024-07-01T20:12:49.021+0000] {dagbag.py:538} INFO - Filling up the DagBag from /home/airflow/.local/lib/python3.8/site-packages/airflow/example_dags/example_short_circuit_operator.py
[2024-07-01T20:12:49.042+0000] {processor.py:840} INFO - DAG(s) 'example_short_circuit_operator' retrieved from /home/airflow/.local/lib/python3.8/site-packages/airflow/example_dags/example_short_circuit_operator.py
[2024-07-01T20:12:49.098+0000] {logging_mixin.py:188} INFO - [2024-07-01T20:12:49.097+0000] {dag.py:3036} INFO - Sync 1 DAGs
[2024-07-01T20:12:49.156+0000] {logging_mixin.py:188} INFO - [2024-07-01T20:12:49.156+0000] {dag.py:3823} INFO - Setting next_dagrun for example_short_circuit_operator to 2024-06-30 00:00:00+00:00, run_after=2024-07-01 00:00:00+00:00
[2024-07-01T20:12:49.201+0000] {processor.py:183} INFO - Processing /home/airflow/.local/lib/python3.8/site-packages/airflow/example_dags/example_short_circuit_operator.py took 0.196 seconds
[2024-07-01T20:13:19.540+0000] {processor.py:161} INFO - Started process (PID=542) to work on /home/airflow/.local/lib/python3.8/site-packages/airflow/example_dags/example_short_circuit_operator.py
[2024-07-01T20:13:19.543+0000] {processor.py:830} INFO - Processing file /home/airflow/.local/lib/python3.8/site-packages/airflow/example_dags/example_short_circuit_operator.py for tasks to queue
[2024-07-01T20:13:19.548+0000] {logging_mixin.py:188} INFO - [2024-07-01T20:13:19.547+0000] {dagbag.py:538} INFO - Filling up the DagBag from /home/airflow/.local/lib/python3.8/site-packages/airflow/example_dags/example_short_circuit_operator.py
[2024-07-01T20:13:19.566+0000] {processor.py:840} INFO - DAG(s) 'example_short_circuit_operator' retrieved from /home/airflow/.local/lib/python3.8/site-packages/airflow/example_dags/example_short_circuit_operator.py
[2024-07-01T20:13:19.625+0000] {logging_mixin.py:188} INFO - [2024-07-01T20:13:19.625+0000] {dag.py:3036} INFO - Sync 1 DAGs
[2024-07-01T20:13:19.677+0000] {logging_mixin.py:188} INFO - [2024-07-01T20:13:19.677+0000] {dag.py:3823} INFO - Setting next_dagrun for example_short_circuit_operator to 2024-06-30 00:00:00+00:00, run_after=2024-07-01 00:00:00+00:00
[2024-07-01T20:13:19.725+0000] {processor.py:183} INFO - Processing /home/airflow/.local/lib/python3.8/site-packages/airflow/example_dags/example_short_circuit_operator.py took 0.194 seconds
[2024-07-01T20:13:50.264+0000] {processor.py:161} INFO - Started process (PID=598) to work on /home/airflow/.local/lib/python3.8/site-packages/airflow/example_dags/example_short_circuit_operator.py
[2024-07-01T20:13:50.267+0000] {processor.py:830} INFO - Processing file /home/airflow/.local/lib/python3.8/site-packages/airflow/example_dags/example_short_circuit_operator.py for tasks to queue
[2024-07-01T20:13:50.273+0000] {logging_mixin.py:188} INFO - [2024-07-01T20:13:50.271+0000] {dagbag.py:538} INFO - Filling up the DagBag from /home/airflow/.local/lib/python3.8/site-packages/airflow/example_dags/example_short_circuit_operator.py
[2024-07-01T20:13:50.334+0000] {processor.py:840} INFO - DAG(s) 'example_short_circuit_operator' retrieved from /home/airflow/.local/lib/python3.8/site-packages/airflow/example_dags/example_short_circuit_operator.py
[2024-07-01T20:13:50.558+0000] {logging_mixin.py:188} INFO - [2024-07-01T20:13:50.558+0000] {dag.py:3036} INFO - Sync 1 DAGs
[2024-07-01T20:13:50.693+0000] {logging_mixin.py:188} INFO - [2024-07-01T20:13:50.693+0000] {dag.py:3823} INFO - Setting next_dagrun for example_short_circuit_operator to 2024-06-30 00:00:00+00:00, run_after=2024-07-01 00:00:00+00:00
[2024-07-01T20:13:50.833+0000] {processor.py:183} INFO - Processing /home/airflow/.local/lib/python3.8/site-packages/airflow/example_dags/example_short_circuit_operator.py took 0.583 seconds
[2024-07-01T20:14:20.949+0000] {processor.py:161} INFO - Started process (PID=653) to work on /home/airflow/.local/lib/python3.8/site-packages/airflow/example_dags/example_short_circuit_operator.py
[2024-07-01T20:14:20.951+0000] {processor.py:830} INFO - Processing file /home/airflow/.local/lib/python3.8/site-packages/airflow/example_dags/example_short_circuit_operator.py for tasks to queue
[2024-07-01T20:14:20.955+0000] {logging_mixin.py:188} INFO - [2024-07-01T20:14:20.955+0000] {dagbag.py:538} INFO - Filling up the DagBag from /home/airflow/.local/lib/python3.8/site-packages/airflow/example_dags/example_short_circuit_operator.py
[2024-07-01T20:14:20.970+0000] {processor.py:840} INFO - DAG(s) 'example_short_circuit_operator' retrieved from /home/airflow/.local/lib/python3.8/site-packages/airflow/example_dags/example_short_circuit_operator.py
[2024-07-01T20:14:21.020+0000] {logging_mixin.py:188} INFO - [2024-07-01T20:14:21.020+0000] {dag.py:3036} INFO - Sync 1 DAGs
[2024-07-01T20:14:21.068+0000] {logging_mixin.py:188} INFO - [2024-07-01T20:14:21.068+0000] {dag.py:3823} INFO - Setting next_dagrun for example_short_circuit_operator to 2024-06-30 00:00:00+00:00, run_after=2024-07-01 00:00:00+00:00
[2024-07-01T20:14:21.107+0000] {processor.py:183} INFO - Processing /home/airflow/.local/lib/python3.8/site-packages/airflow/example_dags/example_short_circuit_operator.py took 0.166 seconds
[2024-07-01T20:14:51.450+0000] {processor.py:161} INFO - Started process (PID=708) to work on /home/airflow/.local/lib/python3.8/site-packages/airflow/example_dags/example_short_circuit_operator.py
[2024-07-01T20:14:51.452+0000] {processor.py:830} INFO - Processing file /home/airflow/.local/lib/python3.8/site-packages/airflow/example_dags/example_short_circuit_operator.py for tasks to queue
[2024-07-01T20:14:51.455+0000] {logging_mixin.py:188} INFO - [2024-07-01T20:14:51.455+0000] {dagbag.py:538} INFO - Filling up the DagBag from /home/airflow/.local/lib/python3.8/site-packages/airflow/example_dags/example_short_circuit_operator.py
[2024-07-01T20:14:51.471+0000] {processor.py:840} INFO - DAG(s) 'example_short_circuit_operator' retrieved from /home/airflow/.local/lib/python3.8/site-packages/airflow/example_dags/example_short_circuit_operator.py
[2024-07-01T20:14:51.525+0000] {logging_mixin.py:188} INFO - [2024-07-01T20:14:51.524+0000] {dag.py:3036} INFO - Sync 1 DAGs
[2024-07-01T20:14:51.583+0000] {logging_mixin.py:188} INFO - [2024-07-01T20:14:51.582+0000] {dag.py:3823} INFO - Setting next_dagrun for example_short_circuit_operator to 2024-06-30 00:00:00+00:00, run_after=2024-07-01 00:00:00+00:00
[2024-07-01T20:14:51.635+0000] {processor.py:183} INFO - Processing /home/airflow/.local/lib/python3.8/site-packages/airflow/example_dags/example_short_circuit_operator.py took 0.191 seconds
[2024-07-01T20:15:22.260+0000] {processor.py:161} INFO - Started process (PID=763) to work on /home/airflow/.local/lib/python3.8/site-packages/airflow/example_dags/example_short_circuit_operator.py
[2024-07-01T20:15:22.262+0000] {processor.py:830} INFO - Processing file /home/airflow/.local/lib/python3.8/site-packages/airflow/example_dags/example_short_circuit_operator.py for tasks to queue
[2024-07-01T20:15:22.266+0000] {logging_mixin.py:188} INFO - [2024-07-01T20:15:22.265+0000] {dagbag.py:538} INFO - Filling up the DagBag from /home/airflow/.local/lib/python3.8/site-packages/airflow/example_dags/example_short_circuit_operator.py
[2024-07-01T20:15:22.284+0000] {processor.py:840} INFO - DAG(s) 'example_short_circuit_operator' retrieved from /home/airflow/.local/lib/python3.8/site-packages/airflow/example_dags/example_short_circuit_operator.py
[2024-07-01T20:15:22.337+0000] {logging_mixin.py:188} INFO - [2024-07-01T20:15:22.336+0000] {dag.py:3036} INFO - Sync 1 DAGs
[2024-07-01T20:15:22.383+0000] {logging_mixin.py:188} INFO - [2024-07-01T20:15:22.382+0000] {dag.py:3823} INFO - Setting next_dagrun for example_short_circuit_operator to 2024-06-30 00:00:00+00:00, run_after=2024-07-01 00:00:00+00:00
[2024-07-01T20:15:22.420+0000] {processor.py:183} INFO - Processing /home/airflow/.local/lib/python3.8/site-packages/airflow/example_dags/example_short_circuit_operator.py took 0.168 seconds
[2024-07-01T20:15:52.971+0000] {processor.py:161} INFO - Started process (PID=818) to work on /home/airflow/.local/lib/python3.8/site-packages/airflow/example_dags/example_short_circuit_operator.py
[2024-07-01T20:15:52.973+0000] {processor.py:830} INFO - Processing file /home/airflow/.local/lib/python3.8/site-packages/airflow/example_dags/example_short_circuit_operator.py for tasks to queue
[2024-07-01T20:15:52.977+0000] {logging_mixin.py:188} INFO - [2024-07-01T20:15:52.976+0000] {dagbag.py:538} INFO - Filling up the DagBag from /home/airflow/.local/lib/python3.8/site-packages/airflow/example_dags/example_short_circuit_operator.py
[2024-07-01T20:15:52.992+0000] {processor.py:840} INFO - DAG(s) 'example_short_circuit_operator' retrieved from /home/airflow/.local/lib/python3.8/site-packages/airflow/example_dags/example_short_circuit_operator.py
[2024-07-01T20:15:53.043+0000] {logging_mixin.py:188} INFO - [2024-07-01T20:15:53.042+0000] {dag.py:3036} INFO - Sync 1 DAGs
[2024-07-01T20:15:53.086+0000] {logging_mixin.py:188} INFO - [2024-07-01T20:15:53.086+0000] {dag.py:3823} INFO - Setting next_dagrun for example_short_circuit_operator to 2024-06-30 00:00:00+00:00, run_after=2024-07-01 00:00:00+00:00
[2024-07-01T20:15:53.137+0000] {processor.py:183} INFO - Processing /home/airflow/.local/lib/python3.8/site-packages/airflow/example_dags/example_short_circuit_operator.py took 0.172 seconds
[2024-07-01T20:16:23.771+0000] {processor.py:161} INFO - Started process (PID=873) to work on /home/airflow/.local/lib/python3.8/site-packages/airflow/example_dags/example_short_circuit_operator.py
[2024-07-01T20:16:23.773+0000] {processor.py:830} INFO - Processing file /home/airflow/.local/lib/python3.8/site-packages/airflow/example_dags/example_short_circuit_operator.py for tasks to queue
[2024-07-01T20:16:23.778+0000] {logging_mixin.py:188} INFO - [2024-07-01T20:16:23.777+0000] {dagbag.py:538} INFO - Filling up the DagBag from /home/airflow/.local/lib/python3.8/site-packages/airflow/example_dags/example_short_circuit_operator.py
[2024-07-01T20:16:23.810+0000] {processor.py:840} INFO - DAG(s) 'example_short_circuit_operator' retrieved from /home/airflow/.local/lib/python3.8/site-packages/airflow/example_dags/example_short_circuit_operator.py
[2024-07-01T20:16:23.880+0000] {logging_mixin.py:188} INFO - [2024-07-01T20:16:23.880+0000] {dag.py:3036} INFO - Sync 1 DAGs
[2024-07-01T20:16:23.926+0000] {logging_mixin.py:188} INFO - [2024-07-01T20:16:23.926+0000] {dag.py:3823} INFO - Setting next_dagrun for example_short_circuit_operator to 2024-06-30 00:00:00+00:00, run_after=2024-07-01 00:00:00+00:00
[2024-07-01T20:16:23.968+0000] {processor.py:183} INFO - Processing /home/airflow/.local/lib/python3.8/site-packages/airflow/example_dags/example_short_circuit_operator.py took 0.208 seconds
[2024-07-01T20:16:54.161+0000] {processor.py:161} INFO - Started process (PID=928) to work on /home/airflow/.local/lib/python3.8/site-packages/airflow/example_dags/example_short_circuit_operator.py
[2024-07-01T20:16:54.163+0000] {processor.py:830} INFO - Processing file /home/airflow/.local/lib/python3.8/site-packages/airflow/example_dags/example_short_circuit_operator.py for tasks to queue
[2024-07-01T20:16:54.167+0000] {logging_mixin.py:188} INFO - [2024-07-01T20:16:54.167+0000] {dagbag.py:538} INFO - Filling up the DagBag from /home/airflow/.local/lib/python3.8/site-packages/airflow/example_dags/example_short_circuit_operator.py
[2024-07-01T20:16:54.186+0000] {processor.py:840} INFO - DAG(s) 'example_short_circuit_operator' retrieved from /home/airflow/.local/lib/python3.8/site-packages/airflow/example_dags/example_short_circuit_operator.py
[2024-07-01T20:16:54.249+0000] {logging_mixin.py:188} INFO - [2024-07-01T20:16:54.249+0000] {dag.py:3036} INFO - Sync 1 DAGs
[2024-07-01T20:16:54.302+0000] {logging_mixin.py:188} INFO - [2024-07-01T20:16:54.301+0000] {dag.py:3823} INFO - Setting next_dagrun for example_short_circuit_operator to 2024-06-30 00:00:00+00:00, run_after=2024-07-01 00:00:00+00:00
[2024-07-01T20:16:54.357+0000] {processor.py:183} INFO - Processing /home/airflow/.local/lib/python3.8/site-packages/airflow/example_dags/example_short_circuit_operator.py took 0.203 seconds
[2024-07-01T20:17:24.553+0000] {processor.py:161} INFO - Started process (PID=983) to work on /home/airflow/.local/lib/python3.8/site-packages/airflow/example_dags/example_short_circuit_operator.py
[2024-07-01T20:17:24.555+0000] {processor.py:830} INFO - Processing file /home/airflow/.local/lib/python3.8/site-packages/airflow/example_dags/example_short_circuit_operator.py for tasks to queue
[2024-07-01T20:17:24.559+0000] {logging_mixin.py:188} INFO - [2024-07-01T20:17:24.558+0000] {dagbag.py:538} INFO - Filling up the DagBag from /home/airflow/.local/lib/python3.8/site-packages/airflow/example_dags/example_short_circuit_operator.py
[2024-07-01T20:17:24.574+0000] {processor.py:840} INFO - DAG(s) 'example_short_circuit_operator' retrieved from /home/airflow/.local/lib/python3.8/site-packages/airflow/example_dags/example_short_circuit_operator.py
[2024-07-01T20:17:24.622+0000] {logging_mixin.py:188} INFO - [2024-07-01T20:17:24.621+0000] {dag.py:3036} INFO - Sync 1 DAGs
[2024-07-01T20:17:24.673+0000] {logging_mixin.py:188} INFO - [2024-07-01T20:17:24.673+0000] {dag.py:3823} INFO - Setting next_dagrun for example_short_circuit_operator to 2024-06-30 00:00:00+00:00, run_after=2024-07-01 00:00:00+00:00
[2024-07-01T20:17:24.724+0000] {processor.py:183} INFO - Processing /home/airflow/.local/lib/python3.8/site-packages/airflow/example_dags/example_short_circuit_operator.py took 0.179 seconds
[2024-07-01T20:17:55.584+0000] {processor.py:161} INFO - Started process (PID=1038) to work on /home/airflow/.local/lib/python3.8/site-packages/airflow/example_dags/example_short_circuit_operator.py
[2024-07-01T20:17:55.586+0000] {processor.py:830} INFO - Processing file /home/airflow/.local/lib/python3.8/site-packages/airflow/example_dags/example_short_circuit_operator.py for tasks to queue
[2024-07-01T20:17:55.590+0000] {logging_mixin.py:188} INFO - [2024-07-01T20:17:55.590+0000] {dagbag.py:538} INFO - Filling up the DagBag from /home/airflow/.local/lib/python3.8/site-packages/airflow/example_dags/example_short_circuit_operator.py
[2024-07-01T20:17:55.606+0000] {processor.py:840} INFO - DAG(s) 'example_short_circuit_operator' retrieved from /home/airflow/.local/lib/python3.8/site-packages/airflow/example_dags/example_short_circuit_operator.py
[2024-07-01T20:17:55.660+0000] {logging_mixin.py:188} INFO - [2024-07-01T20:17:55.660+0000] {dag.py:3036} INFO - Sync 1 DAGs
[2024-07-01T20:17:55.709+0000] {logging_mixin.py:188} INFO - [2024-07-01T20:17:55.708+0000] {dag.py:3823} INFO - Setting next_dagrun for example_short_circuit_operator to 2024-06-30 00:00:00+00:00, run_after=2024-07-01 00:00:00+00:00
[2024-07-01T20:17:55.748+0000] {processor.py:183} INFO - Processing /home/airflow/.local/lib/python3.8/site-packages/airflow/example_dags/example_short_circuit_operator.py took 0.171 seconds
[2024-07-01T20:18:25.972+0000] {processor.py:161} INFO - Started process (PID=1093) to work on /home/airflow/.local/lib/python3.8/site-packages/airflow/example_dags/example_short_circuit_operator.py
[2024-07-01T20:18:25.974+0000] {processor.py:830} INFO - Processing file /home/airflow/.local/lib/python3.8/site-packages/airflow/example_dags/example_short_circuit_operator.py for tasks to queue
[2024-07-01T20:18:25.977+0000] {logging_mixin.py:188} INFO - [2024-07-01T20:18:25.977+0000] {dagbag.py:538} INFO - Filling up the DagBag from /home/airflow/.local/lib/python3.8/site-packages/airflow/example_dags/example_short_circuit_operator.py
[2024-07-01T20:18:25.992+0000] {processor.py:840} INFO - DAG(s) 'example_short_circuit_operator' retrieved from /home/airflow/.local/lib/python3.8/site-packages/airflow/example_dags/example_short_circuit_operator.py
[2024-07-01T20:18:26.042+0000] {logging_mixin.py:188} INFO - [2024-07-01T20:18:26.041+0000] {dag.py:3036} INFO - Sync 1 DAGs
[2024-07-01T20:18:26.086+0000] {logging_mixin.py:188} INFO - [2024-07-01T20:18:26.086+0000] {dag.py:3823} INFO - Setting next_dagrun for example_short_circuit_operator to 2024-06-30 00:00:00+00:00, run_after=2024-07-01 00:00:00+00:00
[2024-07-01T20:18:26.123+0000] {processor.py:183} INFO - Processing /home/airflow/.local/lib/python3.8/site-packages/airflow/example_dags/example_short_circuit_operator.py took 0.157 seconds
[2024-07-01T20:18:56.653+0000] {processor.py:161} INFO - Started process (PID=1148) to work on /home/airflow/.local/lib/python3.8/site-packages/airflow/example_dags/example_short_circuit_operator.py
[2024-07-01T20:18:56.655+0000] {processor.py:830} INFO - Processing file /home/airflow/.local/lib/python3.8/site-packages/airflow/example_dags/example_short_circuit_operator.py for tasks to queue
[2024-07-01T20:18:56.658+0000] {logging_mixin.py:188} INFO - [2024-07-01T20:18:56.658+0000] {dagbag.py:538} INFO - Filling up the DagBag from /home/airflow/.local/lib/python3.8/site-packages/airflow/example_dags/example_short_circuit_operator.py
[2024-07-01T20:18:56.673+0000] {processor.py:840} INFO - DAG(s) 'example_short_circuit_operator' retrieved from /home/airflow/.local/lib/python3.8/site-packages/airflow/example_dags/example_short_circuit_operator.py
[2024-07-01T20:18:56.724+0000] {logging_mixin.py:188} INFO - [2024-07-01T20:18:56.723+0000] {dag.py:3036} INFO - Sync 1 DAGs
[2024-07-01T20:18:56.774+0000] {logging_mixin.py:188} INFO - [2024-07-01T20:18:56.773+0000] {dag.py:3823} INFO - Setting next_dagrun for example_short_circuit_operator to 2024-06-30 00:00:00+00:00, run_after=2024-07-01 00:00:00+00:00
[2024-07-01T20:18:56.815+0000] {processor.py:183} INFO - Processing /home/airflow/.local/lib/python3.8/site-packages/airflow/example_dags/example_short_circuit_operator.py took 0.167 seconds
[2024-07-01T20:19:27.208+0000] {processor.py:161} INFO - Started process (PID=1201) to work on /home/airflow/.local/lib/python3.8/site-packages/airflow/example_dags/example_short_circuit_operator.py
[2024-07-01T20:19:27.211+0000] {processor.py:830} INFO - Processing file /home/airflow/.local/lib/python3.8/site-packages/airflow/example_dags/example_short_circuit_operator.py for tasks to queue
[2024-07-01T20:19:27.215+0000] {logging_mixin.py:188} INFO - [2024-07-01T20:19:27.214+0000] {dagbag.py:538} INFO - Filling up the DagBag from /home/airflow/.local/lib/python3.8/site-packages/airflow/example_dags/example_short_circuit_operator.py
[2024-07-01T20:19:27.231+0000] {processor.py:840} INFO - DAG(s) 'example_short_circuit_operator' retrieved from /home/airflow/.local/lib/python3.8/site-packages/airflow/example_dags/example_short_circuit_operator.py
[2024-07-01T20:19:27.300+0000] {logging_mixin.py:188} INFO - [2024-07-01T20:19:27.299+0000] {dag.py:3036} INFO - Sync 1 DAGs
[2024-07-01T20:19:27.350+0000] {logging_mixin.py:188} INFO - [2024-07-01T20:19:27.349+0000] {dag.py:3823} INFO - Setting next_dagrun for example_short_circuit_operator to 2024-06-30 00:00:00+00:00, run_after=2024-07-01 00:00:00+00:00
[2024-07-01T20:19:27.396+0000] {processor.py:183} INFO - Processing /home/airflow/.local/lib/python3.8/site-packages/airflow/example_dags/example_short_circuit_operator.py took 0.196 seconds
[2024-07-01T20:19:58.277+0000] {processor.py:161} INFO - Started process (PID=1256) to work on /home/airflow/.local/lib/python3.8/site-packages/airflow/example_dags/example_short_circuit_operator.py
[2024-07-01T20:19:58.280+0000] {processor.py:830} INFO - Processing file /home/airflow/.local/lib/python3.8/site-packages/airflow/example_dags/example_short_circuit_operator.py for tasks to queue
[2024-07-01T20:19:58.285+0000] {logging_mixin.py:188} INFO - [2024-07-01T20:19:58.284+0000] {dagbag.py:538} INFO - Filling up the DagBag from /home/airflow/.local/lib/python3.8/site-packages/airflow/example_dags/example_short_circuit_operator.py
[2024-07-01T20:19:58.302+0000] {processor.py:840} INFO - DAG(s) 'example_short_circuit_operator' retrieved from /home/airflow/.local/lib/python3.8/site-packages/airflow/example_dags/example_short_circuit_operator.py
[2024-07-01T20:19:58.357+0000] {logging_mixin.py:188} INFO - [2024-07-01T20:19:58.356+0000] {dag.py:3036} INFO - Sync 1 DAGs
[2024-07-01T20:19:58.405+0000] {logging_mixin.py:188} INFO - [2024-07-01T20:19:58.405+0000] {dag.py:3823} INFO - Setting next_dagrun for example_short_circuit_operator to 2024-06-30 00:00:00+00:00, run_after=2024-07-01 00:00:00+00:00
[2024-07-01T20:19:58.449+0000] {processor.py:183} INFO - Processing /home/airflow/.local/lib/python3.8/site-packages/airflow/example_dags/example_short_circuit_operator.py took 0.183 seconds
[2024-07-01T20:20:28.907+0000] {processor.py:161} INFO - Started process (PID=1311) to work on /home/airflow/.local/lib/python3.8/site-packages/airflow/example_dags/example_short_circuit_operator.py
[2024-07-01T20:20:28.909+0000] {processor.py:830} INFO - Processing file /home/airflow/.local/lib/python3.8/site-packages/airflow/example_dags/example_short_circuit_operator.py for tasks to queue
[2024-07-01T20:20:28.912+0000] {logging_mixin.py:188} INFO - [2024-07-01T20:20:28.912+0000] {dagbag.py:538} INFO - Filling up the DagBag from /home/airflow/.local/lib/python3.8/site-packages/airflow/example_dags/example_short_circuit_operator.py
[2024-07-01T20:20:28.928+0000] {processor.py:840} INFO - DAG(s) 'example_short_circuit_operator' retrieved from /home/airflow/.local/lib/python3.8/site-packages/airflow/example_dags/example_short_circuit_operator.py
[2024-07-01T20:20:28.977+0000] {logging_mixin.py:188} INFO - [2024-07-01T20:20:28.977+0000] {dag.py:3036} INFO - Sync 1 DAGs
[2024-07-01T20:20:29.019+0000] {logging_mixin.py:188} INFO - [2024-07-01T20:20:29.019+0000] {dag.py:3823} INFO - Setting next_dagrun for example_short_circuit_operator to 2024-06-30 00:00:00+00:00, run_after=2024-07-01 00:00:00+00:00
[2024-07-01T20:20:29.065+0000] {processor.py:183} INFO - Processing /home/airflow/.local/lib/python3.8/site-packages/airflow/example_dags/example_short_circuit_operator.py took 0.164 seconds
[2024-07-01T20:20:59.611+0000] {processor.py:161} INFO - Started process (PID=1366) to work on /home/airflow/.local/lib/python3.8/site-packages/airflow/example_dags/example_short_circuit_operator.py
[2024-07-01T20:20:59.613+0000] {processor.py:830} INFO - Processing file /home/airflow/.local/lib/python3.8/site-packages/airflow/example_dags/example_short_circuit_operator.py for tasks to queue
[2024-07-01T20:20:59.616+0000] {logging_mixin.py:188} INFO - [2024-07-01T20:20:59.616+0000] {dagbag.py:538} INFO - Filling up the DagBag from /home/airflow/.local/lib/python3.8/site-packages/airflow/example_dags/example_short_circuit_operator.py
[2024-07-01T20:20:59.633+0000] {processor.py:840} INFO - DAG(s) 'example_short_circuit_operator' retrieved from /home/airflow/.local/lib/python3.8/site-packages/airflow/example_dags/example_short_circuit_operator.py
[2024-07-01T20:20:59.684+0000] {logging_mixin.py:188} INFO - [2024-07-01T20:20:59.683+0000] {dag.py:3036} INFO - Sync 1 DAGs
[2024-07-01T20:20:59.727+0000] {logging_mixin.py:188} INFO - [2024-07-01T20:20:59.727+0000] {dag.py:3823} INFO - Setting next_dagrun for example_short_circuit_operator to 2024-06-30 00:00:00+00:00, run_after=2024-07-01 00:00:00+00:00
[2024-07-01T20:20:59.777+0000] {processor.py:183} INFO - Processing /home/airflow/.local/lib/python3.8/site-packages/airflow/example_dags/example_short_circuit_operator.py took 0.172 seconds
[2024-07-01T20:21:30.644+0000] {processor.py:161} INFO - Started process (PID=1421) to work on /home/airflow/.local/lib/python3.8/site-packages/airflow/example_dags/example_short_circuit_operator.py
[2024-07-01T20:21:30.647+0000] {processor.py:830} INFO - Processing file /home/airflow/.local/lib/python3.8/site-packages/airflow/example_dags/example_short_circuit_operator.py for tasks to queue
[2024-07-01T20:21:30.654+0000] {logging_mixin.py:188} INFO - [2024-07-01T20:21:30.654+0000] {dagbag.py:538} INFO - Filling up the DagBag from /home/airflow/.local/lib/python3.8/site-packages/airflow/example_dags/example_short_circuit_operator.py
[2024-07-01T20:21:30.682+0000] {processor.py:840} INFO - DAG(s) 'example_short_circuit_operator' retrieved from /home/airflow/.local/lib/python3.8/site-packages/airflow/example_dags/example_short_circuit_operator.py
[2024-07-01T20:21:30.804+0000] {logging_mixin.py:188} INFO - [2024-07-01T20:21:30.803+0000] {dag.py:3036} INFO - Sync 1 DAGs
[2024-07-01T20:21:30.962+0000] {logging_mixin.py:188} INFO - [2024-07-01T20:21:30.961+0000] {dag.py:3823} INFO - Setting next_dagrun for example_short_circuit_operator to 2024-06-30 00:00:00+00:00, run_after=2024-07-01 00:00:00+00:00
[2024-07-01T20:21:31.028+0000] {processor.py:183} INFO - Processing /home/airflow/.local/lib/python3.8/site-packages/airflow/example_dags/example_short_circuit_operator.py took 0.395 seconds
[2024-07-01T20:22:01.238+0000] {processor.py:161} INFO - Started process (PID=1476) to work on /home/airflow/.local/lib/python3.8/site-packages/airflow/example_dags/example_short_circuit_operator.py
[2024-07-01T20:22:01.240+0000] {processor.py:830} INFO - Processing file /home/airflow/.local/lib/python3.8/site-packages/airflow/example_dags/example_short_circuit_operator.py for tasks to queue
[2024-07-01T20:22:01.244+0000] {logging_mixin.py:188} INFO - [2024-07-01T20:22:01.243+0000] {dagbag.py:538} INFO - Filling up the DagBag from /home/airflow/.local/lib/python3.8/site-packages/airflow/example_dags/example_short_circuit_operator.py
[2024-07-01T20:22:01.259+0000] {processor.py:840} INFO - DAG(s) 'example_short_circuit_operator' retrieved from /home/airflow/.local/lib/python3.8/site-packages/airflow/example_dags/example_short_circuit_operator.py
[2024-07-01T20:22:01.311+0000] {logging_mixin.py:188} INFO - [2024-07-01T20:22:01.310+0000] {dag.py:3036} INFO - Sync 1 DAGs
[2024-07-01T20:22:01.357+0000] {logging_mixin.py:188} INFO - [2024-07-01T20:22:01.357+0000] {dag.py:3823} INFO - Setting next_dagrun for example_short_circuit_operator to 2024-06-30 00:00:00+00:00, run_after=2024-07-01 00:00:00+00:00
[2024-07-01T20:22:01.395+0000] {processor.py:183} INFO - Processing /home/airflow/.local/lib/python3.8/site-packages/airflow/example_dags/example_short_circuit_operator.py took 0.165 seconds
[2024-07-01T20:22:31.760+0000] {processor.py:161} INFO - Started process (PID=1531) to work on /home/airflow/.local/lib/python3.8/site-packages/airflow/example_dags/example_short_circuit_operator.py
[2024-07-01T20:22:31.762+0000] {processor.py:830} INFO - Processing file /home/airflow/.local/lib/python3.8/site-packages/airflow/example_dags/example_short_circuit_operator.py for tasks to queue
[2024-07-01T20:22:31.767+0000] {logging_mixin.py:188} INFO - [2024-07-01T20:22:31.766+0000] {dagbag.py:538} INFO - Filling up the DagBag from /home/airflow/.local/lib/python3.8/site-packages/airflow/example_dags/example_short_circuit_operator.py
[2024-07-01T20:22:31.788+0000] {processor.py:840} INFO - DAG(s) 'example_short_circuit_operator' retrieved from /home/airflow/.local/lib/python3.8/site-packages/airflow/example_dags/example_short_circuit_operator.py
[2024-07-01T20:22:31.862+0000] {logging_mixin.py:188} INFO - [2024-07-01T20:22:31.861+0000] {dag.py:3036} INFO - Sync 1 DAGs
[2024-07-01T20:22:31.923+0000] {logging_mixin.py:188} INFO - [2024-07-01T20:22:31.922+0000] {dag.py:3823} INFO - Setting next_dagrun for example_short_circuit_operator to 2024-06-30 00:00:00+00:00, run_after=2024-07-01 00:00:00+00:00
[2024-07-01T20:22:31.970+0000] {processor.py:183} INFO - Processing /home/airflow/.local/lib/python3.8/site-packages/airflow/example_dags/example_short_circuit_operator.py took 0.216 seconds
[2024-07-01T20:23:02.528+0000] {processor.py:161} INFO - Started process (PID=1586) to work on /home/airflow/.local/lib/python3.8/site-packages/airflow/example_dags/example_short_circuit_operator.py
[2024-07-01T20:23:02.530+0000] {processor.py:830} INFO - Processing file /home/airflow/.local/lib/python3.8/site-packages/airflow/example_dags/example_short_circuit_operator.py for tasks to queue
[2024-07-01T20:23:02.534+0000] {logging_mixin.py:188} INFO - [2024-07-01T20:23:02.533+0000] {dagbag.py:538} INFO - Filling up the DagBag from /home/airflow/.local/lib/python3.8/site-packages/airflow/example_dags/example_short_circuit_operator.py
[2024-07-01T20:23:02.550+0000] {processor.py:840} INFO - DAG(s) 'example_short_circuit_operator' retrieved from /home/airflow/.local/lib/python3.8/site-packages/airflow/example_dags/example_short_circuit_operator.py
[2024-07-01T20:23:02.606+0000] {logging_mixin.py:188} INFO - [2024-07-01T20:23:02.605+0000] {dag.py:3036} INFO - Sync 1 DAGs
[2024-07-01T20:23:02.666+0000] {logging_mixin.py:188} INFO - [2024-07-01T20:23:02.666+0000] {dag.py:3823} INFO - Setting next_dagrun for example_short_circuit_operator to 2024-06-30 00:00:00+00:00, run_after=2024-07-01 00:00:00+00:00
[2024-07-01T20:23:02.713+0000] {processor.py:183} INFO - Processing /home/airflow/.local/lib/python3.8/site-packages/airflow/example_dags/example_short_circuit_operator.py took 0.193 seconds
[2024-07-01T20:23:32.837+0000] {processor.py:161} INFO - Started process (PID=1641) to work on /home/airflow/.local/lib/python3.8/site-packages/airflow/example_dags/example_short_circuit_operator.py
[2024-07-01T20:23:32.840+0000] {processor.py:830} INFO - Processing file /home/airflow/.local/lib/python3.8/site-packages/airflow/example_dags/example_short_circuit_operator.py for tasks to queue
[2024-07-01T20:23:32.846+0000] {logging_mixin.py:188} INFO - [2024-07-01T20:23:32.845+0000] {dagbag.py:538} INFO - Filling up the DagBag from /home/airflow/.local/lib/python3.8/site-packages/airflow/example_dags/example_short_circuit_operator.py
[2024-07-01T20:23:32.868+0000] {processor.py:840} INFO - DAG(s) 'example_short_circuit_operator' retrieved from /home/airflow/.local/lib/python3.8/site-packages/airflow/example_dags/example_short_circuit_operator.py
[2024-07-01T20:23:32.938+0000] {logging_mixin.py:188} INFO - [2024-07-01T20:23:32.937+0000] {dag.py:3036} INFO - Sync 1 DAGs
[2024-07-01T20:23:33.014+0000] {logging_mixin.py:188} INFO - [2024-07-01T20:23:33.014+0000] {dag.py:3823} INFO - Setting next_dagrun for example_short_circuit_operator to 2024-06-30 00:00:00+00:00, run_after=2024-07-01 00:00:00+00:00
[2024-07-01T20:23:33.054+0000] {processor.py:183} INFO - Processing /home/airflow/.local/lib/python3.8/site-packages/airflow/example_dags/example_short_circuit_operator.py took 0.224 seconds
[2024-07-01T20:24:03.141+0000] {processor.py:161} INFO - Started process (PID=1695) to work on /home/airflow/.local/lib/python3.8/site-packages/airflow/example_dags/example_short_circuit_operator.py
[2024-07-01T20:24:03.142+0000] {processor.py:830} INFO - Processing file /home/airflow/.local/lib/python3.8/site-packages/airflow/example_dags/example_short_circuit_operator.py for tasks to queue
[2024-07-01T20:24:03.146+0000] {logging_mixin.py:188} INFO - [2024-07-01T20:24:03.145+0000] {dagbag.py:538} INFO - Filling up the DagBag from /home/airflow/.local/lib/python3.8/site-packages/airflow/example_dags/example_short_circuit_operator.py
[2024-07-01T20:24:03.161+0000] {processor.py:840} INFO - DAG(s) 'example_short_circuit_operator' retrieved from /home/airflow/.local/lib/python3.8/site-packages/airflow/example_dags/example_short_circuit_operator.py
[2024-07-01T20:24:03.209+0000] {logging_mixin.py:188} INFO - [2024-07-01T20:24:03.208+0000] {dag.py:3036} INFO - Sync 1 DAGs
[2024-07-01T20:24:03.251+0000] {logging_mixin.py:188} INFO - [2024-07-01T20:24:03.250+0000] {dag.py:3823} INFO - Setting next_dagrun for example_short_circuit_operator to 2024-06-30 00:00:00+00:00, run_after=2024-07-01 00:00:00+00:00
[2024-07-01T20:24:03.295+0000] {processor.py:183} INFO - Processing /home/airflow/.local/lib/python3.8/site-packages/airflow/example_dags/example_short_circuit_operator.py took 0.161 seconds
[2024-07-01T20:24:33.836+0000] {processor.py:161} INFO - Started process (PID=1751) to work on /home/airflow/.local/lib/python3.8/site-packages/airflow/example_dags/example_short_circuit_operator.py
[2024-07-01T20:24:33.838+0000] {processor.py:830} INFO - Processing file /home/airflow/.local/lib/python3.8/site-packages/airflow/example_dags/example_short_circuit_operator.py for tasks to queue
[2024-07-01T20:24:33.842+0000] {logging_mixin.py:188} INFO - [2024-07-01T20:24:33.841+0000] {dagbag.py:538} INFO - Filling up the DagBag from /home/airflow/.local/lib/python3.8/site-packages/airflow/example_dags/example_short_circuit_operator.py
[2024-07-01T20:24:33.859+0000] {processor.py:840} INFO - DAG(s) 'example_short_circuit_operator' retrieved from /home/airflow/.local/lib/python3.8/site-packages/airflow/example_dags/example_short_circuit_operator.py
[2024-07-01T20:24:33.960+0000] {logging_mixin.py:188} INFO - [2024-07-01T20:24:33.959+0000] {dag.py:3036} INFO - Sync 1 DAGs
[2024-07-01T20:24:34.002+0000] {logging_mixin.py:188} INFO - [2024-07-01T20:24:34.002+0000] {dag.py:3823} INFO - Setting next_dagrun for example_short_circuit_operator to 2024-06-30 00:00:00+00:00, run_after=2024-07-01 00:00:00+00:00
[2024-07-01T20:24:34.047+0000] {processor.py:183} INFO - Processing /home/airflow/.local/lib/python3.8/site-packages/airflow/example_dags/example_short_circuit_operator.py took 0.218 seconds
[2024-07-01T20:25:05.004+0000] {processor.py:161} INFO - Started process (PID=1806) to work on /home/airflow/.local/lib/python3.8/site-packages/airflow/example_dags/example_short_circuit_operator.py
[2024-07-01T20:25:05.007+0000] {processor.py:830} INFO - Processing file /home/airflow/.local/lib/python3.8/site-packages/airflow/example_dags/example_short_circuit_operator.py for tasks to queue
[2024-07-01T20:25:05.019+0000] {logging_mixin.py:188} INFO - [2024-07-01T20:25:05.013+0000] {dagbag.py:538} INFO - Filling up the DagBag from /home/airflow/.local/lib/python3.8/site-packages/airflow/example_dags/example_short_circuit_operator.py
[2024-07-01T20:25:05.058+0000] {processor.py:840} INFO - DAG(s) 'example_short_circuit_operator' retrieved from /home/airflow/.local/lib/python3.8/site-packages/airflow/example_dags/example_short_circuit_operator.py
[2024-07-01T20:25:05.135+0000] {logging_mixin.py:188} INFO - [2024-07-01T20:25:05.135+0000] {dag.py:3036} INFO - Sync 1 DAGs
[2024-07-01T20:25:05.214+0000] {logging_mixin.py:188} INFO - [2024-07-01T20:25:05.214+0000] {dag.py:3823} INFO - Setting next_dagrun for example_short_circuit_operator to 2024-06-30 00:00:00+00:00, run_after=2024-07-01 00:00:00+00:00
[2024-07-01T20:25:05.272+0000] {processor.py:183} INFO - Processing /home/airflow/.local/lib/python3.8/site-packages/airflow/example_dags/example_short_circuit_operator.py took 0.288 seconds
