[2024-07-01T20:08:50.665+0000] {processor.py:161} INFO - Started process (PID=72) to work on /home/airflow/.local/lib/python3.8/site-packages/airflow/example_dags/example_skip_dag.py
[2024-07-01T20:08:50.667+0000] {processor.py:830} INFO - Processing file /home/airflow/.local/lib/python3.8/site-packages/airflow/example_dags/example_skip_dag.py for tasks to queue
[2024-07-01T20:08:50.671+0000] {logging_mixin.py:188} INFO - [2024-07-01T20:08:50.671+0000] {dagbag.py:538} INFO - Filling up the DagBag from /home/airflow/.local/lib/python3.8/site-packages/airflow/example_dags/example_skip_dag.py
[2024-07-01T20:08:50.692+0000] {processor.py:840} INFO - DAG(s) 'example_skip_dag' retrieved from /home/airflow/.local/lib/python3.8/site-packages/airflow/example_dags/example_skip_dag.py
[2024-07-01T20:08:50.945+0000] {logging_mixin.py:188} INFO - [2024-07-01T20:08:50.945+0000] {dag.py:3036} INFO - Sync 1 DAGs
[2024-07-01T20:08:50.985+0000] {logging_mixin.py:188} INFO - [2024-07-01T20:08:50.984+0000] {dag.py:3823} INFO - Setting next_dagrun for example_skip_dag to 2024-06-30 00:00:00+00:00, run_after=2024-07-01 00:00:00+00:00
[2024-07-01T20:08:51.025+0000] {processor.py:183} INFO - Processing /home/airflow/.local/lib/python3.8/site-packages/airflow/example_dags/example_skip_dag.py took 0.366 seconds
[2024-07-01T20:09:22.072+0000] {processor.py:161} INFO - Started process (PID=127) to work on /home/airflow/.local/lib/python3.8/site-packages/airflow/example_dags/example_skip_dag.py
[2024-07-01T20:09:22.074+0000] {processor.py:830} INFO - Processing file /home/airflow/.local/lib/python3.8/site-packages/airflow/example_dags/example_skip_dag.py for tasks to queue
[2024-07-01T20:09:22.078+0000] {logging_mixin.py:188} INFO - [2024-07-01T20:09:22.077+0000] {dagbag.py:538} INFO - Filling up the DagBag from /home/airflow/.local/lib/python3.8/site-packages/airflow/example_dags/example_skip_dag.py
[2024-07-01T20:09:22.095+0000] {processor.py:840} INFO - DAG(s) 'example_skip_dag' retrieved from /home/airflow/.local/lib/python3.8/site-packages/airflow/example_dags/example_skip_dag.py
[2024-07-01T20:09:22.135+0000] {logging_mixin.py:188} INFO - [2024-07-01T20:09:22.135+0000] {dag.py:3036} INFO - Sync 1 DAGs
[2024-07-01T20:09:22.177+0000] {logging_mixin.py:188} INFO - [2024-07-01T20:09:22.177+0000] {dag.py:3823} INFO - Setting next_dagrun for example_skip_dag to 2024-06-30 00:00:00+00:00, run_after=2024-07-01 00:00:00+00:00
[2024-07-01T20:09:22.214+0000] {processor.py:183} INFO - Processing /home/airflow/.local/lib/python3.8/site-packages/airflow/example_dags/example_skip_dag.py took 0.148 seconds
[2024-07-01T20:09:52.610+0000] {processor.py:161} INFO - Started process (PID=182) to work on /home/airflow/.local/lib/python3.8/site-packages/airflow/example_dags/example_skip_dag.py
[2024-07-01T20:09:52.612+0000] {processor.py:830} INFO - Processing file /home/airflow/.local/lib/python3.8/site-packages/airflow/example_dags/example_skip_dag.py for tasks to queue
[2024-07-01T20:09:52.617+0000] {logging_mixin.py:188} INFO - [2024-07-01T20:09:52.616+0000] {dagbag.py:538} INFO - Filling up the DagBag from /home/airflow/.local/lib/python3.8/site-packages/airflow/example_dags/example_skip_dag.py
[2024-07-01T20:09:52.630+0000] {processor.py:840} INFO - DAG(s) 'example_skip_dag' retrieved from /home/airflow/.local/lib/python3.8/site-packages/airflow/example_dags/example_skip_dag.py
[2024-07-01T20:09:52.672+0000] {logging_mixin.py:188} INFO - [2024-07-01T20:09:52.672+0000] {dag.py:3036} INFO - Sync 1 DAGs
[2024-07-01T20:09:52.715+0000] {logging_mixin.py:188} INFO - [2024-07-01T20:09:52.715+0000] {dag.py:3823} INFO - Setting next_dagrun for example_skip_dag to 2024-06-30 00:00:00+00:00, run_after=2024-07-01 00:00:00+00:00
[2024-07-01T20:09:52.767+0000] {processor.py:183} INFO - Processing /home/airflow/.local/lib/python3.8/site-packages/airflow/example_dags/example_skip_dag.py took 0.163 seconds
[2024-07-01T20:10:23.192+0000] {processor.py:161} INFO - Started process (PID=237) to work on /home/airflow/.local/lib/python3.8/site-packages/airflow/example_dags/example_skip_dag.py
[2024-07-01T20:10:23.193+0000] {processor.py:830} INFO - Processing file /home/airflow/.local/lib/python3.8/site-packages/airflow/example_dags/example_skip_dag.py for tasks to queue
[2024-07-01T20:10:23.197+0000] {logging_mixin.py:188} INFO - [2024-07-01T20:10:23.196+0000] {dagbag.py:538} INFO - Filling up the DagBag from /home/airflow/.local/lib/python3.8/site-packages/airflow/example_dags/example_skip_dag.py
[2024-07-01T20:10:23.209+0000] {processor.py:840} INFO - DAG(s) 'example_skip_dag' retrieved from /home/airflow/.local/lib/python3.8/site-packages/airflow/example_dags/example_skip_dag.py
[2024-07-01T20:10:23.250+0000] {logging_mixin.py:188} INFO - [2024-07-01T20:10:23.249+0000] {dag.py:3036} INFO - Sync 1 DAGs
[2024-07-01T20:10:23.292+0000] {logging_mixin.py:188} INFO - [2024-07-01T20:10:23.292+0000] {dag.py:3823} INFO - Setting next_dagrun for example_skip_dag to 2024-06-30 00:00:00+00:00, run_after=2024-07-01 00:00:00+00:00
[2024-07-01T20:10:23.330+0000] {processor.py:183} INFO - Processing /home/airflow/.local/lib/python3.8/site-packages/airflow/example_dags/example_skip_dag.py took 0.145 seconds
[2024-07-01T20:10:54.308+0000] {processor.py:161} INFO - Started process (PID=293) to work on /home/airflow/.local/lib/python3.8/site-packages/airflow/example_dags/example_skip_dag.py
[2024-07-01T20:10:54.310+0000] {processor.py:830} INFO - Processing file /home/airflow/.local/lib/python3.8/site-packages/airflow/example_dags/example_skip_dag.py for tasks to queue
[2024-07-01T20:10:54.313+0000] {logging_mixin.py:188} INFO - [2024-07-01T20:10:54.313+0000] {dagbag.py:538} INFO - Filling up the DagBag from /home/airflow/.local/lib/python3.8/site-packages/airflow/example_dags/example_skip_dag.py
[2024-07-01T20:10:54.326+0000] {processor.py:840} INFO - DAG(s) 'example_skip_dag' retrieved from /home/airflow/.local/lib/python3.8/site-packages/airflow/example_dags/example_skip_dag.py
[2024-07-01T20:10:54.369+0000] {logging_mixin.py:188} INFO - [2024-07-01T20:10:54.368+0000] {dag.py:3036} INFO - Sync 1 DAGs
[2024-07-01T20:10:54.414+0000] {logging_mixin.py:188} INFO - [2024-07-01T20:10:54.414+0000] {dag.py:3823} INFO - Setting next_dagrun for example_skip_dag to 2024-06-30 00:00:00+00:00, run_after=2024-07-01 00:00:00+00:00
[2024-07-01T20:10:54.459+0000] {processor.py:183} INFO - Processing /home/airflow/.local/lib/python3.8/site-packages/airflow/example_dags/example_skip_dag.py took 0.156 seconds
[2024-07-01T20:11:24.853+0000] {processor.py:161} INFO - Started process (PID=347) to work on /home/airflow/.local/lib/python3.8/site-packages/airflow/example_dags/example_skip_dag.py
[2024-07-01T20:11:24.857+0000] {processor.py:830} INFO - Processing file /home/airflow/.local/lib/python3.8/site-packages/airflow/example_dags/example_skip_dag.py for tasks to queue
[2024-07-01T20:11:24.861+0000] {logging_mixin.py:188} INFO - [2024-07-01T20:11:24.861+0000] {dagbag.py:538} INFO - Filling up the DagBag from /home/airflow/.local/lib/python3.8/site-packages/airflow/example_dags/example_skip_dag.py
[2024-07-01T20:11:24.874+0000] {processor.py:840} INFO - DAG(s) 'example_skip_dag' retrieved from /home/airflow/.local/lib/python3.8/site-packages/airflow/example_dags/example_skip_dag.py
[2024-07-01T20:11:24.917+0000] {logging_mixin.py:188} INFO - [2024-07-01T20:11:24.916+0000] {dag.py:3036} INFO - Sync 1 DAGs
[2024-07-01T20:11:24.959+0000] {logging_mixin.py:188} INFO - [2024-07-01T20:11:24.958+0000] {dag.py:3823} INFO - Setting next_dagrun for example_skip_dag to 2024-06-30 00:00:00+00:00, run_after=2024-07-01 00:00:00+00:00
[2024-07-01T20:11:24.998+0000] {processor.py:183} INFO - Processing /home/airflow/.local/lib/python3.8/site-packages/airflow/example_dags/example_skip_dag.py took 0.156 seconds
[2024-07-01T20:11:55.180+0000] {processor.py:161} INFO - Started process (PID=402) to work on /home/airflow/.local/lib/python3.8/site-packages/airflow/example_dags/example_skip_dag.py
[2024-07-01T20:11:55.182+0000] {processor.py:830} INFO - Processing file /home/airflow/.local/lib/python3.8/site-packages/airflow/example_dags/example_skip_dag.py for tasks to queue
[2024-07-01T20:11:55.187+0000] {logging_mixin.py:188} INFO - [2024-07-01T20:11:55.186+0000] {dagbag.py:538} INFO - Filling up the DagBag from /home/airflow/.local/lib/python3.8/site-packages/airflow/example_dags/example_skip_dag.py
[2024-07-01T20:11:55.200+0000] {processor.py:840} INFO - DAG(s) 'example_skip_dag' retrieved from /home/airflow/.local/lib/python3.8/site-packages/airflow/example_dags/example_skip_dag.py
[2024-07-01T20:11:55.243+0000] {logging_mixin.py:188} INFO - [2024-07-01T20:11:55.242+0000] {dag.py:3036} INFO - Sync 1 DAGs
[2024-07-01T20:11:55.295+0000] {logging_mixin.py:188} INFO - [2024-07-01T20:11:55.294+0000] {dag.py:3823} INFO - Setting next_dagrun for example_skip_dag to 2024-06-30 00:00:00+00:00, run_after=2024-07-01 00:00:00+00:00
[2024-07-01T20:11:55.340+0000] {processor.py:183} INFO - Processing /home/airflow/.local/lib/python3.8/site-packages/airflow/example_dags/example_skip_dag.py took 0.167 seconds
[2024-07-01T20:12:25.481+0000] {processor.py:161} INFO - Started process (PID=457) to work on /home/airflow/.local/lib/python3.8/site-packages/airflow/example_dags/example_skip_dag.py
[2024-07-01T20:12:25.483+0000] {processor.py:830} INFO - Processing file /home/airflow/.local/lib/python3.8/site-packages/airflow/example_dags/example_skip_dag.py for tasks to queue
[2024-07-01T20:12:25.487+0000] {logging_mixin.py:188} INFO - [2024-07-01T20:12:25.486+0000] {dagbag.py:538} INFO - Filling up the DagBag from /home/airflow/.local/lib/python3.8/site-packages/airflow/example_dags/example_skip_dag.py
[2024-07-01T20:12:25.503+0000] {processor.py:840} INFO - DAG(s) 'example_skip_dag' retrieved from /home/airflow/.local/lib/python3.8/site-packages/airflow/example_dags/example_skip_dag.py
[2024-07-01T20:12:25.549+0000] {logging_mixin.py:188} INFO - [2024-07-01T20:12:25.549+0000] {dag.py:3036} INFO - Sync 1 DAGs
[2024-07-01T20:12:25.593+0000] {logging_mixin.py:188} INFO - [2024-07-01T20:12:25.593+0000] {dag.py:3823} INFO - Setting next_dagrun for example_skip_dag to 2024-06-30 00:00:00+00:00, run_after=2024-07-01 00:00:00+00:00
[2024-07-01T20:12:25.637+0000] {processor.py:183} INFO - Processing /home/airflow/.local/lib/python3.8/site-packages/airflow/example_dags/example_skip_dag.py took 0.163 seconds
[2024-07-01T20:12:55.959+0000] {processor.py:161} INFO - Started process (PID=512) to work on /home/airflow/.local/lib/python3.8/site-packages/airflow/example_dags/example_skip_dag.py
[2024-07-01T20:12:55.962+0000] {processor.py:830} INFO - Processing file /home/airflow/.local/lib/python3.8/site-packages/airflow/example_dags/example_skip_dag.py for tasks to queue
[2024-07-01T20:12:55.966+0000] {logging_mixin.py:188} INFO - [2024-07-01T20:12:55.966+0000] {dagbag.py:538} INFO - Filling up the DagBag from /home/airflow/.local/lib/python3.8/site-packages/airflow/example_dags/example_skip_dag.py
[2024-07-01T20:12:55.983+0000] {processor.py:840} INFO - DAG(s) 'example_skip_dag' retrieved from /home/airflow/.local/lib/python3.8/site-packages/airflow/example_dags/example_skip_dag.py
[2024-07-01T20:12:56.037+0000] {logging_mixin.py:188} INFO - [2024-07-01T20:12:56.037+0000] {dag.py:3036} INFO - Sync 1 DAGs
[2024-07-01T20:12:56.089+0000] {logging_mixin.py:188} INFO - [2024-07-01T20:12:56.088+0000] {dag.py:3823} INFO - Setting next_dagrun for example_skip_dag to 2024-06-30 00:00:00+00:00, run_after=2024-07-01 00:00:00+00:00
[2024-07-01T20:12:56.128+0000] {processor.py:183} INFO - Processing /home/airflow/.local/lib/python3.8/site-packages/airflow/example_dags/example_skip_dag.py took 0.176 seconds
[2024-07-01T20:13:26.850+0000] {processor.py:161} INFO - Started process (PID=567) to work on /home/airflow/.local/lib/python3.8/site-packages/airflow/example_dags/example_skip_dag.py
[2024-07-01T20:13:26.852+0000] {processor.py:830} INFO - Processing file /home/airflow/.local/lib/python3.8/site-packages/airflow/example_dags/example_skip_dag.py for tasks to queue
[2024-07-01T20:13:26.856+0000] {logging_mixin.py:188} INFO - [2024-07-01T20:13:26.855+0000] {dagbag.py:538} INFO - Filling up the DagBag from /home/airflow/.local/lib/python3.8/site-packages/airflow/example_dags/example_skip_dag.py
[2024-07-01T20:13:26.869+0000] {processor.py:840} INFO - DAG(s) 'example_skip_dag' retrieved from /home/airflow/.local/lib/python3.8/site-packages/airflow/example_dags/example_skip_dag.py
[2024-07-01T20:13:26.924+0000] {logging_mixin.py:188} INFO - [2024-07-01T20:13:26.923+0000] {dag.py:3036} INFO - Sync 1 DAGs
[2024-07-01T20:13:26.978+0000] {logging_mixin.py:188} INFO - [2024-07-01T20:13:26.977+0000] {dag.py:3823} INFO - Setting next_dagrun for example_skip_dag to 2024-06-30 00:00:00+00:00, run_after=2024-07-01 00:00:00+00:00
[2024-07-01T20:13:27.023+0000] {processor.py:183} INFO - Processing /home/airflow/.local/lib/python3.8/site-packages/airflow/example_dags/example_skip_dag.py took 0.179 seconds
[2024-07-01T20:13:57.398+0000] {processor.py:161} INFO - Started process (PID=623) to work on /home/airflow/.local/lib/python3.8/site-packages/airflow/example_dags/example_skip_dag.py
[2024-07-01T20:13:57.401+0000] {processor.py:830} INFO - Processing file /home/airflow/.local/lib/python3.8/site-packages/airflow/example_dags/example_skip_dag.py for tasks to queue
[2024-07-01T20:13:57.407+0000] {logging_mixin.py:188} INFO - [2024-07-01T20:13:57.406+0000] {dagbag.py:538} INFO - Filling up the DagBag from /home/airflow/.local/lib/python3.8/site-packages/airflow/example_dags/example_skip_dag.py
[2024-07-01T20:13:57.425+0000] {processor.py:840} INFO - DAG(s) 'example_skip_dag' retrieved from /home/airflow/.local/lib/python3.8/site-packages/airflow/example_dags/example_skip_dag.py
[2024-07-01T20:13:57.471+0000] {logging_mixin.py:188} INFO - [2024-07-01T20:13:57.471+0000] {dag.py:3036} INFO - Sync 1 DAGs
[2024-07-01T20:13:57.523+0000] {logging_mixin.py:188} INFO - [2024-07-01T20:13:57.522+0000] {dag.py:3823} INFO - Setting next_dagrun for example_skip_dag to 2024-06-30 00:00:00+00:00, run_after=2024-07-01 00:00:00+00:00
[2024-07-01T20:13:57.559+0000] {processor.py:183} INFO - Processing /home/airflow/.local/lib/python3.8/site-packages/airflow/example_dags/example_skip_dag.py took 0.172 seconds
[2024-07-01T20:14:28.303+0000] {processor.py:161} INFO - Started process (PID=678) to work on /home/airflow/.local/lib/python3.8/site-packages/airflow/example_dags/example_skip_dag.py
[2024-07-01T20:14:28.306+0000] {processor.py:830} INFO - Processing file /home/airflow/.local/lib/python3.8/site-packages/airflow/example_dags/example_skip_dag.py for tasks to queue
[2024-07-01T20:14:28.310+0000] {logging_mixin.py:188} INFO - [2024-07-01T20:14:28.309+0000] {dagbag.py:538} INFO - Filling up the DagBag from /home/airflow/.local/lib/python3.8/site-packages/airflow/example_dags/example_skip_dag.py
[2024-07-01T20:14:28.327+0000] {processor.py:840} INFO - DAG(s) 'example_skip_dag' retrieved from /home/airflow/.local/lib/python3.8/site-packages/airflow/example_dags/example_skip_dag.py
[2024-07-01T20:14:28.371+0000] {logging_mixin.py:188} INFO - [2024-07-01T20:14:28.371+0000] {dag.py:3036} INFO - Sync 1 DAGs
[2024-07-01T20:14:28.415+0000] {logging_mixin.py:188} INFO - [2024-07-01T20:14:28.414+0000] {dag.py:3823} INFO - Setting next_dagrun for example_skip_dag to 2024-06-30 00:00:00+00:00, run_after=2024-07-01 00:00:00+00:00
[2024-07-01T20:14:28.452+0000] {processor.py:183} INFO - Processing /home/airflow/.local/lib/python3.8/site-packages/airflow/example_dags/example_skip_dag.py took 0.157 seconds
[2024-07-01T20:14:58.836+0000] {processor.py:161} INFO - Started process (PID=733) to work on /home/airflow/.local/lib/python3.8/site-packages/airflow/example_dags/example_skip_dag.py
[2024-07-01T20:14:58.838+0000] {processor.py:830} INFO - Processing file /home/airflow/.local/lib/python3.8/site-packages/airflow/example_dags/example_skip_dag.py for tasks to queue
[2024-07-01T20:14:58.842+0000] {logging_mixin.py:188} INFO - [2024-07-01T20:14:58.841+0000] {dagbag.py:538} INFO - Filling up the DagBag from /home/airflow/.local/lib/python3.8/site-packages/airflow/example_dags/example_skip_dag.py
[2024-07-01T20:14:58.854+0000] {processor.py:840} INFO - DAG(s) 'example_skip_dag' retrieved from /home/airflow/.local/lib/python3.8/site-packages/airflow/example_dags/example_skip_dag.py
[2024-07-01T20:14:58.899+0000] {logging_mixin.py:188} INFO - [2024-07-01T20:14:58.898+0000] {dag.py:3036} INFO - Sync 1 DAGs
[2024-07-01T20:14:58.944+0000] {logging_mixin.py:188} INFO - [2024-07-01T20:14:58.943+0000] {dag.py:3823} INFO - Setting next_dagrun for example_skip_dag to 2024-06-30 00:00:00+00:00, run_after=2024-07-01 00:00:00+00:00
[2024-07-01T20:14:58.984+0000] {processor.py:183} INFO - Processing /home/airflow/.local/lib/python3.8/site-packages/airflow/example_dags/example_skip_dag.py took 0.155 seconds
[2024-07-01T20:15:29.238+0000] {processor.py:161} INFO - Started process (PID=788) to work on /home/airflow/.local/lib/python3.8/site-packages/airflow/example_dags/example_skip_dag.py
[2024-07-01T20:15:29.240+0000] {processor.py:830} INFO - Processing file /home/airflow/.local/lib/python3.8/site-packages/airflow/example_dags/example_skip_dag.py for tasks to queue
[2024-07-01T20:15:29.243+0000] {logging_mixin.py:188} INFO - [2024-07-01T20:15:29.243+0000] {dagbag.py:538} INFO - Filling up the DagBag from /home/airflow/.local/lib/python3.8/site-packages/airflow/example_dags/example_skip_dag.py
[2024-07-01T20:15:29.256+0000] {processor.py:840} INFO - DAG(s) 'example_skip_dag' retrieved from /home/airflow/.local/lib/python3.8/site-packages/airflow/example_dags/example_skip_dag.py
[2024-07-01T20:15:29.298+0000] {logging_mixin.py:188} INFO - [2024-07-01T20:15:29.298+0000] {dag.py:3036} INFO - Sync 1 DAGs
[2024-07-01T20:15:29.338+0000] {logging_mixin.py:188} INFO - [2024-07-01T20:15:29.338+0000] {dag.py:3823} INFO - Setting next_dagrun for example_skip_dag to 2024-06-30 00:00:00+00:00, run_after=2024-07-01 00:00:00+00:00
[2024-07-01T20:15:29.384+0000] {processor.py:183} INFO - Processing /home/airflow/.local/lib/python3.8/site-packages/airflow/example_dags/example_skip_dag.py took 0.152 seconds
[2024-07-01T20:15:59.869+0000] {processor.py:161} INFO - Started process (PID=842) to work on /home/airflow/.local/lib/python3.8/site-packages/airflow/example_dags/example_skip_dag.py
[2024-07-01T20:15:59.872+0000] {processor.py:830} INFO - Processing file /home/airflow/.local/lib/python3.8/site-packages/airflow/example_dags/example_skip_dag.py for tasks to queue
[2024-07-01T20:15:59.875+0000] {logging_mixin.py:188} INFO - [2024-07-01T20:15:59.875+0000] {dagbag.py:538} INFO - Filling up the DagBag from /home/airflow/.local/lib/python3.8/site-packages/airflow/example_dags/example_skip_dag.py
[2024-07-01T20:15:59.890+0000] {processor.py:840} INFO - DAG(s) 'example_skip_dag' retrieved from /home/airflow/.local/lib/python3.8/site-packages/airflow/example_dags/example_skip_dag.py
[2024-07-01T20:15:59.946+0000] {logging_mixin.py:188} INFO - [2024-07-01T20:15:59.945+0000] {dag.py:3036} INFO - Sync 1 DAGs
[2024-07-01T20:16:00.001+0000] {logging_mixin.py:188} INFO - [2024-07-01T20:16:00.000+0000] {dag.py:3823} INFO - Setting next_dagrun for example_skip_dag to 2024-06-30 00:00:00+00:00, run_after=2024-07-01 00:00:00+00:00
[2024-07-01T20:16:00.054+0000] {processor.py:183} INFO - Processing /home/airflow/.local/lib/python3.8/site-packages/airflow/example_dags/example_skip_dag.py took 0.191 seconds
[2024-07-01T20:16:30.550+0000] {processor.py:161} INFO - Started process (PID=897) to work on /home/airflow/.local/lib/python3.8/site-packages/airflow/example_dags/example_skip_dag.py
[2024-07-01T20:16:30.557+0000] {processor.py:830} INFO - Processing file /home/airflow/.local/lib/python3.8/site-packages/airflow/example_dags/example_skip_dag.py for tasks to queue
[2024-07-01T20:16:30.562+0000] {logging_mixin.py:188} INFO - [2024-07-01T20:16:30.562+0000] {dagbag.py:538} INFO - Filling up the DagBag from /home/airflow/.local/lib/python3.8/site-packages/airflow/example_dags/example_skip_dag.py
[2024-07-01T20:16:30.593+0000] {processor.py:840} INFO - DAG(s) 'example_skip_dag' retrieved from /home/airflow/.local/lib/python3.8/site-packages/airflow/example_dags/example_skip_dag.py
[2024-07-01T20:16:30.686+0000] {logging_mixin.py:188} INFO - [2024-07-01T20:16:30.685+0000] {dag.py:3036} INFO - Sync 1 DAGs
[2024-07-01T20:16:30.755+0000] {logging_mixin.py:188} INFO - [2024-07-01T20:16:30.754+0000] {dag.py:3823} INFO - Setting next_dagrun for example_skip_dag to 2024-06-30 00:00:00+00:00, run_after=2024-07-01 00:00:00+00:00
[2024-07-01T20:16:30.805+0000] {processor.py:183} INFO - Processing /home/airflow/.local/lib/python3.8/site-packages/airflow/example_dags/example_skip_dag.py took 0.263 seconds
[2024-07-01T20:17:01.256+0000] {processor.py:161} INFO - Started process (PID=952) to work on /home/airflow/.local/lib/python3.8/site-packages/airflow/example_dags/example_skip_dag.py
[2024-07-01T20:17:01.258+0000] {processor.py:830} INFO - Processing file /home/airflow/.local/lib/python3.8/site-packages/airflow/example_dags/example_skip_dag.py for tasks to queue
[2024-07-01T20:17:01.261+0000] {logging_mixin.py:188} INFO - [2024-07-01T20:17:01.261+0000] {dagbag.py:538} INFO - Filling up the DagBag from /home/airflow/.local/lib/python3.8/site-packages/airflow/example_dags/example_skip_dag.py
[2024-07-01T20:17:01.275+0000] {processor.py:840} INFO - DAG(s) 'example_skip_dag' retrieved from /home/airflow/.local/lib/python3.8/site-packages/airflow/example_dags/example_skip_dag.py
[2024-07-01T20:17:01.319+0000] {logging_mixin.py:188} INFO - [2024-07-01T20:17:01.318+0000] {dag.py:3036} INFO - Sync 1 DAGs
[2024-07-01T20:17:01.361+0000] {logging_mixin.py:188} INFO - [2024-07-01T20:17:01.361+0000] {dag.py:3823} INFO - Setting next_dagrun for example_skip_dag to 2024-06-30 00:00:00+00:00, run_after=2024-07-01 00:00:00+00:00
[2024-07-01T20:17:01.397+0000] {processor.py:183} INFO - Processing /home/airflow/.local/lib/python3.8/site-packages/airflow/example_dags/example_skip_dag.py took 0.147 seconds
[2024-07-01T20:17:31.847+0000] {processor.py:161} INFO - Started process (PID=1007) to work on /home/airflow/.local/lib/python3.8/site-packages/airflow/example_dags/example_skip_dag.py
[2024-07-01T20:17:31.849+0000] {processor.py:830} INFO - Processing file /home/airflow/.local/lib/python3.8/site-packages/airflow/example_dags/example_skip_dag.py for tasks to queue
[2024-07-01T20:17:31.852+0000] {logging_mixin.py:188} INFO - [2024-07-01T20:17:31.852+0000] {dagbag.py:538} INFO - Filling up the DagBag from /home/airflow/.local/lib/python3.8/site-packages/airflow/example_dags/example_skip_dag.py
[2024-07-01T20:17:31.866+0000] {processor.py:840} INFO - DAG(s) 'example_skip_dag' retrieved from /home/airflow/.local/lib/python3.8/site-packages/airflow/example_dags/example_skip_dag.py
[2024-07-01T20:17:31.923+0000] {logging_mixin.py:188} INFO - [2024-07-01T20:17:31.922+0000] {dag.py:3036} INFO - Sync 1 DAGs
[2024-07-01T20:17:31.973+0000] {logging_mixin.py:188} INFO - [2024-07-01T20:17:31.973+0000] {dag.py:3823} INFO - Setting next_dagrun for example_skip_dag to 2024-06-30 00:00:00+00:00, run_after=2024-07-01 00:00:00+00:00
[2024-07-01T20:17:32.011+0000] {processor.py:183} INFO - Processing /home/airflow/.local/lib/python3.8/site-packages/airflow/example_dags/example_skip_dag.py took 0.171 seconds
[2024-07-01T20:18:02.174+0000] {processor.py:161} INFO - Started process (PID=1062) to work on /home/airflow/.local/lib/python3.8/site-packages/airflow/example_dags/example_skip_dag.py
[2024-07-01T20:18:02.176+0000] {processor.py:830} INFO - Processing file /home/airflow/.local/lib/python3.8/site-packages/airflow/example_dags/example_skip_dag.py for tasks to queue
[2024-07-01T20:18:02.180+0000] {logging_mixin.py:188} INFO - [2024-07-01T20:18:02.179+0000] {dagbag.py:538} INFO - Filling up the DagBag from /home/airflow/.local/lib/python3.8/site-packages/airflow/example_dags/example_skip_dag.py
[2024-07-01T20:18:02.192+0000] {processor.py:840} INFO - DAG(s) 'example_skip_dag' retrieved from /home/airflow/.local/lib/python3.8/site-packages/airflow/example_dags/example_skip_dag.py
[2024-07-01T20:18:02.235+0000] {logging_mixin.py:188} INFO - [2024-07-01T20:18:02.234+0000] {dag.py:3036} INFO - Sync 1 DAGs
[2024-07-01T20:18:02.277+0000] {logging_mixin.py:188} INFO - [2024-07-01T20:18:02.277+0000] {dag.py:3823} INFO - Setting next_dagrun for example_skip_dag to 2024-06-30 00:00:00+00:00, run_after=2024-07-01 00:00:00+00:00
[2024-07-01T20:18:02.315+0000] {processor.py:183} INFO - Processing /home/airflow/.local/lib/python3.8/site-packages/airflow/example_dags/example_skip_dag.py took 0.146 seconds
[2024-07-01T20:18:32.534+0000] {processor.py:161} INFO - Started process (PID=1117) to work on /home/airflow/.local/lib/python3.8/site-packages/airflow/example_dags/example_skip_dag.py
[2024-07-01T20:18:32.536+0000] {processor.py:830} INFO - Processing file /home/airflow/.local/lib/python3.8/site-packages/airflow/example_dags/example_skip_dag.py for tasks to queue
[2024-07-01T20:18:32.540+0000] {logging_mixin.py:188} INFO - [2024-07-01T20:18:32.539+0000] {dagbag.py:538} INFO - Filling up the DagBag from /home/airflow/.local/lib/python3.8/site-packages/airflow/example_dags/example_skip_dag.py
[2024-07-01T20:18:32.553+0000] {processor.py:840} INFO - DAG(s) 'example_skip_dag' retrieved from /home/airflow/.local/lib/python3.8/site-packages/airflow/example_dags/example_skip_dag.py
[2024-07-01T20:18:32.595+0000] {logging_mixin.py:188} INFO - [2024-07-01T20:18:32.594+0000] {dag.py:3036} INFO - Sync 1 DAGs
[2024-07-01T20:18:32.639+0000] {logging_mixin.py:188} INFO - [2024-07-01T20:18:32.639+0000] {dag.py:3823} INFO - Setting next_dagrun for example_skip_dag to 2024-06-30 00:00:00+00:00, run_after=2024-07-01 00:00:00+00:00
[2024-07-01T20:18:32.695+0000] {processor.py:183} INFO - Processing /home/airflow/.local/lib/python3.8/site-packages/airflow/example_dags/example_skip_dag.py took 0.167 seconds
[2024-07-01T20:19:03.339+0000] {processor.py:161} INFO - Started process (PID=1172) to work on /home/airflow/.local/lib/python3.8/site-packages/airflow/example_dags/example_skip_dag.py
[2024-07-01T20:19:03.341+0000] {processor.py:830} INFO - Processing file /home/airflow/.local/lib/python3.8/site-packages/airflow/example_dags/example_skip_dag.py for tasks to queue
[2024-07-01T20:19:03.345+0000] {logging_mixin.py:188} INFO - [2024-07-01T20:19:03.344+0000] {dagbag.py:538} INFO - Filling up the DagBag from /home/airflow/.local/lib/python3.8/site-packages/airflow/example_dags/example_skip_dag.py
[2024-07-01T20:19:03.358+0000] {processor.py:840} INFO - DAG(s) 'example_skip_dag' retrieved from /home/airflow/.local/lib/python3.8/site-packages/airflow/example_dags/example_skip_dag.py
[2024-07-01T20:19:03.405+0000] {logging_mixin.py:188} INFO - [2024-07-01T20:19:03.404+0000] {dag.py:3036} INFO - Sync 1 DAGs
[2024-07-01T20:19:03.456+0000] {logging_mixin.py:188} INFO - [2024-07-01T20:19:03.456+0000] {dag.py:3823} INFO - Setting next_dagrun for example_skip_dag to 2024-06-30 00:00:00+00:00, run_after=2024-07-01 00:00:00+00:00
[2024-07-01T20:19:03.496+0000] {processor.py:183} INFO - Processing /home/airflow/.local/lib/python3.8/site-packages/airflow/example_dags/example_skip_dag.py took 0.163 seconds
[2024-07-01T20:19:33.765+0000] {processor.py:161} INFO - Started process (PID=1227) to work on /home/airflow/.local/lib/python3.8/site-packages/airflow/example_dags/example_skip_dag.py
[2024-07-01T20:19:33.768+0000] {processor.py:830} INFO - Processing file /home/airflow/.local/lib/python3.8/site-packages/airflow/example_dags/example_skip_dag.py for tasks to queue
[2024-07-01T20:19:33.774+0000] {logging_mixin.py:188} INFO - [2024-07-01T20:19:33.773+0000] {dagbag.py:538} INFO - Filling up the DagBag from /home/airflow/.local/lib/python3.8/site-packages/airflow/example_dags/example_skip_dag.py
[2024-07-01T20:19:33.798+0000] {processor.py:840} INFO - DAG(s) 'example_skip_dag' retrieved from /home/airflow/.local/lib/python3.8/site-packages/airflow/example_dags/example_skip_dag.py
[2024-07-01T20:19:33.863+0000] {logging_mixin.py:188} INFO - [2024-07-01T20:19:33.863+0000] {dag.py:3036} INFO - Sync 1 DAGs
[2024-07-01T20:19:33.909+0000] {logging_mixin.py:188} INFO - [2024-07-01T20:19:33.908+0000] {dag.py:3823} INFO - Setting next_dagrun for example_skip_dag to 2024-06-30 00:00:00+00:00, run_after=2024-07-01 00:00:00+00:00
[2024-07-01T20:19:33.958+0000] {processor.py:183} INFO - Processing /home/airflow/.local/lib/python3.8/site-packages/airflow/example_dags/example_skip_dag.py took 0.210 seconds
[2024-07-01T20:20:04.261+0000] {processor.py:161} INFO - Started process (PID=1282) to work on /home/airflow/.local/lib/python3.8/site-packages/airflow/example_dags/example_skip_dag.py
[2024-07-01T20:20:04.263+0000] {processor.py:830} INFO - Processing file /home/airflow/.local/lib/python3.8/site-packages/airflow/example_dags/example_skip_dag.py for tasks to queue
[2024-07-01T20:20:04.266+0000] {logging_mixin.py:188} INFO - [2024-07-01T20:20:04.266+0000] {dagbag.py:538} INFO - Filling up the DagBag from /home/airflow/.local/lib/python3.8/site-packages/airflow/example_dags/example_skip_dag.py
[2024-07-01T20:20:04.280+0000] {processor.py:840} INFO - DAG(s) 'example_skip_dag' retrieved from /home/airflow/.local/lib/python3.8/site-packages/airflow/example_dags/example_skip_dag.py
[2024-07-01T20:20:04.323+0000] {logging_mixin.py:188} INFO - [2024-07-01T20:20:04.322+0000] {dag.py:3036} INFO - Sync 1 DAGs
[2024-07-01T20:20:04.369+0000] {logging_mixin.py:188} INFO - [2024-07-01T20:20:04.369+0000] {dag.py:3823} INFO - Setting next_dagrun for example_skip_dag to 2024-06-30 00:00:00+00:00, run_after=2024-07-01 00:00:00+00:00
[2024-07-01T20:20:04.413+0000] {processor.py:183} INFO - Processing /home/airflow/.local/lib/python3.8/site-packages/airflow/example_dags/example_skip_dag.py took 0.159 seconds
[2024-07-01T20:20:34.480+0000] {processor.py:161} INFO - Started process (PID=1337) to work on /home/airflow/.local/lib/python3.8/site-packages/airflow/example_dags/example_skip_dag.py
[2024-07-01T20:20:34.482+0000] {processor.py:830} INFO - Processing file /home/airflow/.local/lib/python3.8/site-packages/airflow/example_dags/example_skip_dag.py for tasks to queue
[2024-07-01T20:20:34.486+0000] {logging_mixin.py:188} INFO - [2024-07-01T20:20:34.486+0000] {dagbag.py:538} INFO - Filling up the DagBag from /home/airflow/.local/lib/python3.8/site-packages/airflow/example_dags/example_skip_dag.py
[2024-07-01T20:20:34.502+0000] {processor.py:840} INFO - DAG(s) 'example_skip_dag' retrieved from /home/airflow/.local/lib/python3.8/site-packages/airflow/example_dags/example_skip_dag.py
[2024-07-01T20:20:34.553+0000] {logging_mixin.py:188} INFO - [2024-07-01T20:20:34.552+0000] {dag.py:3036} INFO - Sync 1 DAGs
[2024-07-01T20:20:34.604+0000] {logging_mixin.py:188} INFO - [2024-07-01T20:20:34.603+0000] {dag.py:3823} INFO - Setting next_dagrun for example_skip_dag to 2024-06-30 00:00:00+00:00, run_after=2024-07-01 00:00:00+00:00
[2024-07-01T20:20:34.652+0000] {processor.py:183} INFO - Processing /home/airflow/.local/lib/python3.8/site-packages/airflow/example_dags/example_skip_dag.py took 0.178 seconds
[2024-07-01T20:21:05.420+0000] {processor.py:161} INFO - Started process (PID=1392) to work on /home/airflow/.local/lib/python3.8/site-packages/airflow/example_dags/example_skip_dag.py
[2024-07-01T20:21:05.422+0000] {processor.py:830} INFO - Processing file /home/airflow/.local/lib/python3.8/site-packages/airflow/example_dags/example_skip_dag.py for tasks to queue
[2024-07-01T20:21:05.425+0000] {logging_mixin.py:188} INFO - [2024-07-01T20:21:05.425+0000] {dagbag.py:538} INFO - Filling up the DagBag from /home/airflow/.local/lib/python3.8/site-packages/airflow/example_dags/example_skip_dag.py
[2024-07-01T20:21:05.438+0000] {processor.py:840} INFO - DAG(s) 'example_skip_dag' retrieved from /home/airflow/.local/lib/python3.8/site-packages/airflow/example_dags/example_skip_dag.py
[2024-07-01T20:21:05.481+0000] {logging_mixin.py:188} INFO - [2024-07-01T20:21:05.481+0000] {dag.py:3036} INFO - Sync 1 DAGs
[2024-07-01T20:21:05.526+0000] {logging_mixin.py:188} INFO - [2024-07-01T20:21:05.526+0000] {dag.py:3823} INFO - Setting next_dagrun for example_skip_dag to 2024-06-30 00:00:00+00:00, run_after=2024-07-01 00:00:00+00:00
[2024-07-01T20:21:05.566+0000] {processor.py:183} INFO - Processing /home/airflow/.local/lib/python3.8/site-packages/airflow/example_dags/example_skip_dag.py took 0.153 seconds
[2024-07-01T20:21:36.961+0000] {processor.py:161} INFO - Started process (PID=1447) to work on /home/airflow/.local/lib/python3.8/site-packages/airflow/example_dags/example_skip_dag.py
[2024-07-01T20:21:36.963+0000] {processor.py:830} INFO - Processing file /home/airflow/.local/lib/python3.8/site-packages/airflow/example_dags/example_skip_dag.py for tasks to queue
[2024-07-01T20:21:36.969+0000] {logging_mixin.py:188} INFO - [2024-07-01T20:21:36.967+0000] {dagbag.py:538} INFO - Filling up the DagBag from /home/airflow/.local/lib/python3.8/site-packages/airflow/example_dags/example_skip_dag.py
[2024-07-01T20:21:36.986+0000] {processor.py:840} INFO - DAG(s) 'example_skip_dag' retrieved from /home/airflow/.local/lib/python3.8/site-packages/airflow/example_dags/example_skip_dag.py
[2024-07-01T20:21:37.039+0000] {logging_mixin.py:188} INFO - [2024-07-01T20:21:37.039+0000] {dag.py:3036} INFO - Sync 1 DAGs
[2024-07-01T20:21:37.093+0000] {logging_mixin.py:188} INFO - [2024-07-01T20:21:37.092+0000] {dag.py:3823} INFO - Setting next_dagrun for example_skip_dag to 2024-06-30 00:00:00+00:00, run_after=2024-07-01 00:00:00+00:00
[2024-07-01T20:21:37.137+0000] {processor.py:183} INFO - Processing /home/airflow/.local/lib/python3.8/site-packages/airflow/example_dags/example_skip_dag.py took 0.185 seconds
[2024-07-01T20:22:07.704+0000] {processor.py:161} INFO - Started process (PID=1508) to work on /home/airflow/.local/lib/python3.8/site-packages/airflow/example_dags/example_skip_dag.py
[2024-07-01T20:22:07.706+0000] {processor.py:830} INFO - Processing file /home/airflow/.local/lib/python3.8/site-packages/airflow/example_dags/example_skip_dag.py for tasks to queue
[2024-07-01T20:22:07.709+0000] {logging_mixin.py:188} INFO - [2024-07-01T20:22:07.709+0000] {dagbag.py:538} INFO - Filling up the DagBag from /home/airflow/.local/lib/python3.8/site-packages/airflow/example_dags/example_skip_dag.py
[2024-07-01T20:22:07.722+0000] {processor.py:840} INFO - DAG(s) 'example_skip_dag' retrieved from /home/airflow/.local/lib/python3.8/site-packages/airflow/example_dags/example_skip_dag.py
[2024-07-01T20:22:07.770+0000] {logging_mixin.py:188} INFO - [2024-07-01T20:22:07.770+0000] {dag.py:3036} INFO - Sync 1 DAGs
[2024-07-01T20:22:07.812+0000] {logging_mixin.py:188} INFO - [2024-07-01T20:22:07.812+0000] {dag.py:3823} INFO - Setting next_dagrun for example_skip_dag to 2024-06-30 00:00:00+00:00, run_after=2024-07-01 00:00:00+00:00
[2024-07-01T20:22:07.857+0000] {processor.py:183} INFO - Processing /home/airflow/.local/lib/python3.8/site-packages/airflow/example_dags/example_skip_dag.py took 0.160 seconds
[2024-07-01T20:22:38.088+0000] {processor.py:161} INFO - Started process (PID=1563) to work on /home/airflow/.local/lib/python3.8/site-packages/airflow/example_dags/example_skip_dag.py
[2024-07-01T20:22:38.089+0000] {processor.py:830} INFO - Processing file /home/airflow/.local/lib/python3.8/site-packages/airflow/example_dags/example_skip_dag.py for tasks to queue
[2024-07-01T20:22:38.093+0000] {logging_mixin.py:188} INFO - [2024-07-01T20:22:38.093+0000] {dagbag.py:538} INFO - Filling up the DagBag from /home/airflow/.local/lib/python3.8/site-packages/airflow/example_dags/example_skip_dag.py
[2024-07-01T20:22:38.106+0000] {processor.py:840} INFO - DAG(s) 'example_skip_dag' retrieved from /home/airflow/.local/lib/python3.8/site-packages/airflow/example_dags/example_skip_dag.py
[2024-07-01T20:22:38.152+0000] {logging_mixin.py:188} INFO - [2024-07-01T20:22:38.151+0000] {dag.py:3036} INFO - Sync 1 DAGs
[2024-07-01T20:22:38.196+0000] {logging_mixin.py:188} INFO - [2024-07-01T20:22:38.195+0000] {dag.py:3823} INFO - Setting next_dagrun for example_skip_dag to 2024-06-30 00:00:00+00:00, run_after=2024-07-01 00:00:00+00:00
[2024-07-01T20:22:38.244+0000] {processor.py:183} INFO - Processing /home/airflow/.local/lib/python3.8/site-packages/airflow/example_dags/example_skip_dag.py took 0.163 seconds
[2024-07-01T20:23:08.526+0000] {processor.py:161} INFO - Started process (PID=1616) to work on /home/airflow/.local/lib/python3.8/site-packages/airflow/example_dags/example_skip_dag.py
[2024-07-01T20:23:08.528+0000] {processor.py:830} INFO - Processing file /home/airflow/.local/lib/python3.8/site-packages/airflow/example_dags/example_skip_dag.py for tasks to queue
[2024-07-01T20:23:08.532+0000] {logging_mixin.py:188} INFO - [2024-07-01T20:23:08.531+0000] {dagbag.py:538} INFO - Filling up the DagBag from /home/airflow/.local/lib/python3.8/site-packages/airflow/example_dags/example_skip_dag.py
[2024-07-01T20:23:08.550+0000] {processor.py:840} INFO - DAG(s) 'example_skip_dag' retrieved from /home/airflow/.local/lib/python3.8/site-packages/airflow/example_dags/example_skip_dag.py
[2024-07-01T20:23:08.598+0000] {logging_mixin.py:188} INFO - [2024-07-01T20:23:08.597+0000] {dag.py:3036} INFO - Sync 1 DAGs
[2024-07-01T20:23:08.655+0000] {logging_mixin.py:188} INFO - [2024-07-01T20:23:08.655+0000] {dag.py:3823} INFO - Setting next_dagrun for example_skip_dag to 2024-06-30 00:00:00+00:00, run_after=2024-07-01 00:00:00+00:00
[2024-07-01T20:23:08.695+0000] {processor.py:183} INFO - Processing /home/airflow/.local/lib/python3.8/site-packages/airflow/example_dags/example_skip_dag.py took 0.176 seconds
[2024-07-01T20:23:39.149+0000] {processor.py:161} INFO - Started process (PID=1671) to work on /home/airflow/.local/lib/python3.8/site-packages/airflow/example_dags/example_skip_dag.py
[2024-07-01T20:23:39.152+0000] {processor.py:830} INFO - Processing file /home/airflow/.local/lib/python3.8/site-packages/airflow/example_dags/example_skip_dag.py for tasks to queue
[2024-07-01T20:23:39.155+0000] {logging_mixin.py:188} INFO - [2024-07-01T20:23:39.155+0000] {dagbag.py:538} INFO - Filling up the DagBag from /home/airflow/.local/lib/python3.8/site-packages/airflow/example_dags/example_skip_dag.py
[2024-07-01T20:23:39.169+0000] {processor.py:840} INFO - DAG(s) 'example_skip_dag' retrieved from /home/airflow/.local/lib/python3.8/site-packages/airflow/example_dags/example_skip_dag.py
[2024-07-01T20:23:39.215+0000] {logging_mixin.py:188} INFO - [2024-07-01T20:23:39.214+0000] {dag.py:3036} INFO - Sync 1 DAGs
[2024-07-01T20:23:39.262+0000] {logging_mixin.py:188} INFO - [2024-07-01T20:23:39.261+0000] {dag.py:3823} INFO - Setting next_dagrun for example_skip_dag to 2024-06-30 00:00:00+00:00, run_after=2024-07-01 00:00:00+00:00
[2024-07-01T20:23:39.309+0000] {processor.py:183} INFO - Processing /home/airflow/.local/lib/python3.8/site-packages/airflow/example_dags/example_skip_dag.py took 0.165 seconds
[2024-07-01T20:24:09.871+0000] {processor.py:161} INFO - Started process (PID=1726) to work on /home/airflow/.local/lib/python3.8/site-packages/airflow/example_dags/example_skip_dag.py
[2024-07-01T20:24:09.873+0000] {processor.py:830} INFO - Processing file /home/airflow/.local/lib/python3.8/site-packages/airflow/example_dags/example_skip_dag.py for tasks to queue
[2024-07-01T20:24:09.893+0000] {logging_mixin.py:188} INFO - [2024-07-01T20:24:09.892+0000] {dagbag.py:538} INFO - Filling up the DagBag from /home/airflow/.local/lib/python3.8/site-packages/airflow/example_dags/example_skip_dag.py
[2024-07-01T20:24:09.970+0000] {processor.py:840} INFO - DAG(s) 'example_skip_dag' retrieved from /home/airflow/.local/lib/python3.8/site-packages/airflow/example_dags/example_skip_dag.py
[2024-07-01T20:24:10.221+0000] {logging_mixin.py:188} INFO - [2024-07-01T20:24:10.220+0000] {dag.py:3036} INFO - Sync 1 DAGs
[2024-07-01T20:24:10.456+0000] {logging_mixin.py:188} INFO - [2024-07-01T20:24:10.455+0000] {dag.py:3823} INFO - Setting next_dagrun for example_skip_dag to 2024-06-30 00:00:00+00:00, run_after=2024-07-01 00:00:00+00:00
[2024-07-01T20:24:10.705+0000] {processor.py:183} INFO - Processing /home/airflow/.local/lib/python3.8/site-packages/airflow/example_dags/example_skip_dag.py took 0.868 seconds
[2024-07-01T20:24:41.018+0000] {processor.py:161} INFO - Started process (PID=1781) to work on /home/airflow/.local/lib/python3.8/site-packages/airflow/example_dags/example_skip_dag.py
[2024-07-01T20:24:41.020+0000] {processor.py:830} INFO - Processing file /home/airflow/.local/lib/python3.8/site-packages/airflow/example_dags/example_skip_dag.py for tasks to queue
[2024-07-01T20:24:41.024+0000] {logging_mixin.py:188} INFO - [2024-07-01T20:24:41.023+0000] {dagbag.py:538} INFO - Filling up the DagBag from /home/airflow/.local/lib/python3.8/site-packages/airflow/example_dags/example_skip_dag.py
[2024-07-01T20:24:41.040+0000] {processor.py:840} INFO - DAG(s) 'example_skip_dag' retrieved from /home/airflow/.local/lib/python3.8/site-packages/airflow/example_dags/example_skip_dag.py
[2024-07-01T20:24:41.090+0000] {logging_mixin.py:188} INFO - [2024-07-01T20:24:41.089+0000] {dag.py:3036} INFO - Sync 1 DAGs
[2024-07-01T20:24:41.134+0000] {logging_mixin.py:188} INFO - [2024-07-01T20:24:41.133+0000] {dag.py:3823} INFO - Setting next_dagrun for example_skip_dag to 2024-06-30 00:00:00+00:00, run_after=2024-07-01 00:00:00+00:00
[2024-07-01T20:24:41.171+0000] {processor.py:183} INFO - Processing /home/airflow/.local/lib/python3.8/site-packages/airflow/example_dags/example_skip_dag.py took 0.159 seconds
[2024-07-01T20:25:11.889+0000] {processor.py:161} INFO - Started process (PID=1836) to work on /home/airflow/.local/lib/python3.8/site-packages/airflow/example_dags/example_skip_dag.py
[2024-07-01T20:25:11.892+0000] {processor.py:830} INFO - Processing file /home/airflow/.local/lib/python3.8/site-packages/airflow/example_dags/example_skip_dag.py for tasks to queue
[2024-07-01T20:25:11.913+0000] {logging_mixin.py:188} INFO - [2024-07-01T20:25:11.909+0000] {dagbag.py:538} INFO - Filling up the DagBag from /home/airflow/.local/lib/python3.8/site-packages/airflow/example_dags/example_skip_dag.py
[2024-07-01T20:25:11.988+0000] {processor.py:840} INFO - DAG(s) 'example_skip_dag' retrieved from /home/airflow/.local/lib/python3.8/site-packages/airflow/example_dags/example_skip_dag.py
[2024-07-01T20:25:12.142+0000] {logging_mixin.py:188} INFO - [2024-07-01T20:25:12.141+0000] {dag.py:3036} INFO - Sync 1 DAGs
[2024-07-01T20:25:12.219+0000] {logging_mixin.py:188} INFO - [2024-07-01T20:25:12.218+0000] {dag.py:3823} INFO - Setting next_dagrun for example_skip_dag to 2024-06-30 00:00:00+00:00, run_after=2024-07-01 00:00:00+00:00
[2024-07-01T20:25:12.271+0000] {processor.py:183} INFO - Processing /home/airflow/.local/lib/python3.8/site-packages/airflow/example_dags/example_skip_dag.py took 0.396 seconds
