[2024-07-01T20:08:48.942+0000] {processor.py:161} INFO - Started process (PID=64) to work on /home/airflow/.local/lib/python3.8/site-packages/airflow/example_dags/example_branch_day_of_week_operator.py
[2024-07-01T20:08:48.944+0000] {processor.py:830} INFO - Processing file /home/airflow/.local/lib/python3.8/site-packages/airflow/example_dags/example_branch_day_of_week_operator.py for tasks to queue
[2024-07-01T20:08:48.947+0000] {logging_mixin.py:188} INFO - [2024-07-01T20:08:48.947+0000] {dagbag.py:538} INFO - Filling up the DagBag from /home/airflow/.local/lib/python3.8/site-packages/airflow/example_dags/example_branch_day_of_week_operator.py
[2024-07-01T20:08:48.963+0000] {processor.py:840} INFO - DAG(s) 'example_weekday_branch_operator' retrieved from /home/airflow/.local/lib/python3.8/site-packages/airflow/example_dags/example_branch_day_of_week_operator.py
[2024-07-01T20:08:49.194+0000] {logging_mixin.py:188} INFO - [2024-07-01T20:08:49.194+0000] {dag.py:3036} INFO - Sync 1 DAGs
[2024-07-01T20:08:49.241+0000] {logging_mixin.py:188} INFO - [2024-07-01T20:08:49.241+0000] {dag.py:3823} INFO - Setting next_dagrun for example_weekday_branch_operator to 2024-06-30 00:00:00+00:00, run_after=2024-07-01 00:00:00+00:00
[2024-07-01T20:08:49.284+0000] {processor.py:183} INFO - Processing /home/airflow/.local/lib/python3.8/site-packages/airflow/example_dags/example_branch_day_of_week_operator.py took 0.350 seconds
[2024-07-01T20:09:20.079+0000] {processor.py:161} INFO - Started process (PID=119) to work on /home/airflow/.local/lib/python3.8/site-packages/airflow/example_dags/example_branch_day_of_week_operator.py
[2024-07-01T20:09:20.081+0000] {processor.py:830} INFO - Processing file /home/airflow/.local/lib/python3.8/site-packages/airflow/example_dags/example_branch_day_of_week_operator.py for tasks to queue
[2024-07-01T20:09:20.086+0000] {logging_mixin.py:188} INFO - [2024-07-01T20:09:20.085+0000] {dagbag.py:538} INFO - Filling up the DagBag from /home/airflow/.local/lib/python3.8/site-packages/airflow/example_dags/example_branch_day_of_week_operator.py
[2024-07-01T20:09:20.102+0000] {processor.py:840} INFO - DAG(s) 'example_weekday_branch_operator' retrieved from /home/airflow/.local/lib/python3.8/site-packages/airflow/example_dags/example_branch_day_of_week_operator.py
[2024-07-01T20:09:20.152+0000] {logging_mixin.py:188} INFO - [2024-07-01T20:09:20.151+0000] {dag.py:3036} INFO - Sync 1 DAGs
[2024-07-01T20:09:20.224+0000] {logging_mixin.py:188} INFO - [2024-07-01T20:09:20.223+0000] {dag.py:3823} INFO - Setting next_dagrun for example_weekday_branch_operator to 2024-06-30 00:00:00+00:00, run_after=2024-07-01 00:00:00+00:00
[2024-07-01T20:09:20.292+0000] {processor.py:183} INFO - Processing /home/airflow/.local/lib/python3.8/site-packages/airflow/example_dags/example_branch_day_of_week_operator.py took 0.221 seconds
[2024-07-01T20:09:50.751+0000] {processor.py:161} INFO - Started process (PID=174) to work on /home/airflow/.local/lib/python3.8/site-packages/airflow/example_dags/example_branch_day_of_week_operator.py
[2024-07-01T20:09:50.754+0000] {processor.py:830} INFO - Processing file /home/airflow/.local/lib/python3.8/site-packages/airflow/example_dags/example_branch_day_of_week_operator.py for tasks to queue
[2024-07-01T20:09:50.759+0000] {logging_mixin.py:188} INFO - [2024-07-01T20:09:50.758+0000] {dagbag.py:538} INFO - Filling up the DagBag from /home/airflow/.local/lib/python3.8/site-packages/airflow/example_dags/example_branch_day_of_week_operator.py
[2024-07-01T20:09:50.779+0000] {processor.py:840} INFO - DAG(s) 'example_weekday_branch_operator' retrieved from /home/airflow/.local/lib/python3.8/site-packages/airflow/example_dags/example_branch_day_of_week_operator.py
[2024-07-01T20:09:50.824+0000] {logging_mixin.py:188} INFO - [2024-07-01T20:09:50.824+0000] {dag.py:3036} INFO - Sync 1 DAGs
[2024-07-01T20:09:50.875+0000] {logging_mixin.py:188} INFO - [2024-07-01T20:09:50.875+0000] {dag.py:3823} INFO - Setting next_dagrun for example_weekday_branch_operator to 2024-06-30 00:00:00+00:00, run_after=2024-07-01 00:00:00+00:00
[2024-07-01T20:09:50.917+0000] {processor.py:183} INFO - Processing /home/airflow/.local/lib/python3.8/site-packages/airflow/example_dags/example_branch_day_of_week_operator.py took 0.173 seconds
[2024-07-01T20:10:21.363+0000] {processor.py:161} INFO - Started process (PID=229) to work on /home/airflow/.local/lib/python3.8/site-packages/airflow/example_dags/example_branch_day_of_week_operator.py
[2024-07-01T20:10:21.365+0000] {processor.py:830} INFO - Processing file /home/airflow/.local/lib/python3.8/site-packages/airflow/example_dags/example_branch_day_of_week_operator.py for tasks to queue
[2024-07-01T20:10:21.369+0000] {logging_mixin.py:188} INFO - [2024-07-01T20:10:21.368+0000] {dagbag.py:538} INFO - Filling up the DagBag from /home/airflow/.local/lib/python3.8/site-packages/airflow/example_dags/example_branch_day_of_week_operator.py
[2024-07-01T20:10:21.384+0000] {processor.py:840} INFO - DAG(s) 'example_weekday_branch_operator' retrieved from /home/airflow/.local/lib/python3.8/site-packages/airflow/example_dags/example_branch_day_of_week_operator.py
[2024-07-01T20:10:21.424+0000] {logging_mixin.py:188} INFO - [2024-07-01T20:10:21.424+0000] {dag.py:3036} INFO - Sync 1 DAGs
[2024-07-01T20:10:21.474+0000] {logging_mixin.py:188} INFO - [2024-07-01T20:10:21.474+0000] {dag.py:3823} INFO - Setting next_dagrun for example_weekday_branch_operator to 2024-06-30 00:00:00+00:00, run_after=2024-07-01 00:00:00+00:00
[2024-07-01T20:10:21.515+0000] {processor.py:183} INFO - Processing /home/airflow/.local/lib/python3.8/site-packages/airflow/example_dags/example_branch_day_of_week_operator.py took 0.157 seconds
[2024-07-01T20:10:52.425+0000] {processor.py:161} INFO - Started process (PID=285) to work on /home/airflow/.local/lib/python3.8/site-packages/airflow/example_dags/example_branch_day_of_week_operator.py
[2024-07-01T20:10:52.427+0000] {processor.py:830} INFO - Processing file /home/airflow/.local/lib/python3.8/site-packages/airflow/example_dags/example_branch_day_of_week_operator.py for tasks to queue
[2024-07-01T20:10:52.430+0000] {logging_mixin.py:188} INFO - [2024-07-01T20:10:52.430+0000] {dagbag.py:538} INFO - Filling up the DagBag from /home/airflow/.local/lib/python3.8/site-packages/airflow/example_dags/example_branch_day_of_week_operator.py
[2024-07-01T20:10:52.445+0000] {processor.py:840} INFO - DAG(s) 'example_weekday_branch_operator' retrieved from /home/airflow/.local/lib/python3.8/site-packages/airflow/example_dags/example_branch_day_of_week_operator.py
[2024-07-01T20:10:52.486+0000] {logging_mixin.py:188} INFO - [2024-07-01T20:10:52.485+0000] {dag.py:3036} INFO - Sync 1 DAGs
[2024-07-01T20:10:52.534+0000] {logging_mixin.py:188} INFO - [2024-07-01T20:10:52.534+0000] {dag.py:3823} INFO - Setting next_dagrun for example_weekday_branch_operator to 2024-06-30 00:00:00+00:00, run_after=2024-07-01 00:00:00+00:00
[2024-07-01T20:10:52.571+0000] {processor.py:183} INFO - Processing /home/airflow/.local/lib/python3.8/site-packages/airflow/example_dags/example_branch_day_of_week_operator.py took 0.152 seconds
[2024-07-01T20:11:22.798+0000] {processor.py:161} INFO - Started process (PID=339) to work on /home/airflow/.local/lib/python3.8/site-packages/airflow/example_dags/example_branch_day_of_week_operator.py
[2024-07-01T20:11:22.800+0000] {processor.py:830} INFO - Processing file /home/airflow/.local/lib/python3.8/site-packages/airflow/example_dags/example_branch_day_of_week_operator.py for tasks to queue
[2024-07-01T20:11:22.803+0000] {logging_mixin.py:188} INFO - [2024-07-01T20:11:22.803+0000] {dagbag.py:538} INFO - Filling up the DagBag from /home/airflow/.local/lib/python3.8/site-packages/airflow/example_dags/example_branch_day_of_week_operator.py
[2024-07-01T20:11:22.823+0000] {processor.py:840} INFO - DAG(s) 'example_weekday_branch_operator' retrieved from /home/airflow/.local/lib/python3.8/site-packages/airflow/example_dags/example_branch_day_of_week_operator.py
[2024-07-01T20:11:22.864+0000] {logging_mixin.py:188} INFO - [2024-07-01T20:11:22.864+0000] {dag.py:3036} INFO - Sync 1 DAGs
[2024-07-01T20:11:22.925+0000] {logging_mixin.py:188} INFO - [2024-07-01T20:11:22.924+0000] {dag.py:3823} INFO - Setting next_dagrun for example_weekday_branch_operator to 2024-06-30 00:00:00+00:00, run_after=2024-07-01 00:00:00+00:00
[2024-07-01T20:11:22.977+0000] {processor.py:183} INFO - Processing /home/airflow/.local/lib/python3.8/site-packages/airflow/example_dags/example_branch_day_of_week_operator.py took 0.185 seconds
[2024-07-01T20:11:53.392+0000] {processor.py:161} INFO - Started process (PID=394) to work on /home/airflow/.local/lib/python3.8/site-packages/airflow/example_dags/example_branch_day_of_week_operator.py
[2024-07-01T20:11:53.393+0000] {processor.py:830} INFO - Processing file /home/airflow/.local/lib/python3.8/site-packages/airflow/example_dags/example_branch_day_of_week_operator.py for tasks to queue
[2024-07-01T20:11:53.397+0000] {logging_mixin.py:188} INFO - [2024-07-01T20:11:53.396+0000] {dagbag.py:538} INFO - Filling up the DagBag from /home/airflow/.local/lib/python3.8/site-packages/airflow/example_dags/example_branch_day_of_week_operator.py
[2024-07-01T20:11:53.412+0000] {processor.py:840} INFO - DAG(s) 'example_weekday_branch_operator' retrieved from /home/airflow/.local/lib/python3.8/site-packages/airflow/example_dags/example_branch_day_of_week_operator.py
[2024-07-01T20:11:53.453+0000] {logging_mixin.py:188} INFO - [2024-07-01T20:11:53.453+0000] {dag.py:3036} INFO - Sync 1 DAGs
[2024-07-01T20:11:53.500+0000] {logging_mixin.py:188} INFO - [2024-07-01T20:11:53.500+0000] {dag.py:3823} INFO - Setting next_dagrun for example_weekday_branch_operator to 2024-06-30 00:00:00+00:00, run_after=2024-07-01 00:00:00+00:00
[2024-07-01T20:11:53.537+0000] {processor.py:183} INFO - Processing /home/airflow/.local/lib/python3.8/site-packages/airflow/example_dags/example_branch_day_of_week_operator.py took 0.151 seconds
[2024-07-01T20:12:24.631+0000] {processor.py:161} INFO - Started process (PID=449) to work on /home/airflow/.local/lib/python3.8/site-packages/airflow/example_dags/example_branch_day_of_week_operator.py
[2024-07-01T20:12:24.633+0000] {processor.py:830} INFO - Processing file /home/airflow/.local/lib/python3.8/site-packages/airflow/example_dags/example_branch_day_of_week_operator.py for tasks to queue
[2024-07-01T20:12:24.636+0000] {logging_mixin.py:188} INFO - [2024-07-01T20:12:24.635+0000] {dagbag.py:538} INFO - Filling up the DagBag from /home/airflow/.local/lib/python3.8/site-packages/airflow/example_dags/example_branch_day_of_week_operator.py
[2024-07-01T20:12:24.651+0000] {processor.py:840} INFO - DAG(s) 'example_weekday_branch_operator' retrieved from /home/airflow/.local/lib/python3.8/site-packages/airflow/example_dags/example_branch_day_of_week_operator.py
[2024-07-01T20:12:24.694+0000] {logging_mixin.py:188} INFO - [2024-07-01T20:12:24.694+0000] {dag.py:3036} INFO - Sync 1 DAGs
[2024-07-01T20:12:24.743+0000] {logging_mixin.py:188} INFO - [2024-07-01T20:12:24.743+0000] {dag.py:3823} INFO - Setting next_dagrun for example_weekday_branch_operator to 2024-06-30 00:00:00+00:00, run_after=2024-07-01 00:00:00+00:00
[2024-07-01T20:12:24.783+0000] {processor.py:183} INFO - Processing /home/airflow/.local/lib/python3.8/site-packages/airflow/example_dags/example_branch_day_of_week_operator.py took 0.158 seconds
[2024-07-01T20:12:54.858+0000] {processor.py:161} INFO - Started process (PID=504) to work on /home/airflow/.local/lib/python3.8/site-packages/airflow/example_dags/example_branch_day_of_week_operator.py
[2024-07-01T20:12:54.860+0000] {processor.py:830} INFO - Processing file /home/airflow/.local/lib/python3.8/site-packages/airflow/example_dags/example_branch_day_of_week_operator.py for tasks to queue
[2024-07-01T20:12:54.864+0000] {logging_mixin.py:188} INFO - [2024-07-01T20:12:54.864+0000] {dagbag.py:538} INFO - Filling up the DagBag from /home/airflow/.local/lib/python3.8/site-packages/airflow/example_dags/example_branch_day_of_week_operator.py
[2024-07-01T20:12:54.880+0000] {processor.py:840} INFO - DAG(s) 'example_weekday_branch_operator' retrieved from /home/airflow/.local/lib/python3.8/site-packages/airflow/example_dags/example_branch_day_of_week_operator.py
[2024-07-01T20:12:54.921+0000] {logging_mixin.py:188} INFO - [2024-07-01T20:12:54.921+0000] {dag.py:3036} INFO - Sync 1 DAGs
[2024-07-01T20:12:54.967+0000] {logging_mixin.py:188} INFO - [2024-07-01T20:12:54.967+0000] {dag.py:3823} INFO - Setting next_dagrun for example_weekday_branch_operator to 2024-06-30 00:00:00+00:00, run_after=2024-07-01 00:00:00+00:00
[2024-07-01T20:12:55.010+0000] {processor.py:183} INFO - Processing /home/airflow/.local/lib/python3.8/site-packages/airflow/example_dags/example_branch_day_of_week_operator.py took 0.158 seconds
[2024-07-01T20:13:25.304+0000] {processor.py:161} INFO - Started process (PID=558) to work on /home/airflow/.local/lib/python3.8/site-packages/airflow/example_dags/example_branch_day_of_week_operator.py
[2024-07-01T20:13:25.307+0000] {processor.py:830} INFO - Processing file /home/airflow/.local/lib/python3.8/site-packages/airflow/example_dags/example_branch_day_of_week_operator.py for tasks to queue
[2024-07-01T20:13:25.312+0000] {logging_mixin.py:188} INFO - [2024-07-01T20:13:25.312+0000] {dagbag.py:538} INFO - Filling up the DagBag from /home/airflow/.local/lib/python3.8/site-packages/airflow/example_dags/example_branch_day_of_week_operator.py
[2024-07-01T20:13:25.334+0000] {processor.py:840} INFO - DAG(s) 'example_weekday_branch_operator' retrieved from /home/airflow/.local/lib/python3.8/site-packages/airflow/example_dags/example_branch_day_of_week_operator.py
[2024-07-01T20:13:25.394+0000] {logging_mixin.py:188} INFO - [2024-07-01T20:13:25.393+0000] {dag.py:3036} INFO - Sync 1 DAGs
[2024-07-01T20:13:25.469+0000] {logging_mixin.py:188} INFO - [2024-07-01T20:13:25.468+0000] {dag.py:3823} INFO - Setting next_dagrun for example_weekday_branch_operator to 2024-06-30 00:00:00+00:00, run_after=2024-07-01 00:00:00+00:00
[2024-07-01T20:13:25.550+0000] {processor.py:183} INFO - Processing /home/airflow/.local/lib/python3.8/site-packages/airflow/example_dags/example_branch_day_of_week_operator.py took 0.253 seconds
[2024-07-01T20:13:56.289+0000] {processor.py:161} INFO - Started process (PID=614) to work on /home/airflow/.local/lib/python3.8/site-packages/airflow/example_dags/example_branch_day_of_week_operator.py
[2024-07-01T20:13:56.291+0000] {processor.py:830} INFO - Processing file /home/airflow/.local/lib/python3.8/site-packages/airflow/example_dags/example_branch_day_of_week_operator.py for tasks to queue
[2024-07-01T20:13:56.296+0000] {logging_mixin.py:188} INFO - [2024-07-01T20:13:56.295+0000] {dagbag.py:538} INFO - Filling up the DagBag from /home/airflow/.local/lib/python3.8/site-packages/airflow/example_dags/example_branch_day_of_week_operator.py
[2024-07-01T20:13:56.314+0000] {processor.py:840} INFO - DAG(s) 'example_weekday_branch_operator' retrieved from /home/airflow/.local/lib/python3.8/site-packages/airflow/example_dags/example_branch_day_of_week_operator.py
[2024-07-01T20:13:56.355+0000] {logging_mixin.py:188} INFO - [2024-07-01T20:13:56.354+0000] {dag.py:3036} INFO - Sync 1 DAGs
[2024-07-01T20:13:56.400+0000] {logging_mixin.py:188} INFO - [2024-07-01T20:13:56.399+0000] {dag.py:3823} INFO - Setting next_dagrun for example_weekday_branch_operator to 2024-06-30 00:00:00+00:00, run_after=2024-07-01 00:00:00+00:00
[2024-07-01T20:13:56.446+0000] {processor.py:183} INFO - Processing /home/airflow/.local/lib/python3.8/site-packages/airflow/example_dags/example_branch_day_of_week_operator.py took 0.163 seconds
[2024-07-01T20:14:26.910+0000] {processor.py:161} INFO - Started process (PID=669) to work on /home/airflow/.local/lib/python3.8/site-packages/airflow/example_dags/example_branch_day_of_week_operator.py
[2024-07-01T20:14:26.913+0000] {processor.py:830} INFO - Processing file /home/airflow/.local/lib/python3.8/site-packages/airflow/example_dags/example_branch_day_of_week_operator.py for tasks to queue
[2024-07-01T20:14:26.916+0000] {logging_mixin.py:188} INFO - [2024-07-01T20:14:26.916+0000] {dagbag.py:538} INFO - Filling up the DagBag from /home/airflow/.local/lib/python3.8/site-packages/airflow/example_dags/example_branch_day_of_week_operator.py
[2024-07-01T20:14:26.937+0000] {processor.py:840} INFO - DAG(s) 'example_weekday_branch_operator' retrieved from /home/airflow/.local/lib/python3.8/site-packages/airflow/example_dags/example_branch_day_of_week_operator.py
[2024-07-01T20:14:26.997+0000] {logging_mixin.py:188} INFO - [2024-07-01T20:14:26.996+0000] {dag.py:3036} INFO - Sync 1 DAGs
[2024-07-01T20:14:27.093+0000] {logging_mixin.py:188} INFO - [2024-07-01T20:14:27.092+0000] {dag.py:3823} INFO - Setting next_dagrun for example_weekday_branch_operator to 2024-06-30 00:00:00+00:00, run_after=2024-07-01 00:00:00+00:00
[2024-07-01T20:14:27.164+0000] {processor.py:183} INFO - Processing /home/airflow/.local/lib/python3.8/site-packages/airflow/example_dags/example_branch_day_of_week_operator.py took 0.264 seconds
[2024-07-01T20:14:57.262+0000] {processor.py:161} INFO - Started process (PID=724) to work on /home/airflow/.local/lib/python3.8/site-packages/airflow/example_dags/example_branch_day_of_week_operator.py
[2024-07-01T20:14:57.264+0000] {processor.py:830} INFO - Processing file /home/airflow/.local/lib/python3.8/site-packages/airflow/example_dags/example_branch_day_of_week_operator.py for tasks to queue
[2024-07-01T20:14:57.267+0000] {logging_mixin.py:188} INFO - [2024-07-01T20:14:57.266+0000] {dagbag.py:538} INFO - Filling up the DagBag from /home/airflow/.local/lib/python3.8/site-packages/airflow/example_dags/example_branch_day_of_week_operator.py
[2024-07-01T20:14:57.282+0000] {processor.py:840} INFO - DAG(s) 'example_weekday_branch_operator' retrieved from /home/airflow/.local/lib/python3.8/site-packages/airflow/example_dags/example_branch_day_of_week_operator.py
[2024-07-01T20:14:57.323+0000] {logging_mixin.py:188} INFO - [2024-07-01T20:14:57.323+0000] {dag.py:3036} INFO - Sync 1 DAGs
[2024-07-01T20:14:57.368+0000] {logging_mixin.py:188} INFO - [2024-07-01T20:14:57.367+0000] {dag.py:3823} INFO - Setting next_dagrun for example_weekday_branch_operator to 2024-06-30 00:00:00+00:00, run_after=2024-07-01 00:00:00+00:00
[2024-07-01T20:14:57.404+0000] {processor.py:183} INFO - Processing /home/airflow/.local/lib/python3.8/site-packages/airflow/example_dags/example_branch_day_of_week_operator.py took 0.148 seconds
[2024-07-01T20:15:27.891+0000] {processor.py:161} INFO - Started process (PID=779) to work on /home/airflow/.local/lib/python3.8/site-packages/airflow/example_dags/example_branch_day_of_week_operator.py
[2024-07-01T20:15:27.893+0000] {processor.py:830} INFO - Processing file /home/airflow/.local/lib/python3.8/site-packages/airflow/example_dags/example_branch_day_of_week_operator.py for tasks to queue
[2024-07-01T20:15:27.897+0000] {logging_mixin.py:188} INFO - [2024-07-01T20:15:27.896+0000] {dagbag.py:538} INFO - Filling up the DagBag from /home/airflow/.local/lib/python3.8/site-packages/airflow/example_dags/example_branch_day_of_week_operator.py
[2024-07-01T20:15:27.914+0000] {processor.py:840} INFO - DAG(s) 'example_weekday_branch_operator' retrieved from /home/airflow/.local/lib/python3.8/site-packages/airflow/example_dags/example_branch_day_of_week_operator.py
[2024-07-01T20:15:27.956+0000] {logging_mixin.py:188} INFO - [2024-07-01T20:15:27.956+0000] {dag.py:3036} INFO - Sync 1 DAGs
[2024-07-01T20:15:28.000+0000] {logging_mixin.py:188} INFO - [2024-07-01T20:15:28.000+0000] {dag.py:3823} INFO - Setting next_dagrun for example_weekday_branch_operator to 2024-06-30 00:00:00+00:00, run_after=2024-07-01 00:00:00+00:00
[2024-07-01T20:15:28.046+0000] {processor.py:183} INFO - Processing /home/airflow/.local/lib/python3.8/site-packages/airflow/example_dags/example_branch_day_of_week_operator.py took 0.162 seconds
[2024-07-01T20:15:58.957+0000] {processor.py:161} INFO - Started process (PID=834) to work on /home/airflow/.local/lib/python3.8/site-packages/airflow/example_dags/example_branch_day_of_week_operator.py
[2024-07-01T20:15:58.959+0000] {processor.py:830} INFO - Processing file /home/airflow/.local/lib/python3.8/site-packages/airflow/example_dags/example_branch_day_of_week_operator.py for tasks to queue
[2024-07-01T20:15:58.963+0000] {logging_mixin.py:188} INFO - [2024-07-01T20:15:58.962+0000] {dagbag.py:538} INFO - Filling up the DagBag from /home/airflow/.local/lib/python3.8/site-packages/airflow/example_dags/example_branch_day_of_week_operator.py
[2024-07-01T20:15:58.978+0000] {processor.py:840} INFO - DAG(s) 'example_weekday_branch_operator' retrieved from /home/airflow/.local/lib/python3.8/site-packages/airflow/example_dags/example_branch_day_of_week_operator.py
[2024-07-01T20:15:59.023+0000] {logging_mixin.py:188} INFO - [2024-07-01T20:15:59.023+0000] {dag.py:3036} INFO - Sync 1 DAGs
[2024-07-01T20:15:59.075+0000] {logging_mixin.py:188} INFO - [2024-07-01T20:15:59.075+0000] {dag.py:3823} INFO - Setting next_dagrun for example_weekday_branch_operator to 2024-06-30 00:00:00+00:00, run_after=2024-07-01 00:00:00+00:00
[2024-07-01T20:15:59.118+0000] {processor.py:183} INFO - Processing /home/airflow/.local/lib/python3.8/site-packages/airflow/example_dags/example_branch_day_of_week_operator.py took 0.167 seconds
[2024-07-01T20:16:29.526+0000] {processor.py:161} INFO - Started process (PID=889) to work on /home/airflow/.local/lib/python3.8/site-packages/airflow/example_dags/example_branch_day_of_week_operator.py
[2024-07-01T20:16:29.528+0000] {processor.py:830} INFO - Processing file /home/airflow/.local/lib/python3.8/site-packages/airflow/example_dags/example_branch_day_of_week_operator.py for tasks to queue
[2024-07-01T20:16:29.532+0000] {logging_mixin.py:188} INFO - [2024-07-01T20:16:29.532+0000] {dagbag.py:538} INFO - Filling up the DagBag from /home/airflow/.local/lib/python3.8/site-packages/airflow/example_dags/example_branch_day_of_week_operator.py
[2024-07-01T20:16:29.551+0000] {processor.py:840} INFO - DAG(s) 'example_weekday_branch_operator' retrieved from /home/airflow/.local/lib/python3.8/site-packages/airflow/example_dags/example_branch_day_of_week_operator.py
[2024-07-01T20:16:29.606+0000] {logging_mixin.py:188} INFO - [2024-07-01T20:16:29.606+0000] {dag.py:3036} INFO - Sync 1 DAGs
[2024-07-01T20:16:29.671+0000] {logging_mixin.py:188} INFO - [2024-07-01T20:16:29.671+0000] {dag.py:3823} INFO - Setting next_dagrun for example_weekday_branch_operator to 2024-06-30 00:00:00+00:00, run_after=2024-07-01 00:00:00+00:00
[2024-07-01T20:16:29.724+0000] {processor.py:183} INFO - Processing /home/airflow/.local/lib/python3.8/site-packages/airflow/example_dags/example_branch_day_of_week_operator.py took 0.203 seconds
[2024-07-01T20:16:59.997+0000] {processor.py:161} INFO - Started process (PID=944) to work on /home/airflow/.local/lib/python3.8/site-packages/airflow/example_dags/example_branch_day_of_week_operator.py
[2024-07-01T20:16:59.999+0000] {processor.py:830} INFO - Processing file /home/airflow/.local/lib/python3.8/site-packages/airflow/example_dags/example_branch_day_of_week_operator.py for tasks to queue
[2024-07-01T20:17:00.003+0000] {logging_mixin.py:188} INFO - [2024-07-01T20:17:00.002+0000] {dagbag.py:538} INFO - Filling up the DagBag from /home/airflow/.local/lib/python3.8/site-packages/airflow/example_dags/example_branch_day_of_week_operator.py
[2024-07-01T20:17:00.024+0000] {processor.py:840} INFO - DAG(s) 'example_weekday_branch_operator' retrieved from /home/airflow/.local/lib/python3.8/site-packages/airflow/example_dags/example_branch_day_of_week_operator.py
[2024-07-01T20:17:00.071+0000] {logging_mixin.py:188} INFO - [2024-07-01T20:17:00.070+0000] {dag.py:3036} INFO - Sync 1 DAGs
[2024-07-01T20:17:00.118+0000] {logging_mixin.py:188} INFO - [2024-07-01T20:17:00.118+0000] {dag.py:3823} INFO - Setting next_dagrun for example_weekday_branch_operator to 2024-06-30 00:00:00+00:00, run_after=2024-07-01 00:00:00+00:00
[2024-07-01T20:17:00.164+0000] {processor.py:183} INFO - Processing /home/airflow/.local/lib/python3.8/site-packages/airflow/example_dags/example_branch_day_of_week_operator.py took 0.172 seconds
[2024-07-01T20:17:30.839+0000] {processor.py:161} INFO - Started process (PID=999) to work on /home/airflow/.local/lib/python3.8/site-packages/airflow/example_dags/example_branch_day_of_week_operator.py
[2024-07-01T20:17:30.841+0000] {processor.py:830} INFO - Processing file /home/airflow/.local/lib/python3.8/site-packages/airflow/example_dags/example_branch_day_of_week_operator.py for tasks to queue
[2024-07-01T20:17:30.845+0000] {logging_mixin.py:188} INFO - [2024-07-01T20:17:30.844+0000] {dagbag.py:538} INFO - Filling up the DagBag from /home/airflow/.local/lib/python3.8/site-packages/airflow/example_dags/example_branch_day_of_week_operator.py
[2024-07-01T20:17:30.860+0000] {processor.py:840} INFO - DAG(s) 'example_weekday_branch_operator' retrieved from /home/airflow/.local/lib/python3.8/site-packages/airflow/example_dags/example_branch_day_of_week_operator.py
[2024-07-01T20:17:30.905+0000] {logging_mixin.py:188} INFO - [2024-07-01T20:17:30.905+0000] {dag.py:3036} INFO - Sync 1 DAGs
[2024-07-01T20:17:30.954+0000] {logging_mixin.py:188} INFO - [2024-07-01T20:17:30.954+0000] {dag.py:3823} INFO - Setting next_dagrun for example_weekday_branch_operator to 2024-06-30 00:00:00+00:00, run_after=2024-07-01 00:00:00+00:00
[2024-07-01T20:17:31.003+0000] {processor.py:183} INFO - Processing /home/airflow/.local/lib/python3.8/site-packages/airflow/example_dags/example_branch_day_of_week_operator.py took 0.169 seconds
[2024-07-01T20:18:01.214+0000] {processor.py:161} INFO - Started process (PID=1054) to work on /home/airflow/.local/lib/python3.8/site-packages/airflow/example_dags/example_branch_day_of_week_operator.py
[2024-07-01T20:18:01.216+0000] {processor.py:830} INFO - Processing file /home/airflow/.local/lib/python3.8/site-packages/airflow/example_dags/example_branch_day_of_week_operator.py for tasks to queue
[2024-07-01T20:18:01.220+0000] {logging_mixin.py:188} INFO - [2024-07-01T20:18:01.219+0000] {dagbag.py:538} INFO - Filling up the DagBag from /home/airflow/.local/lib/python3.8/site-packages/airflow/example_dags/example_branch_day_of_week_operator.py
[2024-07-01T20:18:01.235+0000] {processor.py:840} INFO - DAG(s) 'example_weekday_branch_operator' retrieved from /home/airflow/.local/lib/python3.8/site-packages/airflow/example_dags/example_branch_day_of_week_operator.py
[2024-07-01T20:18:01.277+0000] {logging_mixin.py:188} INFO - [2024-07-01T20:18:01.277+0000] {dag.py:3036} INFO - Sync 1 DAGs
[2024-07-01T20:18:01.324+0000] {logging_mixin.py:188} INFO - [2024-07-01T20:18:01.324+0000] {dag.py:3823} INFO - Setting next_dagrun for example_weekday_branch_operator to 2024-06-30 00:00:00+00:00, run_after=2024-07-01 00:00:00+00:00
[2024-07-01T20:18:01.362+0000] {processor.py:183} INFO - Processing /home/airflow/.local/lib/python3.8/site-packages/airflow/example_dags/example_branch_day_of_week_operator.py took 0.154 seconds
[2024-07-01T20:18:31.575+0000] {processor.py:161} INFO - Started process (PID=1109) to work on /home/airflow/.local/lib/python3.8/site-packages/airflow/example_dags/example_branch_day_of_week_operator.py
[2024-07-01T20:18:31.577+0000] {processor.py:830} INFO - Processing file /home/airflow/.local/lib/python3.8/site-packages/airflow/example_dags/example_branch_day_of_week_operator.py for tasks to queue
[2024-07-01T20:18:31.581+0000] {logging_mixin.py:188} INFO - [2024-07-01T20:18:31.580+0000] {dagbag.py:538} INFO - Filling up the DagBag from /home/airflow/.local/lib/python3.8/site-packages/airflow/example_dags/example_branch_day_of_week_operator.py
[2024-07-01T20:18:31.596+0000] {processor.py:840} INFO - DAG(s) 'example_weekday_branch_operator' retrieved from /home/airflow/.local/lib/python3.8/site-packages/airflow/example_dags/example_branch_day_of_week_operator.py
[2024-07-01T20:18:31.643+0000] {logging_mixin.py:188} INFO - [2024-07-01T20:18:31.643+0000] {dag.py:3036} INFO - Sync 1 DAGs
[2024-07-01T20:18:31.699+0000] {logging_mixin.py:188} INFO - [2024-07-01T20:18:31.698+0000] {dag.py:3823} INFO - Setting next_dagrun for example_weekday_branch_operator to 2024-06-30 00:00:00+00:00, run_after=2024-07-01 00:00:00+00:00
[2024-07-01T20:18:31.744+0000] {processor.py:183} INFO - Processing /home/airflow/.local/lib/python3.8/site-packages/airflow/example_dags/example_branch_day_of_week_operator.py took 0.175 seconds
[2024-07-01T20:19:02.348+0000] {processor.py:161} INFO - Started process (PID=1164) to work on /home/airflow/.local/lib/python3.8/site-packages/airflow/example_dags/example_branch_day_of_week_operator.py
[2024-07-01T20:19:02.350+0000] {processor.py:830} INFO - Processing file /home/airflow/.local/lib/python3.8/site-packages/airflow/example_dags/example_branch_day_of_week_operator.py for tasks to queue
[2024-07-01T20:19:02.354+0000] {logging_mixin.py:188} INFO - [2024-07-01T20:19:02.353+0000] {dagbag.py:538} INFO - Filling up the DagBag from /home/airflow/.local/lib/python3.8/site-packages/airflow/example_dags/example_branch_day_of_week_operator.py
[2024-07-01T20:19:02.369+0000] {processor.py:840} INFO - DAG(s) 'example_weekday_branch_operator' retrieved from /home/airflow/.local/lib/python3.8/site-packages/airflow/example_dags/example_branch_day_of_week_operator.py
[2024-07-01T20:19:02.411+0000] {logging_mixin.py:188} INFO - [2024-07-01T20:19:02.411+0000] {dag.py:3036} INFO - Sync 1 DAGs
[2024-07-01T20:19:02.459+0000] {logging_mixin.py:188} INFO - [2024-07-01T20:19:02.459+0000] {dag.py:3823} INFO - Setting next_dagrun for example_weekday_branch_operator to 2024-06-30 00:00:00+00:00, run_after=2024-07-01 00:00:00+00:00
[2024-07-01T20:19:02.504+0000] {processor.py:183} INFO - Processing /home/airflow/.local/lib/python3.8/site-packages/airflow/example_dags/example_branch_day_of_week_operator.py took 0.162 seconds
[2024-07-01T20:19:32.613+0000] {processor.py:161} INFO - Started process (PID=1219) to work on /home/airflow/.local/lib/python3.8/site-packages/airflow/example_dags/example_branch_day_of_week_operator.py
[2024-07-01T20:19:32.615+0000] {processor.py:830} INFO - Processing file /home/airflow/.local/lib/python3.8/site-packages/airflow/example_dags/example_branch_day_of_week_operator.py for tasks to queue
[2024-07-01T20:19:32.619+0000] {logging_mixin.py:188} INFO - [2024-07-01T20:19:32.618+0000] {dagbag.py:538} INFO - Filling up the DagBag from /home/airflow/.local/lib/python3.8/site-packages/airflow/example_dags/example_branch_day_of_week_operator.py
[2024-07-01T20:19:32.633+0000] {processor.py:840} INFO - DAG(s) 'example_weekday_branch_operator' retrieved from /home/airflow/.local/lib/python3.8/site-packages/airflow/example_dags/example_branch_day_of_week_operator.py
[2024-07-01T20:19:32.677+0000] {logging_mixin.py:188} INFO - [2024-07-01T20:19:32.676+0000] {dag.py:3036} INFO - Sync 1 DAGs
[2024-07-01T20:19:32.724+0000] {logging_mixin.py:188} INFO - [2024-07-01T20:19:32.724+0000] {dag.py:3823} INFO - Setting next_dagrun for example_weekday_branch_operator to 2024-06-30 00:00:00+00:00, run_after=2024-07-01 00:00:00+00:00
[2024-07-01T20:19:32.771+0000] {processor.py:183} INFO - Processing /home/airflow/.local/lib/python3.8/site-packages/airflow/example_dags/example_branch_day_of_week_operator.py took 0.164 seconds
[2024-07-01T20:20:03.007+0000] {processor.py:161} INFO - Started process (PID=1274) to work on /home/airflow/.local/lib/python3.8/site-packages/airflow/example_dags/example_branch_day_of_week_operator.py
[2024-07-01T20:20:03.009+0000] {processor.py:830} INFO - Processing file /home/airflow/.local/lib/python3.8/site-packages/airflow/example_dags/example_branch_day_of_week_operator.py for tasks to queue
[2024-07-01T20:20:03.013+0000] {logging_mixin.py:188} INFO - [2024-07-01T20:20:03.013+0000] {dagbag.py:538} INFO - Filling up the DagBag from /home/airflow/.local/lib/python3.8/site-packages/airflow/example_dags/example_branch_day_of_week_operator.py
[2024-07-01T20:20:03.032+0000] {processor.py:840} INFO - DAG(s) 'example_weekday_branch_operator' retrieved from /home/airflow/.local/lib/python3.8/site-packages/airflow/example_dags/example_branch_day_of_week_operator.py
[2024-07-01T20:20:03.075+0000] {logging_mixin.py:188} INFO - [2024-07-01T20:20:03.074+0000] {dag.py:3036} INFO - Sync 1 DAGs
[2024-07-01T20:20:03.126+0000] {logging_mixin.py:188} INFO - [2024-07-01T20:20:03.126+0000] {dag.py:3823} INFO - Setting next_dagrun for example_weekday_branch_operator to 2024-06-30 00:00:00+00:00, run_after=2024-07-01 00:00:00+00:00
[2024-07-01T20:20:03.172+0000] {processor.py:183} INFO - Processing /home/airflow/.local/lib/python3.8/site-packages/airflow/example_dags/example_branch_day_of_week_operator.py took 0.171 seconds
[2024-07-01T20:20:33.434+0000] {processor.py:161} INFO - Started process (PID=1328) to work on /home/airflow/.local/lib/python3.8/site-packages/airflow/example_dags/example_branch_day_of_week_operator.py
[2024-07-01T20:20:33.436+0000] {processor.py:830} INFO - Processing file /home/airflow/.local/lib/python3.8/site-packages/airflow/example_dags/example_branch_day_of_week_operator.py for tasks to queue
[2024-07-01T20:20:33.440+0000] {logging_mixin.py:188} INFO - [2024-07-01T20:20:33.439+0000] {dagbag.py:538} INFO - Filling up the DagBag from /home/airflow/.local/lib/python3.8/site-packages/airflow/example_dags/example_branch_day_of_week_operator.py
[2024-07-01T20:20:33.460+0000] {processor.py:840} INFO - DAG(s) 'example_weekday_branch_operator' retrieved from /home/airflow/.local/lib/python3.8/site-packages/airflow/example_dags/example_branch_day_of_week_operator.py
[2024-07-01T20:20:33.502+0000] {logging_mixin.py:188} INFO - [2024-07-01T20:20:33.502+0000] {dag.py:3036} INFO - Sync 1 DAGs
[2024-07-01T20:20:33.553+0000] {logging_mixin.py:188} INFO - [2024-07-01T20:20:33.553+0000] {dag.py:3823} INFO - Setting next_dagrun for example_weekday_branch_operator to 2024-06-30 00:00:00+00:00, run_after=2024-07-01 00:00:00+00:00
[2024-07-01T20:20:33.614+0000] {processor.py:183} INFO - Processing /home/airflow/.local/lib/python3.8/site-packages/airflow/example_dags/example_branch_day_of_week_operator.py took 0.186 seconds
[2024-07-01T20:21:04.430+0000] {processor.py:161} INFO - Started process (PID=1384) to work on /home/airflow/.local/lib/python3.8/site-packages/airflow/example_dags/example_branch_day_of_week_operator.py
[2024-07-01T20:21:04.432+0000] {processor.py:830} INFO - Processing file /home/airflow/.local/lib/python3.8/site-packages/airflow/example_dags/example_branch_day_of_week_operator.py for tasks to queue
[2024-07-01T20:21:04.436+0000] {logging_mixin.py:188} INFO - [2024-07-01T20:21:04.435+0000] {dagbag.py:538} INFO - Filling up the DagBag from /home/airflow/.local/lib/python3.8/site-packages/airflow/example_dags/example_branch_day_of_week_operator.py
[2024-07-01T20:21:04.459+0000] {processor.py:840} INFO - DAG(s) 'example_weekday_branch_operator' retrieved from /home/airflow/.local/lib/python3.8/site-packages/airflow/example_dags/example_branch_day_of_week_operator.py
[2024-07-01T20:21:04.515+0000] {logging_mixin.py:188} INFO - [2024-07-01T20:21:04.514+0000] {dag.py:3036} INFO - Sync 1 DAGs
[2024-07-01T20:21:04.580+0000] {logging_mixin.py:188} INFO - [2024-07-01T20:21:04.579+0000] {dag.py:3823} INFO - Setting next_dagrun for example_weekday_branch_operator to 2024-06-30 00:00:00+00:00, run_after=2024-07-01 00:00:00+00:00
[2024-07-01T20:21:04.627+0000] {processor.py:183} INFO - Processing /home/airflow/.local/lib/python3.8/site-packages/airflow/example_dags/example_branch_day_of_week_operator.py took 0.204 seconds
[2024-07-01T20:21:35.125+0000] {processor.py:161} INFO - Started process (PID=1437) to work on /home/airflow/.local/lib/python3.8/site-packages/airflow/example_dags/example_branch_day_of_week_operator.py
[2024-07-01T20:21:35.128+0000] {processor.py:830} INFO - Processing file /home/airflow/.local/lib/python3.8/site-packages/airflow/example_dags/example_branch_day_of_week_operator.py for tasks to queue
[2024-07-01T20:21:35.132+0000] {logging_mixin.py:188} INFO - [2024-07-01T20:21:35.131+0000] {dagbag.py:538} INFO - Filling up the DagBag from /home/airflow/.local/lib/python3.8/site-packages/airflow/example_dags/example_branch_day_of_week_operator.py
[2024-07-01T20:21:35.149+0000] {processor.py:840} INFO - DAG(s) 'example_weekday_branch_operator' retrieved from /home/airflow/.local/lib/python3.8/site-packages/airflow/example_dags/example_branch_day_of_week_operator.py
[2024-07-01T20:21:35.198+0000] {logging_mixin.py:188} INFO - [2024-07-01T20:21:35.197+0000] {dag.py:3036} INFO - Sync 1 DAGs
[2024-07-01T20:21:35.251+0000] {logging_mixin.py:188} INFO - [2024-07-01T20:21:35.250+0000] {dag.py:3823} INFO - Setting next_dagrun for example_weekday_branch_operator to 2024-06-30 00:00:00+00:00, run_after=2024-07-01 00:00:00+00:00
[2024-07-01T20:21:35.292+0000] {processor.py:183} INFO - Processing /home/airflow/.local/lib/python3.8/site-packages/airflow/example_dags/example_branch_day_of_week_operator.py took 0.175 seconds
[2024-07-01T20:22:05.401+0000] {processor.py:161} INFO - Started process (PID=1492) to work on /home/airflow/.local/lib/python3.8/site-packages/airflow/example_dags/example_branch_day_of_week_operator.py
[2024-07-01T20:22:05.403+0000] {processor.py:830} INFO - Processing file /home/airflow/.local/lib/python3.8/site-packages/airflow/example_dags/example_branch_day_of_week_operator.py for tasks to queue
[2024-07-01T20:22:05.407+0000] {logging_mixin.py:188} INFO - [2024-07-01T20:22:05.407+0000] {dagbag.py:538} INFO - Filling up the DagBag from /home/airflow/.local/lib/python3.8/site-packages/airflow/example_dags/example_branch_day_of_week_operator.py
[2024-07-01T20:22:05.422+0000] {processor.py:840} INFO - DAG(s) 'example_weekday_branch_operator' retrieved from /home/airflow/.local/lib/python3.8/site-packages/airflow/example_dags/example_branch_day_of_week_operator.py
[2024-07-01T20:22:05.463+0000] {logging_mixin.py:188} INFO - [2024-07-01T20:22:05.463+0000] {dag.py:3036} INFO - Sync 1 DAGs
[2024-07-01T20:22:05.510+0000] {logging_mixin.py:188} INFO - [2024-07-01T20:22:05.510+0000] {dag.py:3823} INFO - Setting next_dagrun for example_weekday_branch_operator to 2024-06-30 00:00:00+00:00, run_after=2024-07-01 00:00:00+00:00
[2024-07-01T20:22:05.547+0000] {processor.py:183} INFO - Processing /home/airflow/.local/lib/python3.8/site-packages/airflow/example_dags/example_branch_day_of_week_operator.py took 0.152 seconds
[2024-07-01T20:22:35.815+0000] {processor.py:161} INFO - Started process (PID=1547) to work on /home/airflow/.local/lib/python3.8/site-packages/airflow/example_dags/example_branch_day_of_week_operator.py
[2024-07-01T20:22:35.817+0000] {processor.py:830} INFO - Processing file /home/airflow/.local/lib/python3.8/site-packages/airflow/example_dags/example_branch_day_of_week_operator.py for tasks to queue
[2024-07-01T20:22:35.821+0000] {logging_mixin.py:188} INFO - [2024-07-01T20:22:35.820+0000] {dagbag.py:538} INFO - Filling up the DagBag from /home/airflow/.local/lib/python3.8/site-packages/airflow/example_dags/example_branch_day_of_week_operator.py
[2024-07-01T20:22:35.836+0000] {processor.py:840} INFO - DAG(s) 'example_weekday_branch_operator' retrieved from /home/airflow/.local/lib/python3.8/site-packages/airflow/example_dags/example_branch_day_of_week_operator.py
[2024-07-01T20:22:35.879+0000] {logging_mixin.py:188} INFO - [2024-07-01T20:22:35.879+0000] {dag.py:3036} INFO - Sync 1 DAGs
[2024-07-01T20:22:35.928+0000] {logging_mixin.py:188} INFO - [2024-07-01T20:22:35.928+0000] {dag.py:3823} INFO - Setting next_dagrun for example_weekday_branch_operator to 2024-06-30 00:00:00+00:00, run_after=2024-07-01 00:00:00+00:00
[2024-07-01T20:22:35.972+0000] {processor.py:183} INFO - Processing /home/airflow/.local/lib/python3.8/site-packages/airflow/example_dags/example_branch_day_of_week_operator.py took 0.163 seconds
[2024-07-01T20:23:06.658+0000] {processor.py:161} INFO - Started process (PID=1602) to work on /home/airflow/.local/lib/python3.8/site-packages/airflow/example_dags/example_branch_day_of_week_operator.py
[2024-07-01T20:23:06.660+0000] {processor.py:830} INFO - Processing file /home/airflow/.local/lib/python3.8/site-packages/airflow/example_dags/example_branch_day_of_week_operator.py for tasks to queue
[2024-07-01T20:23:06.664+0000] {logging_mixin.py:188} INFO - [2024-07-01T20:23:06.663+0000] {dagbag.py:538} INFO - Filling up the DagBag from /home/airflow/.local/lib/python3.8/site-packages/airflow/example_dags/example_branch_day_of_week_operator.py
[2024-07-01T20:23:06.682+0000] {processor.py:840} INFO - DAG(s) 'example_weekday_branch_operator' retrieved from /home/airflow/.local/lib/python3.8/site-packages/airflow/example_dags/example_branch_day_of_week_operator.py
[2024-07-01T20:23:06.737+0000] {logging_mixin.py:188} INFO - [2024-07-01T20:23:06.736+0000] {dag.py:3036} INFO - Sync 1 DAGs
[2024-07-01T20:23:06.794+0000] {logging_mixin.py:188} INFO - [2024-07-01T20:23:06.794+0000] {dag.py:3823} INFO - Setting next_dagrun for example_weekday_branch_operator to 2024-06-30 00:00:00+00:00, run_after=2024-07-01 00:00:00+00:00
[2024-07-01T20:23:06.838+0000] {processor.py:183} INFO - Processing /home/airflow/.local/lib/python3.8/site-packages/airflow/example_dags/example_branch_day_of_week_operator.py took 0.187 seconds
[2024-07-01T20:23:37.138+0000] {processor.py:161} INFO - Started process (PID=1657) to work on /home/airflow/.local/lib/python3.8/site-packages/airflow/example_dags/example_branch_day_of_week_operator.py
[2024-07-01T20:23:37.141+0000] {processor.py:830} INFO - Processing file /home/airflow/.local/lib/python3.8/site-packages/airflow/example_dags/example_branch_day_of_week_operator.py for tasks to queue
[2024-07-01T20:23:37.147+0000] {logging_mixin.py:188} INFO - [2024-07-01T20:23:37.146+0000] {dagbag.py:538} INFO - Filling up the DagBag from /home/airflow/.local/lib/python3.8/site-packages/airflow/example_dags/example_branch_day_of_week_operator.py
[2024-07-01T20:23:37.173+0000] {processor.py:840} INFO - DAG(s) 'example_weekday_branch_operator' retrieved from /home/airflow/.local/lib/python3.8/site-packages/airflow/example_dags/example_branch_day_of_week_operator.py
[2024-07-01T20:23:37.228+0000] {logging_mixin.py:188} INFO - [2024-07-01T20:23:37.228+0000] {dag.py:3036} INFO - Sync 1 DAGs
[2024-07-01T20:23:37.282+0000] {logging_mixin.py:188} INFO - [2024-07-01T20:23:37.282+0000] {dag.py:3823} INFO - Setting next_dagrun for example_weekday_branch_operator to 2024-06-30 00:00:00+00:00, run_after=2024-07-01 00:00:00+00:00
[2024-07-01T20:23:37.323+0000] {processor.py:183} INFO - Processing /home/airflow/.local/lib/python3.8/site-packages/airflow/example_dags/example_branch_day_of_week_operator.py took 0.196 seconds
[2024-07-01T20:24:07.446+0000] {processor.py:161} INFO - Started process (PID=1711) to work on /home/airflow/.local/lib/python3.8/site-packages/airflow/example_dags/example_branch_day_of_week_operator.py
[2024-07-01T20:24:07.449+0000] {processor.py:830} INFO - Processing file /home/airflow/.local/lib/python3.8/site-packages/airflow/example_dags/example_branch_day_of_week_operator.py for tasks to queue
[2024-07-01T20:24:07.453+0000] {logging_mixin.py:188} INFO - [2024-07-01T20:24:07.452+0000] {dagbag.py:538} INFO - Filling up the DagBag from /home/airflow/.local/lib/python3.8/site-packages/airflow/example_dags/example_branch_day_of_week_operator.py
[2024-07-01T20:24:07.472+0000] {processor.py:840} INFO - DAG(s) 'example_weekday_branch_operator' retrieved from /home/airflow/.local/lib/python3.8/site-packages/airflow/example_dags/example_branch_day_of_week_operator.py
[2024-07-01T20:24:07.521+0000] {logging_mixin.py:188} INFO - [2024-07-01T20:24:07.521+0000] {dag.py:3036} INFO - Sync 1 DAGs
[2024-07-01T20:24:07.576+0000] {logging_mixin.py:188} INFO - [2024-07-01T20:24:07.575+0000] {dag.py:3823} INFO - Setting next_dagrun for example_weekday_branch_operator to 2024-06-30 00:00:00+00:00, run_after=2024-07-01 00:00:00+00:00
[2024-07-01T20:24:07.627+0000] {processor.py:183} INFO - Processing /home/airflow/.local/lib/python3.8/site-packages/airflow/example_dags/example_branch_day_of_week_operator.py took 0.187 seconds
[2024-07-01T20:24:37.787+0000] {processor.py:161} INFO - Started process (PID=1765) to work on /home/airflow/.local/lib/python3.8/site-packages/airflow/example_dags/example_branch_day_of_week_operator.py
[2024-07-01T20:24:37.789+0000] {processor.py:830} INFO - Processing file /home/airflow/.local/lib/python3.8/site-packages/airflow/example_dags/example_branch_day_of_week_operator.py for tasks to queue
[2024-07-01T20:24:37.795+0000] {logging_mixin.py:188} INFO - [2024-07-01T20:24:37.794+0000] {dagbag.py:538} INFO - Filling up the DagBag from /home/airflow/.local/lib/python3.8/site-packages/airflow/example_dags/example_branch_day_of_week_operator.py
[2024-07-01T20:24:37.844+0000] {processor.py:840} INFO - DAG(s) 'example_weekday_branch_operator' retrieved from /home/airflow/.local/lib/python3.8/site-packages/airflow/example_dags/example_branch_day_of_week_operator.py
[2024-07-01T20:24:37.943+0000] {logging_mixin.py:188} INFO - [2024-07-01T20:24:37.943+0000] {dag.py:3036} INFO - Sync 1 DAGs
[2024-07-01T20:24:38.000+0000] {logging_mixin.py:188} INFO - [2024-07-01T20:24:37.999+0000] {dag.py:3823} INFO - Setting next_dagrun for example_weekday_branch_operator to 2024-06-30 00:00:00+00:00, run_after=2024-07-01 00:00:00+00:00
[2024-07-01T20:24:38.063+0000] {processor.py:183} INFO - Processing /home/airflow/.local/lib/python3.8/site-packages/airflow/example_dags/example_branch_day_of_week_operator.py took 0.285 seconds
[2024-07-01T20:25:08.318+0000] {processor.py:161} INFO - Started process (PID=1826) to work on /home/airflow/.local/lib/python3.8/site-packages/airflow/example_dags/example_branch_day_of_week_operator.py
[2024-07-01T20:25:08.320+0000] {processor.py:830} INFO - Processing file /home/airflow/.local/lib/python3.8/site-packages/airflow/example_dags/example_branch_day_of_week_operator.py for tasks to queue
[2024-07-01T20:25:08.324+0000] {logging_mixin.py:188} INFO - [2024-07-01T20:25:08.324+0000] {dagbag.py:538} INFO - Filling up the DagBag from /home/airflow/.local/lib/python3.8/site-packages/airflow/example_dags/example_branch_day_of_week_operator.py
[2024-07-01T20:25:08.343+0000] {processor.py:840} INFO - DAG(s) 'example_weekday_branch_operator' retrieved from /home/airflow/.local/lib/python3.8/site-packages/airflow/example_dags/example_branch_day_of_week_operator.py
[2024-07-01T20:25:08.396+0000] {logging_mixin.py:188} INFO - [2024-07-01T20:25:08.395+0000] {dag.py:3036} INFO - Sync 1 DAGs
[2024-07-01T20:25:08.487+0000] {logging_mixin.py:188} INFO - [2024-07-01T20:25:08.486+0000] {dag.py:3823} INFO - Setting next_dagrun for example_weekday_branch_operator to 2024-06-30 00:00:00+00:00, run_after=2024-07-01 00:00:00+00:00
[2024-07-01T20:25:08.545+0000] {processor.py:183} INFO - Processing /home/airflow/.local/lib/python3.8/site-packages/airflow/example_dags/example_branch_day_of_week_operator.py took 0.237 seconds
