[2024-07-01T20:08:52.626+0000] {processor.py:161} INFO - Started process (PID=79) to work on /home/airflow/.local/lib/python3.8/site-packages/airflow/example_dags/tutorial_objectstorage.py
[2024-07-01T20:08:52.628+0000] {processor.py:830} INFO - Processing file /home/airflow/.local/lib/python3.8/site-packages/airflow/example_dags/tutorial_objectstorage.py for tasks to queue
[2024-07-01T20:08:52.632+0000] {logging_mixin.py:188} INFO - [2024-07-01T20:08:52.631+0000] {dagbag.py:538} INFO - Filling up the DagBag from /home/airflow/.local/lib/python3.8/site-packages/airflow/example_dags/tutorial_objectstorage.py
[2024-07-01T20:08:52.647+0000] {processor.py:840} INFO - DAG(s) 'tutorial_objectstorage' retrieved from /home/airflow/.local/lib/python3.8/site-packages/airflow/example_dags/tutorial_objectstorage.py
[2024-07-01T20:08:52.935+0000] {logging_mixin.py:188} INFO - [2024-07-01T20:08:52.934+0000] {dag.py:3036} INFO - Sync 1 DAGs
[2024-07-01T20:08:52.969+0000] {logging_mixin.py:188} INFO - [2024-07-01T20:08:52.969+0000] {dag.py:3823} INFO - Setting next_dagrun for tutorial_objectstorage to None, run_after=None
[2024-07-01T20:08:53.020+0000] {processor.py:183} INFO - Processing /home/airflow/.local/lib/python3.8/site-packages/airflow/example_dags/tutorial_objectstorage.py took 0.400 seconds
[2024-07-01T20:09:23.242+0000] {processor.py:161} INFO - Started process (PID=134) to work on /home/airflow/.local/lib/python3.8/site-packages/airflow/example_dags/tutorial_objectstorage.py
[2024-07-01T20:09:23.244+0000] {processor.py:830} INFO - Processing file /home/airflow/.local/lib/python3.8/site-packages/airflow/example_dags/tutorial_objectstorage.py for tasks to queue
[2024-07-01T20:09:23.248+0000] {logging_mixin.py:188} INFO - [2024-07-01T20:09:23.248+0000] {dagbag.py:538} INFO - Filling up the DagBag from /home/airflow/.local/lib/python3.8/site-packages/airflow/example_dags/tutorial_objectstorage.py
[2024-07-01T20:09:23.263+0000] {processor.py:840} INFO - DAG(s) 'tutorial_objectstorage' retrieved from /home/airflow/.local/lib/python3.8/site-packages/airflow/example_dags/tutorial_objectstorage.py
[2024-07-01T20:09:23.308+0000] {logging_mixin.py:188} INFO - [2024-07-01T20:09:23.307+0000] {dag.py:3036} INFO - Sync 1 DAGs
[2024-07-01T20:09:23.333+0000] {logging_mixin.py:188} INFO - [2024-07-01T20:09:23.333+0000] {dag.py:3823} INFO - Setting next_dagrun for tutorial_objectstorage to None, run_after=None
[2024-07-01T20:09:23.372+0000] {processor.py:183} INFO - Processing /home/airflow/.local/lib/python3.8/site-packages/airflow/example_dags/tutorial_objectstorage.py took 0.137 seconds
[2024-07-01T20:09:53.940+0000] {processor.py:161} INFO - Started process (PID=189) to work on /home/airflow/.local/lib/python3.8/site-packages/airflow/example_dags/tutorial_objectstorage.py
[2024-07-01T20:09:53.942+0000] {processor.py:830} INFO - Processing file /home/airflow/.local/lib/python3.8/site-packages/airflow/example_dags/tutorial_objectstorage.py for tasks to queue
[2024-07-01T20:09:53.947+0000] {logging_mixin.py:188} INFO - [2024-07-01T20:09:53.946+0000] {dagbag.py:538} INFO - Filling up the DagBag from /home/airflow/.local/lib/python3.8/site-packages/airflow/example_dags/tutorial_objectstorage.py
[2024-07-01T20:09:53.968+0000] {processor.py:840} INFO - DAG(s) 'tutorial_objectstorage' retrieved from /home/airflow/.local/lib/python3.8/site-packages/airflow/example_dags/tutorial_objectstorage.py
[2024-07-01T20:09:54.023+0000] {logging_mixin.py:188} INFO - [2024-07-01T20:09:54.021+0000] {dag.py:3036} INFO - Sync 1 DAGs
[2024-07-01T20:09:54.062+0000] {logging_mixin.py:188} INFO - [2024-07-01T20:09:54.061+0000] {dag.py:3823} INFO - Setting next_dagrun for tutorial_objectstorage to None, run_after=None
[2024-07-01T20:09:54.123+0000] {processor.py:183} INFO - Processing /home/airflow/.local/lib/python3.8/site-packages/airflow/example_dags/tutorial_objectstorage.py took 0.192 seconds
[2024-07-01T20:10:24.201+0000] {processor.py:161} INFO - Started process (PID=243) to work on /home/airflow/.local/lib/python3.8/site-packages/airflow/example_dags/tutorial_objectstorage.py
[2024-07-01T20:10:24.204+0000] {processor.py:830} INFO - Processing file /home/airflow/.local/lib/python3.8/site-packages/airflow/example_dags/tutorial_objectstorage.py for tasks to queue
[2024-07-01T20:10:24.209+0000] {logging_mixin.py:188} INFO - [2024-07-01T20:10:24.208+0000] {dagbag.py:538} INFO - Filling up the DagBag from /home/airflow/.local/lib/python3.8/site-packages/airflow/example_dags/tutorial_objectstorage.py
[2024-07-01T20:10:24.228+0000] {processor.py:840} INFO - DAG(s) 'tutorial_objectstorage' retrieved from /home/airflow/.local/lib/python3.8/site-packages/airflow/example_dags/tutorial_objectstorage.py
[2024-07-01T20:10:24.285+0000] {logging_mixin.py:188} INFO - [2024-07-01T20:10:24.284+0000] {dag.py:3036} INFO - Sync 1 DAGs
[2024-07-01T20:10:24.309+0000] {logging_mixin.py:188} INFO - [2024-07-01T20:10:24.308+0000] {dag.py:3823} INFO - Setting next_dagrun for tutorial_objectstorage to None, run_after=None
[2024-07-01T20:10:24.354+0000] {processor.py:183} INFO - Processing /home/airflow/.local/lib/python3.8/site-packages/airflow/example_dags/tutorial_objectstorage.py took 0.163 seconds
[2024-07-01T20:10:55.452+0000] {processor.py:161} INFO - Started process (PID=300) to work on /home/airflow/.local/lib/python3.8/site-packages/airflow/example_dags/tutorial_objectstorage.py
[2024-07-01T20:10:55.455+0000] {processor.py:830} INFO - Processing file /home/airflow/.local/lib/python3.8/site-packages/airflow/example_dags/tutorial_objectstorage.py for tasks to queue
[2024-07-01T20:10:55.458+0000] {logging_mixin.py:188} INFO - [2024-07-01T20:10:55.458+0000] {dagbag.py:538} INFO - Filling up the DagBag from /home/airflow/.local/lib/python3.8/site-packages/airflow/example_dags/tutorial_objectstorage.py
[2024-07-01T20:10:55.470+0000] {processor.py:840} INFO - DAG(s) 'tutorial_objectstorage' retrieved from /home/airflow/.local/lib/python3.8/site-packages/airflow/example_dags/tutorial_objectstorage.py
[2024-07-01T20:10:55.507+0000] {logging_mixin.py:188} INFO - [2024-07-01T20:10:55.506+0000] {dag.py:3036} INFO - Sync 1 DAGs
[2024-07-01T20:10:55.530+0000] {logging_mixin.py:188} INFO - [2024-07-01T20:10:55.530+0000] {dag.py:3823} INFO - Setting next_dagrun for tutorial_objectstorage to None, run_after=None
[2024-07-01T20:10:55.574+0000] {processor.py:183} INFO - Processing /home/airflow/.local/lib/python3.8/site-packages/airflow/example_dags/tutorial_objectstorage.py took 0.128 seconds
[2024-07-01T20:11:26.529+0000] {processor.py:161} INFO - Started process (PID=354) to work on /home/airflow/.local/lib/python3.8/site-packages/airflow/example_dags/tutorial_objectstorage.py
[2024-07-01T20:11:26.531+0000] {processor.py:830} INFO - Processing file /home/airflow/.local/lib/python3.8/site-packages/airflow/example_dags/tutorial_objectstorage.py for tasks to queue
[2024-07-01T20:11:26.534+0000] {logging_mixin.py:188} INFO - [2024-07-01T20:11:26.534+0000] {dagbag.py:538} INFO - Filling up the DagBag from /home/airflow/.local/lib/python3.8/site-packages/airflow/example_dags/tutorial_objectstorage.py
[2024-07-01T20:11:26.546+0000] {processor.py:840} INFO - DAG(s) 'tutorial_objectstorage' retrieved from /home/airflow/.local/lib/python3.8/site-packages/airflow/example_dags/tutorial_objectstorage.py
[2024-07-01T20:11:26.582+0000] {logging_mixin.py:188} INFO - [2024-07-01T20:11:26.582+0000] {dag.py:3036} INFO - Sync 1 DAGs
[2024-07-01T20:11:26.606+0000] {logging_mixin.py:188} INFO - [2024-07-01T20:11:26.606+0000] {dag.py:3823} INFO - Setting next_dagrun for tutorial_objectstorage to None, run_after=None
[2024-07-01T20:11:26.644+0000] {processor.py:183} INFO - Processing /home/airflow/.local/lib/python3.8/site-packages/airflow/example_dags/tutorial_objectstorage.py took 0.121 seconds
[2024-07-01T20:11:56.849+0000] {processor.py:161} INFO - Started process (PID=409) to work on /home/airflow/.local/lib/python3.8/site-packages/airflow/example_dags/tutorial_objectstorage.py
[2024-07-01T20:11:56.851+0000] {processor.py:830} INFO - Processing file /home/airflow/.local/lib/python3.8/site-packages/airflow/example_dags/tutorial_objectstorage.py for tasks to queue
[2024-07-01T20:11:56.855+0000] {logging_mixin.py:188} INFO - [2024-07-01T20:11:56.854+0000] {dagbag.py:538} INFO - Filling up the DagBag from /home/airflow/.local/lib/python3.8/site-packages/airflow/example_dags/tutorial_objectstorage.py
[2024-07-01T20:11:56.867+0000] {processor.py:840} INFO - DAG(s) 'tutorial_objectstorage' retrieved from /home/airflow/.local/lib/python3.8/site-packages/airflow/example_dags/tutorial_objectstorage.py
[2024-07-01T20:11:56.903+0000] {logging_mixin.py:188} INFO - [2024-07-01T20:11:56.902+0000] {dag.py:3036} INFO - Sync 1 DAGs
[2024-07-01T20:11:56.928+0000] {logging_mixin.py:188} INFO - [2024-07-01T20:11:56.927+0000] {dag.py:3823} INFO - Setting next_dagrun for tutorial_objectstorage to None, run_after=None
[2024-07-01T20:11:56.965+0000] {processor.py:183} INFO - Processing /home/airflow/.local/lib/python3.8/site-packages/airflow/example_dags/tutorial_objectstorage.py took 0.121 seconds
[2024-07-01T20:12:27.160+0000] {processor.py:161} INFO - Started process (PID=464) to work on /home/airflow/.local/lib/python3.8/site-packages/airflow/example_dags/tutorial_objectstorage.py
[2024-07-01T20:12:27.162+0000] {processor.py:830} INFO - Processing file /home/airflow/.local/lib/python3.8/site-packages/airflow/example_dags/tutorial_objectstorage.py for tasks to queue
[2024-07-01T20:12:27.165+0000] {logging_mixin.py:188} INFO - [2024-07-01T20:12:27.165+0000] {dagbag.py:538} INFO - Filling up the DagBag from /home/airflow/.local/lib/python3.8/site-packages/airflow/example_dags/tutorial_objectstorage.py
[2024-07-01T20:12:27.177+0000] {processor.py:840} INFO - DAG(s) 'tutorial_objectstorage' retrieved from /home/airflow/.local/lib/python3.8/site-packages/airflow/example_dags/tutorial_objectstorage.py
[2024-07-01T20:12:27.214+0000] {logging_mixin.py:188} INFO - [2024-07-01T20:12:27.214+0000] {dag.py:3036} INFO - Sync 1 DAGs
[2024-07-01T20:12:27.238+0000] {logging_mixin.py:188} INFO - [2024-07-01T20:12:27.237+0000] {dag.py:3823} INFO - Setting next_dagrun for tutorial_objectstorage to None, run_after=None
[2024-07-01T20:12:27.276+0000] {processor.py:183} INFO - Processing /home/airflow/.local/lib/python3.8/site-packages/airflow/example_dags/tutorial_objectstorage.py took 0.122 seconds
[2024-07-01T20:12:58.021+0000] {processor.py:161} INFO - Started process (PID=519) to work on /home/airflow/.local/lib/python3.8/site-packages/airflow/example_dags/tutorial_objectstorage.py
[2024-07-01T20:12:58.024+0000] {processor.py:830} INFO - Processing file /home/airflow/.local/lib/python3.8/site-packages/airflow/example_dags/tutorial_objectstorage.py for tasks to queue
[2024-07-01T20:12:58.028+0000] {logging_mixin.py:188} INFO - [2024-07-01T20:12:58.027+0000] {dagbag.py:538} INFO - Filling up the DagBag from /home/airflow/.local/lib/python3.8/site-packages/airflow/example_dags/tutorial_objectstorage.py
[2024-07-01T20:12:58.040+0000] {processor.py:840} INFO - DAG(s) 'tutorial_objectstorage' retrieved from /home/airflow/.local/lib/python3.8/site-packages/airflow/example_dags/tutorial_objectstorage.py
[2024-07-01T20:12:58.079+0000] {logging_mixin.py:188} INFO - [2024-07-01T20:12:58.079+0000] {dag.py:3036} INFO - Sync 1 DAGs
[2024-07-01T20:12:58.104+0000] {logging_mixin.py:188} INFO - [2024-07-01T20:12:58.103+0000] {dag.py:3823} INFO - Setting next_dagrun for tutorial_objectstorage to None, run_after=None
[2024-07-01T20:12:58.149+0000] {processor.py:183} INFO - Processing /home/airflow/.local/lib/python3.8/site-packages/airflow/example_dags/tutorial_objectstorage.py took 0.135 seconds
[2024-07-01T20:13:28.860+0000] {processor.py:161} INFO - Started process (PID=574) to work on /home/airflow/.local/lib/python3.8/site-packages/airflow/example_dags/tutorial_objectstorage.py
[2024-07-01T20:13:28.862+0000] {processor.py:830} INFO - Processing file /home/airflow/.local/lib/python3.8/site-packages/airflow/example_dags/tutorial_objectstorage.py for tasks to queue
[2024-07-01T20:13:28.866+0000] {logging_mixin.py:188} INFO - [2024-07-01T20:13:28.865+0000] {dagbag.py:538} INFO - Filling up the DagBag from /home/airflow/.local/lib/python3.8/site-packages/airflow/example_dags/tutorial_objectstorage.py
[2024-07-01T20:13:28.878+0000] {processor.py:840} INFO - DAG(s) 'tutorial_objectstorage' retrieved from /home/airflow/.local/lib/python3.8/site-packages/airflow/example_dags/tutorial_objectstorage.py
[2024-07-01T20:13:28.916+0000] {logging_mixin.py:188} INFO - [2024-07-01T20:13:28.915+0000] {dag.py:3036} INFO - Sync 1 DAGs
[2024-07-01T20:13:28.940+0000] {logging_mixin.py:188} INFO - [2024-07-01T20:13:28.940+0000] {dag.py:3823} INFO - Setting next_dagrun for tutorial_objectstorage to None, run_after=None
[2024-07-01T20:13:28.988+0000] {processor.py:183} INFO - Processing /home/airflow/.local/lib/python3.8/site-packages/airflow/example_dags/tutorial_objectstorage.py took 0.133 seconds
[2024-07-01T20:13:59.749+0000] {processor.py:161} INFO - Started process (PID=630) to work on /home/airflow/.local/lib/python3.8/site-packages/airflow/example_dags/tutorial_objectstorage.py
[2024-07-01T20:13:59.756+0000] {processor.py:830} INFO - Processing file /home/airflow/.local/lib/python3.8/site-packages/airflow/example_dags/tutorial_objectstorage.py for tasks to queue
[2024-07-01T20:13:59.771+0000] {logging_mixin.py:188} INFO - [2024-07-01T20:13:59.770+0000] {dagbag.py:538} INFO - Filling up the DagBag from /home/airflow/.local/lib/python3.8/site-packages/airflow/example_dags/tutorial_objectstorage.py
[2024-07-01T20:13:59.852+0000] {processor.py:840} INFO - DAG(s) 'tutorial_objectstorage' retrieved from /home/airflow/.local/lib/python3.8/site-packages/airflow/example_dags/tutorial_objectstorage.py
[2024-07-01T20:14:00.044+0000] {logging_mixin.py:188} INFO - [2024-07-01T20:14:00.043+0000] {dag.py:3036} INFO - Sync 1 DAGs
[2024-07-01T20:14:00.113+0000] {logging_mixin.py:188} INFO - [2024-07-01T20:14:00.112+0000] {dag.py:3823} INFO - Setting next_dagrun for tutorial_objectstorage to None, run_after=None
[2024-07-01T20:14:00.246+0000] {processor.py:183} INFO - Processing /home/airflow/.local/lib/python3.8/site-packages/airflow/example_dags/tutorial_objectstorage.py took 0.517 seconds
[2024-07-01T20:14:30.376+0000] {processor.py:161} INFO - Started process (PID=685) to work on /home/airflow/.local/lib/python3.8/site-packages/airflow/example_dags/tutorial_objectstorage.py
[2024-07-01T20:14:30.378+0000] {processor.py:830} INFO - Processing file /home/airflow/.local/lib/python3.8/site-packages/airflow/example_dags/tutorial_objectstorage.py for tasks to queue
[2024-07-01T20:14:30.382+0000] {logging_mixin.py:188} INFO - [2024-07-01T20:14:30.382+0000] {dagbag.py:538} INFO - Filling up the DagBag from /home/airflow/.local/lib/python3.8/site-packages/airflow/example_dags/tutorial_objectstorage.py
[2024-07-01T20:14:30.400+0000] {processor.py:840} INFO - DAG(s) 'tutorial_objectstorage' retrieved from /home/airflow/.local/lib/python3.8/site-packages/airflow/example_dags/tutorial_objectstorage.py
[2024-07-01T20:14:30.451+0000] {logging_mixin.py:188} INFO - [2024-07-01T20:14:30.450+0000] {dag.py:3036} INFO - Sync 1 DAGs
[2024-07-01T20:14:30.500+0000] {logging_mixin.py:188} INFO - [2024-07-01T20:14:30.499+0000] {dag.py:3823} INFO - Setting next_dagrun for tutorial_objectstorage to None, run_after=None
[2024-07-01T20:14:30.551+0000] {processor.py:183} INFO - Processing /home/airflow/.local/lib/python3.8/site-packages/airflow/example_dags/tutorial_objectstorage.py took 0.185 seconds
[2024-07-01T20:15:01.644+0000] {processor.py:161} INFO - Started process (PID=740) to work on /home/airflow/.local/lib/python3.8/site-packages/airflow/example_dags/tutorial_objectstorage.py
[2024-07-01T20:15:01.646+0000] {processor.py:830} INFO - Processing file /home/airflow/.local/lib/python3.8/site-packages/airflow/example_dags/tutorial_objectstorage.py for tasks to queue
[2024-07-01T20:15:01.649+0000] {logging_mixin.py:188} INFO - [2024-07-01T20:15:01.649+0000] {dagbag.py:538} INFO - Filling up the DagBag from /home/airflow/.local/lib/python3.8/site-packages/airflow/example_dags/tutorial_objectstorage.py
[2024-07-01T20:15:01.661+0000] {processor.py:840} INFO - DAG(s) 'tutorial_objectstorage' retrieved from /home/airflow/.local/lib/python3.8/site-packages/airflow/example_dags/tutorial_objectstorage.py
[2024-07-01T20:15:01.704+0000] {logging_mixin.py:188} INFO - [2024-07-01T20:15:01.704+0000] {dag.py:3036} INFO - Sync 1 DAGs
[2024-07-01T20:15:01.734+0000] {logging_mixin.py:188} INFO - [2024-07-01T20:15:01.733+0000] {dag.py:3823} INFO - Setting next_dagrun for tutorial_objectstorage to None, run_after=None
[2024-07-01T20:15:01.775+0000] {processor.py:183} INFO - Processing /home/airflow/.local/lib/python3.8/site-packages/airflow/example_dags/tutorial_objectstorage.py took 0.137 seconds
[2024-07-01T20:15:32.202+0000] {processor.py:161} INFO - Started process (PID=795) to work on /home/airflow/.local/lib/python3.8/site-packages/airflow/example_dags/tutorial_objectstorage.py
[2024-07-01T20:15:32.205+0000] {processor.py:830} INFO - Processing file /home/airflow/.local/lib/python3.8/site-packages/airflow/example_dags/tutorial_objectstorage.py for tasks to queue
[2024-07-01T20:15:32.209+0000] {logging_mixin.py:188} INFO - [2024-07-01T20:15:32.208+0000] {dagbag.py:538} INFO - Filling up the DagBag from /home/airflow/.local/lib/python3.8/site-packages/airflow/example_dags/tutorial_objectstorage.py
[2024-07-01T20:15:32.224+0000] {processor.py:840} INFO - DAG(s) 'tutorial_objectstorage' retrieved from /home/airflow/.local/lib/python3.8/site-packages/airflow/example_dags/tutorial_objectstorage.py
[2024-07-01T20:15:32.270+0000] {logging_mixin.py:188} INFO - [2024-07-01T20:15:32.269+0000] {dag.py:3036} INFO - Sync 1 DAGs
[2024-07-01T20:15:32.299+0000] {logging_mixin.py:188} INFO - [2024-07-01T20:15:32.298+0000] {dag.py:3823} INFO - Setting next_dagrun for tutorial_objectstorage to None, run_after=None
[2024-07-01T20:15:32.352+0000] {processor.py:183} INFO - Processing /home/airflow/.local/lib/python3.8/site-packages/airflow/example_dags/tutorial_objectstorage.py took 0.157 seconds
[2024-07-01T20:16:03.119+0000] {processor.py:161} INFO - Started process (PID=850) to work on /home/airflow/.local/lib/python3.8/site-packages/airflow/example_dags/tutorial_objectstorage.py
[2024-07-01T20:16:03.121+0000] {processor.py:830} INFO - Processing file /home/airflow/.local/lib/python3.8/site-packages/airflow/example_dags/tutorial_objectstorage.py for tasks to queue
[2024-07-01T20:16:03.124+0000] {logging_mixin.py:188} INFO - [2024-07-01T20:16:03.123+0000] {dagbag.py:538} INFO - Filling up the DagBag from /home/airflow/.local/lib/python3.8/site-packages/airflow/example_dags/tutorial_objectstorage.py
[2024-07-01T20:16:03.136+0000] {processor.py:840} INFO - DAG(s) 'tutorial_objectstorage' retrieved from /home/airflow/.local/lib/python3.8/site-packages/airflow/example_dags/tutorial_objectstorage.py
[2024-07-01T20:16:03.189+0000] {logging_mixin.py:188} INFO - [2024-07-01T20:16:03.189+0000] {dag.py:3036} INFO - Sync 1 DAGs
[2024-07-01T20:16:03.218+0000] {logging_mixin.py:188} INFO - [2024-07-01T20:16:03.218+0000] {dag.py:3823} INFO - Setting next_dagrun for tutorial_objectstorage to None, run_after=None
[2024-07-01T20:16:03.266+0000] {processor.py:183} INFO - Processing /home/airflow/.local/lib/python3.8/site-packages/airflow/example_dags/tutorial_objectstorage.py took 0.153 seconds
[2024-07-01T20:16:33.649+0000] {processor.py:161} INFO - Started process (PID=905) to work on /home/airflow/.local/lib/python3.8/site-packages/airflow/example_dags/tutorial_objectstorage.py
[2024-07-01T20:16:33.651+0000] {processor.py:830} INFO - Processing file /home/airflow/.local/lib/python3.8/site-packages/airflow/example_dags/tutorial_objectstorage.py for tasks to queue
[2024-07-01T20:16:33.655+0000] {logging_mixin.py:188} INFO - [2024-07-01T20:16:33.654+0000] {dagbag.py:538} INFO - Filling up the DagBag from /home/airflow/.local/lib/python3.8/site-packages/airflow/example_dags/tutorial_objectstorage.py
[2024-07-01T20:16:33.668+0000] {processor.py:840} INFO - DAG(s) 'tutorial_objectstorage' retrieved from /home/airflow/.local/lib/python3.8/site-packages/airflow/example_dags/tutorial_objectstorage.py
[2024-07-01T20:16:33.711+0000] {logging_mixin.py:188} INFO - [2024-07-01T20:16:33.711+0000] {dag.py:3036} INFO - Sync 1 DAGs
[2024-07-01T20:16:33.742+0000] {logging_mixin.py:188} INFO - [2024-07-01T20:16:33.742+0000] {dag.py:3823} INFO - Setting next_dagrun for tutorial_objectstorage to None, run_after=None
[2024-07-01T20:16:33.795+0000] {processor.py:183} INFO - Processing /home/airflow/.local/lib/python3.8/site-packages/airflow/example_dags/tutorial_objectstorage.py took 0.152 seconds
[2024-07-01T20:17:03.876+0000] {processor.py:161} INFO - Started process (PID=960) to work on /home/airflow/.local/lib/python3.8/site-packages/airflow/example_dags/tutorial_objectstorage.py
[2024-07-01T20:17:03.878+0000] {processor.py:830} INFO - Processing file /home/airflow/.local/lib/python3.8/site-packages/airflow/example_dags/tutorial_objectstorage.py for tasks to queue
[2024-07-01T20:17:03.882+0000] {logging_mixin.py:188} INFO - [2024-07-01T20:17:03.881+0000] {dagbag.py:538} INFO - Filling up the DagBag from /home/airflow/.local/lib/python3.8/site-packages/airflow/example_dags/tutorial_objectstorage.py
[2024-07-01T20:17:03.897+0000] {processor.py:840} INFO - DAG(s) 'tutorial_objectstorage' retrieved from /home/airflow/.local/lib/python3.8/site-packages/airflow/example_dags/tutorial_objectstorage.py
[2024-07-01T20:17:03.937+0000] {logging_mixin.py:188} INFO - [2024-07-01T20:17:03.937+0000] {dag.py:3036} INFO - Sync 1 DAGs
[2024-07-01T20:17:03.961+0000] {logging_mixin.py:188} INFO - [2024-07-01T20:17:03.961+0000] {dag.py:3823} INFO - Setting next_dagrun for tutorial_objectstorage to None, run_after=None
[2024-07-01T20:17:03.998+0000] {processor.py:183} INFO - Processing /home/airflow/.local/lib/python3.8/site-packages/airflow/example_dags/tutorial_objectstorage.py took 0.130 seconds
[2024-07-01T20:17:34.121+0000] {processor.py:161} INFO - Started process (PID=1015) to work on /home/airflow/.local/lib/python3.8/site-packages/airflow/example_dags/tutorial_objectstorage.py
[2024-07-01T20:17:34.123+0000] {processor.py:830} INFO - Processing file /home/airflow/.local/lib/python3.8/site-packages/airflow/example_dags/tutorial_objectstorage.py for tasks to queue
[2024-07-01T20:17:34.126+0000] {logging_mixin.py:188} INFO - [2024-07-01T20:17:34.126+0000] {dagbag.py:538} INFO - Filling up the DagBag from /home/airflow/.local/lib/python3.8/site-packages/airflow/example_dags/tutorial_objectstorage.py
[2024-07-01T20:17:34.139+0000] {processor.py:840} INFO - DAG(s) 'tutorial_objectstorage' retrieved from /home/airflow/.local/lib/python3.8/site-packages/airflow/example_dags/tutorial_objectstorage.py
[2024-07-01T20:17:34.175+0000] {logging_mixin.py:188} INFO - [2024-07-01T20:17:34.175+0000] {dag.py:3036} INFO - Sync 1 DAGs
[2024-07-01T20:17:34.199+0000] {logging_mixin.py:188} INFO - [2024-07-01T20:17:34.198+0000] {dag.py:3823} INFO - Setting next_dagrun for tutorial_objectstorage to None, run_after=None
[2024-07-01T20:17:34.243+0000] {processor.py:183} INFO - Processing /home/airflow/.local/lib/python3.8/site-packages/airflow/example_dags/tutorial_objectstorage.py took 0.128 seconds
[2024-07-01T20:18:04.518+0000] {processor.py:161} INFO - Started process (PID=1070) to work on /home/airflow/.local/lib/python3.8/site-packages/airflow/example_dags/tutorial_objectstorage.py
[2024-07-01T20:18:04.520+0000] {processor.py:830} INFO - Processing file /home/airflow/.local/lib/python3.8/site-packages/airflow/example_dags/tutorial_objectstorage.py for tasks to queue
[2024-07-01T20:18:04.524+0000] {logging_mixin.py:188} INFO - [2024-07-01T20:18:04.523+0000] {dagbag.py:538} INFO - Filling up the DagBag from /home/airflow/.local/lib/python3.8/site-packages/airflow/example_dags/tutorial_objectstorage.py
[2024-07-01T20:18:04.536+0000] {processor.py:840} INFO - DAG(s) 'tutorial_objectstorage' retrieved from /home/airflow/.local/lib/python3.8/site-packages/airflow/example_dags/tutorial_objectstorage.py
[2024-07-01T20:18:04.574+0000] {logging_mixin.py:188} INFO - [2024-07-01T20:18:04.574+0000] {dag.py:3036} INFO - Sync 1 DAGs
[2024-07-01T20:18:04.598+0000] {logging_mixin.py:188} INFO - [2024-07-01T20:18:04.597+0000] {dag.py:3823} INFO - Setting next_dagrun for tutorial_objectstorage to None, run_after=None
[2024-07-01T20:18:04.635+0000] {processor.py:183} INFO - Processing /home/airflow/.local/lib/python3.8/site-packages/airflow/example_dags/tutorial_objectstorage.py took 0.123 seconds
[2024-07-01T20:18:35.063+0000] {processor.py:161} INFO - Started process (PID=1125) to work on /home/airflow/.local/lib/python3.8/site-packages/airflow/example_dags/tutorial_objectstorage.py
[2024-07-01T20:18:35.065+0000] {processor.py:830} INFO - Processing file /home/airflow/.local/lib/python3.8/site-packages/airflow/example_dags/tutorial_objectstorage.py for tasks to queue
[2024-07-01T20:18:35.069+0000] {logging_mixin.py:188} INFO - [2024-07-01T20:18:35.068+0000] {dagbag.py:538} INFO - Filling up the DagBag from /home/airflow/.local/lib/python3.8/site-packages/airflow/example_dags/tutorial_objectstorage.py
[2024-07-01T20:18:35.080+0000] {processor.py:840} INFO - DAG(s) 'tutorial_objectstorage' retrieved from /home/airflow/.local/lib/python3.8/site-packages/airflow/example_dags/tutorial_objectstorage.py
[2024-07-01T20:18:35.116+0000] {logging_mixin.py:188} INFO - [2024-07-01T20:18:35.115+0000] {dag.py:3036} INFO - Sync 1 DAGs
[2024-07-01T20:18:35.147+0000] {logging_mixin.py:188} INFO - [2024-07-01T20:18:35.146+0000] {dag.py:3823} INFO - Setting next_dagrun for tutorial_objectstorage to None, run_after=None
[2024-07-01T20:18:35.194+0000] {processor.py:183} INFO - Processing /home/airflow/.local/lib/python3.8/site-packages/airflow/example_dags/tutorial_objectstorage.py took 0.138 seconds
[2024-07-01T20:19:05.495+0000] {processor.py:161} INFO - Started process (PID=1180) to work on /home/airflow/.local/lib/python3.8/site-packages/airflow/example_dags/tutorial_objectstorage.py
[2024-07-01T20:19:05.498+0000] {processor.py:830} INFO - Processing file /home/airflow/.local/lib/python3.8/site-packages/airflow/example_dags/tutorial_objectstorage.py for tasks to queue
[2024-07-01T20:19:05.503+0000] {logging_mixin.py:188} INFO - [2024-07-01T20:19:05.502+0000] {dagbag.py:538} INFO - Filling up the DagBag from /home/airflow/.local/lib/python3.8/site-packages/airflow/example_dags/tutorial_objectstorage.py
[2024-07-01T20:19:05.518+0000] {processor.py:840} INFO - DAG(s) 'tutorial_objectstorage' retrieved from /home/airflow/.local/lib/python3.8/site-packages/airflow/example_dags/tutorial_objectstorage.py
[2024-07-01T20:19:05.560+0000] {logging_mixin.py:188} INFO - [2024-07-01T20:19:05.559+0000] {dag.py:3036} INFO - Sync 1 DAGs
[2024-07-01T20:19:05.584+0000] {logging_mixin.py:188} INFO - [2024-07-01T20:19:05.583+0000] {dag.py:3823} INFO - Setting next_dagrun for tutorial_objectstorage to None, run_after=None
[2024-07-01T20:19:05.631+0000] {processor.py:183} INFO - Processing /home/airflow/.local/lib/python3.8/site-packages/airflow/example_dags/tutorial_objectstorage.py took 0.146 seconds
[2024-07-01T20:19:35.754+0000] {processor.py:161} INFO - Started process (PID=1234) to work on /home/airflow/.local/lib/python3.8/site-packages/airflow/example_dags/tutorial_objectstorage.py
[2024-07-01T20:19:35.756+0000] {processor.py:830} INFO - Processing file /home/airflow/.local/lib/python3.8/site-packages/airflow/example_dags/tutorial_objectstorage.py for tasks to queue
[2024-07-01T20:19:35.760+0000] {logging_mixin.py:188} INFO - [2024-07-01T20:19:35.759+0000] {dagbag.py:538} INFO - Filling up the DagBag from /home/airflow/.local/lib/python3.8/site-packages/airflow/example_dags/tutorial_objectstorage.py
[2024-07-01T20:19:35.772+0000] {processor.py:840} INFO - DAG(s) 'tutorial_objectstorage' retrieved from /home/airflow/.local/lib/python3.8/site-packages/airflow/example_dags/tutorial_objectstorage.py
[2024-07-01T20:19:35.810+0000] {logging_mixin.py:188} INFO - [2024-07-01T20:19:35.810+0000] {dag.py:3036} INFO - Sync 1 DAGs
[2024-07-01T20:19:35.836+0000] {logging_mixin.py:188} INFO - [2024-07-01T20:19:35.835+0000] {dag.py:3823} INFO - Setting next_dagrun for tutorial_objectstorage to None, run_after=None
[2024-07-01T20:19:35.878+0000] {processor.py:183} INFO - Processing /home/airflow/.local/lib/python3.8/site-packages/airflow/example_dags/tutorial_objectstorage.py took 0.136 seconds
[2024-07-01T20:20:05.935+0000] {processor.py:161} INFO - Started process (PID=1289) to work on /home/airflow/.local/lib/python3.8/site-packages/airflow/example_dags/tutorial_objectstorage.py
[2024-07-01T20:20:05.937+0000] {processor.py:830} INFO - Processing file /home/airflow/.local/lib/python3.8/site-packages/airflow/example_dags/tutorial_objectstorage.py for tasks to queue
[2024-07-01T20:20:05.941+0000] {logging_mixin.py:188} INFO - [2024-07-01T20:20:05.940+0000] {dagbag.py:538} INFO - Filling up the DagBag from /home/airflow/.local/lib/python3.8/site-packages/airflow/example_dags/tutorial_objectstorage.py
[2024-07-01T20:20:05.954+0000] {processor.py:840} INFO - DAG(s) 'tutorial_objectstorage' retrieved from /home/airflow/.local/lib/python3.8/site-packages/airflow/example_dags/tutorial_objectstorage.py
[2024-07-01T20:20:05.998+0000] {logging_mixin.py:188} INFO - [2024-07-01T20:20:05.998+0000] {dag.py:3036} INFO - Sync 1 DAGs
[2024-07-01T20:20:06.024+0000] {logging_mixin.py:188} INFO - [2024-07-01T20:20:06.024+0000] {dag.py:3823} INFO - Setting next_dagrun for tutorial_objectstorage to None, run_after=None
[2024-07-01T20:20:06.069+0000] {processor.py:183} INFO - Processing /home/airflow/.local/lib/python3.8/site-packages/airflow/example_dags/tutorial_objectstorage.py took 0.140 seconds
[2024-07-01T20:20:36.334+0000] {processor.py:161} INFO - Started process (PID=1344) to work on /home/airflow/.local/lib/python3.8/site-packages/airflow/example_dags/tutorial_objectstorage.py
[2024-07-01T20:20:36.336+0000] {processor.py:830} INFO - Processing file /home/airflow/.local/lib/python3.8/site-packages/airflow/example_dags/tutorial_objectstorage.py for tasks to queue
[2024-07-01T20:20:36.340+0000] {logging_mixin.py:188} INFO - [2024-07-01T20:20:36.340+0000] {dagbag.py:538} INFO - Filling up the DagBag from /home/airflow/.local/lib/python3.8/site-packages/airflow/example_dags/tutorial_objectstorage.py
[2024-07-01T20:20:36.356+0000] {processor.py:840} INFO - DAG(s) 'tutorial_objectstorage' retrieved from /home/airflow/.local/lib/python3.8/site-packages/airflow/example_dags/tutorial_objectstorage.py
[2024-07-01T20:20:36.403+0000] {logging_mixin.py:188} INFO - [2024-07-01T20:20:36.403+0000] {dag.py:3036} INFO - Sync 1 DAGs
[2024-07-01T20:20:36.435+0000] {logging_mixin.py:188} INFO - [2024-07-01T20:20:36.434+0000] {dag.py:3823} INFO - Setting next_dagrun for tutorial_objectstorage to None, run_after=None
[2024-07-01T20:20:36.475+0000] {processor.py:183} INFO - Processing /home/airflow/.local/lib/python3.8/site-packages/airflow/example_dags/tutorial_objectstorage.py took 0.148 seconds
[2024-07-01T20:21:07.420+0000] {processor.py:161} INFO - Started process (PID=1405) to work on /home/airflow/.local/lib/python3.8/site-packages/airflow/example_dags/tutorial_objectstorage.py
[2024-07-01T20:21:07.421+0000] {processor.py:830} INFO - Processing file /home/airflow/.local/lib/python3.8/site-packages/airflow/example_dags/tutorial_objectstorage.py for tasks to queue
[2024-07-01T20:21:07.426+0000] {logging_mixin.py:188} INFO - [2024-07-01T20:21:07.425+0000] {dagbag.py:538} INFO - Filling up the DagBag from /home/airflow/.local/lib/python3.8/site-packages/airflow/example_dags/tutorial_objectstorage.py
[2024-07-01T20:21:07.441+0000] {processor.py:840} INFO - DAG(s) 'tutorial_objectstorage' retrieved from /home/airflow/.local/lib/python3.8/site-packages/airflow/example_dags/tutorial_objectstorage.py
[2024-07-01T20:21:07.492+0000] {logging_mixin.py:188} INFO - [2024-07-01T20:21:07.492+0000] {dag.py:3036} INFO - Sync 1 DAGs
[2024-07-01T20:21:07.519+0000] {logging_mixin.py:188} INFO - [2024-07-01T20:21:07.518+0000] {dag.py:3823} INFO - Setting next_dagrun for tutorial_objectstorage to None, run_after=None
[2024-07-01T20:21:07.558+0000] {processor.py:183} INFO - Processing /home/airflow/.local/lib/python3.8/site-packages/airflow/example_dags/tutorial_objectstorage.py took 0.151 seconds
[2024-07-01T20:21:38.290+0000] {processor.py:161} INFO - Started process (PID=1460) to work on /home/airflow/.local/lib/python3.8/site-packages/airflow/example_dags/tutorial_objectstorage.py
[2024-07-01T20:21:38.292+0000] {processor.py:830} INFO - Processing file /home/airflow/.local/lib/python3.8/site-packages/airflow/example_dags/tutorial_objectstorage.py for tasks to queue
[2024-07-01T20:21:38.295+0000] {logging_mixin.py:188} INFO - [2024-07-01T20:21:38.295+0000] {dagbag.py:538} INFO - Filling up the DagBag from /home/airflow/.local/lib/python3.8/site-packages/airflow/example_dags/tutorial_objectstorage.py
[2024-07-01T20:21:38.321+0000] {processor.py:840} INFO - DAG(s) 'tutorial_objectstorage' retrieved from /home/airflow/.local/lib/python3.8/site-packages/airflow/example_dags/tutorial_objectstorage.py
[2024-07-01T20:21:38.374+0000] {logging_mixin.py:188} INFO - [2024-07-01T20:21:38.373+0000] {dag.py:3036} INFO - Sync 1 DAGs
[2024-07-01T20:21:38.402+0000] {logging_mixin.py:188} INFO - [2024-07-01T20:21:38.402+0000] {dag.py:3823} INFO - Setting next_dagrun for tutorial_objectstorage to None, run_after=None
[2024-07-01T20:21:38.448+0000] {processor.py:183} INFO - Processing /home/airflow/.local/lib/python3.8/site-packages/airflow/example_dags/tutorial_objectstorage.py took 0.165 seconds
[2024-07-01T20:22:08.671+0000] {processor.py:161} INFO - Started process (PID=1515) to work on /home/airflow/.local/lib/python3.8/site-packages/airflow/example_dags/tutorial_objectstorage.py
[2024-07-01T20:22:08.674+0000] {processor.py:830} INFO - Processing file /home/airflow/.local/lib/python3.8/site-packages/airflow/example_dags/tutorial_objectstorage.py for tasks to queue
[2024-07-01T20:22:08.680+0000] {logging_mixin.py:188} INFO - [2024-07-01T20:22:08.679+0000] {dagbag.py:538} INFO - Filling up the DagBag from /home/airflow/.local/lib/python3.8/site-packages/airflow/example_dags/tutorial_objectstorage.py
[2024-07-01T20:22:08.725+0000] {processor.py:840} INFO - DAG(s) 'tutorial_objectstorage' retrieved from /home/airflow/.local/lib/python3.8/site-packages/airflow/example_dags/tutorial_objectstorage.py
[2024-07-01T20:22:08.781+0000] {logging_mixin.py:188} INFO - [2024-07-01T20:22:08.780+0000] {dag.py:3036} INFO - Sync 1 DAGs
[2024-07-01T20:22:08.814+0000] {logging_mixin.py:188} INFO - [2024-07-01T20:22:08.813+0000] {dag.py:3823} INFO - Setting next_dagrun for tutorial_objectstorage to None, run_after=None
[2024-07-01T20:22:08.866+0000] {processor.py:183} INFO - Processing /home/airflow/.local/lib/python3.8/site-packages/airflow/example_dags/tutorial_objectstorage.py took 0.205 seconds
[2024-07-01T20:22:39.264+0000] {processor.py:161} INFO - Started process (PID=1570) to work on /home/airflow/.local/lib/python3.8/site-packages/airflow/example_dags/tutorial_objectstorage.py
[2024-07-01T20:22:39.266+0000] {processor.py:830} INFO - Processing file /home/airflow/.local/lib/python3.8/site-packages/airflow/example_dags/tutorial_objectstorage.py for tasks to queue
[2024-07-01T20:22:39.270+0000] {logging_mixin.py:188} INFO - [2024-07-01T20:22:39.270+0000] {dagbag.py:538} INFO - Filling up the DagBag from /home/airflow/.local/lib/python3.8/site-packages/airflow/example_dags/tutorial_objectstorage.py
[2024-07-01T20:22:39.286+0000] {processor.py:840} INFO - DAG(s) 'tutorial_objectstorage' retrieved from /home/airflow/.local/lib/python3.8/site-packages/airflow/example_dags/tutorial_objectstorage.py
[2024-07-01T20:22:39.323+0000] {logging_mixin.py:188} INFO - [2024-07-01T20:22:39.322+0000] {dag.py:3036} INFO - Sync 1 DAGs
[2024-07-01T20:22:39.348+0000] {logging_mixin.py:188} INFO - [2024-07-01T20:22:39.348+0000] {dag.py:3823} INFO - Setting next_dagrun for tutorial_objectstorage to None, run_after=None
[2024-07-01T20:22:39.386+0000] {processor.py:183} INFO - Processing /home/airflow/.local/lib/python3.8/site-packages/airflow/example_dags/tutorial_objectstorage.py took 0.130 seconds
[2024-07-01T20:23:10.014+0000] {processor.py:161} INFO - Started process (PID=1625) to work on /home/airflow/.local/lib/python3.8/site-packages/airflow/example_dags/tutorial_objectstorage.py
[2024-07-01T20:23:10.015+0000] {processor.py:830} INFO - Processing file /home/airflow/.local/lib/python3.8/site-packages/airflow/example_dags/tutorial_objectstorage.py for tasks to queue
[2024-07-01T20:23:10.019+0000] {logging_mixin.py:188} INFO - [2024-07-01T20:23:10.018+0000] {dagbag.py:538} INFO - Filling up the DagBag from /home/airflow/.local/lib/python3.8/site-packages/airflow/example_dags/tutorial_objectstorage.py
[2024-07-01T20:23:10.031+0000] {processor.py:840} INFO - DAG(s) 'tutorial_objectstorage' retrieved from /home/airflow/.local/lib/python3.8/site-packages/airflow/example_dags/tutorial_objectstorage.py
[2024-07-01T20:23:10.068+0000] {logging_mixin.py:188} INFO - [2024-07-01T20:23:10.067+0000] {dag.py:3036} INFO - Sync 1 DAGs
[2024-07-01T20:23:10.095+0000] {logging_mixin.py:188} INFO - [2024-07-01T20:23:10.094+0000] {dag.py:3823} INFO - Setting next_dagrun for tutorial_objectstorage to None, run_after=None
[2024-07-01T20:23:10.132+0000] {processor.py:183} INFO - Processing /home/airflow/.local/lib/python3.8/site-packages/airflow/example_dags/tutorial_objectstorage.py took 0.126 seconds
[2024-07-01T20:23:40.480+0000] {processor.py:161} INFO - Started process (PID=1680) to work on /home/airflow/.local/lib/python3.8/site-packages/airflow/example_dags/tutorial_objectstorage.py
[2024-07-01T20:23:40.482+0000] {processor.py:830} INFO - Processing file /home/airflow/.local/lib/python3.8/site-packages/airflow/example_dags/tutorial_objectstorage.py for tasks to queue
[2024-07-01T20:23:40.487+0000] {logging_mixin.py:188} INFO - [2024-07-01T20:23:40.487+0000] {dagbag.py:538} INFO - Filling up the DagBag from /home/airflow/.local/lib/python3.8/site-packages/airflow/example_dags/tutorial_objectstorage.py
[2024-07-01T20:23:40.501+0000] {processor.py:840} INFO - DAG(s) 'tutorial_objectstorage' retrieved from /home/airflow/.local/lib/python3.8/site-packages/airflow/example_dags/tutorial_objectstorage.py
[2024-07-01T20:23:40.544+0000] {logging_mixin.py:188} INFO - [2024-07-01T20:23:40.544+0000] {dag.py:3036} INFO - Sync 1 DAGs
[2024-07-01T20:23:40.577+0000] {logging_mixin.py:188} INFO - [2024-07-01T20:23:40.577+0000] {dag.py:3823} INFO - Setting next_dagrun for tutorial_objectstorage to None, run_after=None
[2024-07-01T20:23:40.625+0000] {processor.py:183} INFO - Processing /home/airflow/.local/lib/python3.8/site-packages/airflow/example_dags/tutorial_objectstorage.py took 0.152 seconds
[2024-07-01T20:24:12.051+0000] {processor.py:161} INFO - Started process (PID=1733) to work on /home/airflow/.local/lib/python3.8/site-packages/airflow/example_dags/tutorial_objectstorage.py
[2024-07-01T20:24:12.053+0000] {processor.py:830} INFO - Processing file /home/airflow/.local/lib/python3.8/site-packages/airflow/example_dags/tutorial_objectstorage.py for tasks to queue
[2024-07-01T20:24:12.058+0000] {logging_mixin.py:188} INFO - [2024-07-01T20:24:12.057+0000] {dagbag.py:538} INFO - Filling up the DagBag from /home/airflow/.local/lib/python3.8/site-packages/airflow/example_dags/tutorial_objectstorage.py
[2024-07-01T20:24:12.075+0000] {processor.py:840} INFO - DAG(s) 'tutorial_objectstorage' retrieved from /home/airflow/.local/lib/python3.8/site-packages/airflow/example_dags/tutorial_objectstorage.py
[2024-07-01T20:24:12.121+0000] {logging_mixin.py:188} INFO - [2024-07-01T20:24:12.121+0000] {dag.py:3036} INFO - Sync 1 DAGs
[2024-07-01T20:24:12.162+0000] {logging_mixin.py:188} INFO - [2024-07-01T20:24:12.161+0000] {dag.py:3823} INFO - Setting next_dagrun for tutorial_objectstorage to None, run_after=None
[2024-07-01T20:24:12.213+0000] {processor.py:183} INFO - Processing /home/airflow/.local/lib/python3.8/site-packages/airflow/example_dags/tutorial_objectstorage.py took 0.170 seconds
[2024-07-01T20:24:42.908+0000] {processor.py:161} INFO - Started process (PID=1788) to work on /home/airflow/.local/lib/python3.8/site-packages/airflow/example_dags/tutorial_objectstorage.py
[2024-07-01T20:24:42.910+0000] {processor.py:830} INFO - Processing file /home/airflow/.local/lib/python3.8/site-packages/airflow/example_dags/tutorial_objectstorage.py for tasks to queue
[2024-07-01T20:24:42.915+0000] {logging_mixin.py:188} INFO - [2024-07-01T20:24:42.914+0000] {dagbag.py:538} INFO - Filling up the DagBag from /home/airflow/.local/lib/python3.8/site-packages/airflow/example_dags/tutorial_objectstorage.py
[2024-07-01T20:24:42.947+0000] {processor.py:840} INFO - DAG(s) 'tutorial_objectstorage' retrieved from /home/airflow/.local/lib/python3.8/site-packages/airflow/example_dags/tutorial_objectstorage.py
[2024-07-01T20:24:43.013+0000] {logging_mixin.py:188} INFO - [2024-07-01T20:24:43.013+0000] {dag.py:3036} INFO - Sync 1 DAGs
[2024-07-01T20:24:43.050+0000] {logging_mixin.py:188} INFO - [2024-07-01T20:24:43.050+0000] {dag.py:3823} INFO - Setting next_dagrun for tutorial_objectstorage to None, run_after=None
[2024-07-01T20:24:43.089+0000] {processor.py:183} INFO - Processing /home/airflow/.local/lib/python3.8/site-packages/airflow/example_dags/tutorial_objectstorage.py took 0.194 seconds
[2024-07-01T20:25:14.260+0000] {processor.py:161} INFO - Started process (PID=1843) to work on /home/airflow/.local/lib/python3.8/site-packages/airflow/example_dags/tutorial_objectstorage.py
[2024-07-01T20:25:14.262+0000] {processor.py:830} INFO - Processing file /home/airflow/.local/lib/python3.8/site-packages/airflow/example_dags/tutorial_objectstorage.py for tasks to queue
[2024-07-01T20:25:14.267+0000] {logging_mixin.py:188} INFO - [2024-07-01T20:25:14.266+0000] {dagbag.py:538} INFO - Filling up the DagBag from /home/airflow/.local/lib/python3.8/site-packages/airflow/example_dags/tutorial_objectstorage.py
[2024-07-01T20:25:14.285+0000] {processor.py:840} INFO - DAG(s) 'tutorial_objectstorage' retrieved from /home/airflow/.local/lib/python3.8/site-packages/airflow/example_dags/tutorial_objectstorage.py
[2024-07-01T20:25:14.332+0000] {logging_mixin.py:188} INFO - [2024-07-01T20:25:14.331+0000] {dag.py:3036} INFO - Sync 1 DAGs
[2024-07-01T20:25:14.361+0000] {logging_mixin.py:188} INFO - [2024-07-01T20:25:14.360+0000] {dag.py:3823} INFO - Setting next_dagrun for tutorial_objectstorage to None, run_after=None
[2024-07-01T20:25:14.413+0000] {processor.py:183} INFO - Processing /home/airflow/.local/lib/python3.8/site-packages/airflow/example_dags/tutorial_objectstorage.py took 0.163 seconds
