[2024-07-01T20:08:46.208+0000] {processor.py:161} INFO - Started process (PID=53) to work on /home/airflow/.local/lib/python3.8/site-packages/airflow/example_dags/tutorial_dag.py
[2024-07-01T20:08:46.210+0000] {processor.py:830} INFO - Processing file /home/airflow/.local/lib/python3.8/site-packages/airflow/example_dags/tutorial_dag.py for tasks to queue
[2024-07-01T20:08:46.214+0000] {logging_mixin.py:188} INFO - [2024-07-01T20:08:46.213+0000] {dagbag.py:538} INFO - Filling up the DagBag from /home/airflow/.local/lib/python3.8/site-packages/airflow/example_dags/tutorial_dag.py
[2024-07-01T20:08:46.229+0000] {processor.py:840} INFO - DAG(s) 'tutorial_dag' retrieved from /home/airflow/.local/lib/python3.8/site-packages/airflow/example_dags/tutorial_dag.py
[2024-07-01T20:08:46.497+0000] {logging_mixin.py:188} INFO - [2024-07-01T20:08:46.497+0000] {dag.py:3036} INFO - Sync 1 DAGs
[2024-07-01T20:08:46.520+0000] {logging_mixin.py:188} INFO - [2024-07-01T20:08:46.520+0000] {dag.py:3823} INFO - Setting next_dagrun for tutorial_dag to None, run_after=None
[2024-07-01T20:08:46.557+0000] {processor.py:183} INFO - Processing /home/airflow/.local/lib/python3.8/site-packages/airflow/example_dags/tutorial_dag.py took 0.355 seconds
[2024-07-01T20:09:16.647+0000] {processor.py:161} INFO - Started process (PID=108) to work on /home/airflow/.local/lib/python3.8/site-packages/airflow/example_dags/tutorial_dag.py
[2024-07-01T20:09:16.650+0000] {processor.py:830} INFO - Processing file /home/airflow/.local/lib/python3.8/site-packages/airflow/example_dags/tutorial_dag.py for tasks to queue
[2024-07-01T20:09:16.655+0000] {logging_mixin.py:188} INFO - [2024-07-01T20:09:16.654+0000] {dagbag.py:538} INFO - Filling up the DagBag from /home/airflow/.local/lib/python3.8/site-packages/airflow/example_dags/tutorial_dag.py
[2024-07-01T20:09:16.668+0000] {processor.py:840} INFO - DAG(s) 'tutorial_dag' retrieved from /home/airflow/.local/lib/python3.8/site-packages/airflow/example_dags/tutorial_dag.py
[2024-07-01T20:09:16.713+0000] {logging_mixin.py:188} INFO - [2024-07-01T20:09:16.712+0000] {dag.py:3036} INFO - Sync 1 DAGs
[2024-07-01T20:09:16.741+0000] {logging_mixin.py:188} INFO - [2024-07-01T20:09:16.741+0000] {dag.py:3823} INFO - Setting next_dagrun for tutorial_dag to None, run_after=None
[2024-07-01T20:09:16.785+0000] {processor.py:183} INFO - Processing /home/airflow/.local/lib/python3.8/site-packages/airflow/example_dags/tutorial_dag.py took 0.148 seconds
[2024-07-01T20:09:46.946+0000] {processor.py:161} INFO - Started process (PID=163) to work on /home/airflow/.local/lib/python3.8/site-packages/airflow/example_dags/tutorial_dag.py
[2024-07-01T20:09:46.949+0000] {processor.py:830} INFO - Processing file /home/airflow/.local/lib/python3.8/site-packages/airflow/example_dags/tutorial_dag.py for tasks to queue
[2024-07-01T20:09:46.953+0000] {logging_mixin.py:188} INFO - [2024-07-01T20:09:46.952+0000] {dagbag.py:538} INFO - Filling up the DagBag from /home/airflow/.local/lib/python3.8/site-packages/airflow/example_dags/tutorial_dag.py
[2024-07-01T20:09:46.965+0000] {processor.py:840} INFO - DAG(s) 'tutorial_dag' retrieved from /home/airflow/.local/lib/python3.8/site-packages/airflow/example_dags/tutorial_dag.py
[2024-07-01T20:09:47.009+0000] {logging_mixin.py:188} INFO - [2024-07-01T20:09:47.008+0000] {dag.py:3036} INFO - Sync 1 DAGs
[2024-07-01T20:09:47.038+0000] {logging_mixin.py:188} INFO - [2024-07-01T20:09:47.038+0000] {dag.py:3823} INFO - Setting next_dagrun for tutorial_dag to None, run_after=None
[2024-07-01T20:09:47.088+0000] {processor.py:183} INFO - Processing /home/airflow/.local/lib/python3.8/site-packages/airflow/example_dags/tutorial_dag.py took 0.148 seconds
[2024-07-01T20:10:17.326+0000] {processor.py:161} INFO - Started process (PID=218) to work on /home/airflow/.local/lib/python3.8/site-packages/airflow/example_dags/tutorial_dag.py
[2024-07-01T20:10:17.328+0000] {processor.py:830} INFO - Processing file /home/airflow/.local/lib/python3.8/site-packages/airflow/example_dags/tutorial_dag.py for tasks to queue
[2024-07-01T20:10:17.332+0000] {logging_mixin.py:188} INFO - [2024-07-01T20:10:17.331+0000] {dagbag.py:538} INFO - Filling up the DagBag from /home/airflow/.local/lib/python3.8/site-packages/airflow/example_dags/tutorial_dag.py
[2024-07-01T20:10:17.343+0000] {processor.py:840} INFO - DAG(s) 'tutorial_dag' retrieved from /home/airflow/.local/lib/python3.8/site-packages/airflow/example_dags/tutorial_dag.py
[2024-07-01T20:10:17.379+0000] {logging_mixin.py:188} INFO - [2024-07-01T20:10:17.379+0000] {dag.py:3036} INFO - Sync 1 DAGs
[2024-07-01T20:10:17.409+0000] {logging_mixin.py:188} INFO - [2024-07-01T20:10:17.408+0000] {dag.py:3823} INFO - Setting next_dagrun for tutorial_dag to None, run_after=None
[2024-07-01T20:10:17.446+0000] {processor.py:183} INFO - Processing /home/airflow/.local/lib/python3.8/site-packages/airflow/example_dags/tutorial_dag.py took 0.127 seconds
[2024-07-01T20:10:47.901+0000] {processor.py:161} INFO - Started process (PID=274) to work on /home/airflow/.local/lib/python3.8/site-packages/airflow/example_dags/tutorial_dag.py
[2024-07-01T20:10:47.903+0000] {processor.py:830} INFO - Processing file /home/airflow/.local/lib/python3.8/site-packages/airflow/example_dags/tutorial_dag.py for tasks to queue
[2024-07-01T20:10:47.908+0000] {logging_mixin.py:188} INFO - [2024-07-01T20:10:47.907+0000] {dagbag.py:538} INFO - Filling up the DagBag from /home/airflow/.local/lib/python3.8/site-packages/airflow/example_dags/tutorial_dag.py
[2024-07-01T20:10:47.920+0000] {processor.py:840} INFO - DAG(s) 'tutorial_dag' retrieved from /home/airflow/.local/lib/python3.8/site-packages/airflow/example_dags/tutorial_dag.py
[2024-07-01T20:10:47.960+0000] {logging_mixin.py:188} INFO - [2024-07-01T20:10:47.960+0000] {dag.py:3036} INFO - Sync 1 DAGs
[2024-07-01T20:10:47.985+0000] {logging_mixin.py:188} INFO - [2024-07-01T20:10:47.985+0000] {dag.py:3823} INFO - Setting next_dagrun for tutorial_dag to None, run_after=None
[2024-07-01T20:10:48.034+0000] {processor.py:183} INFO - Processing /home/airflow/.local/lib/python3.8/site-packages/airflow/example_dags/tutorial_dag.py took 0.141 seconds
[2024-07-01T20:11:18.612+0000] {processor.py:161} INFO - Started process (PID=328) to work on /home/airflow/.local/lib/python3.8/site-packages/airflow/example_dags/tutorial_dag.py
[2024-07-01T20:11:18.614+0000] {processor.py:830} INFO - Processing file /home/airflow/.local/lib/python3.8/site-packages/airflow/example_dags/tutorial_dag.py for tasks to queue
[2024-07-01T20:11:18.617+0000] {logging_mixin.py:188} INFO - [2024-07-01T20:11:18.617+0000] {dagbag.py:538} INFO - Filling up the DagBag from /home/airflow/.local/lib/python3.8/site-packages/airflow/example_dags/tutorial_dag.py
[2024-07-01T20:11:18.627+0000] {processor.py:840} INFO - DAG(s) 'tutorial_dag' retrieved from /home/airflow/.local/lib/python3.8/site-packages/airflow/example_dags/tutorial_dag.py
[2024-07-01T20:11:18.664+0000] {logging_mixin.py:188} INFO - [2024-07-01T20:11:18.664+0000] {dag.py:3036} INFO - Sync 1 DAGs
[2024-07-01T20:11:18.688+0000] {logging_mixin.py:188} INFO - [2024-07-01T20:11:18.687+0000] {dag.py:3823} INFO - Setting next_dagrun for tutorial_dag to None, run_after=None
[2024-07-01T20:11:18.739+0000] {processor.py:183} INFO - Processing /home/airflow/.local/lib/python3.8/site-packages/airflow/example_dags/tutorial_dag.py took 0.134 seconds
[2024-07-01T20:11:48.921+0000] {processor.py:161} INFO - Started process (PID=383) to work on /home/airflow/.local/lib/python3.8/site-packages/airflow/example_dags/tutorial_dag.py
[2024-07-01T20:11:48.923+0000] {processor.py:830} INFO - Processing file /home/airflow/.local/lib/python3.8/site-packages/airflow/example_dags/tutorial_dag.py for tasks to queue
[2024-07-01T20:11:48.926+0000] {logging_mixin.py:188} INFO - [2024-07-01T20:11:48.926+0000] {dagbag.py:538} INFO - Filling up the DagBag from /home/airflow/.local/lib/python3.8/site-packages/airflow/example_dags/tutorial_dag.py
[2024-07-01T20:11:48.936+0000] {processor.py:840} INFO - DAG(s) 'tutorial_dag' retrieved from /home/airflow/.local/lib/python3.8/site-packages/airflow/example_dags/tutorial_dag.py
[2024-07-01T20:11:48.973+0000] {logging_mixin.py:188} INFO - [2024-07-01T20:11:48.973+0000] {dag.py:3036} INFO - Sync 1 DAGs
[2024-07-01T20:11:48.997+0000] {logging_mixin.py:188} INFO - [2024-07-01T20:11:48.997+0000] {dag.py:3823} INFO - Setting next_dagrun for tutorial_dag to None, run_after=None
[2024-07-01T20:11:49.045+0000] {processor.py:183} INFO - Processing /home/airflow/.local/lib/python3.8/site-packages/airflow/example_dags/tutorial_dag.py took 0.130 seconds
[2024-07-01T20:12:19.215+0000] {processor.py:161} INFO - Started process (PID=438) to work on /home/airflow/.local/lib/python3.8/site-packages/airflow/example_dags/tutorial_dag.py
[2024-07-01T20:12:19.217+0000] {processor.py:830} INFO - Processing file /home/airflow/.local/lib/python3.8/site-packages/airflow/example_dags/tutorial_dag.py for tasks to queue
[2024-07-01T20:12:19.221+0000] {logging_mixin.py:188} INFO - [2024-07-01T20:12:19.221+0000] {dagbag.py:538} INFO - Filling up the DagBag from /home/airflow/.local/lib/python3.8/site-packages/airflow/example_dags/tutorial_dag.py
[2024-07-01T20:12:19.232+0000] {processor.py:840} INFO - DAG(s) 'tutorial_dag' retrieved from /home/airflow/.local/lib/python3.8/site-packages/airflow/example_dags/tutorial_dag.py
[2024-07-01T20:12:19.269+0000] {logging_mixin.py:188} INFO - [2024-07-01T20:12:19.269+0000] {dag.py:3036} INFO - Sync 1 DAGs
[2024-07-01T20:12:19.293+0000] {logging_mixin.py:188} INFO - [2024-07-01T20:12:19.293+0000] {dag.py:3823} INFO - Setting next_dagrun for tutorial_dag to None, run_after=None
[2024-07-01T20:12:19.332+0000] {processor.py:183} INFO - Processing /home/airflow/.local/lib/python3.8/site-packages/airflow/example_dags/tutorial_dag.py took 0.122 seconds
[2024-07-01T20:12:49.607+0000] {processor.py:161} INFO - Started process (PID=493) to work on /home/airflow/.local/lib/python3.8/site-packages/airflow/example_dags/tutorial_dag.py
[2024-07-01T20:12:49.609+0000] {processor.py:830} INFO - Processing file /home/airflow/.local/lib/python3.8/site-packages/airflow/example_dags/tutorial_dag.py for tasks to queue
[2024-07-01T20:12:49.614+0000] {logging_mixin.py:188} INFO - [2024-07-01T20:12:49.613+0000] {dagbag.py:538} INFO - Filling up the DagBag from /home/airflow/.local/lib/python3.8/site-packages/airflow/example_dags/tutorial_dag.py
[2024-07-01T20:12:49.626+0000] {processor.py:840} INFO - DAG(s) 'tutorial_dag' retrieved from /home/airflow/.local/lib/python3.8/site-packages/airflow/example_dags/tutorial_dag.py
[2024-07-01T20:12:49.670+0000] {logging_mixin.py:188} INFO - [2024-07-01T20:12:49.669+0000] {dag.py:3036} INFO - Sync 1 DAGs
[2024-07-01T20:12:49.696+0000] {logging_mixin.py:188} INFO - [2024-07-01T20:12:49.695+0000] {dag.py:3823} INFO - Setting next_dagrun for tutorial_dag to None, run_after=None
[2024-07-01T20:12:49.737+0000] {processor.py:183} INFO - Processing /home/airflow/.local/lib/python3.8/site-packages/airflow/example_dags/tutorial_dag.py took 0.137 seconds
[2024-07-01T20:13:20.158+0000] {processor.py:161} INFO - Started process (PID=548) to work on /home/airflow/.local/lib/python3.8/site-packages/airflow/example_dags/tutorial_dag.py
[2024-07-01T20:13:20.160+0000] {processor.py:830} INFO - Processing file /home/airflow/.local/lib/python3.8/site-packages/airflow/example_dags/tutorial_dag.py for tasks to queue
[2024-07-01T20:13:20.164+0000] {logging_mixin.py:188} INFO - [2024-07-01T20:13:20.163+0000] {dagbag.py:538} INFO - Filling up the DagBag from /home/airflow/.local/lib/python3.8/site-packages/airflow/example_dags/tutorial_dag.py
[2024-07-01T20:13:20.175+0000] {processor.py:840} INFO - DAG(s) 'tutorial_dag' retrieved from /home/airflow/.local/lib/python3.8/site-packages/airflow/example_dags/tutorial_dag.py
[2024-07-01T20:13:20.213+0000] {logging_mixin.py:188} INFO - [2024-07-01T20:13:20.213+0000] {dag.py:3036} INFO - Sync 1 DAGs
[2024-07-01T20:13:20.238+0000] {logging_mixin.py:188} INFO - [2024-07-01T20:13:20.238+0000] {dag.py:3823} INFO - Setting next_dagrun for tutorial_dag to None, run_after=None
[2024-07-01T20:13:20.288+0000] {processor.py:183} INFO - Processing /home/airflow/.local/lib/python3.8/site-packages/airflow/example_dags/tutorial_dag.py took 0.136 seconds
[2024-07-01T20:13:51.294+0000] {processor.py:161} INFO - Started process (PID=604) to work on /home/airflow/.local/lib/python3.8/site-packages/airflow/example_dags/tutorial_dag.py
[2024-07-01T20:13:51.296+0000] {processor.py:830} INFO - Processing file /home/airflow/.local/lib/python3.8/site-packages/airflow/example_dags/tutorial_dag.py for tasks to queue
[2024-07-01T20:13:51.300+0000] {logging_mixin.py:188} INFO - [2024-07-01T20:13:51.299+0000] {dagbag.py:538} INFO - Filling up the DagBag from /home/airflow/.local/lib/python3.8/site-packages/airflow/example_dags/tutorial_dag.py
[2024-07-01T20:13:51.310+0000] {processor.py:840} INFO - DAG(s) 'tutorial_dag' retrieved from /home/airflow/.local/lib/python3.8/site-packages/airflow/example_dags/tutorial_dag.py
[2024-07-01T20:13:51.347+0000] {logging_mixin.py:188} INFO - [2024-07-01T20:13:51.347+0000] {dag.py:3036} INFO - Sync 1 DAGs
[2024-07-01T20:13:51.373+0000] {logging_mixin.py:188} INFO - [2024-07-01T20:13:51.372+0000] {dag.py:3823} INFO - Setting next_dagrun for tutorial_dag to None, run_after=None
[2024-07-01T20:13:51.421+0000] {processor.py:183} INFO - Processing /home/airflow/.local/lib/python3.8/site-packages/airflow/example_dags/tutorial_dag.py took 0.132 seconds
[2024-07-01T20:14:21.553+0000] {processor.py:161} INFO - Started process (PID=659) to work on /home/airflow/.local/lib/python3.8/site-packages/airflow/example_dags/tutorial_dag.py
[2024-07-01T20:14:21.555+0000] {processor.py:830} INFO - Processing file /home/airflow/.local/lib/python3.8/site-packages/airflow/example_dags/tutorial_dag.py for tasks to queue
[2024-07-01T20:14:21.559+0000] {logging_mixin.py:188} INFO - [2024-07-01T20:14:21.558+0000] {dagbag.py:538} INFO - Filling up the DagBag from /home/airflow/.local/lib/python3.8/site-packages/airflow/example_dags/tutorial_dag.py
[2024-07-01T20:14:21.569+0000] {processor.py:840} INFO - DAG(s) 'tutorial_dag' retrieved from /home/airflow/.local/lib/python3.8/site-packages/airflow/example_dags/tutorial_dag.py
[2024-07-01T20:14:21.606+0000] {logging_mixin.py:188} INFO - [2024-07-01T20:14:21.606+0000] {dag.py:3036} INFO - Sync 1 DAGs
[2024-07-01T20:14:21.631+0000] {logging_mixin.py:188} INFO - [2024-07-01T20:14:21.630+0000] {dag.py:3823} INFO - Setting next_dagrun for tutorial_dag to None, run_after=None
[2024-07-01T20:14:21.679+0000] {processor.py:183} INFO - Processing /home/airflow/.local/lib/python3.8/site-packages/airflow/example_dags/tutorial_dag.py took 0.133 seconds
[2024-07-01T20:14:52.124+0000] {processor.py:161} INFO - Started process (PID=714) to work on /home/airflow/.local/lib/python3.8/site-packages/airflow/example_dags/tutorial_dag.py
[2024-07-01T20:14:52.126+0000] {processor.py:830} INFO - Processing file /home/airflow/.local/lib/python3.8/site-packages/airflow/example_dags/tutorial_dag.py for tasks to queue
[2024-07-01T20:14:52.130+0000] {logging_mixin.py:188} INFO - [2024-07-01T20:14:52.129+0000] {dagbag.py:538} INFO - Filling up the DagBag from /home/airflow/.local/lib/python3.8/site-packages/airflow/example_dags/tutorial_dag.py
[2024-07-01T20:14:52.140+0000] {processor.py:840} INFO - DAG(s) 'tutorial_dag' retrieved from /home/airflow/.local/lib/python3.8/site-packages/airflow/example_dags/tutorial_dag.py
[2024-07-01T20:14:52.177+0000] {logging_mixin.py:188} INFO - [2024-07-01T20:14:52.176+0000] {dag.py:3036} INFO - Sync 1 DAGs
[2024-07-01T20:14:52.207+0000] {logging_mixin.py:188} INFO - [2024-07-01T20:14:52.206+0000] {dag.py:3823} INFO - Setting next_dagrun for tutorial_dag to None, run_after=None
[2024-07-01T20:14:52.260+0000] {processor.py:183} INFO - Processing /home/airflow/.local/lib/python3.8/site-packages/airflow/example_dags/tutorial_dag.py took 0.141 seconds
[2024-07-01T20:15:22.899+0000] {processor.py:161} INFO - Started process (PID=769) to work on /home/airflow/.local/lib/python3.8/site-packages/airflow/example_dags/tutorial_dag.py
[2024-07-01T20:15:22.901+0000] {processor.py:830} INFO - Processing file /home/airflow/.local/lib/python3.8/site-packages/airflow/example_dags/tutorial_dag.py for tasks to queue
[2024-07-01T20:15:22.905+0000] {logging_mixin.py:188} INFO - [2024-07-01T20:15:22.904+0000] {dagbag.py:538} INFO - Filling up the DagBag from /home/airflow/.local/lib/python3.8/site-packages/airflow/example_dags/tutorial_dag.py
[2024-07-01T20:15:22.915+0000] {processor.py:840} INFO - DAG(s) 'tutorial_dag' retrieved from /home/airflow/.local/lib/python3.8/site-packages/airflow/example_dags/tutorial_dag.py
[2024-07-01T20:15:22.952+0000] {logging_mixin.py:188} INFO - [2024-07-01T20:15:22.952+0000] {dag.py:3036} INFO - Sync 1 DAGs
[2024-07-01T20:15:22.977+0000] {logging_mixin.py:188} INFO - [2024-07-01T20:15:22.977+0000] {dag.py:3823} INFO - Setting next_dagrun for tutorial_dag to None, run_after=None
[2024-07-01T20:15:23.016+0000] {processor.py:183} INFO - Processing /home/airflow/.local/lib/python3.8/site-packages/airflow/example_dags/tutorial_dag.py took 0.122 seconds
[2024-07-01T20:15:53.839+0000] {processor.py:161} INFO - Started process (PID=824) to work on /home/airflow/.local/lib/python3.8/site-packages/airflow/example_dags/tutorial_dag.py
[2024-07-01T20:15:53.841+0000] {processor.py:830} INFO - Processing file /home/airflow/.local/lib/python3.8/site-packages/airflow/example_dags/tutorial_dag.py for tasks to queue
[2024-07-01T20:15:53.846+0000] {logging_mixin.py:188} INFO - [2024-07-01T20:15:53.846+0000] {dagbag.py:538} INFO - Filling up the DagBag from /home/airflow/.local/lib/python3.8/site-packages/airflow/example_dags/tutorial_dag.py
[2024-07-01T20:15:53.858+0000] {processor.py:840} INFO - DAG(s) 'tutorial_dag' retrieved from /home/airflow/.local/lib/python3.8/site-packages/airflow/example_dags/tutorial_dag.py
[2024-07-01T20:15:53.895+0000] {logging_mixin.py:188} INFO - [2024-07-01T20:15:53.895+0000] {dag.py:3036} INFO - Sync 1 DAGs
[2024-07-01T20:15:53.921+0000] {logging_mixin.py:188} INFO - [2024-07-01T20:15:53.921+0000] {dag.py:3823} INFO - Setting next_dagrun for tutorial_dag to None, run_after=None
[2024-07-01T20:15:53.966+0000] {processor.py:183} INFO - Processing /home/airflow/.local/lib/python3.8/site-packages/airflow/example_dags/tutorial_dag.py took 0.136 seconds
[2024-07-01T20:16:24.443+0000] {processor.py:161} INFO - Started process (PID=879) to work on /home/airflow/.local/lib/python3.8/site-packages/airflow/example_dags/tutorial_dag.py
[2024-07-01T20:16:24.445+0000] {processor.py:830} INFO - Processing file /home/airflow/.local/lib/python3.8/site-packages/airflow/example_dags/tutorial_dag.py for tasks to queue
[2024-07-01T20:16:24.449+0000] {logging_mixin.py:188} INFO - [2024-07-01T20:16:24.448+0000] {dagbag.py:538} INFO - Filling up the DagBag from /home/airflow/.local/lib/python3.8/site-packages/airflow/example_dags/tutorial_dag.py
[2024-07-01T20:16:24.461+0000] {processor.py:840} INFO - DAG(s) 'tutorial_dag' retrieved from /home/airflow/.local/lib/python3.8/site-packages/airflow/example_dags/tutorial_dag.py
[2024-07-01T20:16:24.499+0000] {logging_mixin.py:188} INFO - [2024-07-01T20:16:24.498+0000] {dag.py:3036} INFO - Sync 1 DAGs
[2024-07-01T20:16:24.524+0000] {logging_mixin.py:188} INFO - [2024-07-01T20:16:24.524+0000] {dag.py:3823} INFO - Setting next_dagrun for tutorial_dag to None, run_after=None
[2024-07-01T20:16:24.565+0000] {processor.py:183} INFO - Processing /home/airflow/.local/lib/python3.8/site-packages/airflow/example_dags/tutorial_dag.py took 0.129 seconds
[2024-07-01T20:16:54.900+0000] {processor.py:161} INFO - Started process (PID=934) to work on /home/airflow/.local/lib/python3.8/site-packages/airflow/example_dags/tutorial_dag.py
[2024-07-01T20:16:54.902+0000] {processor.py:830} INFO - Processing file /home/airflow/.local/lib/python3.8/site-packages/airflow/example_dags/tutorial_dag.py for tasks to queue
[2024-07-01T20:16:54.906+0000] {logging_mixin.py:188} INFO - [2024-07-01T20:16:54.905+0000] {dagbag.py:538} INFO - Filling up the DagBag from /home/airflow/.local/lib/python3.8/site-packages/airflow/example_dags/tutorial_dag.py
[2024-07-01T20:16:54.916+0000] {processor.py:840} INFO - DAG(s) 'tutorial_dag' retrieved from /home/airflow/.local/lib/python3.8/site-packages/airflow/example_dags/tutorial_dag.py
[2024-07-01T20:16:54.956+0000] {logging_mixin.py:188} INFO - [2024-07-01T20:16:54.955+0000] {dag.py:3036} INFO - Sync 1 DAGs
[2024-07-01T20:16:54.980+0000] {logging_mixin.py:188} INFO - [2024-07-01T20:16:54.980+0000] {dag.py:3823} INFO - Setting next_dagrun for tutorial_dag to None, run_after=None
[2024-07-01T20:16:55.017+0000] {processor.py:183} INFO - Processing /home/airflow/.local/lib/python3.8/site-packages/airflow/example_dags/tutorial_dag.py took 0.125 seconds
[2024-07-01T20:17:25.780+0000] {processor.py:161} INFO - Started process (PID=989) to work on /home/airflow/.local/lib/python3.8/site-packages/airflow/example_dags/tutorial_dag.py
[2024-07-01T20:17:25.782+0000] {processor.py:830} INFO - Processing file /home/airflow/.local/lib/python3.8/site-packages/airflow/example_dags/tutorial_dag.py for tasks to queue
[2024-07-01T20:17:25.786+0000] {logging_mixin.py:188} INFO - [2024-07-01T20:17:25.785+0000] {dagbag.py:538} INFO - Filling up the DagBag from /home/airflow/.local/lib/python3.8/site-packages/airflow/example_dags/tutorial_dag.py
[2024-07-01T20:17:25.796+0000] {processor.py:840} INFO - DAG(s) 'tutorial_dag' retrieved from /home/airflow/.local/lib/python3.8/site-packages/airflow/example_dags/tutorial_dag.py
[2024-07-01T20:17:25.834+0000] {logging_mixin.py:188} INFO - [2024-07-01T20:17:25.834+0000] {dag.py:3036} INFO - Sync 1 DAGs
[2024-07-01T20:17:25.861+0000] {logging_mixin.py:188} INFO - [2024-07-01T20:17:25.860+0000] {dag.py:3823} INFO - Setting next_dagrun for tutorial_dag to None, run_after=None
[2024-07-01T20:17:25.904+0000] {processor.py:183} INFO - Processing /home/airflow/.local/lib/python3.8/site-packages/airflow/example_dags/tutorial_dag.py took 0.130 seconds
[2024-07-01T20:17:56.175+0000] {processor.py:161} INFO - Started process (PID=1044) to work on /home/airflow/.local/lib/python3.8/site-packages/airflow/example_dags/tutorial_dag.py
[2024-07-01T20:17:56.177+0000] {processor.py:830} INFO - Processing file /home/airflow/.local/lib/python3.8/site-packages/airflow/example_dags/tutorial_dag.py for tasks to queue
[2024-07-01T20:17:56.183+0000] {logging_mixin.py:188} INFO - [2024-07-01T20:17:56.182+0000] {dagbag.py:538} INFO - Filling up the DagBag from /home/airflow/.local/lib/python3.8/site-packages/airflow/example_dags/tutorial_dag.py
[2024-07-01T20:17:56.196+0000] {processor.py:840} INFO - DAG(s) 'tutorial_dag' retrieved from /home/airflow/.local/lib/python3.8/site-packages/airflow/example_dags/tutorial_dag.py
[2024-07-01T20:17:56.238+0000] {logging_mixin.py:188} INFO - [2024-07-01T20:17:56.238+0000] {dag.py:3036} INFO - Sync 1 DAGs
[2024-07-01T20:17:56.265+0000] {logging_mixin.py:188} INFO - [2024-07-01T20:17:56.264+0000] {dag.py:3823} INFO - Setting next_dagrun for tutorial_dag to None, run_after=None
[2024-07-01T20:17:56.311+0000] {processor.py:183} INFO - Processing /home/airflow/.local/lib/python3.8/site-packages/airflow/example_dags/tutorial_dag.py took 0.143 seconds
[2024-07-01T20:18:26.557+0000] {processor.py:161} INFO - Started process (PID=1099) to work on /home/airflow/.local/lib/python3.8/site-packages/airflow/example_dags/tutorial_dag.py
[2024-07-01T20:18:26.559+0000] {processor.py:830} INFO - Processing file /home/airflow/.local/lib/python3.8/site-packages/airflow/example_dags/tutorial_dag.py for tasks to queue
[2024-07-01T20:18:26.564+0000] {logging_mixin.py:188} INFO - [2024-07-01T20:18:26.563+0000] {dagbag.py:538} INFO - Filling up the DagBag from /home/airflow/.local/lib/python3.8/site-packages/airflow/example_dags/tutorial_dag.py
[2024-07-01T20:18:26.575+0000] {processor.py:840} INFO - DAG(s) 'tutorial_dag' retrieved from /home/airflow/.local/lib/python3.8/site-packages/airflow/example_dags/tutorial_dag.py
[2024-07-01T20:18:26.614+0000] {logging_mixin.py:188} INFO - [2024-07-01T20:18:26.614+0000] {dag.py:3036} INFO - Sync 1 DAGs
[2024-07-01T20:18:26.638+0000] {logging_mixin.py:188} INFO - [2024-07-01T20:18:26.637+0000] {dag.py:3823} INFO - Setting next_dagrun for tutorial_dag to None, run_after=None
[2024-07-01T20:18:26.675+0000] {processor.py:183} INFO - Processing /home/airflow/.local/lib/python3.8/site-packages/airflow/example_dags/tutorial_dag.py took 0.124 seconds
[2024-07-01T20:18:57.277+0000] {processor.py:161} INFO - Started process (PID=1154) to work on /home/airflow/.local/lib/python3.8/site-packages/airflow/example_dags/tutorial_dag.py
[2024-07-01T20:18:57.279+0000] {processor.py:830} INFO - Processing file /home/airflow/.local/lib/python3.8/site-packages/airflow/example_dags/tutorial_dag.py for tasks to queue
[2024-07-01T20:18:57.283+0000] {logging_mixin.py:188} INFO - [2024-07-01T20:18:57.283+0000] {dagbag.py:538} INFO - Filling up the DagBag from /home/airflow/.local/lib/python3.8/site-packages/airflow/example_dags/tutorial_dag.py
[2024-07-01T20:18:57.295+0000] {processor.py:840} INFO - DAG(s) 'tutorial_dag' retrieved from /home/airflow/.local/lib/python3.8/site-packages/airflow/example_dags/tutorial_dag.py
[2024-07-01T20:18:57.341+0000] {logging_mixin.py:188} INFO - [2024-07-01T20:18:57.341+0000] {dag.py:3036} INFO - Sync 1 DAGs
[2024-07-01T20:18:57.366+0000] {logging_mixin.py:188} INFO - [2024-07-01T20:18:57.365+0000] {dag.py:3823} INFO - Setting next_dagrun for tutorial_dag to None, run_after=None
[2024-07-01T20:18:57.415+0000] {processor.py:183} INFO - Processing /home/airflow/.local/lib/python3.8/site-packages/airflow/example_dags/tutorial_dag.py took 0.146 seconds
[2024-07-01T20:19:28.316+0000] {processor.py:161} INFO - Started process (PID=1209) to work on /home/airflow/.local/lib/python3.8/site-packages/airflow/example_dags/tutorial_dag.py
[2024-07-01T20:19:28.318+0000] {processor.py:830} INFO - Processing file /home/airflow/.local/lib/python3.8/site-packages/airflow/example_dags/tutorial_dag.py for tasks to queue
[2024-07-01T20:19:28.322+0000] {logging_mixin.py:188} INFO - [2024-07-01T20:19:28.321+0000] {dagbag.py:538} INFO - Filling up the DagBag from /home/airflow/.local/lib/python3.8/site-packages/airflow/example_dags/tutorial_dag.py
[2024-07-01T20:19:28.335+0000] {processor.py:840} INFO - DAG(s) 'tutorial_dag' retrieved from /home/airflow/.local/lib/python3.8/site-packages/airflow/example_dags/tutorial_dag.py
[2024-07-01T20:19:28.377+0000] {logging_mixin.py:188} INFO - [2024-07-01T20:19:28.377+0000] {dag.py:3036} INFO - Sync 1 DAGs
[2024-07-01T20:19:28.401+0000] {logging_mixin.py:188} INFO - [2024-07-01T20:19:28.401+0000] {dag.py:3823} INFO - Setting next_dagrun for tutorial_dag to None, run_after=None
[2024-07-01T20:19:28.445+0000] {processor.py:183} INFO - Processing /home/airflow/.local/lib/python3.8/site-packages/airflow/example_dags/tutorial_dag.py took 0.135 seconds
[2024-07-01T20:19:58.937+0000] {processor.py:161} INFO - Started process (PID=1262) to work on /home/airflow/.local/lib/python3.8/site-packages/airflow/example_dags/tutorial_dag.py
[2024-07-01T20:19:58.939+0000] {processor.py:830} INFO - Processing file /home/airflow/.local/lib/python3.8/site-packages/airflow/example_dags/tutorial_dag.py for tasks to queue
[2024-07-01T20:19:58.943+0000] {logging_mixin.py:188} INFO - [2024-07-01T20:19:58.943+0000] {dagbag.py:538} INFO - Filling up the DagBag from /home/airflow/.local/lib/python3.8/site-packages/airflow/example_dags/tutorial_dag.py
[2024-07-01T20:19:58.954+0000] {processor.py:840} INFO - DAG(s) 'tutorial_dag' retrieved from /home/airflow/.local/lib/python3.8/site-packages/airflow/example_dags/tutorial_dag.py
[2024-07-01T20:19:58.992+0000] {logging_mixin.py:188} INFO - [2024-07-01T20:19:58.992+0000] {dag.py:3036} INFO - Sync 1 DAGs
[2024-07-01T20:19:59.022+0000] {logging_mixin.py:188} INFO - [2024-07-01T20:19:59.022+0000] {dag.py:3823} INFO - Setting next_dagrun for tutorial_dag to None, run_after=None
[2024-07-01T20:19:59.068+0000] {processor.py:183} INFO - Processing /home/airflow/.local/lib/python3.8/site-packages/airflow/example_dags/tutorial_dag.py took 0.137 seconds
[2024-07-01T20:20:29.492+0000] {processor.py:161} INFO - Started process (PID=1317) to work on /home/airflow/.local/lib/python3.8/site-packages/airflow/example_dags/tutorial_dag.py
[2024-07-01T20:20:29.494+0000] {processor.py:830} INFO - Processing file /home/airflow/.local/lib/python3.8/site-packages/airflow/example_dags/tutorial_dag.py for tasks to queue
[2024-07-01T20:20:29.497+0000] {logging_mixin.py:188} INFO - [2024-07-01T20:20:29.497+0000] {dagbag.py:538} INFO - Filling up the DagBag from /home/airflow/.local/lib/python3.8/site-packages/airflow/example_dags/tutorial_dag.py
[2024-07-01T20:20:29.508+0000] {processor.py:840} INFO - DAG(s) 'tutorial_dag' retrieved from /home/airflow/.local/lib/python3.8/site-packages/airflow/example_dags/tutorial_dag.py
[2024-07-01T20:20:29.547+0000] {logging_mixin.py:188} INFO - [2024-07-01T20:20:29.547+0000] {dag.py:3036} INFO - Sync 1 DAGs
[2024-07-01T20:20:29.571+0000] {logging_mixin.py:188} INFO - [2024-07-01T20:20:29.570+0000] {dag.py:3823} INFO - Setting next_dagrun for tutorial_dag to None, run_after=None
[2024-07-01T20:20:29.608+0000] {processor.py:183} INFO - Processing /home/airflow/.local/lib/python3.8/site-packages/airflow/example_dags/tutorial_dag.py took 0.122 seconds
[2024-07-01T20:21:00.247+0000] {processor.py:161} INFO - Started process (PID=1372) to work on /home/airflow/.local/lib/python3.8/site-packages/airflow/example_dags/tutorial_dag.py
[2024-07-01T20:21:00.249+0000] {processor.py:830} INFO - Processing file /home/airflow/.local/lib/python3.8/site-packages/airflow/example_dags/tutorial_dag.py for tasks to queue
[2024-07-01T20:21:00.254+0000] {logging_mixin.py:188} INFO - [2024-07-01T20:21:00.253+0000] {dagbag.py:538} INFO - Filling up the DagBag from /home/airflow/.local/lib/python3.8/site-packages/airflow/example_dags/tutorial_dag.py
[2024-07-01T20:21:00.268+0000] {processor.py:840} INFO - DAG(s) 'tutorial_dag' retrieved from /home/airflow/.local/lib/python3.8/site-packages/airflow/example_dags/tutorial_dag.py
[2024-07-01T20:21:00.304+0000] {logging_mixin.py:188} INFO - [2024-07-01T20:21:00.304+0000] {dag.py:3036} INFO - Sync 1 DAGs
[2024-07-01T20:21:00.329+0000] {logging_mixin.py:188} INFO - [2024-07-01T20:21:00.329+0000] {dag.py:3823} INFO - Setting next_dagrun for tutorial_dag to None, run_after=None
[2024-07-01T20:21:00.373+0000] {processor.py:183} INFO - Processing /home/airflow/.local/lib/python3.8/site-packages/airflow/example_dags/tutorial_dag.py took 0.132 seconds
[2024-07-01T20:21:31.692+0000] {processor.py:161} INFO - Started process (PID=1427) to work on /home/airflow/.local/lib/python3.8/site-packages/airflow/example_dags/tutorial_dag.py
[2024-07-01T20:21:31.694+0000] {processor.py:830} INFO - Processing file /home/airflow/.local/lib/python3.8/site-packages/airflow/example_dags/tutorial_dag.py for tasks to queue
[2024-07-01T20:21:31.701+0000] {logging_mixin.py:188} INFO - [2024-07-01T20:21:31.700+0000] {dagbag.py:538} INFO - Filling up the DagBag from /home/airflow/.local/lib/python3.8/site-packages/airflow/example_dags/tutorial_dag.py
[2024-07-01T20:21:31.723+0000] {processor.py:840} INFO - DAG(s) 'tutorial_dag' retrieved from /home/airflow/.local/lib/python3.8/site-packages/airflow/example_dags/tutorial_dag.py
[2024-07-01T20:21:31.792+0000] {logging_mixin.py:188} INFO - [2024-07-01T20:21:31.791+0000] {dag.py:3036} INFO - Sync 1 DAGs
[2024-07-01T20:21:31.834+0000] {logging_mixin.py:188} INFO - [2024-07-01T20:21:31.833+0000] {dag.py:3823} INFO - Setting next_dagrun for tutorial_dag to None, run_after=None
[2024-07-01T20:21:31.884+0000] {processor.py:183} INFO - Processing /home/airflow/.local/lib/python3.8/site-packages/airflow/example_dags/tutorial_dag.py took 0.202 seconds
[2024-07-01T20:22:02.112+0000] {processor.py:161} INFO - Started process (PID=1482) to work on /home/airflow/.local/lib/python3.8/site-packages/airflow/example_dags/tutorial_dag.py
[2024-07-01T20:22:02.114+0000] {processor.py:830} INFO - Processing file /home/airflow/.local/lib/python3.8/site-packages/airflow/example_dags/tutorial_dag.py for tasks to queue
[2024-07-01T20:22:02.118+0000] {logging_mixin.py:188} INFO - [2024-07-01T20:22:02.118+0000] {dagbag.py:538} INFO - Filling up the DagBag from /home/airflow/.local/lib/python3.8/site-packages/airflow/example_dags/tutorial_dag.py
[2024-07-01T20:22:02.129+0000] {processor.py:840} INFO - DAG(s) 'tutorial_dag' retrieved from /home/airflow/.local/lib/python3.8/site-packages/airflow/example_dags/tutorial_dag.py
[2024-07-01T20:22:02.173+0000] {logging_mixin.py:188} INFO - [2024-07-01T20:22:02.173+0000] {dag.py:3036} INFO - Sync 1 DAGs
[2024-07-01T20:22:02.200+0000] {logging_mixin.py:188} INFO - [2024-07-01T20:22:02.199+0000] {dag.py:3823} INFO - Setting next_dagrun for tutorial_dag to None, run_after=None
[2024-07-01T20:22:02.247+0000] {processor.py:183} INFO - Processing /home/airflow/.local/lib/python3.8/site-packages/airflow/example_dags/tutorial_dag.py took 0.141 seconds
[2024-07-01T20:22:32.496+0000] {processor.py:161} INFO - Started process (PID=1537) to work on /home/airflow/.local/lib/python3.8/site-packages/airflow/example_dags/tutorial_dag.py
[2024-07-01T20:22:32.498+0000] {processor.py:830} INFO - Processing file /home/airflow/.local/lib/python3.8/site-packages/airflow/example_dags/tutorial_dag.py for tasks to queue
[2024-07-01T20:22:32.503+0000] {logging_mixin.py:188} INFO - [2024-07-01T20:22:32.502+0000] {dagbag.py:538} INFO - Filling up the DagBag from /home/airflow/.local/lib/python3.8/site-packages/airflow/example_dags/tutorial_dag.py
[2024-07-01T20:22:32.520+0000] {processor.py:840} INFO - DAG(s) 'tutorial_dag' retrieved from /home/airflow/.local/lib/python3.8/site-packages/airflow/example_dags/tutorial_dag.py
[2024-07-01T20:22:32.576+0000] {logging_mixin.py:188} INFO - [2024-07-01T20:22:32.575+0000] {dag.py:3036} INFO - Sync 1 DAGs
[2024-07-01T20:22:32.611+0000] {logging_mixin.py:188} INFO - [2024-07-01T20:22:32.610+0000] {dag.py:3823} INFO - Setting next_dagrun for tutorial_dag to None, run_after=None
[2024-07-01T20:22:32.659+0000] {processor.py:183} INFO - Processing /home/airflow/.local/lib/python3.8/site-packages/airflow/example_dags/tutorial_dag.py took 0.171 seconds
[2024-07-01T20:23:03.248+0000] {processor.py:161} INFO - Started process (PID=1592) to work on /home/airflow/.local/lib/python3.8/site-packages/airflow/example_dags/tutorial_dag.py
[2024-07-01T20:23:03.250+0000] {processor.py:830} INFO - Processing file /home/airflow/.local/lib/python3.8/site-packages/airflow/example_dags/tutorial_dag.py for tasks to queue
[2024-07-01T20:23:03.253+0000] {logging_mixin.py:188} INFO - [2024-07-01T20:23:03.253+0000] {dagbag.py:538} INFO - Filling up the DagBag from /home/airflow/.local/lib/python3.8/site-packages/airflow/example_dags/tutorial_dag.py
[2024-07-01T20:23:03.266+0000] {processor.py:840} INFO - DAG(s) 'tutorial_dag' retrieved from /home/airflow/.local/lib/python3.8/site-packages/airflow/example_dags/tutorial_dag.py
[2024-07-01T20:23:03.314+0000] {logging_mixin.py:188} INFO - [2024-07-01T20:23:03.314+0000] {dag.py:3036} INFO - Sync 1 DAGs
[2024-07-01T20:23:03.346+0000] {logging_mixin.py:188} INFO - [2024-07-01T20:23:03.345+0000] {dag.py:3823} INFO - Setting next_dagrun for tutorial_dag to None, run_after=None
[2024-07-01T20:23:03.393+0000] {processor.py:183} INFO - Processing /home/airflow/.local/lib/python3.8/site-packages/airflow/example_dags/tutorial_dag.py took 0.153 seconds
[2024-07-01T20:23:33.603+0000] {processor.py:161} INFO - Started process (PID=1647) to work on /home/airflow/.local/lib/python3.8/site-packages/airflow/example_dags/tutorial_dag.py
[2024-07-01T20:23:33.607+0000] {processor.py:830} INFO - Processing file /home/airflow/.local/lib/python3.8/site-packages/airflow/example_dags/tutorial_dag.py for tasks to queue
[2024-07-01T20:23:33.614+0000] {logging_mixin.py:188} INFO - [2024-07-01T20:23:33.613+0000] {dagbag.py:538} INFO - Filling up the DagBag from /home/airflow/.local/lib/python3.8/site-packages/airflow/example_dags/tutorial_dag.py
[2024-07-01T20:23:33.636+0000] {processor.py:840} INFO - DAG(s) 'tutorial_dag' retrieved from /home/airflow/.local/lib/python3.8/site-packages/airflow/example_dags/tutorial_dag.py
[2024-07-01T20:23:33.683+0000] {logging_mixin.py:188} INFO - [2024-07-01T20:23:33.682+0000] {dag.py:3036} INFO - Sync 1 DAGs
[2024-07-01T20:23:33.714+0000] {logging_mixin.py:188} INFO - [2024-07-01T20:23:33.714+0000] {dag.py:3823} INFO - Setting next_dagrun for tutorial_dag to None, run_after=None
[2024-07-01T20:23:33.792+0000] {processor.py:183} INFO - Processing /home/airflow/.local/lib/python3.8/site-packages/airflow/example_dags/tutorial_dag.py took 0.194 seconds
[2024-07-01T20:24:04.084+0000] {processor.py:161} INFO - Started process (PID=1702) to work on /home/airflow/.local/lib/python3.8/site-packages/airflow/example_dags/tutorial_dag.py
[2024-07-01T20:24:04.087+0000] {processor.py:830} INFO - Processing file /home/airflow/.local/lib/python3.8/site-packages/airflow/example_dags/tutorial_dag.py for tasks to queue
[2024-07-01T20:24:04.093+0000] {logging_mixin.py:188} INFO - [2024-07-01T20:24:04.092+0000] {dagbag.py:538} INFO - Filling up the DagBag from /home/airflow/.local/lib/python3.8/site-packages/airflow/example_dags/tutorial_dag.py
[2024-07-01T20:24:04.122+0000] {processor.py:840} INFO - DAG(s) 'tutorial_dag' retrieved from /home/airflow/.local/lib/python3.8/site-packages/airflow/example_dags/tutorial_dag.py
[2024-07-01T20:24:04.162+0000] {logging_mixin.py:188} INFO - [2024-07-01T20:24:04.162+0000] {dag.py:3036} INFO - Sync 1 DAGs
[2024-07-01T20:24:04.190+0000] {logging_mixin.py:188} INFO - [2024-07-01T20:24:04.190+0000] {dag.py:3823} INFO - Setting next_dagrun for tutorial_dag to None, run_after=None
[2024-07-01T20:24:04.237+0000] {processor.py:183} INFO - Processing /home/airflow/.local/lib/python3.8/site-packages/airflow/example_dags/tutorial_dag.py took 0.162 seconds
[2024-07-01T20:24:34.589+0000] {processor.py:161} INFO - Started process (PID=1757) to work on /home/airflow/.local/lib/python3.8/site-packages/airflow/example_dags/tutorial_dag.py
[2024-07-01T20:24:34.591+0000] {processor.py:830} INFO - Processing file /home/airflow/.local/lib/python3.8/site-packages/airflow/example_dags/tutorial_dag.py for tasks to queue
[2024-07-01T20:24:34.595+0000] {logging_mixin.py:188} INFO - [2024-07-01T20:24:34.594+0000] {dagbag.py:538} INFO - Filling up the DagBag from /home/airflow/.local/lib/python3.8/site-packages/airflow/example_dags/tutorial_dag.py
[2024-07-01T20:24:34.609+0000] {processor.py:840} INFO - DAG(s) 'tutorial_dag' retrieved from /home/airflow/.local/lib/python3.8/site-packages/airflow/example_dags/tutorial_dag.py
[2024-07-01T20:24:34.650+0000] {logging_mixin.py:188} INFO - [2024-07-01T20:24:34.650+0000] {dag.py:3036} INFO - Sync 1 DAGs
[2024-07-01T20:24:34.675+0000] {logging_mixin.py:188} INFO - [2024-07-01T20:24:34.675+0000] {dag.py:3823} INFO - Setting next_dagrun for tutorial_dag to None, run_after=None
[2024-07-01T20:24:34.719+0000] {processor.py:183} INFO - Processing /home/airflow/.local/lib/python3.8/site-packages/airflow/example_dags/tutorial_dag.py took 0.137 seconds
[2024-07-01T20:25:05.929+0000] {processor.py:161} INFO - Started process (PID=1812) to work on /home/airflow/.local/lib/python3.8/site-packages/airflow/example_dags/tutorial_dag.py
[2024-07-01T20:25:05.931+0000] {processor.py:830} INFO - Processing file /home/airflow/.local/lib/python3.8/site-packages/airflow/example_dags/tutorial_dag.py for tasks to queue
[2024-07-01T20:25:05.936+0000] {logging_mixin.py:188} INFO - [2024-07-01T20:25:05.936+0000] {dagbag.py:538} INFO - Filling up the DagBag from /home/airflow/.local/lib/python3.8/site-packages/airflow/example_dags/tutorial_dag.py
[2024-07-01T20:25:05.950+0000] {processor.py:840} INFO - DAG(s) 'tutorial_dag' retrieved from /home/airflow/.local/lib/python3.8/site-packages/airflow/example_dags/tutorial_dag.py
[2024-07-01T20:25:06.001+0000] {logging_mixin.py:188} INFO - [2024-07-01T20:25:06.000+0000] {dag.py:3036} INFO - Sync 1 DAGs
[2024-07-01T20:25:06.031+0000] {logging_mixin.py:188} INFO - [2024-07-01T20:25:06.030+0000] {dag.py:3823} INFO - Setting next_dagrun for tutorial_dag to None, run_after=None
[2024-07-01T20:25:06.081+0000] {processor.py:183} INFO - Processing /home/airflow/.local/lib/python3.8/site-packages/airflow/example_dags/tutorial_dag.py took 0.161 seconds
