[2024-07-01T20:08:53.097+0000] {processor.py:161} INFO - Started process (PID=81) to work on /home/airflow/.local/lib/python3.8/site-packages/airflow/example_dags/tutorial_taskflow_api.py
[2024-07-01T20:08:53.100+0000] {processor.py:830} INFO - Processing file /home/airflow/.local/lib/python3.8/site-packages/airflow/example_dags/tutorial_taskflow_api.py for tasks to queue
[2024-07-01T20:08:53.105+0000] {logging_mixin.py:188} INFO - [2024-07-01T20:08:53.104+0000] {dagbag.py:538} INFO - Filling up the DagBag from /home/airflow/.local/lib/python3.8/site-packages/airflow/example_dags/tutorial_taskflow_api.py
[2024-07-01T20:08:53.120+0000] {processor.py:840} INFO - DAG(s) 'tutorial_taskflow_api' retrieved from /home/airflow/.local/lib/python3.8/site-packages/airflow/example_dags/tutorial_taskflow_api.py
[2024-07-01T20:08:53.333+0000] {logging_mixin.py:188} INFO - [2024-07-01T20:08:53.333+0000] {dag.py:3036} INFO - Sync 1 DAGs
[2024-07-01T20:08:53.359+0000] {logging_mixin.py:188} INFO - [2024-07-01T20:08:53.359+0000] {dag.py:3823} INFO - Setting next_dagrun for tutorial_taskflow_api to None, run_after=None
[2024-07-01T20:08:53.399+0000] {processor.py:183} INFO - Processing /home/airflow/.local/lib/python3.8/site-packages/airflow/example_dags/tutorial_taskflow_api.py took 0.312 seconds
[2024-07-01T20:09:23.653+0000] {processor.py:161} INFO - Started process (PID=136) to work on /home/airflow/.local/lib/python3.8/site-packages/airflow/example_dags/tutorial_taskflow_api.py
[2024-07-01T20:09:23.655+0000] {processor.py:830} INFO - Processing file /home/airflow/.local/lib/python3.8/site-packages/airflow/example_dags/tutorial_taskflow_api.py for tasks to queue
[2024-07-01T20:09:23.659+0000] {logging_mixin.py:188} INFO - [2024-07-01T20:09:23.658+0000] {dagbag.py:538} INFO - Filling up the DagBag from /home/airflow/.local/lib/python3.8/site-packages/airflow/example_dags/tutorial_taskflow_api.py
[2024-07-01T20:09:23.671+0000] {processor.py:840} INFO - DAG(s) 'tutorial_taskflow_api' retrieved from /home/airflow/.local/lib/python3.8/site-packages/airflow/example_dags/tutorial_taskflow_api.py
[2024-07-01T20:09:23.707+0000] {logging_mixin.py:188} INFO - [2024-07-01T20:09:23.707+0000] {dag.py:3036} INFO - Sync 1 DAGs
[2024-07-01T20:09:23.733+0000] {logging_mixin.py:188} INFO - [2024-07-01T20:09:23.733+0000] {dag.py:3823} INFO - Setting next_dagrun for tutorial_taskflow_api to None, run_after=None
[2024-07-01T20:09:23.782+0000] {processor.py:183} INFO - Processing /home/airflow/.local/lib/python3.8/site-packages/airflow/example_dags/tutorial_taskflow_api.py took 0.134 seconds
[2024-07-01T20:09:54.254+0000] {processor.py:161} INFO - Started process (PID=191) to work on /home/airflow/.local/lib/python3.8/site-packages/airflow/example_dags/tutorial_taskflow_api.py
[2024-07-01T20:09:54.257+0000] {processor.py:830} INFO - Processing file /home/airflow/.local/lib/python3.8/site-packages/airflow/example_dags/tutorial_taskflow_api.py for tasks to queue
[2024-07-01T20:09:54.261+0000] {logging_mixin.py:188} INFO - [2024-07-01T20:09:54.260+0000] {dagbag.py:538} INFO - Filling up the DagBag from /home/airflow/.local/lib/python3.8/site-packages/airflow/example_dags/tutorial_taskflow_api.py
[2024-07-01T20:09:54.278+0000] {processor.py:840} INFO - DAG(s) 'tutorial_taskflow_api' retrieved from /home/airflow/.local/lib/python3.8/site-packages/airflow/example_dags/tutorial_taskflow_api.py
[2024-07-01T20:09:54.319+0000] {logging_mixin.py:188} INFO - [2024-07-01T20:09:54.319+0000] {dag.py:3036} INFO - Sync 1 DAGs
[2024-07-01T20:09:54.345+0000] {logging_mixin.py:188} INFO - [2024-07-01T20:09:54.345+0000] {dag.py:3823} INFO - Setting next_dagrun for tutorial_taskflow_api to None, run_after=None
[2024-07-01T20:09:54.385+0000] {processor.py:183} INFO - Processing /home/airflow/.local/lib/python3.8/site-packages/airflow/example_dags/tutorial_taskflow_api.py took 0.140 seconds
[2024-07-01T20:10:24.675+0000] {processor.py:161} INFO - Started process (PID=246) to work on /home/airflow/.local/lib/python3.8/site-packages/airflow/example_dags/tutorial_taskflow_api.py
[2024-07-01T20:10:24.677+0000] {processor.py:830} INFO - Processing file /home/airflow/.local/lib/python3.8/site-packages/airflow/example_dags/tutorial_taskflow_api.py for tasks to queue
[2024-07-01T20:10:24.681+0000] {logging_mixin.py:188} INFO - [2024-07-01T20:10:24.681+0000] {dagbag.py:538} INFO - Filling up the DagBag from /home/airflow/.local/lib/python3.8/site-packages/airflow/example_dags/tutorial_taskflow_api.py
[2024-07-01T20:10:24.692+0000] {processor.py:840} INFO - DAG(s) 'tutorial_taskflow_api' retrieved from /home/airflow/.local/lib/python3.8/site-packages/airflow/example_dags/tutorial_taskflow_api.py
[2024-07-01T20:10:24.730+0000] {logging_mixin.py:188} INFO - [2024-07-01T20:10:24.730+0000] {dag.py:3036} INFO - Sync 1 DAGs
[2024-07-01T20:10:24.754+0000] {logging_mixin.py:188} INFO - [2024-07-01T20:10:24.753+0000] {dag.py:3823} INFO - Setting next_dagrun for tutorial_taskflow_api to None, run_after=None
[2024-07-01T20:10:24.800+0000] {processor.py:183} INFO - Processing /home/airflow/.local/lib/python3.8/site-packages/airflow/example_dags/tutorial_taskflow_api.py took 0.132 seconds
[2024-07-01T20:10:55.633+0000] {processor.py:161} INFO - Started process (PID=302) to work on /home/airflow/.local/lib/python3.8/site-packages/airflow/example_dags/tutorial_taskflow_api.py
[2024-07-01T20:10:55.635+0000] {processor.py:830} INFO - Processing file /home/airflow/.local/lib/python3.8/site-packages/airflow/example_dags/tutorial_taskflow_api.py for tasks to queue
[2024-07-01T20:10:55.639+0000] {logging_mixin.py:188} INFO - [2024-07-01T20:10:55.638+0000] {dagbag.py:538} INFO - Filling up the DagBag from /home/airflow/.local/lib/python3.8/site-packages/airflow/example_dags/tutorial_taskflow_api.py
[2024-07-01T20:10:55.650+0000] {processor.py:840} INFO - DAG(s) 'tutorial_taskflow_api' retrieved from /home/airflow/.local/lib/python3.8/site-packages/airflow/example_dags/tutorial_taskflow_api.py
[2024-07-01T20:10:55.689+0000] {logging_mixin.py:188} INFO - [2024-07-01T20:10:55.688+0000] {dag.py:3036} INFO - Sync 1 DAGs
[2024-07-01T20:10:55.712+0000] {logging_mixin.py:188} INFO - [2024-07-01T20:10:55.712+0000] {dag.py:3823} INFO - Setting next_dagrun for tutorial_taskflow_api to None, run_after=None
[2024-07-01T20:10:55.750+0000] {processor.py:183} INFO - Processing /home/airflow/.local/lib/python3.8/site-packages/airflow/example_dags/tutorial_taskflow_api.py took 0.123 seconds
[2024-07-01T20:11:26.908+0000] {processor.py:161} INFO - Started process (PID=356) to work on /home/airflow/.local/lib/python3.8/site-packages/airflow/example_dags/tutorial_taskflow_api.py
[2024-07-01T20:11:26.910+0000] {processor.py:830} INFO - Processing file /home/airflow/.local/lib/python3.8/site-packages/airflow/example_dags/tutorial_taskflow_api.py for tasks to queue
[2024-07-01T20:11:26.915+0000] {logging_mixin.py:188} INFO - [2024-07-01T20:11:26.914+0000] {dagbag.py:538} INFO - Filling up the DagBag from /home/airflow/.local/lib/python3.8/site-packages/airflow/example_dags/tutorial_taskflow_api.py
[2024-07-01T20:11:26.928+0000] {processor.py:840} INFO - DAG(s) 'tutorial_taskflow_api' retrieved from /home/airflow/.local/lib/python3.8/site-packages/airflow/example_dags/tutorial_taskflow_api.py
[2024-07-01T20:11:26.973+0000] {logging_mixin.py:188} INFO - [2024-07-01T20:11:26.972+0000] {dag.py:3036} INFO - Sync 1 DAGs
[2024-07-01T20:11:27.001+0000] {logging_mixin.py:188} INFO - [2024-07-01T20:11:27.000+0000] {dag.py:3823} INFO - Setting next_dagrun for tutorial_taskflow_api to None, run_after=None
[2024-07-01T20:11:27.046+0000] {processor.py:183} INFO - Processing /home/airflow/.local/lib/python3.8/site-packages/airflow/example_dags/tutorial_taskflow_api.py took 0.146 seconds
[2024-07-01T20:11:57.235+0000] {processor.py:161} INFO - Started process (PID=411) to work on /home/airflow/.local/lib/python3.8/site-packages/airflow/example_dags/tutorial_taskflow_api.py
[2024-07-01T20:11:57.237+0000] {processor.py:830} INFO - Processing file /home/airflow/.local/lib/python3.8/site-packages/airflow/example_dags/tutorial_taskflow_api.py for tasks to queue
[2024-07-01T20:11:57.241+0000] {logging_mixin.py:188} INFO - [2024-07-01T20:11:57.240+0000] {dagbag.py:538} INFO - Filling up the DagBag from /home/airflow/.local/lib/python3.8/site-packages/airflow/example_dags/tutorial_taskflow_api.py
[2024-07-01T20:11:57.256+0000] {processor.py:840} INFO - DAG(s) 'tutorial_taskflow_api' retrieved from /home/airflow/.local/lib/python3.8/site-packages/airflow/example_dags/tutorial_taskflow_api.py
[2024-07-01T20:11:57.293+0000] {logging_mixin.py:188} INFO - [2024-07-01T20:11:57.293+0000] {dag.py:3036} INFO - Sync 1 DAGs
[2024-07-01T20:11:57.319+0000] {logging_mixin.py:188} INFO - [2024-07-01T20:11:57.318+0000] {dag.py:3823} INFO - Setting next_dagrun for tutorial_taskflow_api to None, run_after=None
[2024-07-01T20:11:57.358+0000] {processor.py:183} INFO - Processing /home/airflow/.local/lib/python3.8/site-packages/airflow/example_dags/tutorial_taskflow_api.py took 0.129 seconds
[2024-07-01T20:12:27.529+0000] {processor.py:161} INFO - Started process (PID=466) to work on /home/airflow/.local/lib/python3.8/site-packages/airflow/example_dags/tutorial_taskflow_api.py
[2024-07-01T20:12:27.531+0000] {processor.py:830} INFO - Processing file /home/airflow/.local/lib/python3.8/site-packages/airflow/example_dags/tutorial_taskflow_api.py for tasks to queue
[2024-07-01T20:12:27.535+0000] {logging_mixin.py:188} INFO - [2024-07-01T20:12:27.534+0000] {dagbag.py:538} INFO - Filling up the DagBag from /home/airflow/.local/lib/python3.8/site-packages/airflow/example_dags/tutorial_taskflow_api.py
[2024-07-01T20:12:27.547+0000] {processor.py:840} INFO - DAG(s) 'tutorial_taskflow_api' retrieved from /home/airflow/.local/lib/python3.8/site-packages/airflow/example_dags/tutorial_taskflow_api.py
[2024-07-01T20:12:27.585+0000] {logging_mixin.py:188} INFO - [2024-07-01T20:12:27.584+0000] {dag.py:3036} INFO - Sync 1 DAGs
[2024-07-01T20:12:27.610+0000] {logging_mixin.py:188} INFO - [2024-07-01T20:12:27.609+0000] {dag.py:3823} INFO - Setting next_dagrun for tutorial_taskflow_api to None, run_after=None
[2024-07-01T20:12:27.658+0000] {processor.py:183} INFO - Processing /home/airflow/.local/lib/python3.8/site-packages/airflow/example_dags/tutorial_taskflow_api.py took 0.134 seconds
[2024-07-01T20:12:58.200+0000] {processor.py:161} INFO - Started process (PID=521) to work on /home/airflow/.local/lib/python3.8/site-packages/airflow/example_dags/tutorial_taskflow_api.py
[2024-07-01T20:12:58.202+0000] {processor.py:830} INFO - Processing file /home/airflow/.local/lib/python3.8/site-packages/airflow/example_dags/tutorial_taskflow_api.py for tasks to queue
[2024-07-01T20:12:58.207+0000] {logging_mixin.py:188} INFO - [2024-07-01T20:12:58.206+0000] {dagbag.py:538} INFO - Filling up the DagBag from /home/airflow/.local/lib/python3.8/site-packages/airflow/example_dags/tutorial_taskflow_api.py
[2024-07-01T20:12:58.225+0000] {processor.py:840} INFO - DAG(s) 'tutorial_taskflow_api' retrieved from /home/airflow/.local/lib/python3.8/site-packages/airflow/example_dags/tutorial_taskflow_api.py
[2024-07-01T20:12:58.276+0000] {logging_mixin.py:188} INFO - [2024-07-01T20:12:58.276+0000] {dag.py:3036} INFO - Sync 1 DAGs
[2024-07-01T20:12:58.302+0000] {logging_mixin.py:188} INFO - [2024-07-01T20:12:58.302+0000] {dag.py:3823} INFO - Setting next_dagrun for tutorial_taskflow_api to None, run_after=None
[2024-07-01T20:12:58.346+0000] {processor.py:183} INFO - Processing /home/airflow/.local/lib/python3.8/site-packages/airflow/example_dags/tutorial_taskflow_api.py took 0.154 seconds
[2024-07-01T20:13:29.044+0000] {processor.py:161} INFO - Started process (PID=576) to work on /home/airflow/.local/lib/python3.8/site-packages/airflow/example_dags/tutorial_taskflow_api.py
[2024-07-01T20:13:29.047+0000] {processor.py:830} INFO - Processing file /home/airflow/.local/lib/python3.8/site-packages/airflow/example_dags/tutorial_taskflow_api.py for tasks to queue
[2024-07-01T20:13:29.051+0000] {logging_mixin.py:188} INFO - [2024-07-01T20:13:29.050+0000] {dagbag.py:538} INFO - Filling up the DagBag from /home/airflow/.local/lib/python3.8/site-packages/airflow/example_dags/tutorial_taskflow_api.py
[2024-07-01T20:13:29.064+0000] {processor.py:840} INFO - DAG(s) 'tutorial_taskflow_api' retrieved from /home/airflow/.local/lib/python3.8/site-packages/airflow/example_dags/tutorial_taskflow_api.py
[2024-07-01T20:13:29.108+0000] {logging_mixin.py:188} INFO - [2024-07-01T20:13:29.108+0000] {dag.py:3036} INFO - Sync 1 DAGs
[2024-07-01T20:13:29.133+0000] {logging_mixin.py:188} INFO - [2024-07-01T20:13:29.133+0000] {dag.py:3823} INFO - Setting next_dagrun for tutorial_taskflow_api to None, run_after=None
[2024-07-01T20:13:29.171+0000] {processor.py:183} INFO - Processing /home/airflow/.local/lib/python3.8/site-packages/airflow/example_dags/tutorial_taskflow_api.py took 0.137 seconds
[2024-07-01T20:14:00.525+0000] {processor.py:161} INFO - Started process (PID=632) to work on /home/airflow/.local/lib/python3.8/site-packages/airflow/example_dags/tutorial_taskflow_api.py
[2024-07-01T20:14:00.557+0000] {processor.py:830} INFO - Processing file /home/airflow/.local/lib/python3.8/site-packages/airflow/example_dags/tutorial_taskflow_api.py for tasks to queue
[2024-07-01T20:14:00.575+0000] {logging_mixin.py:188} INFO - [2024-07-01T20:14:00.574+0000] {dagbag.py:538} INFO - Filling up the DagBag from /home/airflow/.local/lib/python3.8/site-packages/airflow/example_dags/tutorial_taskflow_api.py
[2024-07-01T20:14:00.670+0000] {processor.py:840} INFO - DAG(s) 'tutorial_taskflow_api' retrieved from /home/airflow/.local/lib/python3.8/site-packages/airflow/example_dags/tutorial_taskflow_api.py
[2024-07-01T20:14:00.845+0000] {logging_mixin.py:188} INFO - [2024-07-01T20:14:00.844+0000] {dag.py:3036} INFO - Sync 1 DAGs
[2024-07-01T20:14:00.930+0000] {logging_mixin.py:188} INFO - [2024-07-01T20:14:00.929+0000] {dag.py:3823} INFO - Setting next_dagrun for tutorial_taskflow_api to None, run_after=None
[2024-07-01T20:14:01.021+0000] {processor.py:183} INFO - Processing /home/airflow/.local/lib/python3.8/site-packages/airflow/example_dags/tutorial_taskflow_api.py took 0.520 seconds
[2024-07-01T20:14:31.638+0000] {processor.py:161} INFO - Started process (PID=687) to work on /home/airflow/.local/lib/python3.8/site-packages/airflow/example_dags/tutorial_taskflow_api.py
[2024-07-01T20:14:31.640+0000] {processor.py:830} INFO - Processing file /home/airflow/.local/lib/python3.8/site-packages/airflow/example_dags/tutorial_taskflow_api.py for tasks to queue
[2024-07-01T20:14:31.644+0000] {logging_mixin.py:188} INFO - [2024-07-01T20:14:31.643+0000] {dagbag.py:538} INFO - Filling up the DagBag from /home/airflow/.local/lib/python3.8/site-packages/airflow/example_dags/tutorial_taskflow_api.py
[2024-07-01T20:14:31.661+0000] {processor.py:840} INFO - DAG(s) 'tutorial_taskflow_api' retrieved from /home/airflow/.local/lib/python3.8/site-packages/airflow/example_dags/tutorial_taskflow_api.py
[2024-07-01T20:14:31.704+0000] {logging_mixin.py:188} INFO - [2024-07-01T20:14:31.704+0000] {dag.py:3036} INFO - Sync 1 DAGs
[2024-07-01T20:14:31.733+0000] {logging_mixin.py:188} INFO - [2024-07-01T20:14:31.732+0000] {dag.py:3823} INFO - Setting next_dagrun for tutorial_taskflow_api to None, run_after=None
[2024-07-01T20:14:31.783+0000] {processor.py:183} INFO - Processing /home/airflow/.local/lib/python3.8/site-packages/airflow/example_dags/tutorial_taskflow_api.py took 0.153 seconds
[2024-07-01T20:15:02.660+0000] {processor.py:161} INFO - Started process (PID=742) to work on /home/airflow/.local/lib/python3.8/site-packages/airflow/example_dags/tutorial_taskflow_api.py
[2024-07-01T20:15:02.662+0000] {processor.py:830} INFO - Processing file /home/airflow/.local/lib/python3.8/site-packages/airflow/example_dags/tutorial_taskflow_api.py for tasks to queue
[2024-07-01T20:15:02.666+0000] {logging_mixin.py:188} INFO - [2024-07-01T20:15:02.665+0000] {dagbag.py:538} INFO - Filling up the DagBag from /home/airflow/.local/lib/python3.8/site-packages/airflow/example_dags/tutorial_taskflow_api.py
[2024-07-01T20:15:02.682+0000] {processor.py:840} INFO - DAG(s) 'tutorial_taskflow_api' retrieved from /home/airflow/.local/lib/python3.8/site-packages/airflow/example_dags/tutorial_taskflow_api.py
[2024-07-01T20:15:02.724+0000] {logging_mixin.py:188} INFO - [2024-07-01T20:15:02.723+0000] {dag.py:3036} INFO - Sync 1 DAGs
[2024-07-01T20:15:02.760+0000] {logging_mixin.py:188} INFO - [2024-07-01T20:15:02.760+0000] {dag.py:3823} INFO - Setting next_dagrun for tutorial_taskflow_api to None, run_after=None
[2024-07-01T20:15:02.810+0000] {processor.py:183} INFO - Processing /home/airflow/.local/lib/python3.8/site-packages/airflow/example_dags/tutorial_taskflow_api.py took 0.157 seconds
[2024-07-01T20:15:33.223+0000] {processor.py:161} INFO - Started process (PID=797) to work on /home/airflow/.local/lib/python3.8/site-packages/airflow/example_dags/tutorial_taskflow_api.py
[2024-07-01T20:15:33.225+0000] {processor.py:830} INFO - Processing file /home/airflow/.local/lib/python3.8/site-packages/airflow/example_dags/tutorial_taskflow_api.py for tasks to queue
[2024-07-01T20:15:33.228+0000] {logging_mixin.py:188} INFO - [2024-07-01T20:15:33.228+0000] {dagbag.py:538} INFO - Filling up the DagBag from /home/airflow/.local/lib/python3.8/site-packages/airflow/example_dags/tutorial_taskflow_api.py
[2024-07-01T20:15:33.240+0000] {processor.py:840} INFO - DAG(s) 'tutorial_taskflow_api' retrieved from /home/airflow/.local/lib/python3.8/site-packages/airflow/example_dags/tutorial_taskflow_api.py
[2024-07-01T20:15:33.301+0000] {logging_mixin.py:188} INFO - [2024-07-01T20:15:33.300+0000] {dag.py:3036} INFO - Sync 1 DAGs
[2024-07-01T20:15:33.336+0000] {logging_mixin.py:188} INFO - [2024-07-01T20:15:33.335+0000] {dag.py:3823} INFO - Setting next_dagrun for tutorial_taskflow_api to None, run_after=None
[2024-07-01T20:15:33.388+0000] {processor.py:183} INFO - Processing /home/airflow/.local/lib/python3.8/site-packages/airflow/example_dags/tutorial_taskflow_api.py took 0.173 seconds
[2024-07-01T20:16:04.170+0000] {processor.py:161} INFO - Started process (PID=852) to work on /home/airflow/.local/lib/python3.8/site-packages/airflow/example_dags/tutorial_taskflow_api.py
[2024-07-01T20:16:04.173+0000] {processor.py:830} INFO - Processing file /home/airflow/.local/lib/python3.8/site-packages/airflow/example_dags/tutorial_taskflow_api.py for tasks to queue
[2024-07-01T20:16:04.180+0000] {logging_mixin.py:188} INFO - [2024-07-01T20:16:04.179+0000] {dagbag.py:538} INFO - Filling up the DagBag from /home/airflow/.local/lib/python3.8/site-packages/airflow/example_dags/tutorial_taskflow_api.py
[2024-07-01T20:16:04.201+0000] {processor.py:840} INFO - DAG(s) 'tutorial_taskflow_api' retrieved from /home/airflow/.local/lib/python3.8/site-packages/airflow/example_dags/tutorial_taskflow_api.py
[2024-07-01T20:16:04.247+0000] {logging_mixin.py:188} INFO - [2024-07-01T20:16:04.247+0000] {dag.py:3036} INFO - Sync 1 DAGs
[2024-07-01T20:16:04.272+0000] {logging_mixin.py:188} INFO - [2024-07-01T20:16:04.271+0000] {dag.py:3823} INFO - Setting next_dagrun for tutorial_taskflow_api to None, run_after=None
[2024-07-01T20:16:04.316+0000] {processor.py:183} INFO - Processing /home/airflow/.local/lib/python3.8/site-packages/airflow/example_dags/tutorial_taskflow_api.py took 0.156 seconds
[2024-07-01T20:16:34.683+0000] {processor.py:161} INFO - Started process (PID=907) to work on /home/airflow/.local/lib/python3.8/site-packages/airflow/example_dags/tutorial_taskflow_api.py
[2024-07-01T20:16:34.686+0000] {processor.py:830} INFO - Processing file /home/airflow/.local/lib/python3.8/site-packages/airflow/example_dags/tutorial_taskflow_api.py for tasks to queue
[2024-07-01T20:16:34.690+0000] {logging_mixin.py:188} INFO - [2024-07-01T20:16:34.690+0000] {dagbag.py:538} INFO - Filling up the DagBag from /home/airflow/.local/lib/python3.8/site-packages/airflow/example_dags/tutorial_taskflow_api.py
[2024-07-01T20:16:34.703+0000] {processor.py:840} INFO - DAG(s) 'tutorial_taskflow_api' retrieved from /home/airflow/.local/lib/python3.8/site-packages/airflow/example_dags/tutorial_taskflow_api.py
[2024-07-01T20:16:34.741+0000] {logging_mixin.py:188} INFO - [2024-07-01T20:16:34.740+0000] {dag.py:3036} INFO - Sync 1 DAGs
[2024-07-01T20:16:34.768+0000] {logging_mixin.py:188} INFO - [2024-07-01T20:16:34.768+0000] {dag.py:3823} INFO - Setting next_dagrun for tutorial_taskflow_api to None, run_after=None
[2024-07-01T20:16:34.805+0000] {processor.py:183} INFO - Processing /home/airflow/.local/lib/python3.8/site-packages/airflow/example_dags/tutorial_taskflow_api.py took 0.130 seconds
[2024-07-01T20:17:04.888+0000] {processor.py:161} INFO - Started process (PID=962) to work on /home/airflow/.local/lib/python3.8/site-packages/airflow/example_dags/tutorial_taskflow_api.py
[2024-07-01T20:17:04.890+0000] {processor.py:830} INFO - Processing file /home/airflow/.local/lib/python3.8/site-packages/airflow/example_dags/tutorial_taskflow_api.py for tasks to queue
[2024-07-01T20:17:04.893+0000] {logging_mixin.py:188} INFO - [2024-07-01T20:17:04.893+0000] {dagbag.py:538} INFO - Filling up the DagBag from /home/airflow/.local/lib/python3.8/site-packages/airflow/example_dags/tutorial_taskflow_api.py
[2024-07-01T20:17:04.905+0000] {processor.py:840} INFO - DAG(s) 'tutorial_taskflow_api' retrieved from /home/airflow/.local/lib/python3.8/site-packages/airflow/example_dags/tutorial_taskflow_api.py
[2024-07-01T20:17:04.944+0000] {logging_mixin.py:188} INFO - [2024-07-01T20:17:04.943+0000] {dag.py:3036} INFO - Sync 1 DAGs
[2024-07-01T20:17:04.969+0000] {logging_mixin.py:188} INFO - [2024-07-01T20:17:04.968+0000] {dag.py:3823} INFO - Setting next_dagrun for tutorial_taskflow_api to None, run_after=None
[2024-07-01T20:17:05.013+0000] {processor.py:183} INFO - Processing /home/airflow/.local/lib/python3.8/site-packages/airflow/example_dags/tutorial_taskflow_api.py took 0.131 seconds
[2024-07-01T20:17:35.148+0000] {processor.py:161} INFO - Started process (PID=1017) to work on /home/airflow/.local/lib/python3.8/site-packages/airflow/example_dags/tutorial_taskflow_api.py
[2024-07-01T20:17:35.156+0000] {processor.py:830} INFO - Processing file /home/airflow/.local/lib/python3.8/site-packages/airflow/example_dags/tutorial_taskflow_api.py for tasks to queue
[2024-07-01T20:17:35.162+0000] {logging_mixin.py:188} INFO - [2024-07-01T20:17:35.161+0000] {dagbag.py:538} INFO - Filling up the DagBag from /home/airflow/.local/lib/python3.8/site-packages/airflow/example_dags/tutorial_taskflow_api.py
[2024-07-01T20:17:35.179+0000] {processor.py:840} INFO - DAG(s) 'tutorial_taskflow_api' retrieved from /home/airflow/.local/lib/python3.8/site-packages/airflow/example_dags/tutorial_taskflow_api.py
[2024-07-01T20:17:35.226+0000] {logging_mixin.py:188} INFO - [2024-07-01T20:17:35.226+0000] {dag.py:3036} INFO - Sync 1 DAGs
[2024-07-01T20:17:35.261+0000] {logging_mixin.py:188} INFO - [2024-07-01T20:17:35.261+0000] {dag.py:3823} INFO - Setting next_dagrun for tutorial_taskflow_api to None, run_after=None
[2024-07-01T20:17:35.317+0000] {processor.py:183} INFO - Processing /home/airflow/.local/lib/python3.8/site-packages/airflow/example_dags/tutorial_taskflow_api.py took 0.187 seconds
[2024-07-01T20:18:05.700+0000] {processor.py:161} INFO - Started process (PID=1072) to work on /home/airflow/.local/lib/python3.8/site-packages/airflow/example_dags/tutorial_taskflow_api.py
[2024-07-01T20:18:05.702+0000] {processor.py:830} INFO - Processing file /home/airflow/.local/lib/python3.8/site-packages/airflow/example_dags/tutorial_taskflow_api.py for tasks to queue
[2024-07-01T20:18:05.705+0000] {logging_mixin.py:188} INFO - [2024-07-01T20:18:05.705+0000] {dagbag.py:538} INFO - Filling up the DagBag from /home/airflow/.local/lib/python3.8/site-packages/airflow/example_dags/tutorial_taskflow_api.py
[2024-07-01T20:18:05.716+0000] {processor.py:840} INFO - DAG(s) 'tutorial_taskflow_api' retrieved from /home/airflow/.local/lib/python3.8/site-packages/airflow/example_dags/tutorial_taskflow_api.py
[2024-07-01T20:18:05.755+0000] {logging_mixin.py:188} INFO - [2024-07-01T20:18:05.754+0000] {dag.py:3036} INFO - Sync 1 DAGs
[2024-07-01T20:18:05.783+0000] {logging_mixin.py:188} INFO - [2024-07-01T20:18:05.782+0000] {dag.py:3823} INFO - Setting next_dagrun for tutorial_taskflow_api to None, run_after=None
[2024-07-01T20:18:05.818+0000] {processor.py:183} INFO - Processing /home/airflow/.local/lib/python3.8/site-packages/airflow/example_dags/tutorial_taskflow_api.py took 0.125 seconds
[2024-07-01T20:18:36.109+0000] {processor.py:161} INFO - Started process (PID=1127) to work on /home/airflow/.local/lib/python3.8/site-packages/airflow/example_dags/tutorial_taskflow_api.py
[2024-07-01T20:18:36.111+0000] {processor.py:830} INFO - Processing file /home/airflow/.local/lib/python3.8/site-packages/airflow/example_dags/tutorial_taskflow_api.py for tasks to queue
[2024-07-01T20:18:36.115+0000] {logging_mixin.py:188} INFO - [2024-07-01T20:18:36.114+0000] {dagbag.py:538} INFO - Filling up the DagBag from /home/airflow/.local/lib/python3.8/site-packages/airflow/example_dags/tutorial_taskflow_api.py
[2024-07-01T20:18:36.127+0000] {processor.py:840} INFO - DAG(s) 'tutorial_taskflow_api' retrieved from /home/airflow/.local/lib/python3.8/site-packages/airflow/example_dags/tutorial_taskflow_api.py
[2024-07-01T20:18:36.165+0000] {logging_mixin.py:188} INFO - [2024-07-01T20:18:36.165+0000] {dag.py:3036} INFO - Sync 1 DAGs
[2024-07-01T20:18:36.190+0000] {logging_mixin.py:188} INFO - [2024-07-01T20:18:36.189+0000] {dag.py:3823} INFO - Setting next_dagrun for tutorial_taskflow_api to None, run_after=None
[2024-07-01T20:18:36.236+0000] {processor.py:183} INFO - Processing /home/airflow/.local/lib/python3.8/site-packages/airflow/example_dags/tutorial_taskflow_api.py took 0.134 seconds
[2024-07-01T20:19:06.773+0000] {processor.py:161} INFO - Started process (PID=1182) to work on /home/airflow/.local/lib/python3.8/site-packages/airflow/example_dags/tutorial_taskflow_api.py
[2024-07-01T20:19:06.775+0000] {processor.py:830} INFO - Processing file /home/airflow/.local/lib/python3.8/site-packages/airflow/example_dags/tutorial_taskflow_api.py for tasks to queue
[2024-07-01T20:19:06.780+0000] {logging_mixin.py:188} INFO - [2024-07-01T20:19:06.779+0000] {dagbag.py:538} INFO - Filling up the DagBag from /home/airflow/.local/lib/python3.8/site-packages/airflow/example_dags/tutorial_taskflow_api.py
[2024-07-01T20:19:06.802+0000] {processor.py:840} INFO - DAG(s) 'tutorial_taskflow_api' retrieved from /home/airflow/.local/lib/python3.8/site-packages/airflow/example_dags/tutorial_taskflow_api.py
[2024-07-01T20:19:06.849+0000] {logging_mixin.py:188} INFO - [2024-07-01T20:19:06.849+0000] {dag.py:3036} INFO - Sync 1 DAGs
[2024-07-01T20:19:06.874+0000] {logging_mixin.py:188} INFO - [2024-07-01T20:19:06.873+0000] {dag.py:3823} INFO - Setting next_dagrun for tutorial_taskflow_api to None, run_after=None
[2024-07-01T20:19:06.927+0000] {processor.py:183} INFO - Processing /home/airflow/.local/lib/python3.8/site-packages/airflow/example_dags/tutorial_taskflow_api.py took 0.170 seconds
[2024-07-01T20:19:37.726+0000] {processor.py:161} INFO - Started process (PID=1243) to work on /home/airflow/.local/lib/python3.8/site-packages/airflow/example_dags/tutorial_taskflow_api.py
[2024-07-01T20:19:37.728+0000] {processor.py:830} INFO - Processing file /home/airflow/.local/lib/python3.8/site-packages/airflow/example_dags/tutorial_taskflow_api.py for tasks to queue
[2024-07-01T20:19:37.731+0000] {logging_mixin.py:188} INFO - [2024-07-01T20:19:37.731+0000] {dagbag.py:538} INFO - Filling up the DagBag from /home/airflow/.local/lib/python3.8/site-packages/airflow/example_dags/tutorial_taskflow_api.py
[2024-07-01T20:19:37.743+0000] {processor.py:840} INFO - DAG(s) 'tutorial_taskflow_api' retrieved from /home/airflow/.local/lib/python3.8/site-packages/airflow/example_dags/tutorial_taskflow_api.py
[2024-07-01T20:19:37.787+0000] {logging_mixin.py:188} INFO - [2024-07-01T20:19:37.787+0000] {dag.py:3036} INFO - Sync 1 DAGs
[2024-07-01T20:19:37.812+0000] {logging_mixin.py:188} INFO - [2024-07-01T20:19:37.811+0000] {dag.py:3823} INFO - Setting next_dagrun for tutorial_taskflow_api to None, run_after=None
[2024-07-01T20:19:37.849+0000] {processor.py:183} INFO - Processing /home/airflow/.local/lib/python3.8/site-packages/airflow/example_dags/tutorial_taskflow_api.py took 0.129 seconds
[2024-07-01T20:20:08.150+0000] {processor.py:161} INFO - Started process (PID=1298) to work on /home/airflow/.local/lib/python3.8/site-packages/airflow/example_dags/tutorial_taskflow_api.py
[2024-07-01T20:20:08.151+0000] {processor.py:830} INFO - Processing file /home/airflow/.local/lib/python3.8/site-packages/airflow/example_dags/tutorial_taskflow_api.py for tasks to queue
[2024-07-01T20:20:08.155+0000] {logging_mixin.py:188} INFO - [2024-07-01T20:20:08.154+0000] {dagbag.py:538} INFO - Filling up the DagBag from /home/airflow/.local/lib/python3.8/site-packages/airflow/example_dags/tutorial_taskflow_api.py
[2024-07-01T20:20:08.167+0000] {processor.py:840} INFO - DAG(s) 'tutorial_taskflow_api' retrieved from /home/airflow/.local/lib/python3.8/site-packages/airflow/example_dags/tutorial_taskflow_api.py
[2024-07-01T20:20:08.206+0000] {logging_mixin.py:188} INFO - [2024-07-01T20:20:08.206+0000] {dag.py:3036} INFO - Sync 1 DAGs
[2024-07-01T20:20:08.231+0000] {logging_mixin.py:188} INFO - [2024-07-01T20:20:08.230+0000] {dag.py:3823} INFO - Setting next_dagrun for tutorial_taskflow_api to None, run_after=None
[2024-07-01T20:20:08.285+0000] {processor.py:183} INFO - Processing /home/airflow/.local/lib/python3.8/site-packages/airflow/example_dags/tutorial_taskflow_api.py took 0.141 seconds
[2024-07-01T20:20:38.820+0000] {processor.py:161} INFO - Started process (PID=1353) to work on /home/airflow/.local/lib/python3.8/site-packages/airflow/example_dags/tutorial_taskflow_api.py
[2024-07-01T20:20:38.823+0000] {processor.py:830} INFO - Processing file /home/airflow/.local/lib/python3.8/site-packages/airflow/example_dags/tutorial_taskflow_api.py for tasks to queue
[2024-07-01T20:20:38.828+0000] {logging_mixin.py:188} INFO - [2024-07-01T20:20:38.827+0000] {dagbag.py:538} INFO - Filling up the DagBag from /home/airflow/.local/lib/python3.8/site-packages/airflow/example_dags/tutorial_taskflow_api.py
[2024-07-01T20:20:38.843+0000] {processor.py:840} INFO - DAG(s) 'tutorial_taskflow_api' retrieved from /home/airflow/.local/lib/python3.8/site-packages/airflow/example_dags/tutorial_taskflow_api.py
[2024-07-01T20:20:38.905+0000] {logging_mixin.py:188} INFO - [2024-07-01T20:20:38.904+0000] {dag.py:3036} INFO - Sync 1 DAGs
[2024-07-01T20:20:38.945+0000] {logging_mixin.py:188} INFO - [2024-07-01T20:20:38.944+0000] {dag.py:3823} INFO - Setting next_dagrun for tutorial_taskflow_api to None, run_after=None
[2024-07-01T20:20:39.011+0000] {processor.py:183} INFO - Processing /home/airflow/.local/lib/python3.8/site-packages/airflow/example_dags/tutorial_taskflow_api.py took 0.200 seconds
[2024-07-01T20:21:09.947+0000] {processor.py:161} INFO - Started process (PID=1408) to work on /home/airflow/.local/lib/python3.8/site-packages/airflow/example_dags/tutorial_taskflow_api.py
[2024-07-01T20:21:09.949+0000] {processor.py:830} INFO - Processing file /home/airflow/.local/lib/python3.8/site-packages/airflow/example_dags/tutorial_taskflow_api.py for tasks to queue
[2024-07-01T20:21:09.952+0000] {logging_mixin.py:188} INFO - [2024-07-01T20:21:09.952+0000] {dagbag.py:538} INFO - Filling up the DagBag from /home/airflow/.local/lib/python3.8/site-packages/airflow/example_dags/tutorial_taskflow_api.py
[2024-07-01T20:21:09.966+0000] {processor.py:840} INFO - DAG(s) 'tutorial_taskflow_api' retrieved from /home/airflow/.local/lib/python3.8/site-packages/airflow/example_dags/tutorial_taskflow_api.py
[2024-07-01T20:21:10.009+0000] {logging_mixin.py:188} INFO - [2024-07-01T20:21:10.009+0000] {dag.py:3036} INFO - Sync 1 DAGs
[2024-07-01T20:21:10.040+0000] {logging_mixin.py:188} INFO - [2024-07-01T20:21:10.039+0000] {dag.py:3823} INFO - Setting next_dagrun for tutorial_taskflow_api to None, run_after=None
[2024-07-01T20:21:10.092+0000] {processor.py:183} INFO - Processing /home/airflow/.local/lib/python3.8/site-packages/airflow/example_dags/tutorial_taskflow_api.py took 0.151 seconds
[2024-07-01T20:21:40.543+0000] {processor.py:161} INFO - Started process (PID=1463) to work on /home/airflow/.local/lib/python3.8/site-packages/airflow/example_dags/tutorial_taskflow_api.py
[2024-07-01T20:21:40.545+0000] {processor.py:830} INFO - Processing file /home/airflow/.local/lib/python3.8/site-packages/airflow/example_dags/tutorial_taskflow_api.py for tasks to queue
[2024-07-01T20:21:40.549+0000] {logging_mixin.py:188} INFO - [2024-07-01T20:21:40.548+0000] {dagbag.py:538} INFO - Filling up the DagBag from /home/airflow/.local/lib/python3.8/site-packages/airflow/example_dags/tutorial_taskflow_api.py
[2024-07-01T20:21:40.561+0000] {processor.py:840} INFO - DAG(s) 'tutorial_taskflow_api' retrieved from /home/airflow/.local/lib/python3.8/site-packages/airflow/example_dags/tutorial_taskflow_api.py
[2024-07-01T20:21:40.602+0000] {logging_mixin.py:188} INFO - [2024-07-01T20:21:40.602+0000] {dag.py:3036} INFO - Sync 1 DAGs
[2024-07-01T20:21:40.633+0000] {logging_mixin.py:188} INFO - [2024-07-01T20:21:40.632+0000] {dag.py:3823} INFO - Setting next_dagrun for tutorial_taskflow_api to None, run_after=None
[2024-07-01T20:21:40.691+0000] {processor.py:183} INFO - Processing /home/airflow/.local/lib/python3.8/site-packages/airflow/example_dags/tutorial_taskflow_api.py took 0.154 seconds
[2024-07-01T20:22:10.932+0000] {processor.py:161} INFO - Started process (PID=1517) to work on /home/airflow/.local/lib/python3.8/site-packages/airflow/example_dags/tutorial_taskflow_api.py
[2024-07-01T20:22:10.934+0000] {processor.py:830} INFO - Processing file /home/airflow/.local/lib/python3.8/site-packages/airflow/example_dags/tutorial_taskflow_api.py for tasks to queue
[2024-07-01T20:22:10.938+0000] {logging_mixin.py:188} INFO - [2024-07-01T20:22:10.937+0000] {dagbag.py:538} INFO - Filling up the DagBag from /home/airflow/.local/lib/python3.8/site-packages/airflow/example_dags/tutorial_taskflow_api.py
[2024-07-01T20:22:10.958+0000] {processor.py:840} INFO - DAG(s) 'tutorial_taskflow_api' retrieved from /home/airflow/.local/lib/python3.8/site-packages/airflow/example_dags/tutorial_taskflow_api.py
[2024-07-01T20:22:11.007+0000] {logging_mixin.py:188} INFO - [2024-07-01T20:22:11.006+0000] {dag.py:3036} INFO - Sync 1 DAGs
[2024-07-01T20:22:11.038+0000] {logging_mixin.py:188} INFO - [2024-07-01T20:22:11.038+0000] {dag.py:3823} INFO - Setting next_dagrun for tutorial_taskflow_api to None, run_after=None
[2024-07-01T20:22:11.093+0000] {processor.py:183} INFO - Processing /home/airflow/.local/lib/python3.8/site-packages/airflow/example_dags/tutorial_taskflow_api.py took 0.168 seconds
[2024-07-01T20:22:41.521+0000] {processor.py:161} INFO - Started process (PID=1572) to work on /home/airflow/.local/lib/python3.8/site-packages/airflow/example_dags/tutorial_taskflow_api.py
[2024-07-01T20:22:41.525+0000] {processor.py:830} INFO - Processing file /home/airflow/.local/lib/python3.8/site-packages/airflow/example_dags/tutorial_taskflow_api.py for tasks to queue
[2024-07-01T20:22:41.533+0000] {logging_mixin.py:188} INFO - [2024-07-01T20:22:41.532+0000] {dagbag.py:538} INFO - Filling up the DagBag from /home/airflow/.local/lib/python3.8/site-packages/airflow/example_dags/tutorial_taskflow_api.py
[2024-07-01T20:22:41.555+0000] {processor.py:840} INFO - DAG(s) 'tutorial_taskflow_api' retrieved from /home/airflow/.local/lib/python3.8/site-packages/airflow/example_dags/tutorial_taskflow_api.py
[2024-07-01T20:22:41.631+0000] {logging_mixin.py:188} INFO - [2024-07-01T20:22:41.630+0000] {dag.py:3036} INFO - Sync 1 DAGs
[2024-07-01T20:22:41.662+0000] {logging_mixin.py:188} INFO - [2024-07-01T20:22:41.661+0000] {dag.py:3823} INFO - Setting next_dagrun for tutorial_taskflow_api to None, run_after=None
[2024-07-01T20:22:41.709+0000] {processor.py:183} INFO - Processing /home/airflow/.local/lib/python3.8/site-packages/airflow/example_dags/tutorial_taskflow_api.py took 0.201 seconds
[2024-07-01T20:23:12.051+0000] {processor.py:161} INFO - Started process (PID=1627) to work on /home/airflow/.local/lib/python3.8/site-packages/airflow/example_dags/tutorial_taskflow_api.py
[2024-07-01T20:23:12.053+0000] {processor.py:830} INFO - Processing file /home/airflow/.local/lib/python3.8/site-packages/airflow/example_dags/tutorial_taskflow_api.py for tasks to queue
[2024-07-01T20:23:12.058+0000] {logging_mixin.py:188} INFO - [2024-07-01T20:23:12.057+0000] {dagbag.py:538} INFO - Filling up the DagBag from /home/airflow/.local/lib/python3.8/site-packages/airflow/example_dags/tutorial_taskflow_api.py
[2024-07-01T20:23:12.073+0000] {processor.py:840} INFO - DAG(s) 'tutorial_taskflow_api' retrieved from /home/airflow/.local/lib/python3.8/site-packages/airflow/example_dags/tutorial_taskflow_api.py
[2024-07-01T20:23:12.113+0000] {logging_mixin.py:188} INFO - [2024-07-01T20:23:12.112+0000] {dag.py:3036} INFO - Sync 1 DAGs
[2024-07-01T20:23:12.144+0000] {logging_mixin.py:188} INFO - [2024-07-01T20:23:12.143+0000] {dag.py:3823} INFO - Setting next_dagrun for tutorial_taskflow_api to None, run_after=None
[2024-07-01T20:23:12.189+0000] {processor.py:183} INFO - Processing /home/airflow/.local/lib/python3.8/site-packages/airflow/example_dags/tutorial_taskflow_api.py took 0.144 seconds
[2024-07-01T20:23:42.713+0000] {processor.py:161} INFO - Started process (PID=1682) to work on /home/airflow/.local/lib/python3.8/site-packages/airflow/example_dags/tutorial_taskflow_api.py
[2024-07-01T20:23:42.716+0000] {processor.py:830} INFO - Processing file /home/airflow/.local/lib/python3.8/site-packages/airflow/example_dags/tutorial_taskflow_api.py for tasks to queue
[2024-07-01T20:23:42.722+0000] {logging_mixin.py:188} INFO - [2024-07-01T20:23:42.721+0000] {dagbag.py:538} INFO - Filling up the DagBag from /home/airflow/.local/lib/python3.8/site-packages/airflow/example_dags/tutorial_taskflow_api.py
[2024-07-01T20:23:42.738+0000] {processor.py:840} INFO - DAG(s) 'tutorial_taskflow_api' retrieved from /home/airflow/.local/lib/python3.8/site-packages/airflow/example_dags/tutorial_taskflow_api.py
[2024-07-01T20:23:42.788+0000] {logging_mixin.py:188} INFO - [2024-07-01T20:23:42.788+0000] {dag.py:3036} INFO - Sync 1 DAGs
[2024-07-01T20:23:42.814+0000] {logging_mixin.py:188} INFO - [2024-07-01T20:23:42.814+0000] {dag.py:3823} INFO - Setting next_dagrun for tutorial_taskflow_api to None, run_after=None
[2024-07-01T20:23:42.864+0000] {processor.py:183} INFO - Processing /home/airflow/.local/lib/python3.8/site-packages/airflow/example_dags/tutorial_taskflow_api.py took 0.161 seconds
[2024-07-01T20:24:13.222+0000] {processor.py:161} INFO - Started process (PID=1737) to work on /home/airflow/.local/lib/python3.8/site-packages/airflow/example_dags/tutorial_taskflow_api.py
[2024-07-01T20:24:13.224+0000] {processor.py:830} INFO - Processing file /home/airflow/.local/lib/python3.8/site-packages/airflow/example_dags/tutorial_taskflow_api.py for tasks to queue
[2024-07-01T20:24:13.228+0000] {logging_mixin.py:188} INFO - [2024-07-01T20:24:13.228+0000] {dagbag.py:538} INFO - Filling up the DagBag from /home/airflow/.local/lib/python3.8/site-packages/airflow/example_dags/tutorial_taskflow_api.py
[2024-07-01T20:24:13.246+0000] {processor.py:840} INFO - DAG(s) 'tutorial_taskflow_api' retrieved from /home/airflow/.local/lib/python3.8/site-packages/airflow/example_dags/tutorial_taskflow_api.py
[2024-07-01T20:24:13.313+0000] {logging_mixin.py:188} INFO - [2024-07-01T20:24:13.311+0000] {dag.py:3036} INFO - Sync 1 DAGs
[2024-07-01T20:24:13.352+0000] {logging_mixin.py:188} INFO - [2024-07-01T20:24:13.351+0000] {dag.py:3823} INFO - Setting next_dagrun for tutorial_taskflow_api to None, run_after=None
[2024-07-01T20:24:13.408+0000] {processor.py:183} INFO - Processing /home/airflow/.local/lib/python3.8/site-packages/airflow/example_dags/tutorial_taskflow_api.py took 0.195 seconds
[2024-07-01T20:24:43.927+0000] {processor.py:161} INFO - Started process (PID=1790) to work on /home/airflow/.local/lib/python3.8/site-packages/airflow/example_dags/tutorial_taskflow_api.py
[2024-07-01T20:24:43.929+0000] {processor.py:830} INFO - Processing file /home/airflow/.local/lib/python3.8/site-packages/airflow/example_dags/tutorial_taskflow_api.py for tasks to queue
[2024-07-01T20:24:43.933+0000] {logging_mixin.py:188} INFO - [2024-07-01T20:24:43.932+0000] {dagbag.py:538} INFO - Filling up the DagBag from /home/airflow/.local/lib/python3.8/site-packages/airflow/example_dags/tutorial_taskflow_api.py
[2024-07-01T20:24:43.944+0000] {processor.py:840} INFO - DAG(s) 'tutorial_taskflow_api' retrieved from /home/airflow/.local/lib/python3.8/site-packages/airflow/example_dags/tutorial_taskflow_api.py
[2024-07-01T20:24:43.983+0000] {logging_mixin.py:188} INFO - [2024-07-01T20:24:43.982+0000] {dag.py:3036} INFO - Sync 1 DAGs
[2024-07-01T20:24:44.007+0000] {logging_mixin.py:188} INFO - [2024-07-01T20:24:44.006+0000] {dag.py:3823} INFO - Setting next_dagrun for tutorial_taskflow_api to None, run_after=None
[2024-07-01T20:24:44.045+0000] {processor.py:183} INFO - Processing /home/airflow/.local/lib/python3.8/site-packages/airflow/example_dags/tutorial_taskflow_api.py took 0.125 seconds
[2024-07-01T20:25:14.503+0000] {processor.py:161} INFO - Started process (PID=1845) to work on /home/airflow/.local/lib/python3.8/site-packages/airflow/example_dags/tutorial_taskflow_api.py
[2024-07-01T20:25:14.505+0000] {processor.py:830} INFO - Processing file /home/airflow/.local/lib/python3.8/site-packages/airflow/example_dags/tutorial_taskflow_api.py for tasks to queue
[2024-07-01T20:25:14.509+0000] {logging_mixin.py:188} INFO - [2024-07-01T20:25:14.509+0000] {dagbag.py:538} INFO - Filling up the DagBag from /home/airflow/.local/lib/python3.8/site-packages/airflow/example_dags/tutorial_taskflow_api.py
[2024-07-01T20:25:14.523+0000] {processor.py:840} INFO - DAG(s) 'tutorial_taskflow_api' retrieved from /home/airflow/.local/lib/python3.8/site-packages/airflow/example_dags/tutorial_taskflow_api.py
[2024-07-01T20:25:14.566+0000] {logging_mixin.py:188} INFO - [2024-07-01T20:25:14.565+0000] {dag.py:3036} INFO - Sync 1 DAGs
[2024-07-01T20:25:14.599+0000] {logging_mixin.py:188} INFO - [2024-07-01T20:25:14.599+0000] {dag.py:3823} INFO - Setting next_dagrun for tutorial_taskflow_api to None, run_after=None
[2024-07-01T20:25:14.642+0000] {processor.py:183} INFO - Processing /home/airflow/.local/lib/python3.8/site-packages/airflow/example_dags/tutorial_taskflow_api.py took 0.147 seconds
